<DT>Yvonne Cabalona:&nbsp;&nbsp;<A HREF=thn_issue.h1.html#POEM1>1 #1</A><DD>Modesto, California</DT>
<DT>Chaz Southard:&nbsp;&nbsp;<A HREF=thn_issue.h1.html#POEM2>1 #2</A><DD>Topsfield, Massachusetts</DT>
<DT>Timothy Hawkes:&nbsp;&nbsp;<A HREF=thn_issue.h1.html#POEM3>1 #3</A><DD>Centerville, Utah</DT>
<DT>Sabine Miller:&nbsp;&nbsp;<A HREF=thn_issue.h1.html#POEM4>1 #4</A><DD>Lagunitas, California</DT>
<DT>Janet Brof:&nbsp;&nbsp;<A HREF=thn_issue.h1.html#POEM5>1 #5</A><DD>New York, New York</DT>
<DT>Ross Vassilev :&nbsp;&nbsp;<A HREF=thn_issue.h1.html#POEM6>1 #6</A><DD>Delaware, Ohio</DT>
<DT>Cherie Hunter Day:&nbsp;&nbsp;<A HREF=thn_issue.h1.html#POEM7>1 #7</A><DD>San Diego, California</DT>
<DT>Tomislav Maretic:&nbsp;&nbsp;<A HREF=thn_issue.h1.html#POEM8>1 #8</A><DD>Vrapche, Croatia</DT>
<DT>C. Avery:&nbsp;&nbsp;<A HREF=thn_issue.h1.html#POEM9>1 #9</A><DD>Kailua, Kona, Hawaii</DT>
<DT>Michael McClintock:&nbsp;&nbsp;<A HREF=thn_issue.h1.html#POEM10>1 #10</A><DD>Fresno, California</DT>
<DT>Victor P. Gendrano:&nbsp;&nbsp;<A HREF=thn_issue.h2.html#POEM1>2 #1</A><DD>Lakewood, California</DT>
<DT>Karen Cesar:&nbsp;&nbsp;<A HREF=thn_issue.h2.html#POEM2>2 #2</A><DD>Tucson, Arizona</DT>
<DT>Sari Grandstaff:&nbsp;&nbsp;<A HREF=thn_issue.h2.html#POEM3>2 #3</A><DD>Saugerties, New York</DT>
<DT>Gina:&nbsp;&nbsp;<A HREF=thn_issue.h2.html#POEM4>2 #4</A><DD>Launceston, Tasmania, Australia</DT>
<DT>Burnell Lippy:&nbsp;&nbsp;<A HREF=thn_issue.h2.html#POEM5>2 #5</A><DD>Mt. Tremper, New York</DT>
<DT>Lane Parker:&nbsp;&nbsp;<A HREF=thn_issue.h2.html#POEM6>2 #6</A><DD>San Francisco, California</DT>
<DT>Greg Piko:&nbsp;&nbsp;<A HREF=thn_issue.h2.html#POEM7>2 #7</A><DD>Canberra, Australia</DT>
<DT>Yu Chang:&nbsp;&nbsp;<A HREF=thn_issue.h2.html#POEM8>2 #8</A><DD>Schenectady, New York</DT>
<DT>Kala Ramesh:&nbsp;&nbsp;<A HREF=thn_issue.h2.html#POEM9>2 #9</A><DD>Pune, Maharashtra, India</DT>
<DT>Nara Bauer:&nbsp;&nbsp;<A HREF=thn_issue.h2.html#POEM10>2 #10</A><DD>Big Wheeling Creek, West Virginia</DT>
<DT>Robert Bauer:&nbsp;&nbsp;<A HREF=thn_issue.h3.html#POEM1>3 #1</A><DD>Big Wheeling Creek, West Virginia</DT>
<DT>Ruth Holzer:&nbsp;&nbsp;<A HREF=thn_issue.h3.html#POEM2>3 #2</A><DD>Herndon, Virginia</DT>
<DT>Ian Daw:&nbsp;&nbsp;<A HREF=thn_issue.h3.html#POEM3>3 #3</A><DD>Lancaster, Lancashire, England</DT>
<DT>Roberta Beary:&nbsp;&nbsp;<A HREF=thn_issue.h3.html#POEM4>3 #4</A><DD>Bethesda, Maryland</DT>
<DT>Susan Constable:&nbsp;&nbsp;<A HREF=thn_issue.h3.html#POEM5>3 #5</A><DD>Nanoose Bay, British Columbia, Canada</DT>
<DT>Curtis Dunlap:&nbsp;&nbsp;<A HREF=thn_issue.h3.html#POEM6>3 #6</A><DD>Mayodan, North Carolina</DT>
<DT>Jeff Stillman:&nbsp;&nbsp;<A HREF=thn_issue.h3.html#POEM7>3 #7</A><DD>Norwich, New York</DT>
<DT>Hilary Tann:&nbsp;&nbsp;<A HREF=thn_issue.h3.html#POEM8>3 #8</A><DD>Schuylerville, New York</DT>
<DT>K. Ramesh:&nbsp;&nbsp;<A HREF=thn_issue.h3.html#POEM9>3 #9</A><DD>Adyar, Chennai, India</DT>
<DT>Elizabeth Moura:&nbsp;&nbsp;<A HREF=thn_issue.h3.html#POEM10>3 #10</A><DD>East Taunton, Massachusetts</DT>
<DT>Patrick Sweeney:&nbsp;&nbsp;<A HREF=thn_issue.h4.html#POEM1>4 #1</A><DD>Misawashi, Japan</DT>
<DT>Miriam Sagan:&nbsp;&nbsp;<A HREF=thn_issue.h4.html#POEM2>4 #2</A><DD>Santa Fe, New Mexico</DT>
<DT>Rosa Clement:&nbsp;&nbsp;<A HREF=thn_issue.h4.html#POEM3>4 #3</A><DD>Manaus, Amazonus, Brazil</DT>
<DT>Aurora Antonovic:&nbsp;&nbsp;<A HREF=thn_issue.h4.html#POEM4>4 #4</A><DD>Ontario, Canada</DT>
<DT>Deborah Kolodji:&nbsp;&nbsp;<A HREF=thn_issue.h4.html#POEM5>4 #5</A><DD>Temple City, California</DT>
<DT>Angelee Deodhar:&nbsp;&nbsp;<A HREF=thn_issue.h4.html#POEM6>4 #6</A><DD>Chandigarh, India</DT>
<DT>Sasa Vazic:&nbsp;&nbsp;<A HREF=thn_issue.h4.html#POEM7>4 #7</A><DD>Beograd, Yugoslavia</DT>
<DT>Tom Wooldridge:&nbsp;&nbsp;<A HREF=thn_issue.h4.html#POEM8>4 #8</A><DD>Mt. View, California</DT>
<DT>Jeff Stillman:&nbsp;&nbsp;<A HREF=thn_issue.h4.html#POEM9>4 #9</A><DD>Norwich, New York</DT>
<DT>André Surridge:&nbsp;&nbsp;<A HREF=thn_issue.h4.html#POEM10>4 #10</A><DD>Hamilton, New Zealand</DT>
<DT>John Stevenson:&nbsp;&nbsp;<A HREF=thn_issue.h5.html#POEM1>5 #1</A><DD>Nassau, New York</DT>
<DT>Tony Beyer:&nbsp;&nbsp;<A HREF=thn_issue.h5.html#POEM2>5 #2</A><DD>New Plymouth, New Zealand</DT>
<DT>Patricia Prime:&nbsp;&nbsp;<A HREF=thn_issue.h5.html#POEM3>5 #3</A><DD>Auckland, New Zealand</DT>
<DT>A. Thiagarajan:&nbsp;&nbsp;<A HREF=thn_issue.h5.html#POEM4>5 #4</A><DD>Mumbai, India</DT>
<DT>Petar Tchouhov:&nbsp;&nbsp;<A HREF=thn_issue.h5.html#POEM5>5 #5</A><DD>Sofia, Bulgaria</DT>
<DT>Robert Epstein:&nbsp;&nbsp;<A HREF=thn_issue.h5.html#POEM6>5 #6</A><DD>El Cerrito, California</DT>
<DT>Dietmar Tauchner:&nbsp;&nbsp;<A HREF=thn_issue.h5.html#POEM7>5 #7</A><DD>Puchberg, Austria</DT>
<DT>George Swede:&nbsp;&nbsp;<A HREF=thn_issue.h5.html#POEM8>5 #8</A><DD>Toronto, Ontario, Canada</DT>
<DT>Gregory Hopkins:&nbsp;&nbsp;<A HREF=thn_issue.h5.html#POEM9>5 #9</A><DD>Weaver, Alabama</DT>
<DT>John Barlow:&nbsp;&nbsp;<A HREF=thn_issue.h5.html#POEM10>5 #10</A><DD>Liverpool, Merseyside, England</DT>
<DT>Jack Barry:&nbsp;&nbsp;<A HREF=thn_issue.h6.html#POEM1>6 #1</A><DD>Chesterfield, Massachusetts</DT>
<DT>Gary Hotham:&nbsp;&nbsp;<A HREF=thn_issue.h6.html#POEM2>6 #2</A><DD>Zwingenberg, Germany</DT>
<DT>Ruth Holzer:&nbsp;&nbsp;<A HREF=thn_issue.h6.html#POEM3>6 #3</A><DD>Herndon, Virginia</DT>
<DT>Brent Partridge:&nbsp;&nbsp;<A HREF=thn_issue.h6.html#POEM4>6 #4</A><DD>Orinda, California</DT>
<DT>Scott Mason:&nbsp;&nbsp;<A HREF=thn_issue.h6.html#POEM5>6 #5</A><DD>Chappaqua, New York</DT>
<DT>Ruth Yarrow:&nbsp;&nbsp;<A HREF=thn_issue.h6.html#POEM6>6 #6</A><DD>Seattle, Washington</DT>
<DT>Graham Nunn:&nbsp;&nbsp;<A HREF=thn_issue.h6.html#POEM7>6 #7</A><DD>Brisbane, Queensland, Australia</DT>
<DT>Timothy Hawkes:&nbsp;&nbsp;<A HREF=thn_issue.h6.html#POEM8>6 #8</A><DD>Centerville, Utah</DT>
<DT>Ashley Rodman:&nbsp;&nbsp;<A HREF=thn_issue.h6.html#POEM9>6 #9</A><DD>Champagne, Illinois</DT>
<DT>Colo Buchanan:&nbsp;&nbsp;<A HREF=thn_issue.h6.html#POEM10>6 #10</A><DD>Lisburn, Antrim, North Ireland</DT>
<DT>Lorin Ford:&nbsp;&nbsp;<A HREF=thn_issue.h7.html#POEM1>7 #1</A><DD>Brunswick, Victoria, Australia</DT>
<DT>William Cullen, Jr.:&nbsp;&nbsp;<A HREF=thn_issue.h7.html#POEM2>7 #2</A><DD>Brooklyn, New York</DT>
<DT>Quendryth Young:&nbsp;&nbsp;<A HREF=thn_issue.h7.html#POEM3>7 #3</A><DD>Alstonville, New South Wales, Australia</DT>
<DT>Sue Stanford:&nbsp;&nbsp;<A HREF=thn_issue.h7.html#POEM4>7 #4</A><DD>Melbourne, Victoria, Australia</DT>
<DT>Helen Russell:&nbsp;&nbsp;<A HREF=thn_issue.h7.html#POEM5>7 #5</A><DD>Issaquah, Washington</DT>
<DT>Ellen Compton:&nbsp;&nbsp;<A HREF=thn_issue.h7.html#POEM6>7 #6</A><DD>Washington, D. C.</DT>
<DT>Scott Metz:&nbsp;&nbsp;<A HREF=thn_issue.h7.html#POEM7>7 #7</A><DD>Allentown, Pennsylvania</DT>
<DT>David Giacalone:&nbsp;&nbsp;<A HREF=thn_issue.h7.html#POEM8>7 #8</A><DD>Schenectady, New York</DT>
<DT>Rajiv Lather :&nbsp;&nbsp;<A HREF=thn_issue.h7.html#POEM9>7 #9</A><DD>Karnal, India</DT>
<DT>Connie Donlyecott:&nbsp;&nbsp;<A HREF=thn_issue.h7.html#POEM10>7 #10</A><DD>Bremerton, Washington</DT>
<DT>Maria Steyn:&nbsp;&nbsp;<A HREF=thn_issue.h8.html#POEM1>8 #1</A><DD>Johannesburg, South Africa</DT>
<DT>Matt Morden:&nbsp;&nbsp;<A HREF=thn_issue.h8.html#POEM2>8 #2</A><DD>Hermon, Wales</DT>
<DT>Audrey Downey:&nbsp;&nbsp;<A HREF=thn_issue.h8.html#POEM3>8 #3</A><DD>New Haven, Connecticut</DT>
<DT>Billie Wilson:&nbsp;&nbsp;<A HREF=thn_issue.h8.html#POEM4>8 #4</A><DD>Juneau, Alaska</DT>
<DT>LeRoy Gorman:&nbsp;&nbsp;<A HREF=thn_issue.h8.html#POEM5>8 #5</A><DD>Napanee, Ontario, Canada</DT>
<DT>D. Claire Gallagher:&nbsp;&nbsp;<A HREF=thn_issue.h8.html#POEM6>8 #6</A><DD>Sunnyvale, California</DT>
<DT>Stephen Engleman:&nbsp;&nbsp;<A HREF=thn_issue.h8.html#POEM7>8 #7</A><DD>Ithaca, New York</DT>
<DT>Martin Gottlieb Cohen:&nbsp;&nbsp;<A HREF=thn_issue.h8.html#POEM8>8 #8</A><DD>Egg Harbor, New Jersey</DT>
<DT>George Dorsty:&nbsp;&nbsp;<A HREF=thn_issue.h8.html#POEM9>8 #9</A><DD>Yorktown, Virginia</DT>
<DT>John Kinory:&nbsp;&nbsp;<A HREF=thn_issue.h8.html#POEM10>8 #10</A><DD>Steeple Aston, Oxfordshire, England</DT>
<DT>Yvonne Cabalona:&nbsp;&nbsp;<A HREF=thn_issue.h9.html#POEM1>9 #1</A><DD>Modesto, California</DT>
<DT>Kay Grimnes:&nbsp;&nbsp;<A HREF=thn_issue.h9.html#POEM2>9 #2</A><DD>Alma, Michigan</DT>
<DT>Lynne Steel:&nbsp;&nbsp;<A HREF=thn_issue.h9.html#POEM3>9 #3</A><DD>Hillsboro Beach, Florida</DT>
<DT>Christopher Patchel:&nbsp;&nbsp;<A HREF=thn_issue.h9.html#POEM4>9 #4</A><DD>Chicago, Illinois</DT>
<DT>Helen Buckingham:&nbsp;&nbsp;<A HREF=thn_issue.h9.html#POEM5>9 #5</A><DD>Bristol, Avon, England</DT>
<DT>Connie Donleycott:&nbsp;&nbsp;<A HREF=thn_issue.h9.html#POEM6>9 #6</A><DD>Bremerton, Washington</DT>
<DT>Paula Fisher:&nbsp;&nbsp;<A HREF=thn_issue.h9.html#POEM7>9 #7</A><DD>Key Largo, Florida</DT>
<DT>George Swede:&nbsp;&nbsp;<A HREF=thn_issue.h9.html#POEM8>9 #8</A><DD>Toronto, Ontario, Canada</DT>
<DT>Paul Pfleuger, Jr.:&nbsp;&nbsp;<A HREF=thn_issue.h9.html#POEM9>9 #9</A><DD>Tainan, Taiwan</DT>
<DT>Lynne Rees:&nbsp;&nbsp;<A HREF=thn_issue.h9.html#POEM10>9 #10</A><DD>Offham, Kent, England</DT>
<DT>Matthew Paul:&nbsp;&nbsp;<A HREF=thn_issue.h10.html#POEM1>10 #1</A><DD>Kingston Upon Thames, Surrey, England</DT>
<DT>Tom Tico:&nbsp;&nbsp;<A HREF=thn_issue.h10.html#POEM2>10 #2</A><DD>San Francisco, California</DT>
<DT>Carolyn Hall:&nbsp;&nbsp;<A HREF=thn_issue.h10.html#POEM3>10 #3</A><DD>San Francisco, California</DT>
<DT>Sandra Simpson:&nbsp;&nbsp;<A HREF=thn_issue.h10.html#POEM4>10 #4</A><DD>Tauranga, New Zealand</DT>
<DT>Michele Root-Bernstein:&nbsp;&nbsp;<A HREF=thn_issue.h10.html#POEM5>10 #5</A><DD>East Lansing, Michigan</DT>
<DT>Joan Zimmerman:&nbsp;&nbsp;<A HREF=thn_issue.h10.html#POEM6>10 #6</A><DD>Santa Cruz, California</DT>
<DT>Merrill Ann Gonzales:&nbsp;&nbsp;<A HREF=thn_issue.h10.html#POEM7>10 #7</A><DD>Dayville, Connecticut</DT>
<DT>Chris Eichenberger:&nbsp;&nbsp;<A HREF=thn_issue.h10.html#POEM8>10 #8</A><DD>Ringwood, Victoria, Australia</DT>
<DT>Jörgen Johansson:&nbsp;&nbsp;<A HREF=thn_issue.h10.html#POEM9>10 #9</A><DD>Lidkaping, Sweden</DT>
<DT>Marilyn Appl Walker:&nbsp;&nbsp;<A HREF=thn_issue.h10.html#POEM10>10 #10</A><DD>Madison, Georgia</DT>
<DT>S. R. Spanyer:&nbsp;&nbsp;<A HREF=thn_issue.h11.html#POEM1>11 #1</A><DD>Louisville, Kentucky</DT>
<DT>Elizabeth F. Kusuda:&nbsp;&nbsp;<A HREF=thn_issue.h11.html#POEM2>11 #2</A><DD>Issaquah, Washington</DT>
<DT>Mary Lee McClure:&nbsp;&nbsp;<A HREF=thn_issue.h11.html#POEM3>11 #3</A><DD>Kokomo, Indiana</DT>
<DT>Paul Cordeiro :&nbsp;&nbsp;<A HREF=thn_issue.h11.html#POEM4>11 #4</A><DD>Wareham, Massachusetts</DT>
<DT>Marili Deandrea:&nbsp;&nbsp;<A HREF=thn_issue.h11.html#POEM5>11 #5</A><DD>Torino, Italy</DT>
<DT>Allan Burns:&nbsp;&nbsp;<A HREF=thn_issue.h11.html#POEM6>11 #6</A><DD>Colorado Springs, Colorado</DT>
<DT>Alice Frampton:&nbsp;&nbsp;<A HREF=thn_issue.h11.html#POEM7>11 #7</A><DD>Creston, British Columbia, Canada</DT>
<DT>Nancy Stewart-Smith:&nbsp;&nbsp;<A HREF=thn_issue.h11.html#POEM8>11 #8</A><DD>Athens, Georgia</DT>
<DT>Ruth Yarrow:&nbsp;&nbsp;<A HREF=thn_issue.h11.html#POEM9>11 #9</A><DD>Seattle, Washington</DT>
<DT>Emily Romano:&nbsp;&nbsp;<A HREF=thn_issue.h11.html#POEM10>11 #10</A><DD>Boonton, New Jersey</DT>
<DT>Harriot West:&nbsp;&nbsp;<A HREF=thn_issue.h12.html#POEM1>12 #1</A><DD>Eugene, Oregon</DT>
<DT>Irene Golas:&nbsp;&nbsp;<A HREF=thn_issue.h12.html#POEM2>12 #2</A><DD>Sudbury, Ontario, Canada</DT>
<DT>Myron Lysenko:&nbsp;&nbsp;<A HREF=thn_issue.h12.html#POEM3>12 #3</A><DD>Brunswick, East Victoria, Australia</DT>
<DT>Dustin Neal :&nbsp;&nbsp;<A HREF=thn_issue.h12.html#POEM4>12 #4</A><DD>Crockett, Texas</DT>
<DT>Marianna Monaco:&nbsp;&nbsp;<A HREF=thn_issue.h12.html#POEM5>12 #5</A><DD>San Francisco, California</DT>
<DT>Cindy Zackowitz:&nbsp;&nbsp;<A HREF=thn_issue.h12.html#POEM6>12 #6</A><DD>Anchorage, Alaska</DT>
<DT>Grant Savage:&nbsp;&nbsp;<A HREF=thn_issue.h12.html#POEM7>12 #7</A><DD>Ottawa, Ontario, Canada</DT>
<DT>Lenard D. Moore:&nbsp;&nbsp;<A HREF=thn_issue.h12.html#POEM8>12 #8</A><DD>Raleigh, North Carolina</DT>
<DT>Jennie Townsend:&nbsp;&nbsp;<A HREF=thn_issue.h12.html#POEM9>12 #9</A><DD>O&#8217;Fallon, Missouri</DT>
<DT>Barry George:&nbsp;&nbsp;<A HREF=thn_issue.h12.html#POEM10>12 #10</A><DD>Philadelphia, Pennsylvania</DT>
<DT>Ann K. Schwader:&nbsp;&nbsp;<A HREF=thn_issue.h13.html#POEM1>13 #1</A><DD>Westminster, Colorado</DT>
<DT>Deb Baker:&nbsp;&nbsp;<A HREF=thn_issue.h13.html#POEM2>13 #2</A><DD>Americus, Georgia</DT>
<DT>Don Miller:&nbsp;&nbsp;<A HREF=thn_issue.h13.html#POEM3>13 #3</A><DD>Las Cruces, New Mexico</DT>
<DT>Robbie Gamble:&nbsp;&nbsp;<A HREF=thn_issue.h13.html#POEM4>13 #4</A><DD>Jamaica Plain, Massachusetts</DT>
<DT>Brent Partridge:&nbsp;&nbsp;<A HREF=thn_issue.h13.html#POEM5>13 #5</A><DD>Orinda, California</DT>
<DT>Chad Lee Robinson:&nbsp;&nbsp;<A HREF=thn_issue.h13.html#POEM6>13 #6</A><DD>Pierre, South Dakota</DT>
<DT>Charlie Close:&nbsp;&nbsp;<A HREF=thn_issue.h13.html#POEM7>13 #7</A><DD>Goodrich, Michigan</DT>
<DT>Keiko Izawa:&nbsp;&nbsp;<A HREF=thn_issue.h13.html#POEM8>13 #8</A><DD>Yokohama, Japan</DT>
<DT>Janelle Barrera:&nbsp;&nbsp;<A HREF=thn_issue.h13.html#POEM9>13 #9</A><DD>Key West, Florida</DT>
<DT>Cindy Zackowitz:&nbsp;&nbsp;<A HREF=thn_issue.h13.html#POEM10>13 #10</A><DD>Anchorage, Alaska</DT>
<DT>Jay Haskins:&nbsp;&nbsp;<A HREF=thn_issue.h14.html#POEM1>14 #1</A><DD>Port Townsend, Washington</DT>
<DT>Chad Lee Robinson:&nbsp;&nbsp;<A HREF=thn_issue.h14.html#POEM2>14 #2</A><DD>Pierre, South Dakota</DT>
<DT>David Gershator:&nbsp;&nbsp;<A HREF=thn_issue.h14.html#POEM3>14 #3</A><DD>St. Thomas, U.S. Virgin Islands</DT>
<DT>Harriot West:&nbsp;&nbsp;<A HREF=thn_issue.h14.html#POEM4>14 #4</A><DD>Eugene, Oregon</DT>
<DT>Ron Moss:&nbsp;&nbsp;<A HREF=thn_issue.h14.html#POEM5>14 #5</A><DD>Leslie Vale, Tasmania, Australia</DT>
<DT>Robert Bauer:&nbsp;&nbsp;<A HREF=thn_issue.h14.html#POEM6>14 #6</A><DD>Big Wheeling Creek, West Virginia</DT>
<DT>Laryalee Fraser:&nbsp;&nbsp;<A HREF=thn_issue.h14.html#POEM7>14 #7</A><DD>Salmon Arm, British Columbia, Canada</DT>
<DT>Marcus Larsson:&nbsp;&nbsp;<A HREF=thn_issue.h14.html#POEM8>14 #8</A><DD>Vaxjo, Sweden</DT>
<DT>Bruce Ross:&nbsp;&nbsp;<A HREF=thn_issue.h14.html#POEM9>14 #9</A><DD>Orono, Maine</DT>
<DT>Elizabeth Howard:&nbsp;&nbsp;<A HREF=thn_issue.h14.html#POEM10>14 #10</A><DD>Crossville, Tennessee</DT>
<DT>Petar Tchouhov:&nbsp;&nbsp;<A HREF=thn_issue.h15.html#POEM1>15 #1</A><DD>Sofia, Bulgaria</DT>
<DT>Ellen Compton:&nbsp;&nbsp;<A HREF=thn_issue.h15.html#POEM2>15 #2</A><DD>Washington, D. C.</DT>
<DT>Brenda J. Gannam:&nbsp;&nbsp;<A HREF=thn_issue.h15.html#POEM3>15 #3</A><DD>Brooklyn, New York</DT>
<DT>paul m.:&nbsp;&nbsp;<A HREF=thn_issue.h15.html#POEM4>15 #4</A><DD>Bristol, Rhode Island</DT>
<DT>Billie Wilson:&nbsp;&nbsp;<A HREF=thn_issue.e1.html#POEM1>EC #1</A><DD>Juneau, Alaska</DT>
<DT>paul m.:&nbsp;&nbsp;<A HREF=thn_issue.e1.html#POEM2>EC #2</A><DD>Bristol, Rhode Island</DT>
<DT>Margarita Engle:&nbsp;&nbsp;<A HREF=thn_issue.e1.html#POEM3>EC #3</A><DD>Clovis, California</DT>
