<DT><B>Hilary Tann:</B>&nbsp;&nbsp;<A HREF=thn_issue.h1.html#POEM1>1 #1</A><DD>Schuylerville, New York</DT>
<DT><B>Lorin Ford:</B>&nbsp;&nbsp;<A HREF=thn_issue.h1.html#POEM2>1 #2</A><DD>Brunswick, Victoria, Australia</DT>
<DT><B>Robert Epstein:</B>&nbsp;&nbsp;<A HREF=thn_issue.h1.html#POEM3>1 #3</A><DD>El Cerrito, California</DT>
<DT><B>Claudette Russell:</B>&nbsp;&nbsp;<A HREF=thn_issue.h1.html#POEM4>1 #4</A><DD>Hampton, Connecticut</DT>
<DT><B>Richard Straw:</B>&nbsp;&nbsp;<A HREF=thn_issue.h1.html#POEM5>1 #5</A><DD>Cary, North Carolina</DT>
<DT><B>Ellen Compton:</B>&nbsp;&nbsp;<A HREF=thn_issue.h1.html#POEM6>1 #6</A><DD>Washington, D.C.</DT>
<DT><B>Michael McClintock:</B>&nbsp;&nbsp;<A HREF=thn_issue.h1.html#POEM7>1 #7</A><DD>Fresno, California</DT>
<DT><B>Cindy Zackowitz:</B>&nbsp;&nbsp;<A HREF=thn_issue.h1.html#POEM8>1 #8</A><DD>Anchorage, Alaska</DT>
<DT><B>paul m.:</B>&nbsp;&nbsp;<A HREF=thn_issue.h1.html#POEM9>1 #9</A><DD>Bristol, Rhode Island</DT>
<DT><B>Yvonne Cabalona:</B>&nbsp;&nbsp;<A HREF=thn_issue.h1.html#POEM10>1 #10</A><DD>Modesto, California</DT>
<DT><B>Brent Partridge:</B>&nbsp;&nbsp;<A HREF=thn_issue.h2.html#POEM1>2 #1</A><DD>Orinda, California</DT>
<DT><B>Jeff Stillman:</B>&nbsp;&nbsp;<A HREF=thn_issue.h2.html#POEM2>2 #2</A><DD>Norwich, New York</DT>
<DT><B>Marje A. Dyck:</B>&nbsp;&nbsp;<A HREF=thn_issue.h2.html#POEM3>2 #3</A><DD>Saskatoon, Saskatchewan, Canada</DT>
<DT><B>Barry George:</B>&nbsp;&nbsp;<A HREF=thn_issue.h2.html#POEM4>2 #4</A><DD>Philadelphia, Pennsylvania</DT>
<DT><B>Angelee Deodhar:</B>&nbsp;&nbsp;<A HREF=thn_issue.h2.html#POEM5>2 #5</A><DD>Chandigarth, India</DT>
<DT><B>Yu Chang:</B>&nbsp;&nbsp;<A HREF=thn_issue.h2.html#POEM6>2 #6</A><DD>Schenectady, New York</DT>
<DT><B>Ann K. Schwader:</B>&nbsp;&nbsp;<A HREF=thn_issue.h2.html#POEM7>2 #7</A><DD>Westminster, Colorado</DT>
<DT><B>Christopher Herold:</B>&nbsp;&nbsp;<A HREF=thn_issue.h2.html#POEM8>2 #8</A><DD>Port Townsend, Washington</DT>
<DT><B>Robert Bauer:</B>&nbsp;&nbsp;<A HREF=thn_issue.h2.html#POEM9>2 #9</A><DD>Big Wheeling Creek, West Virginia</DT>
<DT><B>Joann Klontz:</B>&nbsp;&nbsp;<A HREF=thn_issue.h2.html#POEM10>2 #10</A><DD>Swedesboro, New Jersey</DT>
<DT><B>Kate MacQueen:</B>&nbsp;&nbsp;<A HREF=thn_issue.h3.html#POEM1>3 #1</A><DD>Chapel Hill, North Carolina</DT>
<DT><B>Burnell Lippy:</B>&nbsp;&nbsp;<A HREF=thn_issue.h3.html#POEM2>3 #2</A><DD>Danville, Vermont</DT>
<DT><B>Tad Wojnicki:</B>&nbsp;&nbsp;<A HREF=thn_issue.h3.html#POEM3>3 #3</A><DD>Hsinchu City, China</DT>
<DT><B>Curtis Dunlap:</B>&nbsp;&nbsp;<A HREF=thn_issue.h3.html#POEM4>3 #4</A><DD>Mayodan, North Carolina</DT>
<DT><B>Judson Evans:</B>&nbsp;&nbsp;<A HREF=thn_issue.h3.html#POEM5>3 #5</A><DD>Holbrook, Massachusetts</DT>
<DT><B>Chuck Brickley:</B>&nbsp;&nbsp;<A HREF=thn_issue.h3.html#POEM6>3 #6</A><DD>Daly City, California</DT>
<DT><B>Andr&eacute; Surridge:</B>&nbsp;&nbsp;<A HREF=thn_issue.h3.html#POEM7>3 #7</A><DD>Hamilton, New Zealand</DT>
<DT><B>Brenda J. Gannam:</B>&nbsp;&nbsp;<A HREF=thn_issue.h3.html#POEM8>3 #8</A><DD>Brooklyn, New York</DT>
<DT><B>Alan Bridges:</B>&nbsp;&nbsp;<A HREF=thn_issue.h3.html#POEM9>3 #9</A><DD>Littleton, Massachusetts</DT>
<DT><B>Cindy Zackowitz:</B>&nbsp;&nbsp;<A HREF=thn_issue.h3.html#POEM10>3 #10</A><DD>Anchorage, Alaska</DT>
<DT><B>David Giacalone:</B>&nbsp;&nbsp;<A HREF=thn_issue.h4.html#POEM1>4 #1</A><DD>Schenectady, New York</DT>
<DT><B>Jared Carter:</B>&nbsp;&nbsp;<A HREF=thn_issue.h4.html#POEM2>4 #2</A><DD>Indianapolis, Indiana</DT>
<DT><B>Katrina Shepherd:</B>&nbsp;&nbsp;<A HREF=thn_issue.h4.html#POEM3>4 #3</A><DD>Perthshire, Scotland</DT>
<DT><B>Michele Root-Bernstein:</B>&nbsp;&nbsp;<A HREF=thn_issue.h4.html#POEM4>4 #4</A><DD>East Lansing, Michigan</DT>
<DT><B>Cynthia Rowe:</B>&nbsp;&nbsp;<A HREF=thn_issue.h4.html#POEM5>4 #5</A><DD>Woollahra, New South Wales, Australia</DT>
<DT><B>Jared Carter:</B>&nbsp;&nbsp;<A HREF=thn_issue.h4.html#POEM6>4 #6</A><DD>Indianapolis, Indiana</DT>
<DT><B>Christopher Patchel:</B>&nbsp;&nbsp;<A HREF=thn_issue.h4.html#POEM7>4 #7</A><DD>Chicago, Illinois</DT>
<DT><B>Elizabeth Howard:</B>&nbsp;&nbsp;<A HREF=thn_issue.h4.html#POEM8>4 #8</A><DD>Crossville, Tennessee</DT>
<DT><B>William Cullen, Jr.:</B>&nbsp;&nbsp;<A HREF=thn_issue.h4.html#POEM9>4 #9</A><DD>Brooklyn, New York</DT>
<DT><B>Naia:</B>&nbsp;&nbsp;<A HREF=thn_issue.h4.html#POEM10>4 #10</A><DD>Oceanside, California</DT>
<DT><B>Tyrone McDonald:</B>&nbsp;&nbsp;<A HREF=thn_issue.h5.html#POEM1>5 #1</A><DD>Brooklyn, New York</DT>
<DT><B>Mike Andrelczyk:</B>&nbsp;&nbsp;<A HREF=thn_issue.h5.html#POEM2>5 #2</A><DD>Los Angeles, California</DT>
<DT><B>Erik Linzbach:</B>&nbsp;&nbsp;<A HREF=thn_issue.h5.html#POEM3>5 #3</A><DD>Dewey, Arizona</DT>
<DT><B>Yu Chang:</B>&nbsp;&nbsp;<A HREF=thn_issue.h5.html#POEM4>5 #4</A><DD>Schenectady, New York</DT>
<DT><B>C. Avery:</B>&nbsp;&nbsp;<A HREF=thn_issue.h5.html#POEM5>5 #5</A><DD>Kailua, Kona, Hawaii</DT>
<DT><B>H. Gene Murtha:</B>&nbsp;&nbsp;<A HREF=thn_issue.h5.html#POEM6>5 #6</A><DD>Buena, New Jersey</DT>
<DT><B>Ellen Compton:</B>&nbsp;&nbsp;<A HREF=thn_issue.h5.html#POEM7>5 #7</A><DD>Washington, D.C.</DT>
<DT><B>Stephen A. Peters:</B>&nbsp;&nbsp;<A HREF=thn_issue.h5.html#POEM8>5 #8</A><DD>Bellingham, Washington</DT>
<DT><B>Hilary Tann:</B>&nbsp;&nbsp;<A HREF=thn_issue.h5.html#POEM9>5 #9</A><DD>Schuylerville, New York</DT>
<DT><B>Valeria Cecon:</B>&nbsp;&nbsp;<A HREF=thn_issue.h5.html#POEM10>5 #10</A><DD>Udine, Italy</DT>
<DT><B>Tyrone McDonald:</B>&nbsp;&nbsp;<A HREF=thn_issue.h6.html#POEM1>6 #1</A><DD>Brooklyn, New York</DT>
<DT><B>Jeffrey Rabkin:</B>&nbsp;&nbsp;<A HREF=thn_issue.h6.html#POEM2>6 #2</A><DD>New York, New York</DT>
<DT><B>Roberta Beary:</B>&nbsp;&nbsp;<A HREF=thn_issue.h6.html#POEM3>6 #3</A><DD>Bethesda, Maryland</DT>
<DT><B>Kirsty Karkow:</B>&nbsp;&nbsp;<A HREF=thn_issue.h6.html#POEM4>6 #4</A><DD>Waldoboro, Maine</DT>
<DT><B>Collin Barber:</B>&nbsp;&nbsp;<A HREF=thn_issue.h6.html#POEM5>6 #5</A><DD>Marion, Arkansas</DT>
<DT><B>Janelle Barrera:</B>&nbsp;&nbsp;<A HREF=thn_issue.h6.html#POEM6>6 #6</A><DD>Key West, Florida</DT>
<DT><B>John W. Sexton:</B>&nbsp;&nbsp;<A HREF=thn_issue.h6.html#POEM7>6 #7</A><DD>Carks, Kenmare, Ireland</DT>
<DT><B>Scott Mason:</B>&nbsp;&nbsp;<A HREF=thn_issue.h6.html#POEM8>6 #8</A><DD>Chappaqua, New York</DT>
<DT><B>Marilyn Appl Walker:</B>&nbsp;&nbsp;<A HREF=thn_issue.h6.html#POEM9>6 #9</A><DD>Madison, Georgia</DT>
<DT><B>Eileen Sheehan:</B>&nbsp;&nbsp;<A HREF=thn_issue.h6.html#POEM10>6 #10</A><DD>Killarney, County Kerry, Ireland</DT>
<DT><B>Helen Buckingham:</B>&nbsp;&nbsp;<A HREF=thn_issue.h7.html#POEM1>7 #1</A><DD>Bristol, Avon, England</DT>
<DT><B>Chris Bays:</B>&nbsp;&nbsp;<A HREF=thn_issue.h7.html#POEM2>7 #2</A><DD>Beavercreek, Ohio</DT>
<DT><B>Quendryth Young:</B>&nbsp;&nbsp;<A HREF=thn_issue.h7.html#POEM3>7 #3</A><DD>Alstonville, New South Wales, Australia</DT>
<DT><B>Sandra Simpson:</B>&nbsp;&nbsp;<A HREF=thn_issue.h7.html#POEM4>7 #4</A><DD>Tauranga, New Zealand</DT>
<DT><B>Tom Drescher:</B>&nbsp;&nbsp;<A HREF=thn_issue.h7.html#POEM5>7 #5</A><DD>San Francisco, California</DT>
<DT><B>Allan Burns:</B>&nbsp;&nbsp;<A HREF=thn_issue.h7.html#POEM6>7 #6</A><DD>Colorado Springs, Colorado</DT>
<DT><B>Natalia L. Rudychev:</B>&nbsp;&nbsp;<A HREF=thn_issue.h7.html#POEM7>7 #7</A><DD>Des Plains, Illinois</DT>
<DT><B>Glenn Coats:</B>&nbsp;&nbsp;<A HREF=thn_issue.h7.html#POEM8>7 #8</A><DD>Hellertown, Pennsylvania</DT>
<DT><B>LeRoy Gorman:</B>&nbsp;&nbsp;<A HREF=thn_issue.h7.html#POEM9>7 #9</A><DD>Napanee, Ontario, Canada</DT>
<DT><B>George Swede:</B>&nbsp;&nbsp;<A HREF=thn_issue.h7.html#POEM10>7 #10</A><DD>Toronto, Ontario, Canada</DT>
<DT><B>Marcus Larsson:</B>&nbsp;&nbsp;<A HREF=thn_issue.h8.html#POEM1>8 #1</A><DD>V&auml;rj&ouml;, Sweden</DT>
<DT><B>Charles Trumbull:</B>&nbsp;&nbsp;<A HREF=thn_issue.h8.html#POEM2>8 #2</A><DD>Evanston, Illinois</DT>
<DT><B>Bob Lucky:</B>&nbsp;&nbsp;<A HREF=thn_issue.h8.html#POEM3>8 #3</A><DD>Hangzhou, China</DT>
<DT><B>K. Ramesh:</B>&nbsp;&nbsp;<A HREF=thn_issue.h8.html#POEM4>8 #4</A><DD>Adyar, Chennai, India</DT>
<DT><B>Mark Alan Osterhaus:</B>&nbsp;&nbsp;<A HREF=thn_issue.h8.html#POEM5>8 #5</A><DD>Richland Center, Wisconsin</DT>
<DT><B>Lenard D. Moore:</B>&nbsp;&nbsp;<A HREF=thn_issue.h8.html#POEM6>8 #6</A><DD>Raleigh, North Carolina</DT>
<DT><B>Paul Cordeiro:</B>&nbsp;&nbsp;<A HREF=thn_issue.h8.html#POEM7>8 #7</A><DD>Wareham, Massachusetts</DT>
<DT><B>Graham Nunn:</B>&nbsp;&nbsp;<A HREF=thn_issue.h8.html#POEM8>8 #8</A><DD>Brisbane, Queensland, Australia</DT>
<DT><B>Lynne Steel:</B>&nbsp;&nbsp;<A HREF=thn_issue.h8.html#POEM9>8 #9</A><DD>Hillsboro Beach, Florida</DT>
<DT><B>Allan Burns:</B>&nbsp;&nbsp;<A HREF=thn_issue.h8.html#POEM10>8 #10</A><DD>Colorado Springs, Colorado</DT>
<DT><B>Grant D. Savage:</B>&nbsp;&nbsp;<A HREF=thn_issue.h9.html#POEM1>9 #1</A><DD>Ottawa, Ontario, Canada</DT>
<DT><B>Margarita Engle:</B>&nbsp;&nbsp;<A HREF=thn_issue.h9.html#POEM2>9 #2</A><DD>Clovis, California</DT>
<DT><B>Ron Moss:</B>&nbsp;&nbsp;<A HREF=thn_issue.h9.html#POEM3>9 #3</A><DD>Leslie Vale, Tasmania, Australia</DT>
<DT><B>Angela Terry:</B>&nbsp;&nbsp;<A HREF=thn_issue.h9.html#POEM4>9 #4</A><DD>Lake Forest Park, Washington</DT>
<DT><B>Jeff Hoagland:</B>&nbsp;&nbsp;<A HREF=thn_issue.h9.html#POEM5>9 #5</A><DD>Hopewell, New Jersey</DT>
<DT><B>Keiko Izawa:</B>&nbsp;&nbsp;<A HREF=thn_issue.h9.html#POEM6>9 #6</A><DD>Yokohama, Japan</DT>
<DT><B>Clare McCotter :</B>&nbsp;&nbsp;<A HREF=thn_issue.h9.html#POEM7>9 #7</A><DD>Kirea, County Derry, Ireland</DT>
<DT><B>Claudia Brefeld:</B>&nbsp;&nbsp;<A HREF=thn_issue.h9.html#POEM8>9 #8</A><DD>Bochum, Germany</DT>
<DT><B>Connie Donleycott:</B>&nbsp;&nbsp;<A HREF=thn_issue.h9.html#POEM9>9 #9</A><DD>Bremerton, Washington</DT>
<DT><B>Victor Ortiz:</B>&nbsp;&nbsp;<A HREF=thn_issue.h9.html#POEM10>9 #10</A><DD>San Pedro, California</DT>
<DT><B>Ruth Yarrow:</B>&nbsp;&nbsp;<A HREF=thn_issue.h10.html#POEM1>10 #1</A><DD>Seattle, Washington</DT>
<DT><B>George Dorsty:</B>&nbsp;&nbsp;<A HREF=thn_issue.h10.html#POEM2>10 #2</A><DD>Yorktown, Virginia</DT>
<DT><B>Quendryth Young:</B>&nbsp;&nbsp;<A HREF=thn_issue.h10.html#POEM3>10 #3</A><DD>Alstonville, New South Wales, Australia</DT>
<DT><B>Kala Ramesh:</B>&nbsp;&nbsp;<A HREF=thn_issue.h10.html#POEM4>10 #4</A><DD>Pune, Mharashtra, India</DT>
<DT><B>Bethel:</B>&nbsp;&nbsp;<A HREF=thn_issue.h10.html#POEM5>10 #5</A><DD>Irondale, Washington</DT>
<DT><B>Tomislav Maretic:</B>&nbsp;&nbsp;<A HREF=thn_issue.h10.html#POEM6>10 #6</A><DD>Vrapche, Croatia</DT>
<DT><B>Jennifer Corpe:</B>&nbsp;&nbsp;<A HREF=thn_issue.h10.html#POEM7>10 #7</A><DD>Bellingham, Washington</DT>
<DT><B>Marian Olson:</B>&nbsp;&nbsp;<A HREF=thn_issue.h10.html#POEM8>10 #8</A><DD>Santa Fe, New Mexico</DT>
<DT><B>Carolyn Hall:</B>&nbsp;&nbsp;<A HREF=thn_issue.h10.html#POEM9>10 #9</A><DD>San Francisco, California</DT>
<DT><B>Lynn Edge:</B>&nbsp;&nbsp;<A HREF=thn_issue.h10.html#POEM10>10 #10</A><DD>Tivoli, Texas</DT>
<DT><B>Jack Barry:</B>&nbsp;&nbsp;<A HREF=thn_issue.h11.html#POEM1>11 #1</A><DD>Chesterfield, Massachusetts</DT>
<DT><B>Dietmar Tauchner:</B>&nbsp;&nbsp;<A HREF=thn_issue.h11.html#POEM2>11 #2</A><DD>Puchberg, Austria</DT>
<DT><B>Bruce Ross:</B>&nbsp;&nbsp;<A HREF=thn_issue.h11.html#POEM3>11 #3</A><DD>Hampton, Maine</DT>
<DT><B>Chad Lee Robinson:</B>&nbsp;&nbsp;<A HREF=thn_issue.h11.html#POEM4>11 #4</A><DD>Pierre, South Dakota</DT>
<DT><B>Matthew Paul:</B>&nbsp;&nbsp;<A HREF=thn_issue.h11.html#POEM5>11 #5</A><DD>Kingston Upon Thames, Surrey, England</DT>
<DT><B>Michael Dylan Welch:</B>&nbsp;&nbsp;<A HREF=thn_issue.h11.html#POEM6>11 #6</A><DD>Sammamish, Washington</DT>
<DT><B>Mathew V. Spano:</B>&nbsp;&nbsp;<A HREF=thn_issue.h11.html#POEM7>11 #7</A><DD>Hillsborough, New Jersey</DT>
<DT><B>Susan Constable:</B>&nbsp;&nbsp;<A HREF=thn_issue.h11.html#POEM8>11 #8</A><DD>Nanoose Bay, British Columbia, Canada</DT>
<DT><B>Carlos Col&oacute;n:</B>&nbsp;&nbsp;<A HREF=thn_issue.h11.html#POEM9>11 #9</A><DD>Shreveport, Louisiana</DT>
<DT><B>Carolyn Hall:</B>&nbsp;&nbsp;<A HREF=thn_issue.h11.html#POEM10>11 #10</A><DD>San Francisco, California</DT>
<DT><B>Lonnard Dean Watkins:</B>&nbsp;&nbsp;<A HREF=thn_issue.h12.html#POEM1>12 #1</A><DD>Wellington, New Zealand</DT>
<DT><B>A. Thiagarajan :</B>&nbsp;&nbsp;<A HREF=thn_issue.h12.html#POEM2>12 #2</A><DD>Mumbai, India</DT>
<DT><B>Cherie Hunter Day:</B>&nbsp;&nbsp;<A HREF=thn_issue.h12.html#POEM3>12 #3</A><DD>San Diego, California</DT>
<DT><B>Els van Leeuwen:</B>&nbsp;&nbsp;<A HREF=thn_issue.h12.html#POEM4>12 #4</A><DD>Sydney, New South Wales, Australia</DT>
<DT><B>John Kinory:</B>&nbsp;&nbsp;<A HREF=thn_issue.h12.html#POEM5>12 #5</A><DD>Oxfordshire, England</DT>
<DT><B>Burnell Lippy:</B>&nbsp;&nbsp;<A HREF=thn_issue.h12.html#POEM6>12 #6</A><DD>Danville, Vermont</DT>
<DT><B>John Barlow :</B>&nbsp;&nbsp;<A HREF=thn_issue.h12.html#POEM7>12 #7</A><DD>Liverpool, England </DT>
<DT><B>Curtis Dunlap:</B>&nbsp;&nbsp;<A HREF=thn_issue.h12.html#POEM8>12 #8</A><DD>Mayodan, North Carolina </DT>
<DT><B>Irene Golas:</B>&nbsp;&nbsp;<A HREF=thn_issue.h12.html#POEM9>12 #9</A><DD>Sudbury, Ontario, Canada</DT>
<DT><B>Beverley George:</B>&nbsp;&nbsp;<A HREF=thn_issue.h12.html#POEM10>12 #10</A><DD>Pearl Beach, New South Wales, Australia</DT>
<DT><B>Fay Aoyagi:</B>&nbsp;&nbsp;<A HREF=thn_issue.e1.html#POEM1>EC #1</A><DD>San Francisco, California</DT>
<DT><B>Gary Hotham:</B>&nbsp;&nbsp;<A HREF=thn_issue.e1.html#POEM2>EC #2</A><DD>Scaggsville, Maryland</DT>
<DT><B>Harriot West:</B>&nbsp;&nbsp;<A HREF=thn_issue.e1.html#POEM3>EC #3</A><DD>Eugene, Oregon</DT>
