<DT><B>Jim Kacian:</B>&nbsp;&nbsp;<A HREF=thn_issue.h1.html#POEM1>1 #1</A><DD>Winchester, Virginia</DT>
<DT><B>Matthew Paul:</B>&nbsp;&nbsp;<A HREF=thn_issue.h1.html#POEM2>1 #2</A><DD>Kingston upon Thames, Surrey, England </DT>
<DT><B>Sandra Simpson:</B>&nbsp;&nbsp;<A HREF=thn_issue.h1.html#POEM3>1 #3</A><DD>Tauranga, New Zealand</DT>
<DT><B>Tom Tico:</B>&nbsp;&nbsp;<A HREF=thn_issue.h1.html#POEM4>1 #4</A><DD>San Francisco, California</DT>
<DT><B>Christopher Herold:</B>&nbsp;&nbsp;<A HREF=thn_issue.h1.html#POEM5>1 #5</A><DD>Port Townsend, WA</DT>
<DT><B>Nora Wood:</B>&nbsp;&nbsp;<A HREF=thn_issue.h1.html#POEM6>1 #6</A><DD>Atlanta, Georgia</DT>
<DT><B>Jan McGrath:</B>&nbsp;&nbsp;<A HREF=thn_issue.h1.html#POEM7>1 #7</A><DD>New Zealand</DT>
<DT><B>Sandra Simpson:</B>&nbsp;&nbsp;<A HREF=thn_issue.h1.html#POEM8>1 #8</A><DD>Tauranga, New Zealand</DT>
<DT><B>Gautam Nadkarni:</B>&nbsp;&nbsp;<A HREF=thn_issue.h1.html#POEM9>1 #9</A><DD>Mumbai, India</DT>
<DT><B>tori inu:</B>&nbsp;&nbsp;<A HREF=thn_issue.h1.html#POEM10>1 #10</A><DD>Atsugi, Japan</DT>
<DT><B>Natalia L. Rudychev:</B>&nbsp;&nbsp;<A HREF=thn_issue.h2.html#POEM1>2 #1</A><DD>Des Plaines, Illinois</DT>
<DT><B>Marilyn Appl Walker:</B>&nbsp;&nbsp;<A HREF=thn_issue.h2.html#POEM2>2 #2</A><DD>Madison, Georgia</DT>
<DT><B>K. Ramesh:</B>&nbsp;&nbsp;<A HREF=thn_issue.h2.html#POEM3>2 #3</A><DD>Adyar, Chennai, India</DT>
<DT><B>Greg Piko:</B>&nbsp;&nbsp;<A HREF=thn_issue.h2.html#POEM4>2 #4</A><DD>Canberra, Australia</DT>
<DT><B>Jo McInerney:</B>&nbsp;&nbsp;<A HREF=thn_issue.h2.html#POEM5>2 #5</A><DD>Boolarra, Australia</DT>
<DT><B>Robert Epstein:</B>&nbsp;&nbsp;<A HREF=thn_issue.h2.html#POEM6>2 #6</A><DD>El Cerrito, California</DT>
<DT><B>Ann K. Schwader:</B>&nbsp;&nbsp;<A HREF=thn_issue.h2.html#POEM7>2 #7</A><DD>Westminster, Colorado </DT>
<DT><B>Angela Terry:</B>&nbsp;&nbsp;<A HREF=thn_issue.h2.html#POEM8>2 #8</A><DD>Lake Forest Park, Washington </DT>
<DT><B>Yvonne Cabalona:</B>&nbsp;&nbsp;<A HREF=thn_issue.h2.html#POEM9>2 #9</A><DD>Medesto, California</DT>
<DT><B>Hilary Tann:</B>&nbsp;&nbsp;<A HREF=thn_issue.h2.html#POEM10>2 #10</A><DD>Schuylerville, New York</DT>
<DT><B>Lorin Ford:</B>&nbsp;&nbsp;<A HREF=thn_issue.h3.html#POEM1>3 #1</A><DD>Brunswick, Victoria, Australia</DT>
<DT><B>Robert M. Hopkins:</B>&nbsp;&nbsp;<A HREF=thn_issue.h3.html#POEM2>3 #2</A><DD>Beijing, China</DT>
<DT><B>Rose Hunter:</B>&nbsp;&nbsp;<A HREF=thn_issue.h3.html#POEM3>3 #3</A><DD>Tlaquepaque, Mexico</DT>
<DT><B>John Barlow :</B>&nbsp;&nbsp;<A HREF=thn_issue.h3.html#POEM4>3 #4</A><DD>Liverpool, England </DT>
<DT><B>Matthew Paul:</B>&nbsp;&nbsp;<A HREF=thn_issue.h3.html#POEM5>3 #5</A><DD>Kingston upon Thames, Surrey, England </DT>
<DT><B>Glenn G. Coats:</B>&nbsp;&nbsp;<A HREF=thn_issue.h3.html#POEM6>3 #6</A><DD>Hellertown, Pennsylvania</DT>
<DT><B>Karen Cesar:</B>&nbsp;&nbsp;<A HREF=thn_issue.h3.html#POEM7>3 #7</A><DD>Tucson, Arizona</DT>
<DT><B>Connie Donleycott:</B>&nbsp;&nbsp;<A HREF=thn_issue.h3.html#POEM8>3 #8</A><DD>Bremerton, Washington</DT>
<DT><B>wende skidmore dufon:</B>&nbsp;&nbsp;<A HREF=thn_issue.h3.html#POEM9>3 #9</A><DD>Antigua, Guatemala </DT>
<DT><B>Joshua Beach:</B>&nbsp;&nbsp;<A HREF=thn_issue.h3.html#POEM10>3 #10</A><DD>Sammamish, Washington</DT>
<DT><B>Greg Piko:</B>&nbsp;&nbsp;<A HREF=thn_issue.h4.html#POEM1>4 #1</A><DD>Canberra, Australia</DT>
<DT><B>Marsh Muirhead:</B>&nbsp;&nbsp;<A HREF=thn_issue.h4.html#POEM2>4 #2</A><DD>Bemidji, Minnesota</DT>
<DT><B>Leonie Bingham:</B>&nbsp;&nbsp;<A HREF=thn_issue.h4.html#POEM3>4 #3</A><DD>Stony Chute, New South Wales, Australia</DT>
<DT><B>Billie Wilson:</B>&nbsp;&nbsp;<A HREF=thn_issue.h4.html#POEM4>4 #4</A><DD>Juneau, Alaska</DT>
<DT><B>Mike Andrelczyk:</B>&nbsp;&nbsp;<A HREF=thn_issue.h4.html#POEM5>4 #5</A><DD>Los Angeles California</DT>
<DT><B>Ann Spiers:</B>&nbsp;&nbsp;<A HREF=thn_issue.h4.html#POEM6>4 #6</A><DD>Vashon Island, Washington</DT>
<DT><B>Linda Jeannette Ward:</B>&nbsp;&nbsp;<A HREF=thn_issue.h4.html#POEM7>4 #7</A><DD>Coinjock, North Carolina</DT>
<DT><B>Yu Chang:</B>&nbsp;&nbsp;<A HREF=thn_issue.h4.html#POEM8>4 #8</A><DD>Schenectady, New York</DT>
<DT><B>Quendryth Young:</B>&nbsp;&nbsp;<A HREF=thn_issue.h4.html#POEM9>4 #9</A><DD>Alstonville, New South Wales, Australia</DT>
<DT><B>Carolyn Hall:</B>&nbsp;&nbsp;<A HREF=thn_issue.h4.html#POEM10>4 #10</A><DD>San Francisco, California</DT>
<DT><B>Billie Wilson :</B>&nbsp;&nbsp;<A HREF=thn_issue.h5.html#POEM1>5 #1</A><DD>Juneau, Alaska</DT>
<DT><B>Margarita Engle:</B>&nbsp;&nbsp;<A HREF=thn_issue.h5.html#POEM2>5 #2</A><DD>Clovis, California</DT>
<DT><B>Og Aksnes:</B>&nbsp;&nbsp;<A HREF=thn_issue.h5.html#POEM3>5 #3</A><DD>Tonsberg, Norway </DT>
<DT><B>Andrea Grillo:</B>&nbsp;&nbsp;<A HREF=thn_issue.h5.html#POEM4>5 #4</A><DD>Randolph, New Jersey</DT>
<DT><B>Hilary Tann:</B>&nbsp;&nbsp;<A HREF=thn_issue.h5.html#POEM5>5 #5</A><DD>Schuylerville, New York</DT>
<DT><B>Susan Constable:</B>&nbsp;&nbsp;<A HREF=thn_issue.h5.html#POEM6>5 #6</A><DD>Nanoose Bay, BC Canada</DT>
<DT><B>George Dorsty:</B>&nbsp;&nbsp;<A HREF=thn_issue.h5.html#POEM7>5 #7</A><DD>Yorktown, Virginia</DT>
<DT><B>Harriot West:</B>&nbsp;&nbsp;<A HREF=thn_issue.h5.html#POEM8>5 #8</A><DD>Eugene,Oregon</DT>
<DT><B>Collin Barber:</B>&nbsp;&nbsp;<A HREF=thn_issue.h5.html#POEM9>5 #9</A><DD>Marion, Arkansas</DT>
<DT><B>David Giacalone:</B>&nbsp;&nbsp;<A HREF=thn_issue.h5.html#POEM10>5 #10</A><DD>Schenectady, New York</DT>
<DT><B>Michele Root-Bernstein:</B>&nbsp;&nbsp;<A HREF=thn_issue.h6.html#POEM1>6 #1</A><DD>East Lansing, Michigan</DT>
<DT><B>Jon Baldwin:</B>&nbsp;&nbsp;<A HREF=thn_issue.h6.html#POEM2>6 #2</A><DD>Ramsgate, Kent, England</DT>
<DT><B>Christopher Patchel:</B>&nbsp;&nbsp;<A HREF=thn_issue.h6.html#POEM3>6 #3</A><DD>Chicago, Illinois</DT>
<DT><B>Bob Lucky:</B>&nbsp;&nbsp;<A HREF=thn_issue.h6.html#POEM4>6 #4</A><DD>Hangzhou, China</DT>
<DT><B>Michael McClintock:</B>&nbsp;&nbsp;<A HREF=thn_issue.h6.html#POEM5>6 #5</A><DD>Fresno, California</DT>
<DT><B>Aurora Antonovic:</B>&nbsp;&nbsp;<A HREF=thn_issue.h6.html#POEM6>6 #6</A><DD>Ontario, Canada</DT>
<DT><B>Joyce Clement:</B>&nbsp;&nbsp;<A HREF=thn_issue.h6.html#POEM7>6 #7</A><DD>Bristol, Connecticut </DT>
<DT><B>Alan S. Bridges:</B>&nbsp;&nbsp;<A HREF=thn_issue.h6.html#POEM8>6 #8</A><DD>Littleton, MA</DT>
<DT><B>Jennie Townsend:</B>&nbsp;&nbsp;<A HREF=thn_issue.h6.html#POEM9>6 #9</A><DD>O&#8217;Fallon, Missouri</DT>
<DT><B>Fay Aoyagi:</B>&nbsp;&nbsp;<A HREF=thn_issue.h6.html#POEM10>6 #10</A><DD>San Francisco, California</DT>
<DT><B>Pat Tompkins:</B>&nbsp;&nbsp;<A HREF=thn_issue.h7.html#POEM1>7 #1</A><DD>San Mateo, California</DT>
<DT><B>Cherie Hunter Day:</B>&nbsp;&nbsp;<A HREF=thn_issue.h7.html#POEM2>7 #2</A><DD>San Diego, California</DT>
<DT><B>Lori Olson Randall:</B>&nbsp;&nbsp;<A HREF=thn_issue.h7.html#POEM3>7 #3</A><DD>Walla Walla, Washington </DT>
<DT><B>Bob Lucky:</B>&nbsp;&nbsp;<A HREF=thn_issue.h7.html#POEM4>7 #4</A><DD>Hangzhou, China</DT>
<DT><B>Claudia Brefeld:</B>&nbsp;&nbsp;<A HREF=thn_issue.h7.html#POEM5>7 #5</A><DD>Bochum, Germany</DT>
<DT><B>R. Tracy Roberts:</B>&nbsp;&nbsp;<A HREF=thn_issue.h7.html#POEM6>7 #6</A><DD>Halifax, Nova Scotia</DT>
<DT><B>Grant D. Savage:</B>&nbsp;&nbsp;<A HREF=thn_issue.h7.html#POEM7>7 #7</A><DD>Ottawa, Ontario, Canada</DT>
<DT><B>Clare McCotter:</B>&nbsp;&nbsp;<A HREF=thn_issue.h7.html#POEM8>7 #8</A><DD>Kilrea, County Derry, N. Ireland</DT>
<DT><B>Andr&eacute; Surridge:</B>&nbsp;&nbsp;<A HREF=thn_issue.h7.html#POEM9>7 #9</A><DD>Hamilton, New Zealand</DT>
<DT><B>Gregory Hopkins:</B>&nbsp;&nbsp;<A HREF=thn_issue.h7.html#POEM10>7 #10</A><DD>Weaver, Alabama</DT>
<DT><B>Connie Donleycott:</B>&nbsp;&nbsp;<A HREF=thn_issue.h8.html#POEM1>8 #1</A><DD>Bremerton, Washington</DT>
<DT><B>Elizabeth Howard:</B>&nbsp;&nbsp;<A HREF=thn_issue.h8.html#POEM2>8 #2</A><DD>Crossville, Tennessee</DT>
<DT><B>John Barlow:</B>&nbsp;&nbsp;<A HREF=thn_issue.h8.html#POEM3>8 #3</A><DD>Liverpool, England</DT>
<DT><B>Brent Partridge:</B>&nbsp;&nbsp;<A HREF=thn_issue.h8.html#POEM4>8 #4</A><DD>Orinda, California</DT>
<DT><B>Bonnie Stepenoff:</B>&nbsp;&nbsp;<A HREF=thn_issue.h8.html#POEM5>8 #5</A><DD>Cape Girardeau, Missouri</DT>
<DT><B>Joann Klontz:</B>&nbsp;&nbsp;<A HREF=thn_issue.h8.html#POEM6>8 #6</A><DD>Swedesboro, New Jersey</DT>
<DT><B>Bruce Ross :</B>&nbsp;&nbsp;<A HREF=thn_issue.h8.html#POEM7>8 #7</A><DD>Hampden, Maine</DT>
<DT><B>Curtis Dunlap:</B>&nbsp;&nbsp;<A HREF=thn_issue.h8.html#POEM8>8 #8</A><DD>Mayodan, North Carolina</DT>
<DT><B>Bill Kenney:</B>&nbsp;&nbsp;<A HREF=thn_issue.h8.html#POEM9>8 #9</A><DD>New York, New York</DT>
<DT><B>Andrea Cecon:</B>&nbsp;&nbsp;<A HREF=thn_issue.h8.html#POEM10>8 #10</A><DD>Udine, Italy</DT>
<DT><B>Dietmar Tauchner:</B>&nbsp;&nbsp;<A HREF=thn_issue.h9.html#POEM1>9 #1</A><DD>Puchberg, Austria</DT>
<DT><B>Cindy Zackowitz:</B>&nbsp;&nbsp;<A HREF=thn_issue.h9.html#POEM2>9 #2</A><DD>Anchorage, Alaska</DT>
<DT><B>paul m.:</B>&nbsp;&nbsp;<A HREF=thn_issue.h9.html#POEM3>9 #3</A><DD>Bristol, Rhode Island</DT>
<DT><B>Duro Jaiye:</B>&nbsp;&nbsp;<A HREF=thn_issue.h9.html#POEM4>9 #4</A><DD>Hirakata, Japan</DT>
<DT><B>Berenice Mortimer:</B>&nbsp;&nbsp;<A HREF=thn_issue.h9.html#POEM5>9 #5</A><DD>Westlock, Alberta, Canada </DT>
<DT><B>Terry O&#8217;Connor:</B>&nbsp;&nbsp;<A HREF=thn_issue.h9.html#POEM6>9 #6</A><DD>Galway, Ireland</DT>
<DT><B>Glenn G. Coats:</B>&nbsp;&nbsp;<A HREF=thn_issue.h9.html#POEM7>9 #7</A><DD>Hellertown, Pennsylvania</DT>
<DT><B>Hrushikesh Oka:</B>&nbsp;&nbsp;<A HREF=thn_issue.h9.html#POEM8>9 #8</A><DD>Pune, India </DT>
<DT><B>Gary Hotham:</B>&nbsp;&nbsp;<A HREF=thn_issue.h9.html#POEM9>9 #9</A><DD>Scaggsville, Maryland</DT>
<DT><B>Nathalie Buckland:</B>&nbsp;&nbsp;<A HREF=thn_issue.h9.html#POEM10>9 #10</A><DD>Nimbin, New South Wales,Australia</DT>
<DT><B>Megan Arkenberg:</B>&nbsp;&nbsp;<A HREF=thn_issue.h10.html#POEM1>10 #1</A><DD>Milwaukee, Wisconsin</DT>
<DT><B>H. Gene Murtha:</B>&nbsp;&nbsp;<A HREF=thn_issue.h10.html#POEM2>10 #2</A><DD>Buena, New Jersey</DT>
<DT><B>Marcus Larrson:</B>&nbsp;&nbsp;<A HREF=thn_issue.h10.html#POEM3>10 #3</A><DD>V&auml;rj&ouml;, Sweden </DT>
<DT><B>Bill Kenney:</B>&nbsp;&nbsp;<A HREF=thn_issue.h10.html#POEM4>10 #4</A><DD>New York, New York</DT>
<DT><B>Laryalee Fraser:</B>&nbsp;&nbsp;<A HREF=thn_issue.h10.html#POEM5>10 #5</A><DD>Salmon Arm, British Columbia, Canada</DT>
<DT><B>Natalia L. Rudychev:</B>&nbsp;&nbsp;<A HREF=thn_issue.h10.html#POEM6>10 #6</A><DD>Des Plaines, Illinois</DT>
<DT><B>paul m.:</B>&nbsp;&nbsp;<A HREF=thn_issue.h10.html#POEM7>10 #7</A><DD>Bristol, Rhode Island</DT>
<DT><B>Brenda J. Gannam:</B>&nbsp;&nbsp;<A HREF=thn_issue.h10.html#POEM8>10 #8</A><DD>Brooklyn, New York</DT>
<DT><B>Mark Arvid White:</B>&nbsp;&nbsp;<A HREF=thn_issue.h10.html#POEM9>10 #9</A><DD>Palmer, Alaska</DT>
<DT><B>Kirsty Karkow:</B>&nbsp;&nbsp;<A HREF=thn_issue.h10.html#POEM10>10 #10</A><DD>Waldoboro, Maine</DT>
<DT><B>Joann Klontz:</B>&nbsp;&nbsp;<A HREF=thn_issue.h11.html#POEM1>11 #1</A><DD>Swedesboro, New Jersey</DT>
<DT><B>Tom Clausen:</B>&nbsp;&nbsp;<A HREF=thn_issue.h11.html#POEM2>11 #2</A><DD>Ithaca, New York</DT>
<DT><B>Nora Wood:</B>&nbsp;&nbsp;<A HREF=thn_issue.h11.html#POEM3>11 #3</A><DD>Atlanta, Georgia</DT>
<DT><B>Richard Straw:</B>&nbsp;&nbsp;<A HREF=thn_issue.h11.html#POEM4>11 #4</A><DD>Cary, North Carolina </DT>
<DT><B>Allan Burns:</B>&nbsp;&nbsp;<A HREF=thn_issue.h11.html#POEM5>11 #5</A><DD>Colorado Springs, Colorado</DT>
<DT><B>Jason Diano:</B>&nbsp;&nbsp;<A HREF=thn_issue.h11.html#POEM6>11 #6</A><DD>New Orleans, Louisiana</DT>
<DT><B>Scott Mason:</B>&nbsp;&nbsp;<A HREF=thn_issue.h11.html#POEM7>11 #7</A><DD>Chappaqua, New York</DT>
<DT><B>Eve Luckring:</B>&nbsp;&nbsp;<A HREF=thn_issue.h11.html#POEM8>11 #8</A><DD>Los Angeles, California</DT>
<DT><B>Lenard D. Moore:</B>&nbsp;&nbsp;<A HREF=thn_issue.h11.html#POEM9>11 #9</A><DD>Raleigh, North Carolina</DT>
<DT><B>Jim Kacian:</B>&nbsp;&nbsp;<A HREF=thn_issue.e1.html#POEM1>EC #1</A><DD>Winchester, Virginia</DT>
<DT><B>Mark Alan Osterhaus:</B>&nbsp;&nbsp;<A HREF=thn_issue.e1.html#POEM2>EC #2</A><DD>Richland Center, Wisconsin</DT>
<DT><B>Yu Chang:</B>&nbsp;&nbsp;<A HREF=thn_issue.e1.html#POEM3>EC #3</A><DD>Schenectady, New York</DT>
