<DT><B>og aksnes:</B>&nbsp;&nbsp;<A HREF=thn_issue.h10.html#POEM8>10 #8</A><DD>Tonsberg, Norway</DT>
<DT><B>Melissa Allen:</B>&nbsp;&nbsp;<A HREF=thn_issue.h4.html#POEM9>4 #9</A><DD>Madison, Wisconsin </DT>
<DT><B>Stephen Amor:</B>&nbsp;&nbsp;<A HREF=thn_issue.h10.html#POEM4>10 #4</A><DD>Fremont, Ohio</DT>
<DT><B>Fay Aoyagi:</B>&nbsp;&nbsp;<A HREF=thn_issue.h14.html#POEM1>14 #1</A>
;&nbsp;<A HREF=thn_issue.h14.html#POEM6>14 #6</A><DD>San Francisco, California</DT>
<DT><B>David Ash:</B>&nbsp;&nbsp;<A HREF=thn_issue.h5.html#POEM7>5 #7</A><DD>Mukilteo, Washington</DT>
<DT><B>Gavin Austin:</B>&nbsp;&nbsp;<A HREF=thn_issue.h11.html#POEM5>11 #5</A><DD>Elizabeth Bay, Sydney, Australia</DT>
<DT><B>Francine Banwarth:</B>&nbsp;&nbsp;<A HREF=thn_issue.h6.html#POEM2>6 #2</A><DD>Dubuque, Iowa</DT>
<DT><B>John Barlow:</B>&nbsp;&nbsp;<A HREF=thn_issue.h11.html#POEM8>11 #8</A>
;&nbsp;<A HREF=thn_issue.h11.html#POEM9>11 #9</A><DD>Ormskirk, England</DT>
<DT><B>Claudia Brefeld:</B>&nbsp;&nbsp;<A HREF=thn_issue.h7.html#POEM5>7 #5</A><DD>Bochum, Germany</DT>
<DT><B>Alan S. Bridges:</B>&nbsp;&nbsp;<A HREF=thn_issue.h14.html#POEM5>14 #5</A><DD>Littleton, Massachusetts</DT>
<DT><B>Helen Buckingham:</B>&nbsp;&nbsp;<A HREF=thn_issue.h6.html#POEM1>6 #1</A><DD>Bristol, Avon, England</DT>
<DT><B>Nathalie Buckland:</B>&nbsp;&nbsp;<A HREF=thn_issue.h4.html#POEM6>4 #6</A><DD>Nimbin, New South Wales, Australia</DT>
<DT><B>Owen Bullock:</B>&nbsp;&nbsp;<A HREF=thn_issue.h10.html#POEM2>10 #2</A>
;&nbsp;<A HREF=thn_issue.h5.html#POEM5>5 #5</A><DD>Paeroa, New Zealand</DT>
<DT><B>Yvonne Cabalona:</B>&nbsp;&nbsp;<A HREF=thn_issue.h5.html#POEM8>5 #8</A>
;&nbsp;<A HREF=thn_issue.h7.html#POEM10>7 #10</A><DD>Modesto, California</DT>
<DT><B>David Caruso:</B>&nbsp;&nbsp;<A HREF=thn_issue.h6.html#POEM9>6 #9</A><DD>Haddonfield, New Jersey</DT>
<DT><B>Cynthia Cechota:</B>&nbsp;&nbsp;<A HREF=thn_issue.h11.html#POEM7>11 #7</A><DD>Dubuque, Iowa</DT>
<DT><B>Andrea Cecon:</B>&nbsp;&nbsp;<A HREF=thn_issue.h5.html#POEM4>5 #4</A>
;&nbsp;<A HREF=thn_issue.h6.html#POEM6>6 #6</A><DD>Udine, Italy</DT>
<DT><B>Yu Chang:</B>&nbsp;&nbsp;<A HREF=thn_issue.h1.html#POEM2>1 #2</A><DD>Schenectady, New York</DT>
<DT><B>Shelly Chang:</B>&nbsp;&nbsp;<A HREF=thn_issue.h4.html#POEM7>4 #7</A>
;&nbsp;<A HREF=thn_issue.h4.html#POEM8>4 #8</A><DD>Oakland, California</DT>
<DT><B>James Chessing:</B>&nbsp;&nbsp;<A HREF=thn_issue.h11.html#POEM3>11 #3</A><DD>San Ramon, California</DT>
<DT><B>Sonam Chhoki :</B>&nbsp;&nbsp;<A HREF=thn_issue.h10.html#POEM3>10 #3</A>
;&nbsp;<A HREF=thn_issue.h9.html#POEM6>9 #6</A><DD>Thimphu, Thimphu, Bhutan</DT>
<DT><B>Joyce Clement:</B>&nbsp;&nbsp;<A HREF=thn_issue.h13.html#POEM9>13 #9</A><DD>Bristol, Connecticut</DT>
<DT><B>Glenn G. Coats:</B>&nbsp;&nbsp;<A HREF=thn_issue.h8.html#POEM5>8 #5</A>
;&nbsp;<A HREF=thn_issue.h8.html#POEM7>8 #7</A><DD>Prospect, Virginia</DT>
<DT><B>Martin Gottlieb Cohen:</B>&nbsp;&nbsp;<A HREF=thn_issue.h11.html#POEM4>11 #4</A>
;&nbsp;<A HREF=thn_issue.h6.html#POEM3>6 #3</A><DD>Egg Harbor, New Jersey</DT>
<DT><B>Carlos Col&oacute;n:</B>&nbsp;&nbsp;<A HREF=thn_issue.h1.html#POEM3>1 #3</A><DD>Shreveport, Louisiana</DT>
<DT><B>Susan Constable:</B>&nbsp;&nbsp;<A HREF=thn_issue.h11.html#POEM6>11 #6</A>
;&nbsp;<A HREF=thn_issue.h12.html#POEM1>12 #1</A><DD>Nanoose Bay, British Columbia, Canada</DT>
<DT><B>Bill Cooper:</B>&nbsp;&nbsp;<A HREF=thn_issue.h7.html#POEM2>7 #2</A><DD>Richmond, Virginia</DT>
<DT><B>L. Costa:</B>&nbsp;&nbsp;<A HREF=thn_issue.h5.html#POEM9>5 #9</A><DD>Sao Carlos, Sao Paulo, Brazil</DT>
<DT><B>Aubrie Cox:</B>&nbsp;&nbsp;<A HREF=thn_issue.h2.html#POEM4>2 #4</A><DD>Blue Mound, Illinois</DT>
<DT><B>William Cullen, Jr.:</B>&nbsp;&nbsp;<A HREF=thn_issue.h9.html#POEM5>9 #5</A><DD>Brooklyn, New York</DT>
<DT><B>Nan Dozier:</B>&nbsp;&nbsp;<A HREF=thn_issue.h10.html#POEM10>10 #10</A><DD>Shreveport, Louisianna</DT>
<DT><B>Garry Eaton:</B>&nbsp;&nbsp;<A HREF=thn_issue.h8.html#POEM3>8 #3</A><DD>Port Moody, British Columbia, Canada</DT>
<DT><B>Lynn Edge:</B>&nbsp;&nbsp;<A HREF=thn_issue.h11.html#POEM1>11 #1</A><DD>Tivoli, Texas</DT>
<DT><B>Robert Epstein:</B>&nbsp;&nbsp;<A HREF=thn_issue.h4.html#POEM3>4 #3</A>
;&nbsp;<A HREF=thn_issue.h7.html#POEM7>7 #7</A><DD>El Cerrito, California</DT>
<DT><B>Lorin Ford:</B>&nbsp;&nbsp;<A HREF=thn_issue.h10.html#POEM1>10 #1</A>
;&nbsp;<A HREF=thn_issue.h5.html#POEM3>5 #3</A><DD>Brunswick, Victoria, Australia</DT>
<DT><B>Jerry Foshee:</B>&nbsp;&nbsp;<A HREF=thn_issue.h9.html#POEM2>9 #2</A><DD>Rio Rancho, New Mexico</DT>
<DT><B>Laura Garrison:</B>&nbsp;&nbsp;<A HREF=thn_issue.h10.html#POEM7>10 #7</A>
;&nbsp;<A HREF=thn_issue.h2.html#POEM5>2 #5</A><DD>Silver Spring, Maryland</DT>
<DT><B>Victor P. Gendrano:</B>&nbsp;&nbsp;<A HREF=thn_issue.h12.html#POEM3>12 #3</A><DD>Carson, California</DT>
<DT><B>David Gershator:</B>&nbsp;&nbsp;<A HREF=thn_issue.h9.html#POEM8>9 #8</A><DD>St. Thomas, Virgin Islands</DT>
<DT><B>LeRoy Gorman:</B>&nbsp;&nbsp;<A HREF=thn_issue.h1.html#POEM7>1 #7</A>
;&nbsp;<A HREF=thn_issue.h4.html#POEM1>4 #1</A><DD>Napanee, Ontario, Canada</DT>
<DT><B>Jyothirmai Gubili:</B>&nbsp;&nbsp;<A HREF=thn_issue.h13.html#POEM2>13 #2</A><DD>Rochester, Minnesota</DT>
<DT><B>Carolyn Hall:</B>&nbsp;&nbsp;<A HREF=thn_issue.h10.html#POEM6>10 #6</A>
;&nbsp;<A HREF=thn_issue.h1.html#POEM4>1 #4</A><DD>San Francisco, California</DT>
<DT><B>Michele L. Harvey:</B>&nbsp;&nbsp;<A HREF=thn_issue.h12.html#POEM10>12 #10</A><DD>Hamilton, New York</DT>
<DT><B>Jay Haskins:</B>&nbsp;&nbsp;<A HREF=thn_issue.h12.html#POEM2>12 #2</A>
;&nbsp;<A HREF=thn_issue.h6.html#POEM10>6 #10</A><DD>Port Townsend, Washington</DT>
<DT><B>Christopher Herold:</B>&nbsp;&nbsp;<A HREF=thn_issue.e1.html#POEM2>EC #2</A>
;&nbsp;<A HREF=thn_issue.h12.html#POEM7>12 #7</A><DD>Port Townsend, Washington</DT>
<DT><B>Robert Huotari:</B>&nbsp;&nbsp;<A HREF=thn_issue.h5.html#POEM2>5 #2</A><DD>Glendale, Arizona</DT>
<DT><B>Jim Kacian:</B>&nbsp;&nbsp;<A HREF=thn_issue.h10.html#POEM9>10 #9</A>
;&nbsp;<A HREF=thn_issue.h1.html#POEM1>1 #1</A><DD>Winchester, Virginia</DT>
<DT><B>Bill Kenney:</B>&nbsp;&nbsp;<A HREF=thn_issue.h8.html#POEM2>8 #2</A><DD>New York, New York</DT>
<DT><B>John Kinory:</B>&nbsp;&nbsp;<A HREF=thn_issue.h9.html#POEM1>9 #1</A><DD>Oxfordshire, England</DT>
<DT><B>Deborah P. Kolodji:</B>&nbsp;&nbsp;<A HREF=thn_issue.h10.html#POEM5>10 #5</A><DD>Temple City, California</DT>
<DT><B>Marcus Larrson:</B>&nbsp;&nbsp;<A HREF=thn_issue.h12.html#POEM8>12 #8</A><DD>V&auml;rj&ouml;, Sweden</DT>
<DT><B>Burnell Lippy:</B>&nbsp;&nbsp;<A HREF=thn_issue.h2.html#POEM6>2 #6</A><DD>Danville, Vermont</DT>
<DT><B>Eve Luckring:</B>&nbsp;&nbsp;<A HREF=thn_issue.h13.html#POEM10>13 #10</A><DD>Los Angeles, California</DT>
<DT><B>Bob Lucky:</B>&nbsp;&nbsp;<A HREF=thn_issue.h14.html#POEM3>14 #3</A><DD>Hangzhou, China</DT>
<DT><B>paul m.:</B>&nbsp;&nbsp;<A HREF=thn_issue.h11.html#POEM10>11 #10</A>
&nbsp;<A HREF=thn_issue.h1.html#POEM10>1 #10</A><DD>Bristol, Rhode Island</DT>
<DT><B>Tomislav Maretic:</B>&nbsp;&nbsp;<A HREF=thn_issue.h1.html#POEM8>1 #8</A><DD>Vrapche, Croatia</DT>
<DT><B>John Martone:</B>&nbsp;&nbsp;<A HREF=thn_issue.h3.html#POEM9>3 #9</A><DD>Charleston, Illinois</DT>
<DT><B>Scott Mason:</B>&nbsp;&nbsp;<A HREF=thn_issue.h2.html#POEM10>2 #10</A>
;&nbsp;<A HREF=thn_issue.h8.html#POEM6>8 #6</A><DD>Chappaqua, New York</DT>
<DT><B>Michael McClintock:</B>&nbsp;&nbsp;<A HREF=thn_issue.h9.html#POEM9>9 #9</A><DD>Clovis, California</DT>
<DT><B>Tyrone McDonald:</B>&nbsp;&nbsp;<A HREF=thn_issue.h12.html#POEM4>12 #4</A><DD>Brooklyn, NY</DT>
<DT><B>Margaret D. McGee:</B>&nbsp;&nbsp;<A HREF=thn_issue.h2.html#POEM8>2 #8</A>
;&nbsp;<A HREF=thn_issue.h8.html#POEM4>8 #4</A><DD>Port Townsend, Washington </DT>
<DT><B>Jo McInerney :</B>&nbsp;&nbsp;<A HREF=thn_issue.h2.html#POEM7>2 #7</A>
;&nbsp;<A HREF=thn_issue.h4.html#POEM5>4 #5</A><DD>Boolarra, Australia</DT>
<DT><B>John McManus:</B>&nbsp;&nbsp;<A HREF=thn_issue.h3.html#POEM7>3 #7</A><DD>Cumbria, England</DT>
<DT><B>Don Miller:</B>&nbsp;&nbsp;<A HREF=thn_issue.h8.html#POEM10>8 #10</A><DD>Las Cruces, New Mexico</DT>
<DT><B>Ben Moeller-Gaa:</B>&nbsp;&nbsp;<A HREF=thn_issue.h1.html#POEM6>1 #6</A>
;&nbsp;<A HREF=thn_issue.h7.html#POEM4>7 #4</A><DD>St. Louis, Missouri</DT>
<DT><B>Lenard D. Moore:</B>&nbsp;&nbsp;<A HREF=thn_issue.h3.html#POEM8>3 #8</A>
;&nbsp;<A HREF=thn_issue.h5.html#POEM1>5 #1</A><DD>Raleigh, North Carolina</DT>
<DT><B>Berenice Mortimer:</B>&nbsp;&nbsp;<A HREF=thn_issue.h13.html#POEM1>13 #1</A>
;&nbsp;<A HREF=thn_issue.h2.html#POEM3>2 #3</A><DD>Westlock, Alberta, Canada</DT>
<DT><B>Ron Moss:</B>&nbsp;&nbsp;<A HREF=thn_issue.h14.html#POEM7>14 #7</A>
;&nbsp;<A HREF=thn_issue.h7.html#POEM8>7 #8</A><DD>Leslie Vale, Tasmania, Australia</DT>
<DT><B>John S. O&#8217;Connor:</B>&nbsp;&nbsp;<A HREF=thn_issue.h8.html#POEM9>8 #9</A><DD>Chicago, Illinois</DT>
<DT><B>Roland Packer:</B>&nbsp;&nbsp;<A HREF=thn_issue.h9.html#POEM7>9 #7</A><DD>Hamilton, Ontario, Canada</DT>
<DT><B>Pravat Kumar Padhy:</B>&nbsp;&nbsp;<A HREF=thn_issue.h3.html#POEM3>3 #3</A><DD>Rajahmundry, Andhra Pradesh, India</DT>
<DT><B>Christopher Patchel:</B>&nbsp;&nbsp;<A HREF=thn_issue.h6.html#POEM8>6 #8</A><DD>Chicago, Illinois </DT>
<DT><B>Stephen A. Peters:</B>&nbsp;&nbsp;<A HREF=thn_issue.h1.html#POEM9>1 #9</A>
;&nbsp;<A HREF=thn_issue.h3.html#POEM6>3 #6</A><DD>Bellingham, Washington</DT>
<DT><B>Dru Philippou:</B>&nbsp;&nbsp;<A HREF=thn_issue.h4.html#POEM10>4 #10</A><DD>El Prado, New Mexico</DT>
<DT><B>Greg Piko:</B>&nbsp;&nbsp;<A HREF=thn_issue.h4.html#POEM2>4 #2</A><DD>Canberra, Australia</DT>
<DT><B>Patrick M. Pilarski:</B>&nbsp;&nbsp;<A HREF=thn_issue.h3.html#POEM4>3 #4</A><DD>Edmonton, Alberta, Canada</DT>
<DT><B>Jennifer Gomoll Popolis:</B>&nbsp;&nbsp;<A HREF=thn_issue.h6.html#POEM5>6 #5</A>
;&nbsp;<A HREF=thn_issue.h7.html#POEM9>7 #9</A><DD>Springfield, Illinois</DT>
<DT><B>Patricia Prime:</B>&nbsp;&nbsp;<A HREF=thn_issue.h4.html#POEM4>4 #4</A><DD>Auckland, New Zealand</DT>
<DT><B>K. Ramesh:</B>&nbsp;&nbsp;<A HREF=thn_issue.h3.html#POEM2>3 #2</A><DD>Adyar, Chennai, India</DT>
<DT><B>Irene Reed:</B>&nbsp;&nbsp;<A HREF=thn_issue.h1.html#POEM5>1 #5</A><DD>Shoreham By Sea, West Sussex, United Kingdom</DT>
<DT><B>Chad Lee Robinson:</B>&nbsp;&nbsp;<A HREF=thn_issue.e1.html#POEM1>EC #1</A>
;&nbsp;<A HREF=thn_issue.h13.html#POEM5>13 #5</A>
;&nbsp;<A HREF=thn_issue.h13.html#POEM6>13 #6</A><DD>Pierre, South Dakota</DT>
<DT><B>Michele Root-Bernstein:</B>&nbsp;&nbsp;<A HREF=thn_issue.h3.html#POEM1>3 #1</A>
;&nbsp;<A HREF=thn_issue.h6.html#POEM4>6 #4</A><DD>East Lansing, Michigan</DT>
<DT><B>Grant Savage:</B>&nbsp;&nbsp;<A HREF=thn_issue.h3.html#POEM5>3 #5</A>
;&nbsp;<A HREF=thn_issue.h8.html#POEM1>8 #1</A><DD>Ottawa, Ontario, Canada</DT>
<DT><B>Ann K. Schwader:</B>&nbsp;&nbsp;<A HREF=thn_issue.h12.html#POEM5>12 #5</A>
;&nbsp;<A HREF=thn_issue.h12.html#POEM6>12 #6</A><DD>Westminster, Colorado</DT>
<DT><B>Michelle Schaefer:</B>&nbsp;&nbsp;<A HREF=thn_issue.h2.html#POEM1>2 #1</A><DD>Bothell, Washington</DT>
<DT><B>Katrina Shepherd:</B>&nbsp;&nbsp;<A HREF=thn_issue.h13.html#POEM3>13 #3</A>
;&nbsp;<A HREF=thn_issue.h7.html#POEM6>7 #6</A><DD>Perthshire, Scotland</DT>
<DT><B>Sandra Simpson:</B>&nbsp;&nbsp;<A HREF=thn_issue.e1.html#POEM3>EC #3</A><DD>Tauranga, New Zealand</DT>
<DT><B>Wende Skidmore DuFlon:</B>&nbsp;&nbsp;<A HREF=thn_issue.h2.html#POEM2>2 #2</A><DD>Antigua, Guatemala </DT>
<DT><B>Brendan Slater:</B>&nbsp;&nbsp;<A HREF=thn_issue.h6.html#POEM7>6 #7</A><DD>Overijssel, The Netherlands</DT>
<DT><B>Carmi Soifer:</B>&nbsp;&nbsp;<A HREF=thn_issue.h13.html#POEM7>13 #7</A>
;&nbsp;<A HREF=thn_issue.h8.html#POEM8>8 #8</A><DD>Suquamish, Washington</DT>
<DT><B>John Soules:</B>&nbsp;&nbsp;<A HREF=thn_issue.h9.html#POEM10>9 #10</A><DD>Wingham, Ontario, Canada</DT>
<DT><B>Melissa Spurr:</B>&nbsp;&nbsp;<A HREF=thn_issue.h11.html#POEM2>11 #2</A>
;&nbsp;<A HREF=thn_issue.h5.html#POEM6>5 #6</A><DD>Joshua Tree, California</DT>
<DT><B>Laurence Stacey:</B>&nbsp;&nbsp;<A HREF=thn_issue.h7.html#POEM3>7 #3</A><DD>Powder Springs, Georgia</DT>
<DT><B>Lynne Steel:</B>&nbsp;&nbsp;<A HREF=thn_issue.h13.html#POEM4>13 #4</A><DD>Hillsboro Beach, Florida</DT>
<DT><B>Carmen Sterba:</B>&nbsp;&nbsp;<A HREF=thn_issue.h7.html#POEM1>7 #1</A><DD>University Place, Washington</DT>
<DT><B>Andr&eacute; Surridge:</B>&nbsp;&nbsp;<A HREF=thn_issue.h3.html#POEM10>3 #10</A><DD>Hamilton, New Zealand</DT>
<DT><B>George Swede:</B>&nbsp;&nbsp;<A HREF=thn_issue.h13.html#POEM8>13 #8</A><DD>Toronto, Ontario, Canada</DT>
<DT><B>Hilary Tann :</B>&nbsp;&nbsp;<A HREF=thn_issue.h12.html#POEM9>12 #9</A><DD>Schuylerville, New York</DT>
<DT><B>Dietmar Tauchner:</B>&nbsp;&nbsp;<A HREF=thn_issue.h2.html#POEM9>2 #9</A><DD>Puchberg, Austria</DT>
<DT><B>Marilyn Appl Walker:</B>&nbsp;&nbsp;<A HREF=thn_issue.h14.html#POEM2>14 #2</A>
;&nbsp;<A HREF=thn_issue.h14.html#POEM4>14 #4</A><DD>Madison, Georgia</DT>
<DT><B>Carmel Lively Westerman:</B>&nbsp;&nbsp;<A HREF=thn_issue.h9.html#POEM3>9 #3</A><DD>Yuma, Arizona</DT>
<DT><B>Neal Whitman:</B>&nbsp;&nbsp;<A HREF=thn_issue.h9.html#POEM4>9 #4</A><DD>Pacific Grove, California</DT>
<DT><B>Cindy Zackowitz:</B>&nbsp;&nbsp;<A HREF=thn_issue.h5.html#POEM10>5 #10</A><DD>Anchorage, Alaska</DT>
