<DT><B>Gwenn Gurnack:</B>&nbsp;&nbsp;<A HREF=thn_issue.h1.html#POEM1>1 #1</A><DD>Boston, Massachusetts</DT>
<DT><B>Michele L. Harvey:</B>&nbsp;&nbsp;<A HREF=thn_issue.h1.html#POEM2>1 #2</A><DD>Hamilton, New York</DT>
<DT><B>John Hawk:</B>&nbsp;&nbsp;<A HREF=thn_issue.h1.html#POEM3>1 #3</A><DD>Columbus, Ohio</DT>
<DT><B>LeRoy Gorman:</B>&nbsp;&nbsp;<A HREF=thn_issue.h1.html#POEM4>1 #4</A><DD>Napanee, Ontario, Canada</DT>
<DT><B>Francine Banwarth:</B>&nbsp;&nbsp;<A HREF=thn_issue.h1.html#POEM5>1 #5</A><DD>Dubuque, Iowa</DT>
<DT><B>Tomislav Mareti&#269;:</B>&nbsp;&nbsp;<A HREF=thn_issue.h1.html#POEM6>1 #6</A><DD>Vrapche, Croatia</DT>
<DT><B>Lynne Steel:</B>&nbsp;&nbsp;<A HREF=thn_issue.h1.html#POEM7>1 #7</A><DD>Hillsboro Beach, Florida</DT>
<DT><B>Stephen Toft:</B>&nbsp;&nbsp;<A HREF=thn_issue.h1.html#POEM8>1 #8</A><DD>Lancaster, United Kingdom</DT>
<DT><B>John Soules:</B>&nbsp;&nbsp;<A HREF=thn_issue.h1.html#POEM9>1 #9</A><DD>Wingham, Ontario, Canada </DT>
<DT><B>Michele L. Harvey:</B>&nbsp;&nbsp;<A HREF=thn_issue.h1.html#POEM10>1 #10</A><DD>Hamilton, New York</DT>
<DT><B>Quendryth Young:</B>&nbsp;&nbsp;<A HREF=thn_issue.h2.html#POEM1>2 #1</A><DD>Alstonville, New South Wales, Australia</DT>
<DT><B>Eve Luckring:</B>&nbsp;&nbsp;<A HREF=thn_issue.h2.html#POEM2>2 #2</A><DD>Los Angeles, California</DT>
<DT><B>Victor Ortiz:</B>&nbsp;&nbsp;<A HREF=thn_issue.h2.html#POEM3>2 #3</A><DD>San Pedro, California</DT>
<DT><B>Deborah P Kolodji:</B>&nbsp;&nbsp;<A HREF=thn_issue.h2.html#POEM4>2 #4</A><DD>Temple City, California</DT>
<DT><B>Cara Holman:</B>&nbsp;&nbsp;<A HREF=thn_issue.h2.html#POEM5>2 #5</A><DD>Portland, Oregon</DT>
<DT><B>Cora Whitmore:</B>&nbsp;&nbsp;<A HREF=thn_issue.h2.html#POEM6>2 #6</A><DD>Bangor, Maine</DT>
<DT><B>Elizabeth Howard:</B>&nbsp;&nbsp;<A HREF=thn_issue.h2.html#POEM7>2 #7</A><DD>Crossville, Tennessee</DT>
<DT><B>Sandra Simpson:</B>&nbsp;&nbsp;<A HREF=thn_issue.h2.html#POEM8>2 #8</A><DD>Tauranga, New Zealand</DT>
<DT><B>Susan Constable:</B>&nbsp;&nbsp;<A HREF=thn_issue.h2.html#POEM9>2 #9</A><DD>Nanoose Bay, British Columbia, Canada  </DT>
<DT><B>Greg Piko:</B>&nbsp;&nbsp;<A HREF=thn_issue.h2.html#POEM10>2 #10</A><DD>Canberra, Australia</DT>
<DT><B>Deborah P Kolodji:</B>&nbsp;&nbsp;<A HREF=thn_issue.h3.html#POEM1>3 #1</A><DD>Temple City, California</DT>
<DT><B>Michele Root-Bernstein:</B>&nbsp;&nbsp;<A HREF=thn_issue.h3.html#POEM2>3 #2</A><DD>East Lansing, Michigan</DT>
<DT><B>Marcus Larsson:</B>&nbsp;&nbsp;<A HREF=thn_issue.h3.html#POEM3>3 #3</A><DD>V&auml;xj&ouml;, Sweden</DT>
<DT><B>Carolyn Hall:</B>&nbsp;&nbsp;<A HREF=thn_issue.h3.html#POEM4>3 #4</A><DD>San Francisco, California</DT>
<DT><B>Polona Oblak:</B>&nbsp;&nbsp;<A HREF=thn_issue.h3.html#POEM5>3 #5</A><DD>Ljubljana, Slovenia</DT>
<DT><B>Bill Pauly:</B>&nbsp;&nbsp;<A HREF=thn_issue.h3.html#POEM6>3 #6</A><DD>Dubuque, Iowa</DT>
<DT><B>Thomas W. Schurin:</B>&nbsp;&nbsp;<A HREF=thn_issue.h3.html#POEM7>3 #7</A><DD>Cary, Illinois</DT>
<DT><B>Duro Jaiye:</B>&nbsp;&nbsp;<A HREF=thn_issue.h3.html#POEM8>3 #8</A><DD>Hirakata, Japan</DT>
<DT><B>Alan Summers:</B>&nbsp;&nbsp;<A HREF=thn_issue.h3.html#POEM9>3 #9</A><DD>Bradford on Avon, England </DT>
<DT><B>Tom Rault:</B>&nbsp;&nbsp;<A HREF=thn_issue.h3.html#POEM10>3 #10</A><DD>Oss, The Netherlands</DT>
<DT><B>Roberta Beary:</B>&nbsp;&nbsp;<A HREF=thn_issue.h4.html#POEM1>4 #1</A><DD>Washington, District of Columbia</DT>
<DT><B>Gregory Hopkins:</B>&nbsp;&nbsp;<A HREF=thn_issue.h4.html#POEM2>4 #2</A><DD>Weaver, Alabama</DT>
<DT><B>Lorin Ford:</B>&nbsp;&nbsp;<A HREF=thn_issue.h4.html#POEM3>4 #3</A><DD>Melbourne, Victoria, Australia</DT>
<DT><B>Adelaide Shaw:</B>&nbsp;&nbsp;<A HREF=thn_issue.h4.html#POEM4>4 #4</A><DD>Millbrook, New York</DT>
<DT><B>Alan S. Bridges:</B>&nbsp;&nbsp;<A HREF=thn_issue.h4.html#POEM5>4 #5</A><DD>Littleton, Massachusetts</DT>
<DT><B>Naia:</B>&nbsp;&nbsp;<A HREF=thn_issue.h4.html#POEM6>4 #6</A><DD>Temecula, California</DT>
<DT><B>John Soules:</B>&nbsp;&nbsp;<A HREF=thn_issue.h4.html#POEM7>4 #7</A><DD>Wingham, Ontario, Canada </DT>
<DT><B>Berenice Mortimer:</B>&nbsp;&nbsp;<A HREF=thn_issue.h4.html#POEM8>4 #8</A><DD>Westlock, Alberta, Canada</DT>
<DT><B>Se&aacute;nan Forbes:</B>&nbsp;&nbsp;<A HREF=thn_issue.h4.html#POEM9>4 #9</A><DD>London, England</DT>
<DT><B>Margaret Dornaus:</B>&nbsp;&nbsp;<A HREF=thn_issue.h4.html#POEM10>4 #10</A><DD>Ozark, Arkansas</DT>
<DT><B>Ann K. Schwader:</B>&nbsp;&nbsp;<A HREF=thn_issue.h5.html#POEM1>5 #1</A><DD>Westminster, Colorado</DT>
<DT><B>Matthew Paul:</B>&nbsp;&nbsp;<A HREF=thn_issue.h5.html#POEM2>5 #2</A><DD>London, England</DT>
<DT><B>Roland Packer:</B>&nbsp;&nbsp;<A HREF=thn_issue.h5.html#POEM3>5 #3</A><DD>Hamilton, Ontario, Canada</DT>
<DT><B>Gary Hotham:</B>&nbsp;&nbsp;<A HREF=thn_issue.h5.html#POEM4>5 #4</A><DD>Scaggsville, Maryland</DT>
<DT><B>Stephen Amor:</B>&nbsp;&nbsp;<A HREF=thn_issue.h5.html#POEM5>5 #5</A><DD>Fremont, Ohio</DT>
<DT><B>Christopher Herold:</B>&nbsp;&nbsp;<A HREF=thn_issue.h5.html#POEM6>5 #6</A><DD>Port Townsend, Washington</DT>
<DT><B>Jianqing Zheng:</B>&nbsp;&nbsp;<A HREF=thn_issue.h5.html#POEM7>5 #7</A><DD>Itta Bena, Mississippi</DT>
<DT><B>Alicia Hilton  :</B>&nbsp;&nbsp;<A HREF=thn_issue.h5.html#POEM8>5 #8</A><DD>Wilmette, Illinois</DT>
<DT><B>Claire Everett:</B>&nbsp;&nbsp;<A HREF=thn_issue.h5.html#POEM9>5 #9</A><DD>North Yorkshire, England</DT>
<DT><B>George Swede:</B>&nbsp;&nbsp;<A HREF=thn_issue.h5.html#POEM10>5 #10</A><DD>Toronto, Ontario, Canada</DT>
<DT><B>Grant D. Savage:</B>&nbsp;&nbsp;<A HREF=thn_issue.h6.html#POEM1>6 #1</A><DD>Ottawa, Ontario, Canada</DT>
<DT><B>Angela Terry:</B>&nbsp;&nbsp;<A HREF=thn_issue.h6.html#POEM2>6 #2</A><DD>Lake Forest Park, Washington</DT>
<DT><B>Christopher Herold:</B>&nbsp;&nbsp;<A HREF=thn_issue.h6.html#POEM3>6 #3</A><DD>Port Townsend, Washington</DT>
<DT><B>Hilary Tann :</B>&nbsp;&nbsp;<A HREF=thn_issue.h6.html#POEM4>6 #4</A><DD>Schuylerville, New York </DT>
<DT><B>Sanjukta Asopa:</B>&nbsp;&nbsp;<A HREF=thn_issue.h6.html#POEM5>6 #5</A><DD>Karnataka, India</DT>
<DT><B>Beth McFarland:</B>&nbsp;&nbsp;<A HREF=thn_issue.h6.html#POEM6>6 #6</A><DD>Karlsruhe, Germany</DT>
<DT><B>Kirsty Karkow:</B>&nbsp;&nbsp;<A HREF=thn_issue.h6.html#POEM7>6 #7</A><DD>Waldoboro, Maine</DT>
<DT><B>Francine Banwarth:</B>&nbsp;&nbsp;<A HREF=thn_issue.h6.html#POEM8>6 #8</A><DD>Dubuque, Iowa</DT>
<DT><B>Ola Lindberg:</B>&nbsp;&nbsp;<A HREF=thn_issue.h6.html#POEM9>6 #9</A><DD>Ystad, Sweden</DT>
<DT><B>John Hawk:</B>&nbsp;&nbsp;<A HREF=thn_issue.h6.html#POEM10>6 #10</A><DD>Columbus Ohio</DT>
<DT><B>Carol Raisfeld:</B>&nbsp;&nbsp;<A HREF=thn_issue.h7.html#POEM1>7 #1</A><DD>Atlantic Beach, New York</DT>
<DT><B>Claudette Russell:</B>&nbsp;&nbsp;<A HREF=thn_issue.h7.html#POEM2>7 #2</A><DD>Hampton, Connecticut</DT>
<DT><B>Dan Grace:</B>&nbsp;&nbsp;<A HREF=thn_issue.h7.html#POEM3>7 #3</A><DD>Sheffield, South Yorkshire, United Kingdom</DT>
<DT><B>Jon Baldwin:</B>&nbsp;&nbsp;<A HREF=thn_issue.h7.html#POEM4>7 #4</A><DD>Ramsgate, England</DT>
<DT><B>Cherie Hunter Day:</B>&nbsp;&nbsp;<A HREF=thn_issue.h7.html#POEM5>7 #5</A><DD>Cupertino, California</DT>
<DT><B>Matthew Paul:</B>&nbsp;&nbsp;<A HREF=thn_issue.h7.html#POEM6>7 #6</A><DD>London, England</DT>
<DT><B>John Barlow:</B>&nbsp;&nbsp;<A HREF=thn_issue.h7.html#POEM7>7 #7</A><DD>Ormskirk, England </DT>
<DT><B>Suhit Kelkar:</B>&nbsp;&nbsp;<A HREF=thn_issue.h7.html#POEM8>7 #8</A><DD>Maharashtra, India</DT>
<DT><B>Jack Galmitz:</B>&nbsp;&nbsp;<A HREF=thn_issue.h7.html#POEM9>7 #9</A><DD>Elmhurst, New York</DT>
<DT><B>Joseph M. Kusmiss:</B>&nbsp;&nbsp;<A HREF=thn_issue.h7.html#POEM10>7 #10</A><DD>Sanbornton, New Hampshire</DT>
<DT><B>Naia:</B>&nbsp;&nbsp;<A HREF=thn_issue.h8.html#POEM1>8 #1</A><DD>Temecula, California</DT>
<DT><B>Bill Kenney :</B>&nbsp;&nbsp;<A HREF=thn_issue.h8.html#POEM2>8 #2</A><DD>New York, New York</DT>
<DT><B>Motoko Amatsuji:</B>&nbsp;&nbsp;<A HREF=thn_issue.h8.html#POEM3>8 #3</A><DD>Hyogo, Japan</DT>
<DT><B>Adelaide Shaw:</B>&nbsp;&nbsp;<A HREF=thn_issue.h8.html#POEM4>8 #4</A><DD>Millbrook, New York</DT>
<DT><B>Kala Ramesh:</B>&nbsp;&nbsp;<A HREF=thn_issue.h8.html#POEM5>8 #5</A><DD>Pune, India</DT>
<DT><B>Mark E. Brager:</B>&nbsp;&nbsp;<A HREF=thn_issue.h8.html#POEM6>8 #6</A><DD>Columbia, Maryland</DT>
<DT><B>Alice Frampton:</B>&nbsp;&nbsp;<A HREF=thn_issue.h8.html#POEM7>8 #7</A><DD>Seabeck, Washington</DT>
<DT><B>Jeff Stillman:</B>&nbsp;&nbsp;<A HREF=thn_issue.h8.html#POEM8>8 #8</A><DD>Norwich, New York</DT>
<DT><B>K. Ramesh:</B>&nbsp;&nbsp;<A HREF=thn_issue.h8.html#POEM9>8 #9</A><DD>Chennai, India</DT>
<DT><B>Christopher Patchel:</B>&nbsp;&nbsp;<A HREF=thn_issue.h8.html#POEM10>8 #10</A><DD>Chicago, Illinois</DT>
<DT><B>K. Ramesh:</B>&nbsp;&nbsp;<A HREF=thn_issue.h9.html#POEM1>9 #1</A><DD>Chennai, India</DT>
<DT><B>Marshall Bood:</B>&nbsp;&nbsp;<A HREF=thn_issue.h9.html#POEM2>9 #2</A><DD>Regina, Saskatchewan, Canada</DT>
<DT><B>Adjei Agyei-Baah:</B>&nbsp;&nbsp;<A HREF=thn_issue.h9.html#POEM3>9 #3</A><DD>Kumasi, Ghana</DT>
<DT><B>Johnnie Johnson Hafernik:</B>&nbsp;&nbsp;<A HREF=thn_issue.h9.html#POEM4>9 #4</A><DD>San Francisco, California</DT>
<DT><B>Peg McAulay Byrd:</B>&nbsp;&nbsp;<A HREF=thn_issue.h9.html#POEM5>9 #5</A><DD>Madison, New Jersey</DT>
<DT><B>Tatjana Debeljački:</B>&nbsp;&nbsp;<A HREF=thn_issue.h9.html#POEM6>9 #6</A><DD>Uzice, Serbia </DT>
<DT><B>Joyce Clement:</B>&nbsp;&nbsp;<A HREF=thn_issue.h9.html#POEM7>9 #7</A><DD>Bristol, Conneticut</DT>
<DT><B>Ruth Yarrow:</B>&nbsp;&nbsp;<A HREF=thn_issue.h9.html#POEM8>9 #8</A><DD>Seattle, Washington</DT>
<DT><B>Helen Buckingham:</B>&nbsp;&nbsp;<A HREF=thn_issue.h9.html#POEM9>9 #9</A><DD>Bristol, Avon, England</DT>
<DT><B>Urszula Wielanowska:</B>&nbsp;&nbsp;<A HREF=thn_issue.h9.html#POEM10>9 #10</A><DD>Kielce, Poland</DT>
<DT><B>Michael McClintock:</B>&nbsp;&nbsp;<A HREF=thn_issue.h10.html#POEM1>10 #1</A><DD>Clovis, California</DT>
<DT><B>Merrill Ann Gonzales :</B>&nbsp;&nbsp;<A HREF=thn_issue.h10.html#POEM2>10 #2</A><DD>Dayville, Connecticut</DT>
<DT><B>Garry Eaton:</B>&nbsp;&nbsp;<A HREF=thn_issue.h10.html#POEM3>10 #3</A><DD>Port Moody, British Columbia, Canada</DT>
<DT><B>Lauren Mayhew:</B>&nbsp;&nbsp;<A HREF=thn_issue.h10.html#POEM4>10 #4</A><DD>Somerville, Massachusetts</DT>
<DT><B>Paul David Mena:</B>&nbsp;&nbsp;<A HREF=thn_issue.h10.html#POEM5>10 #5</A><DD>Cochituate, Massachusetts</DT>
<DT><B>Dietmar Tauchner:</B>&nbsp;&nbsp;<A HREF=thn_issue.h10.html#POEM6>10 #6</A><DD>Puchberg, Austria</DT>
<DT><B>Violette Rose-Jones:</B>&nbsp;&nbsp;<A HREF=thn_issue.h10.html#POEM7>10 #7</A><DD>Coffs Harbour, New South Wales, Australia </DT>
<DT><B>Deb Baker:</B>&nbsp;&nbsp;<A HREF=thn_issue.h10.html#POEM8>10 #8</A><DD>Concord, New Hampshire</DT>
<DT><B>Mathew Spano:</B>&nbsp;&nbsp;<A HREF=thn_issue.h10.html#POEM9>10 #9</A><DD>Hillsborough, New Jersey</DT>
<DT><B>Jerry Dreesen:</B>&nbsp;&nbsp;<A HREF=thn_issue.h10.html#POEM10>10 #10</A><DD>Arcadia, Indiana</DT>
<DT><B>Chen-ou Liu:</B>&nbsp;&nbsp;<A HREF=thn_issue.h11.html#POEM1>11 #1</A><DD>Ajax, Ontario, Canada</DT>
<DT><B>Paul David Mena:</B>&nbsp;&nbsp;<A HREF=thn_issue.h11.html#POEM2>11 #2</A><DD>Cochituate, Massachusetts</DT>
<DT><B>Robyn Hood Black:</B>&nbsp;&nbsp;<A HREF=thn_issue.h11.html#POEM3>11 #3</A><DD>Gainesville, Georgia </DT>
<DT><B>Connie Donleycott:</B>&nbsp;&nbsp;<A HREF=thn_issue.h11.html#POEM4>11 #4</A><DD>Bremerton, Washington</DT>
<DT><B>an&#8217;ya:</B>&nbsp;&nbsp;<A HREF=thn_issue.h11.html#POEM5>11 #5</A><DD>Westfir, Oregon </DT>
<DT><B>Polona Oblak:</B>&nbsp;&nbsp;<A HREF=thn_issue.h11.html#POEM6>11 #6</A><DD>Ljubljana, Slovenia</DT>
<DT><B>Hilary Tann :</B>&nbsp;&nbsp;<A HREF=thn_issue.h11.html#POEM7>11 #7</A><DD>Schuylerville, New York </DT>
<DT><B>Stephen Kusch:</B>&nbsp;&nbsp;<A HREF=thn_issue.h11.html#POEM8>11 #8</A><DD>Oakland, California</DT>
<DT><B>J. Zimmerman:</B>&nbsp;&nbsp;<A HREF=thn_issue.h11.html#POEM9>11 #9</A><DD>Santa Cruz, California</DT>
<DT><B>Dan Schwerin:</B>&nbsp;&nbsp;<A HREF=thn_issue.h11.html#POEM10>11 #10</A><DD>Greendale, Wisconsin</DT>
<DT><B>Gene Murtha:</B>&nbsp;&nbsp;<A HREF=thn_issue.h12.html#POEM1>12 #1</A><DD>Buena, New Jersey</DT>
<DT><B>Andy Burkhart:</B>&nbsp;&nbsp;<A HREF=thn_issue.h12.html#POEM2>12 #2</A><DD>Cincinnati, Ohio</DT>
<DT><B>Giselle Maya:</B>&nbsp;&nbsp;<A HREF=thn_issue.h12.html#POEM3>12 #3</A><DD>St. Martin de Castillon, France</DT>
<DT><B>Carolyn Hall:</B>&nbsp;&nbsp;<A HREF=thn_issue.h12.html#POEM4>12 #4</A><DD>San Francisco, California</DT>
<DT><B>Terri L. French:</B>&nbsp;&nbsp;<A HREF=thn_issue.h12.html#POEM5>12 #5</A><DD>Huntsville, Alabama</DT>
<DT><B>Alan S. Bridges:</B>&nbsp;&nbsp;<A HREF=thn_issue.h12.html#POEM6>12 #6</A><DD>Littleton, Massachusetts</DT>
<DT><B>Rita Odeh:</B>&nbsp;&nbsp;<A HREF=thn_issue.h12.html#POEM7>12 #7</A><DD>Nazareth, Israel</DT>
<DT><B>Bob Lucky:</B>&nbsp;&nbsp;<A HREF=thn_issue.h12.html#POEM8>12 #8</A><DD>Addis Ababa, Ethiopia</DT>
<DT><B>Alan Summers:</B>&nbsp;&nbsp;<A HREF=thn_issue.h12.html#POEM9>12 #9</A><DD>Bradford on Avon, England</DT>
<DT><B>Ignatius Fay:</B>&nbsp;&nbsp;<A HREF=thn_issue.h12.html#POEM10>12 #10</A><DD>Sudbury, Ontario, Canada</DT>
<DT><B>Jon Baldwin:</B>&nbsp;&nbsp;<A HREF=thn_issue.h13.html#POEM1>13 #1</A><DD>Ramsgate, England</DT>
<DT><B>Yu Chang:</B>&nbsp;&nbsp;<A HREF=thn_issue.h13.html#POEM2>13 #2</A><DD>Schenectady, New York</DT>
<DT><B>John McManus:</B>&nbsp;&nbsp;<A HREF=thn_issue.h13.html#POEM3>13 #3</A><DD>Carlisle, Cumbria, England</DT>
