<DT>Stephen Amor:&nbsp;&nbsp;<A HREF=thn_issue.h2.html#POEM10>2 #10</A><DD>Fremont, Ohio</DT>
<DT>Kay F. Anderson:&nbsp;&nbsp;<A HREF=thn_issue.h5.html#POEM4>5 #4</A><DD>Redwood Shores, California</DT>
<DT>Fay Aoyagi:&nbsp;&nbsp;<A HREF=thn_issue.h2.html#POEM8>2 #8</A><DD>San Francisco, California</DT>
<DT>Glenn G. Coats:&nbsp;&nbsp;<A HREF=thn_issue.h1.html#POEM2>1 #2</A><DD>Hellertown, Pennsylvania</DT>
<DT>Katherine Cudney:&nbsp;&nbsp;<A HREF=thn_issue.h5.html#POEM5>5 #5</A><DD>Liberty, Tennessee</DT>
<DT>Connie Donleycott:&nbsp;&nbsp;<A HREF=thn_issue.h1.html#POEM5>1 #5</A><DD>Bremerton, Washington</DT>
<DT>George Dorsty:&nbsp;&nbsp;<A HREF=thn_issue.h2.html#POEM5>2 #5</A><DD>Jamesport, New York</DT>
<DT>Curtis Dunlap:&nbsp;&nbsp;<A HREF=thn_issue.h1.html#POEM4>1 #4</A><DD>Mayodan, North Carolina</DT>
<DT>Stephen Engleman:&nbsp;&nbsp;<A HREF=thn_issue.h1.html#POEM3>1 #3</A><DD>Ithaca, New York</DT>
<DT>Alice Frampton:&nbsp;&nbsp;<A HREF=thn_issue.h2.html#POEM1>2 #1</A><DD>Delta, British Columbia, Canada</DT>
<DT>D. Claire Gallagher:&nbsp;&nbsp;<A HREF=thn_issue.h3.html#POEM5>3 #5</A><DD>Sunnyvale, California</DT>
<DT>Barry George:&nbsp;&nbsp;<A HREF=thn_issue.h1.html#POEM8>1 #8</A><DD>Philadelphia, Pennsylvania</DT>
<DT>Robert Gilliland:&nbsp;&nbsp;<A HREF=thn_issue.h3.html#POEM9>3 #9</A><DD>Austin, Texas</DT>
<DT>Carolyn Hall:&nbsp;&nbsp;<A HREF=thn_issue.h1.html#POEM10>1 #10</A><DD>San Francisco, California</DT>
<DT>Timothy Hawkes:&nbsp;&nbsp;<A HREF=thn_issue.h5.html#POEM3>5 #3</A><DD>Silver Spring, Maryland</DT>
<DT>Gary Hotham:&nbsp;&nbsp;<A HREF=thn_issue.h1.html#POEM9>1 #9</A><DD>Laurel, Maryland</DT>
<DT>Elizabeth Howard:&nbsp;&nbsp;<A HREF=thn_issue.h2.html#POEM6>2 #6</A><DD>Crossville, Tennessee</DT>
<DT>jörgen johansson:&nbsp;&nbsp;<A HREF=thn_issue.h4.html#POEM8>4 #8</A><DD>Lidköping, Sweden</DT>
<DT>Ryan Michael Jones:&nbsp;&nbsp;<A HREF=thn_issue.h3.html#POEM1>3 #1</A><DD>Ramsey, Illinois</DT>
<DT>Kirsty Karkow:&nbsp;&nbsp;<A HREF=thn_issue.h3.html#POEM2>3 #2</A><DD>Waldoboro, Maine</DT>
<DT>Mary King:&nbsp;&nbsp;<A HREF=thn_issue.h4.html#POEM3>4 #3</A><DD>Marblehead, Massachusetts</DT>
<DT>Elizabeth Searle Lamb:&nbsp;&nbsp;<A HREF=thn_issue.h3.html#POEM8>3 #8</A><DD>Santa Fe, New Mexico</DT>
<DT>Burnell Lippy:&nbsp;&nbsp;<A HREF=thn_issue.e1.html#POEM3>EC #3</A><DD>Mt. Tremper, New York</DT>
<DT>Tomislav Maretic:&nbsp;&nbsp;<A HREF=thn_issue.h2.html#POEM2>2 #2</A><DD>Vrapce, Croatia</DT>
<DT>Allen McGill:&nbsp;&nbsp;<A HREF=thn_issue.h2.html#POEM9>2 #9</A><DD>San Miguel de Allende, Mexico</DT>
<DT>Lenard D. Moore:&nbsp;&nbsp;<A HREF=thn_issue.h4.html#POEM5>4 #5</A><DD>Raleigh, North Carolina</DT>
<DT>H. Gene Murtha:&nbsp;&nbsp;<A HREF=thn_issue.h5.html#POEM8>5 #8</A><DD>Buena, New Jersey</DT>
<DT>H. F. Noyes:&nbsp;&nbsp;<A HREF=thn_issue.h1.html#POEM7>1 #7</A><DD>Politia, Attikis, Greece</DT>
<DT>Victor Ortiz:&nbsp;&nbsp;<A HREF=thn_issue.h5.html#POEM7>5 #7</A><DD>San Pedro, California</DT>
<DT>Tom Painting:&nbsp;&nbsp;<A HREF=thn_issue.h1.html#POEM1>1 #1</A><DD>Rochester, New York</DT>
<DT>Paul Pfleuger, Jr.:&nbsp;&nbsp;<A HREF=thn_issue.h4.html#POEM6>4 #6</A><DD>Taiwan</DT>
<DT>K. Ramesh:&nbsp;&nbsp;<A HREF=thn_issue.h3.html#POEM10>3 #10</A><DD>Adyar, Chennai, India</DT>
<DT>Carolyn Rohrig:&nbsp;&nbsp;<A HREF=thn_issue.h3.html#POEM4>3 #4</A><DD>Fremont, California</DT>
<DT>Emily Romano:&nbsp;&nbsp;<A HREF=thn_issue.h4.html#POEM4>4 #4</A><DD>Boonton, New Jersey</DT>
<DT>Adelaide Shaw:&nbsp;&nbsp;<A HREF=thn_issue.h5.html#POEM6>5 #6</A><DD>Scarsdale, New York</DT>
<DT>Sandra Simpson:&nbsp;&nbsp;<A HREF=thn_issue.h3.html#POEM6>3 #6</A><DD>Tauranga, New Zealand</DT>
<DT>Sue Stanford:&nbsp;&nbsp;<A HREF=thn_issue.h4.html#POEM2>4 #2</A><DD>Melbourne, Victoria, Australia</DT>
<DT>Lynne Steel:&nbsp;&nbsp;<A HREF=thn_issue.h5.html#POEM2>5 #2</A><DD>Hillsboro Beach, Florida</DT>
<DT>Carmen Sterba:&nbsp;&nbsp;<A HREF=thn_issue.h5.html#POEM1>5 #1</A><DD>Kamakura, Japan</DT>
<DT>John Stevenson:&nbsp;&nbsp;<A HREF=thn_issue.h5.html#POEM10>5 #10</A><DD>Nassau, New York</DT>
<DT>Anna Tambour:&nbsp;&nbsp;<A HREF=thn_issue.h4.html#POEM10>4 #10</A><DD>Nowra, New South Wales, Australia</DT>
<DT>Hilary Tann:&nbsp;&nbsp;<A HREF=thn_issue.h3.html#POEM7>3 #7</A><DD>Schuylerville, New York</DT>
<DT>Dietmar Tauchner:&nbsp;&nbsp;<A HREF=thn_issue.h4.html#POEM7>4 #7</A><DD>Puchberg, Austria</DT>
<DT>Stephen Toft:&nbsp;&nbsp;<A HREF=thn_issue.h2.html#POEM4>2 #4</A><DD>Swansee, Wales</DT>
<DT>vincent tripi:&nbsp;&nbsp;<A HREF=thn_issue.e1.html#POEM1>EC #1</A><DD>Greenfield, Massachusetts</DT>
<DT>Jennie Townsend:&nbsp;&nbsp;<A HREF=thn_issue.h3.html#POEM3>3 #3</A><DD>O^ÒFallon, Missouri</DT>
<DT>Linda Jeannette Ward:&nbsp;&nbsp;<A HREF=thn_issue.e1.html#POEM2>EC #2</A>,&nbsp;&nbsp;<A HREF=thn_issue.h5.html#POEM9>5 #9</A><DD>Coinjock, North Carolina</DT>
<DT>Michael Dylan Welch:&nbsp;&nbsp;<A HREF=thn_issue.h2.html#POEM3>2 #3</A><DD>Sammamish, Washington</DT>
<DT>Nina Wicker:&nbsp;&nbsp;<A HREF=thn_issue.h4.html#POEM9>4 #9</A><DD>Sanford, North Carolina</DT>
<DT>Paul Wigelius:&nbsp;&nbsp;<A HREF=thn_issue.h2.html#POEM7>2 #7</A><DD>Stockholm, Sweden</DT>
<DT>Jeffrey Winke:&nbsp;&nbsp;<A HREF=thn_issue.h4.html#POEM1>4 #1</A><DD>Milwaukee, Wisconsin</DT>
<DT>Cindy Zackowitz:&nbsp;&nbsp;<A HREF=thn_issue.h1.html#POEM6>1 #6</A><DD>Anchorage, Alaska</DT>
