<DT>Randy M. Brooks:&nbsp;&nbsp;<A HREF=thn_issue.h5.html#POEM5>5 #5</A><DD>Decatur, Illinois</DT>
<DT>Darrell Byrd:&nbsp;&nbsp;<A HREF=thn_issue.h3.html#POEM9>3 #9</A><DD>El Centro, California</DT>
<DT>Yvonne Cabalona:&nbsp;&nbsp;<A HREF=thn_issue.e1.html#POEM2>EC #2</A><DD>Modesto, California</DT>
<DT>Yu Chang:&nbsp;&nbsp;<A HREF=thn_issue.h3.html#POEM5>3 #5</A><DD>Schenectady, New York</DT>
<DT>Katherine Cudney:&nbsp;&nbsp;<A HREF=thn_issue.e1.html#POEM3>EC #3</A><DD>Liberty, Tennessee</DT>
<DT>William Cullen, Jr.:&nbsp;&nbsp;<A HREF=thn_issue.h1.html#POEM6>1 #6</A><DD>Brooklyn, New York</DT>
<DT>Cherie Hunter Day:&nbsp;&nbsp;<A HREF=thn_issue.h2.html#POEM6>2 #6</A><DD>San Diego, California</DT>
<DT>Angelee Deodhar:&nbsp;&nbsp;<A HREF=thn_issue.h4.html#POEM8>4 #8</A><DD>Chandigarh, India</DT>
<DT>Connie Donleycott:&nbsp;&nbsp;<A HREF=thn_issue.h3.html#POEM8>3 #8</A><DD>Bremerton, Washington</DT>
<DT>George Dorsty:&nbsp;&nbsp;<A HREF=thn_issue.h2.html#POEM2>2 #2</A><DD>Jamesport, New York</DT>
<DT>Debi Faulkner:&nbsp;&nbsp;<A HREF=thn_issue.h4.html#POEM7>4 #7</A><DD>Navan, Co. Meath, Ireland</DT>
<DT>Alice Frampton:&nbsp;&nbsp;<A HREF=thn_issue.h2.html#POEM10>2 #10</A><DD>Delta, British Columbia, Canada</DT>
<DT>D. Claire Gallagher:&nbsp;&nbsp;<A HREF=thn_issue.h5.html#POEM3>5 #3</A>,
&nbsp;<A HREF=thn_issue.h5.html#POEM7>5 #7</A><DD>Sunnyvale, California</DT>
<DT>Joshua Gage:&nbsp;&nbsp;<A HREF=thn_issue.h1.html#POEM4>1 #4</A><DD>Cleveland, Ohio</DT>
<DT>Robert Gilliland:&nbsp;&nbsp;<A HREF=thn_issue.h1.html#POEM3>1 #3</A><DD>Austin, Texas</DT>
<DT>Kay Grimnes:&nbsp;&nbsp;<A HREF=thn_issue.h2.html#POEM8>2 #8</A><DD>Alma, Michigan</DT>
<DT>Nate Haken:&nbsp;&nbsp;<A HREF=thn_issue.h2.html#POEM9>2 #9</A><DD>Wheaton, Illinois</DT>
<DT>Timothy Hawkes:&nbsp;&nbsp;<A HREF=thn_issue.h2.html#POEM5>2 #5</A><DD>Silver Spring, Maryland</DT>
<DT>Elizabeth Howard:&nbsp;&nbsp;<A HREF=thn_issue.h4.html#POEM3>4 #3</A><DD>Crossville, Tennessee</DT>
<DT>J. B. Leong:&nbsp;&nbsp;<A HREF=thn_issue.h4.html#POEM10>4 #10</A><DD>Singapore</DT>
<DT>Rebecca Lilly:&nbsp;&nbsp;<A HREF=thn_issue.h3.html#POEM3>3 #3</A><DD>Port Republic, Virginia</DT>
<DT>Burnell Lippy:&nbsp;&nbsp;<A HREF=thn_issue.h5.html#POEM1>5 #1</A><DD>Mt. Tremper, New York</DT>
<DT>Tomislav Maretic:&nbsp;&nbsp;<A HREF=thn_issue.h3.html#POEM2>3 #2</A><DD>Vrapche, Croatia</DT>
<DT>Francis Masat:&nbsp;&nbsp;<A HREF=thn_issue.h2.html#POEM7>2 #7</A><DD>Key West, Florida</DT>
<DT>Scott Mason:&nbsp;&nbsp;<A HREF=thn_issue.h5.html#POEM2>5 #2</A><DD>Chappaqua, New York</DT>
<DT>Giselle Maya:&nbsp;&nbsp;<A HREF=thn_issue.h3.html#POEM7>3 #7</A><DD>St-Martin de Castillon, France</DT>
<DT>Michael McClintock:&nbsp;&nbsp;<A HREF=thn_issue.h3.html#POEM10>3 #10</A><DD>South Pasadena, California</DT>
<DT>Michael Meyerhofer:&nbsp;&nbsp;<A HREF=thn_issue.h2.html#POEM3>2 #3</A><DD>Coralville, Iowa</DT>
<DT>Lenard D. Moore:&nbsp;&nbsp;<A HREF=thn_issue.h2.html#POEM1>2 #1</A><DD>Raleigh, North Carolina</DT>
<DT>Matt Morden:&nbsp;&nbsp;<A HREF=thn_issue.h4.html#POEM5>4 #5</A><DD>Carregwen, Carmarthenshire, Wales</DT>
<DT>H. Gene Murtha:&nbsp;&nbsp;<A HREF=thn_issue.h4.html#POEM4>4 #4</A><DD>Buena, New Jersey</DT>
<DT>H. F. Noyes:&nbsp;&nbsp;<A HREF=thn_issue.h5.html#POEM6>5 #6</A><DD>Politia, Attikis, Greece</DT>
<DT>Tom Painting:&nbsp;&nbsp;<A HREF=thn_issue.h1.html#POEM1>1 #1</A><DD>Rochester, New York</DT>
<DT>Christopher Patchel:&nbsp;&nbsp;<A HREF=thn_issue.h5.html#POEM4>5 #4</A><DD>Chicago, Illinois</DT>
<DT>Francine Porad:&nbsp;&nbsp;<A HREF=thn_issue.h1.html#POEM7>1 #7</A><DD>Belleview, Washington</DT>
<DT>Vanessa Proctor:&nbsp;&nbsp;<A HREF=thn_issue.h4.html#POEM2>4 #2</A><DD>Sydney, New South Wales, Australia</DT>
<DT>K. Ramesh:&nbsp;&nbsp;<A HREF=thn_issue.h3.html#POEM6>3 #6</A><DD>Adyar, Chennai, India</DT>
<DT>Emily Romano:&nbsp;&nbsp;<A HREF=thn_issue.h3.html#POEM1>3 #1</A><DD>Boonton, New Jersey</DT>
<DT>Adelaide Shaw:&nbsp;&nbsp;<A HREF=thn_issue.h1.html#POEM2>1 #2</A><DD>Scarsdale, New York</DT>
<DT>Sandra Simpson:&nbsp;&nbsp;<A HREF=thn_issue.h1.html#POEM8>1 #8</A><DD>Tauranga, New Zealand</DT>
<DT>Lynne Steel:&nbsp;&nbsp;<A HREF=thn_issue.h4.html#POEM9>4 #9</A><DD>Hillsboro Beach, Florida</DT>
<DT>Carmen Sterba:&nbsp;&nbsp;<A HREF=thn_issue.h5.html#POEM10>5 #10</A><DD>Kamakura, Japan</DT>
<DT>John Stevenson:&nbsp;&nbsp;<A HREF=thn_issue.e1.html#POEM1>EC #1</A><DD>Nassau, New York</DT>
<DT>Toshiro Takeshita:&nbsp;&nbsp;<A HREF=thn_issue.h5.html#POEM8>5 #8</A><DD>Orlando, Florida</DT>
<DT>Dietmar Tauchner:&nbsp;&nbsp;<A HREF=thn_issue.h1.html#POEM9>1 #9</A><DD>Puchberg, Austria</DT>
<DT>Stephen Toft:&nbsp;&nbsp;<A HREF=thn_issue.h2.html#POEM4>2 #4</A><DD>Swansea, Wales</DT>
<DT>Florence Vilén:&nbsp;&nbsp;<A HREF=thn_issue.h1.html#POEM5>1 #5</A><DD>Saltsjö-Boo, Sweden</DT>
<DT>Linda Jeannette Ward:&nbsp;&nbsp;<A HREF=thn_issue.h3.html#POEM4>3 #4</A><DD>Coinjock, North Carolina</DT>
<DT>Michael Dylan Welch:&nbsp;&nbsp;<A HREF=thn_issue.h4.html#POEM6>4 #6</A><DD>Sammamish, Washington</DT>
<DT>Peter Yovu:&nbsp;&nbsp;<A HREF=thn_issue.h4.html#POEM1>4 #1</A><DD>Middlesex, Vermont</DT>
<DT>Cindy Zackowitz:&nbsp;&nbsp;<A HREF=thn_issue.h1.html#POEM10>1 #10</A>,
&nbsp;<A HREF=thn_issue.h5.html#POEM9>5 #9</A><DD>Anchorage, Alaska</DT>
