<DT>Robert Gilliland:&nbsp;&nbsp;<A HREF=thn_issue.h1.html#POEM1>1 #1</A><DD>Austin, Texas</DT>
<DT>Mary Lee McClure:&nbsp;&nbsp;<A HREF=thn_issue.h1.html#POEM2>1 #2</A><DD>Kokomo, Indiana</DT>
<DT>Yvonne Cabalona:&nbsp;&nbsp;<A HREF=thn_issue.h1.html#POEM3>1 #3</A><DD>Modesto, California</DT>
<DT>Sabine Miller:&nbsp;&nbsp;<A HREF=thn_issue.h1.html#POEM4>1 #4</A><DD>Lagunitas, California</DT>
<DT>Christopher Patchel:&nbsp;&nbsp;<A HREF=thn_issue.h1.html#POEM5>1 #5</A><DD>Chicago, Illinois</DT>
<DT>Joshua Gage:&nbsp;&nbsp;<A HREF=thn_issue.h1.html#POEM6>1 #6</A><DD>Pepper Pike, Ohio</DT>
<DT>Tom Painting:&nbsp;&nbsp;<A HREF=thn_issue.h1.html#POEM7>1 #7</A><DD>Rochester, New York</DT>
<DT>Chad Lee Robinson:&nbsp;&nbsp;<A HREF=thn_issue.h1.html#POEM8>1 #8</A><DD>Pierre, South Dakota</DT>
<DT>Kay F. Anderson:&nbsp;&nbsp;<A HREF=thn_issue.h1.html#POEM9>1 #9</A><DD>Redwood Shores, California</DT>
<DT>Shimi:&nbsp;&nbsp;<A HREF=thn_issue.h1.html#POEM10>1 #10</A><DD>Austin, Texas</DT>
<DT>Dietmar Tauchner,:&nbsp;&nbsp;<A HREF=thn_issue.h2.html#POEM1>2 #1</A><DD>Puchberg, Austria</DT>
<DT>Vanessa Proctor:&nbsp;&nbsp;<A HREF=thn_issue.h2.html#POEM2>2 #2</A><DD>Sydney, New South Wales, Australia</DT>
<DT>Jeanne Emrich:&nbsp;&nbsp;<A HREF=thn_issue.h2.html#POEM3>2 #3</A><DD>Edina, Minnesota</DT>
<DT>Timothy Hawkes:&nbsp;&nbsp;<A HREF=thn_issue.h2.html#POEM4>2 #4</A><DD>Silver Spring, Maryland</DT>
<DT>Stephen Toft:&nbsp;&nbsp;<A HREF=thn_issue.h2.html#POEM5>2 #5</A><DD>Swansea, Wales</DT>
<DT>Gary Hotham:&nbsp;&nbsp;<A HREF=thn_issue.h2.html#POEM6>2 #6</A><DD>Laurel, Maryland</DT>
<DT>Stephen Amor:&nbsp;&nbsp;<A HREF=thn_issue.h2.html#POEM7>2 #7</A><DD>Fremont, Ohio</DT>
<DT>Graham Nunn:&nbsp;&nbsp;<A HREF=thn_issue.h2.html#POEM8>2 #8</A><DD>Brisbane, Queensland, Australia</DT>
<DT>Paula Fisher:&nbsp;&nbsp;<A HREF=thn_issue.h2.html#POEM9>2 #9</A><DD>Key Largo, Florida</DT>
<DT>Peter Yovu:&nbsp;&nbsp;<A HREF=thn_issue.h2.html#POEM10>2 #10</A><DD>Middlesex, Vermont</DT>
<DT>ray rasmussen:&nbsp;&nbsp;<A HREF=thn_issue.h3.html#POEM1>3 #1</A><DD>Edmonton, Alberta, Canada</DT>
<DT>Lenard D. Moore:&nbsp;&nbsp;<A HREF=thn_issue.h3.html#POEM2>3 #2</A><DD>Raleigh, North Carolina</DT>
<DT>Katherine Cudney:&nbsp;&nbsp;<A HREF=thn_issue.h3.html#POEM3>3 #3</A><DD>Liberty, Tennessee</DT>
<DT>William J. Higginson:&nbsp;&nbsp;<A HREF=thn_issue.h3.html#POEM4>3 #4</A><DD>Summit, New Jersey</DT>
<DT>Paul Pfleuger, Jr.:&nbsp;&nbsp;<A HREF=thn_issue.h3.html#POEM5>3 #5</A><DD>Chia-Yi, Taiwan</DT>
<DT>George Dorsty:&nbsp;&nbsp;<A HREF=thn_issue.h3.html#POEM6>3 #6</A><DD>Jamesport, New York</DT>
<DT>Carol Purington:&nbsp;&nbsp;<A HREF=thn_issue.h3.html#POEM7>3 #7</A><DD>Colrain, Massachusetts</DT>
<DT>Tom Tico:&nbsp;&nbsp;<A HREF=thn_issue.h3.html#POEM8>3 #8</A><DD>San Francisco, California</DT>
<DT>Sandra Simpson:&nbsp;&nbsp;<A HREF=thn_issue.h3.html#POEM9>3 #9</A><DD>Tauranga, New Zealand</DT>
<DT>Jeffrey Winke:&nbsp;&nbsp;<A HREF=thn_issue.h3.html#POEM10>3 #10</A><DD>Milwaukee, Wisconsin</DT>
<DT>Nate Haken:&nbsp;&nbsp;<A HREF=thn_issue.h4.html#POEM1>4 #1</A><DD>Wheaton, Illinois</DT>
<DT>Kirsty Karkow:&nbsp;&nbsp;<A HREF=thn_issue.h4.html#POEM2>4 #2</A><DD>Waldoboro, Maine</DT>
<DT>Bruce Ross:&nbsp;&nbsp;<A HREF=thn_issue.h4.html#POEM3>4 #3</A><DD>Orono, Maine</DT>
<DT>Carmen Sterba:&nbsp;&nbsp;<A HREF=thn_issue.h4.html#POEM4>4 #4</A><DD>Pittsburg, Pennsylvania</DT>
<DT>Allen McGill:&nbsp;&nbsp;<A HREF=thn_issue.h4.html#POEM5>4 #5</A><DD>San Miguel de Allende, Mexico</DT>
<DT>Francine Porad:&nbsp;&nbsp;<A HREF=thn_issue.h4.html#POEM6>4 #6</A><DD>Bellevue, Washington</DT>
<DT>Elizabeth Howard:&nbsp;&nbsp;<A HREF=thn_issue.h4.html#POEM7>4 #7</A><DD>Crossville, Tennessee</DT>
<DT>Cindy Zackowitz:&nbsp;&nbsp;<A HREF=thn_issue.h4.html#POEM8>4 #8</A><DD>Anchorage, Alaska</DT>
<DT>Linda Jeannette Ward:&nbsp;&nbsp;<A HREF=thn_issue.h4.html#POEM9>4 #9</A><DD>Coinjock, North Carolina</DT>
<DT>Jasminka Nadaskic Diordievic:&nbsp;&nbsp;<A HREF=thn_issue.h4.html#POEM10>4 #10</A><DD>Smederevo, Yugoslavia</DT>
<DT>Pamela Miller Ness:&nbsp;&nbsp;<A HREF=thn_issue.h5.html#POEM1>5 #1</A><DD>New York, New York</DT>
<DT>Joann Klontz:&nbsp;&nbsp;<A HREF=thn_issue.h5.html#POEM2>5 #2</A><DD>Swedesboro, New Jersey</DT>
<DT>Victor Ortiz:&nbsp;&nbsp;<A HREF=thn_issue.h5.html#POEM3>5 #3</A><DD>San Pedro, California</DT>
<DT>John Stevenson:&nbsp;&nbsp;<A HREF=thn_issue.h5.html#POEM4>5 #4</A><DD>Nassau, New York</DT>
<DT>paul m.:&nbsp;&nbsp;<A HREF=thn_issue.h5.html#POEM5>5 #5</A><DD>Bristol, Rhode Island</DT>
<DT>Charlie Close:&nbsp;&nbsp;<A HREF=thn_issue.h5.html#POEM6>5 #6</A><DD>Goodrich, Missouri</DT>
<DT>Connie Donleycott:&nbsp;&nbsp;<A HREF=thn_issue.h5.html#POEM7>5 #7</A><DD>Bremerton, Washington</DT>
<DT>Francis Masat:&nbsp;&nbsp;<A HREF=thn_issue.h5.html#POEM8>5 #8</A><DD>Key West, Florida</DT>
<DT>Beverley George:&nbsp;&nbsp;<A HREF=thn_issue.h5.html#POEM9>5 #9</A><DD>Pearl Beach, New South Wales, Australia</DT>
<DT>H. Gene Murtha:&nbsp;&nbsp;<A HREF=thn_issue.h5.html#POEM10>5 #10</A><DD>Buena, New Jersey</DT>
<DT>Carolyn Hall:&nbsp;&nbsp;<A HREF=thn_issue.e1.html#POEM1>EC #1</A><DD>San Francisco, California</DT>
<DT>vincent tripi:&nbsp;&nbsp;<A HREF=thn_issue.e1.html#POEM2>EC #2</A><DD>Greenfield, Massachusetts</DT>
<DT>D. Claire Gallagher:&nbsp;&nbsp;<A HREF=thn_issue.e1.html#POEM3>EC #3</A><DD>Sunnyvale, California</DT>
