<DT>Connie Donleycott:&nbsp;&nbsp;<A HREF=thn_issue.h1.html#POEM00>1 #0</A><DD>Bremerton, Washington</DT> 
<DT>Marian Olson:&nbsp;&nbsp;<A HREF=thn_issue.h1.html#POEM01>1 #1</A><DD>Santa Fe, New Mexico</DT> 
<DT>Elizabeth Howard:&nbsp;&nbsp;<A HREF=thn_issue.h1.html#POEM02>1 #2</A><DD>Crossville, Tennessee</DT> 
<DT>Barry George:&nbsp;&nbsp;<A HREF=thn_issue.h1.html#POEM03>1 #3</A><DD>Philadelphia, Pennsylvania</DT> 
<DT>Emily Romano:&nbsp;&nbsp;<A HREF=thn_issue.h1.html#POEM04>1 #4</A><DD>Boonton, New Jersey</DT> 
<DT>Lynne Steel:&nbsp;&nbsp;<A HREF=thn_issue.h1.html#POEM05>1 #5</A><DD>Hillsboro Beach, Florida</DT> 
<DT>Cherie Hunter Day:&nbsp;&nbsp;<A HREF=thn_issue.h1.html#POEM06>1 #6</A><DD>San Diego, California</DT> 
<DT>Jennie Townsend:&nbsp;&nbsp;<A HREF=thn_issue.h1.html#POEM07>1 #7</A><DD>O'Fallon, Missouri</DT> 
<DT>Timothy Hawkes:&nbsp;&nbsp;<A HREF=thn_issue.h1.html#POEM08>1 #8</A><DD>Tokyo, Japan</DT> 
<DT>Joann Klontz:&nbsp;&nbsp;<A HREF=thn_issue.h1.html#POEM09>1 #9</A><DD>Swedesboro, New Jersey</DT> 
<DT>Maria Steyn:&nbsp;&nbsp;<A HREF=thn_issue.h2.html#POEM00>2 #0</A><DD>Johannesburg, South Africa</DT> 
<DT>Allen McGill:&nbsp;&nbsp;<A HREF=thn_issue.h2.html#POEM01>2 #1</A><DD>San Miguel de Allende, Mexico</DT> 
<DT>Kay F. Anderson:&nbsp;&nbsp;<A HREF=thn_issue.h2.html#POEM02>2 #2</A><DD>Redwood Shores, California</DT> 
<DT>Cindy Zackowitz:&nbsp;&nbsp;<A HREF=thn_issue.h2.html#POEM03>2 #3</A><DD>Anchorage, Alaska</DT> 
<DT>Gary Hotham:&nbsp;&nbsp;<A HREF=thn_issue.h2.html#POEM04>2 #4</A><DD>Laurel, Maryland</DT> 
<DT>Jack Barry:&nbsp;&nbsp;<A HREF=thn_issue.h2.html#POEM05>2 #5</A><DD>Chesterfield, Massachusetts</DT> 
<DT>paul m.:&nbsp;&nbsp;<A HREF=thn_issue.h2.html#POEM06>2 #6</A><DD>San Francisco, California</DT> 
<DT>Michael Meyerhofer:&nbsp;&nbsp;<A HREF=thn_issue.h2.html#POEM07>2 #7</A><DD>Coralville, Iowa</DT> 
<DT>Gabriel Rosenstock:&nbsp;&nbsp;<A HREF=thn_issue.h2.html#POEM08>2 #8</A><DD>Gleann na gCaorach, Co Atha Cliath, Ireland</DT> 
<DT>John W. Wisdom:&nbsp;&nbsp;<A HREF=thn_issue.h2.html#POEM09>2 #9</A><DD>Sarasota, Florida</DT> 
<DT>Stephen Engleman:&nbsp;&nbsp;<A HREF=thn_issue.h3.html#POEM00>3 #0</A><DD>Ithaca, New York</DT> 
<DT>Hilary Tann:&nbsp;&nbsp;<A HREF=thn_issue.h3.html#POEM01>3 #1</A><DD>Schuylerville, New York</DT> 
<DT>Burnell Lippy:&nbsp;&nbsp;<A HREF=thn_issue.h3.html#POEM02>3 #2</A><DD>Mt. Tremper, New York</DT> 
<DT>Mark Brooks:&nbsp;&nbsp;<A HREF=thn_issue.h3.html#POEM03>3 #3</A><DD>Austin, Texas</DT> 
<DT>John Stevenson:&nbsp;&nbsp;<A HREF=thn_issue.h3.html#POEM04>3 #4</A><DD>Nassau, New York</DT> 
<DT>Carolyn Hall:&nbsp;&nbsp;<A HREF=thn_issue.h3.html#POEM05>3 #5</A><DD>San Francisco, California</DT> 
<DT>Lenard D. Moore:&nbsp;&nbsp;<A HREF=thn_issue.h3.html#POEM06>3 #6</A><DD>Raleigh, North Carolina</DT> 
<DT>K. Ramesh:&nbsp;&nbsp;<A HREF=thn_issue.h3.html#POEM07>3 #7</A><DD>Adyar, Chennai, India</DT> 
<DT>Francine Porad:&nbsp;&nbsp;<A HREF=thn_issue.h3.html#POEM08>3 #8</A><DD>Mercer Island, Washington</DT> 
<DT>Anna Tambour:&nbsp;&nbsp;<A HREF=thn_issue.h3.html#POEM09>3 #9</A><DD>Nowra, New South Wales, Australia</DT> 
<DT>Angelee Deodhar:&nbsp;&nbsp;<A HREF=thn_issue.h4.html#POEM00>4 #0</A><DD>Chandigarh, India</DT> 
<DT>Michael McClintock:&nbsp;&nbsp;<A HREF=thn_issue.h4.html#POEM01>4 #1</A><DD>South Pasadena, California</DT> 
<DT>Michael L. Evans:&nbsp;&nbsp;<A HREF=thn_issue.h4.html#POEM02>4 #2</A><DD>Olalla, Washington</DT> 
<DT>Moushumi Chakrabarty:&nbsp;&nbsp;<A HREF=thn_issue.h4.html#POEM03>4 #3</A><DD>Mississauga, Ontario, Canada</DT> 
<DT>Matt Morden:&nbsp;&nbsp;<A HREF=thn_issue.h4.html#POEM04>4 #4</A><DD>Carregwen, Carmarthen, Wales</DT> 
<DT>Stephen Engleman:&nbsp;&nbsp;<A HREF=thn_issue.h4.html#POEM05>4 #5</A><DD>Ithaca, New York</DT> 
<DT>Randy M. Brooks:&nbsp;&nbsp;<A HREF=thn_issue.h4.html#POEM06>4 #6</A><DD>Decatur, Illinois</DT> 
<DT>Naia:&nbsp;&nbsp;<A HREF=thn_issue.h4.html#POEM07>4 #7</A><DD>Oceanside, California</DT> 
<DT>Mary Fran Meer:&nbsp;&nbsp;<A HREF=thn_issue.h4.html#POEM08>4 #8</A><DD>Bellevue, Washington</DT> 
<DT>Kirsty Karkow:&nbsp;&nbsp;<A HREF=thn_issue.h4.html#POEM09>4 #9</A><DD>Waldoboro, Maine</DT> 
<DT>Cherie Hunter Day:&nbsp;&nbsp;<A HREF=thn_issue.h5.html#POEM00>5 #0</A><DD>San Diego, California</DT> 
<DT>Sabine Miller:&nbsp;&nbsp;<A HREF=thn_issue.h5.html#POEM01>5 #1</A><DD>Lagunitas, California</DT> 
<DT>Nina Wicker:&nbsp;&nbsp;<A HREF=thn_issue.h5.html#POEM02>5 #2</A><DD>Sanford, North Carolina</DT> 
<DT>Naia:&nbsp;&nbsp;<A HREF=thn_issue.h5.html#POEM03>5 #3</A><DD>Oceanside, California</DT> 
<DT>Dietmar Tauchner:&nbsp;&nbsp;<A HREF=thn_issue.h5.html#POEM04>5 #4</A><DD>Puchberg, Austria</DT> 
<DT>Carolyn Hall:&nbsp;&nbsp;<A HREF=thn_issue.h5.html#POEM05>5 #5</A><DD>San Francisco, California</DT> 
<DT>John W. Wisdom:&nbsp;&nbsp;<A HREF=thn_issue.h5.html#POEM06>5 #6</A><DD>Sarasota, Florida</DT> 
<DT>J. C. Herring:&nbsp;&nbsp;<A HREF=thn_issue.h5.html#POEM07>5 #7</A><DD>Birmingham, Alabama</DT> 
<DT>Cindy Zackowitz:&nbsp;&nbsp;<A HREF=thn_issue.h5.html#POEM08>5 #8</A><DD>Anchorage, Alaska</DT> 
<DT>Francine Porad:&nbsp;&nbsp;<A HREF=thn_issue.h5.html#POEM09>5 #9</A><DD>Mercer Island, Washington</DT> 
<DT>Randy M. Brooks:&nbsp;&nbsp;<a href=thn_issue.e1.html#POEM01>EC #1</a><DD>Decatur, Illinois</DT> 
<DT>June Moreau:&nbsp;&nbsp;<a href=thn_issue.e1.html#POEM02>EC #2</a><DD>Lexington, Massachusetts</DT> 
<DT>John Stevenson:&nbsp;&nbsp;<a href=thn_issue.e1.html#POEM03>EC #3</a><DD>Nassau, New York</DT>
