<P><A HREF=thn_issue.h1.html#POEM00>
Connie Donleycott
</A>
<P><A HREF=thn_issue.h1.html#POEM01>
Marian Olson
</A>
<P><A HREF=thn_issue.h1.html#POEM02>
Elizabeth Howard
</A>
<P><A HREF=thn_issue.h1.html#POEM03>
Barry George
</A>
<P><A HREF=thn_issue.h1.html#POEM04>
Emily Romano
</A>
<P><A HREF=thn_issue.h1.html#POEM05>
Lynne Steel
</A>
<P><A HREF=thn_issue.h1.html#POEM06>
Cherie Hunter Day
</A>
<P><A HREF=thn_issue.h1.html#POEM07>
Jennie Townsend
</A>
<P><A HREF=thn_issue.h1.html#POEM08>
Timothy Hawkes
</A>
<P><A HREF=thn_issue.h1.html#POEM09>
Joann Klontz
</A>
</TD>
 
<TD ALIGN=LEFT VALIGN=TOP WIDTH=380>
<TABLE>
 
<TR ALIGN=LEFT VALIGN=TOP>
<TD><A NAME=POEM00></A>
<P><FONT SIZE=+1>
 
finding a way
<BR>
through the forest
<BR>
winter sunset
</FONT></TD></TR>
<TR ALIGN=RIGHT VALIGN=TOP><TD>
Connie Donleycott
<P>&nbsp;</TD></TR>
<TR ALIGN=LEFT VALIGN=TOP>
<TD><A NAME=POEM02></A>
<P><FONT SIZE=+1>
 
horned owl
<BR>
near the window
<BR>
a curtain inhales
</FONT></TD></TR>
<TR ALIGN=RIGHT VALIGN=TOP><TD>
Elizabeth Howard
<P>&nbsp;</TD></TR>
<TR ALIGN=LEFT VALIGN=TOP>
<TD><A NAME=POEM04></A>
<P><FONT SIZE=+1>
 
first morning &#150;
<BR>
dunking the last
<BR>
of the homemade bread
</FONT></TD></TR>
<TR ALIGN=RIGHT VALIGN=TOP><TD>
Emily Romano
<P>&nbsp;</TD></TR>
<TR ALIGN=LEFT VALIGN=TOP>
<TD><A NAME=POEM06></A>
<P><FONT SIZE=+1>
 
overcast sky &#150;
<BR>
adding more driftwood
<BR>
to the bird blind
</FONT></TD></TR>
<TR ALIGN=RIGHT VALIGN=TOP><TD>
Cherie Hunter Day
<P>&nbsp;</TD></TR>
<TR ALIGN=LEFT VALIGN=TOP>
<TD><A NAME=POEM08></A>
<P><FONT SIZE=+1>
 
cry of the killdeer
<BR>
river stones
<BR>
worn smooth
</FONT></TD></TR>
<TR ALIGN=RIGHT VALIGN=TOP><TD>
Timothy Hawkes
<P>&nbsp;</TD></TR>
 
</TABLE></TD>
 
<TD ALIGN=LEFT VALIGN=TOP WIDTH=380>
<TABLE><TR ALIGN=LEFT VALIGN=TOP>
<TD><FONT SIZE=-2>&nbsp;</FONT></TD>
</TR>
 
<TR ALIGN=RIGHT VALIGN=TOP>
<TD>&nbsp;</TD>
</TR>
<TR ALIGN=LEFT VALIGN=TOP>
<TD><A NAME=POEM01></A>
<P><FONT SIZE=+1>
 
New Year's Eve
<BR>
falling snow quiets
<BR>
the final hour
</FONT></TD></TR>
<TR ALIGN=RIGHT VALIGN=TOP><TD>
Marian Olson
<P>&nbsp;</TD></TR>
<TR ALIGN=LEFT VALIGN=TOP>
<TD><A NAME=POEM03></A>
<P><FONT SIZE=+1>
 
wee hours &#150;
<BR>
the leaves on the roof
<BR>
shift again
</FONT></TD></TR>
<TR ALIGN=RIGHT VALIGN=TOP><TD>
Barry George
<P>&nbsp;</TD></TR>
<TR ALIGN=LEFT VALIGN=TOP>
<TD><A NAME=POEM05></A>
<P><FONT SIZE=+1>
 
upscale condo
<BR>
a red fox drinks
<BR>
from the swimming pool
</FONT></TD></TR>
<TR ALIGN=RIGHT VALIGN=TOP><TD>
Lynne Steel
<P>&nbsp;</TD></TR>
<TR ALIGN=LEFT VALIGN=TOP>
<TD><A NAME=POEM07></A>
<P><FONT SIZE=+1>
 
winter morning
<BR>
a ring of cattails
<BR>
holds the mist
</FONT></TD></TR>
<TR ALIGN=RIGHT VALIGN=TOP><TD>
Jennie Townsend
<P>&nbsp;</TD></TR>
<TR ALIGN=LEFT VALIGN=TOP>
<TD><A NAME=POEM09></A>
<P><FONT SIZE=+1>
 
winter clouds
<BR>
a neighbor's résumé
<BR>
left in our mailbox
</FONT></TD></TR>
<TR ALIGN=RIGHT VALIGN=TOP><TD>
Joann Klontz
<P>&nbsp;</TD></TR>
