<P><A HREF=thn_issue.h4.html#POEM00>
Angelee Deodhar
</A>
<P><A HREF=thn_issue.h4.html#POEM01>
Michael McClintock
</A>
<P><A HREF=thn_issue.h4.html#POEM02>
Michael L. Evans
</A>
<P><A HREF=thn_issue.h4.html#POEM03>
Moushumi Chakrabarty
</A>
<P><A HREF=thn_issue.h4.html#POEM04>
Matt Morden
</A>
<P><A HREF=thn_issue.h4.html#POEM05>
Stephen Engleman
</A>
<P><A HREF=thn_issue.h4.html#POEM06>
Randy M. Brooks
</A>
<P><A HREF=thn_issue.h4.html#POEM07>
Naia
</A>
<P><A HREF=thn_issue.h4.html#POEM08>
Mary Fran Meer
</A>
<P><A HREF=thn_issue.h4.html#POEM09>
Kirsty Karkow
</A>
</TD>
 
<TD ALIGN=LEFT VALIGN=TOP WIDTH=380>
<TABLE>
 
<TR ALIGN=LEFT VALIGN=TOP>
<TD><A NAME=POEM00></A>
<P><FONT SIZE=+1>
 
rainy darkness
<BR>
in the cobbled street
<BR>
the blind beggar
</FONT></TD></TR>
<TR ALIGN=RIGHT VALIGN=TOP><TD>
Angelee Deodhar
<P>&nbsp;</TD></TR>
<TR ALIGN=LEFT VALIGN=TOP>
<TD><A NAME=POEM02></A>
<P><FONT SIZE=+1>
 
childhood home
<BR>
she spins maple seeds
<BR>
off the front porch
</FONT></TD></TR>
<TR ALIGN=RIGHT VALIGN=TOP><TD>
Michael L. Evans
<P>&nbsp;</TD></TR>
<TR ALIGN=LEFT VALIGN=TOP>
<TD><A NAME=POEM04></A>
<P><FONT SIZE=+1>
 
summer's end &#150;
<BR>
my children try to teach me
<BR>
how to smile
</FONT></TD></TR>
<TR ALIGN=RIGHT VALIGN=TOP><TD>
Matt Morden
<P>&nbsp;</TD></TR>
<TR ALIGN=LEFT VALIGN=TOP>
<TD><A NAME=POEM06></A>
<P><FONT SIZE=+1>
 
cantaloupes for sale
<BR>
the farm girl's eyes
<BR>
over her newspaper
</FONT></TD></TR>
<TR ALIGN=RIGHT VALIGN=TOP><TD>
Randy M. Brooks
<P>&nbsp;</TD></TR>
<TR ALIGN=LEFT VALIGN=TOP>
<TD><A NAME=POEM08></A>
<P><FONT SIZE=+1>
 
geese winding south
<BR>
yellowjackets buzz
<BR>
the empty barbecue
</FONT></TD></TR>
<TR ALIGN=RIGHT VALIGN=TOP><TD>
Mary Fran Meer
<P>&nbsp;</TD></TR>
 
</TABLE></TD>
 
<TD ALIGN=LEFT VALIGN=TOP WIDTH=380>
<TABLE><TR ALIGN=LEFT VALIGN=TOP>
<TD><FONT SIZE=-2>&nbsp;</FONT></TD>
</TR>
 
<TR ALIGN=RIGHT VALIGN=TOP>
<TD>&nbsp;</TD>
</TR>
<TR ALIGN=LEFT VALIGN=TOP>
<TD><A NAME=POEM01></A>
<P><FONT SIZE=+1>
 
building a puzzle
<BR>
three days
<BR>
of rain
</FONT></TD></TR>
<TR ALIGN=RIGHT VALIGN=TOP><TD>
Michael McClintock
<P>&nbsp;</TD></TR>
<TR ALIGN=LEFT VALIGN=TOP>
<TD><A NAME=POEM03></A>
<P><FONT SIZE=+1>
 
last day together
<BR>
a boat breaks up
<BR>
our reflections
</FONT></TD></TR>
<TR ALIGN=RIGHT VALIGN=TOP><TD>
Moushumi Chakrabarty
<P>&nbsp;</TD></TR>
<TR ALIGN=LEFT VALIGN=TOP>
<TD><A NAME=POEM05></A>
<P><FONT SIZE=+1>
 
the call of wild geese
<BR>
a field of pale goldenrod
<BR>
leaning southward
</FONT></TD></TR>
<TR ALIGN=RIGHT VALIGN=TOP><TD>
Stephen Engleman
<P>&nbsp;</TD></TR>
<TR ALIGN=LEFT VALIGN=TOP>
<TD><A NAME=POEM07></A>
<P><FONT SIZE=+1>
 
new love
<BR>
still some green
<BR>
in these autumn leaves
</FONT></TD></TR>
<TR ALIGN=RIGHT VALIGN=TOP><TD>
Naia
<P>&nbsp;</TD></TR>
<TR ALIGN=LEFT VALIGN=TOP>
<TD><A NAME=POEM09></A>
<P><FONT SIZE=+1>
 
fall migration
<BR>
the phone lines busy
<BR>
gathering birds
</FONT></TD></TR>
<TR ALIGN=RIGHT VALIGN=TOP><TD>
Kirsty Karkow
<P>&nbsp;</TD></TR>
