<P><A HREF=thn_issue.h5.html#POEM00>
Cherie Hunter Day
</A>
<P><A HREF=thn_issue.h5.html#POEM01>
Sabine Miller
</A>
<P><A HREF=thn_issue.h5.html#POEM02>
Nina Wicker
</A>
<P><A HREF=thn_issue.h5.html#POEM03>
Naia
</A>
<P><A HREF=thn_issue.h5.html#POEM04>
Dietmar Tauchner
</A>
<P><A HREF=thn_issue.h5.html#POEM05>
Carolyn Hall
</A>
<P><A HREF=thn_issue.h5.html#POEM06>
John W. Wisdom
</A>
<P><A HREF=thn_issue.h5.html#POEM07>
J. C. Herring
</A>
<P><A HREF=thn_issue.h5.html#POEM08>
Cindy Zackowitz
</A>
<P><A HREF=thn_issue.h5.html#POEM09>
Francine Porad
</A>
</TD>
 
<TD ALIGN=LEFT VALIGN=TOP WIDTH=380>
<TABLE>
 
<TR ALIGN=LEFT VALIGN=TOP>
<TD><A NAME=POEM00></A>
<P><FONT SIZE=+1>
 
fallen leaves
<BR>
slide over the spillway &#150;
<BR>
another daydream
</FONT></TD></TR>
<TR ALIGN=RIGHT VALIGN=TOP><TD>
Cherie Hunter Day
<P>&nbsp;</TD></TR>
<TR ALIGN=LEFT VALIGN=TOP>
<TD><A NAME=POEM02></A>
<P><FONT SIZE=+1>
 
election day &#150;
<BR>
folding and unfolding
<BR>
             umbrellas
</FONT></TD></TR>
<TR ALIGN=RIGHT VALIGN=TOP><TD>
Nina Wicker
<P>&nbsp;</TD></TR>
<TR ALIGN=LEFT VALIGN=TOP>
<TD><A NAME=POEM04></A>
<P><FONT SIZE=+1>
 
winter daybreak &#150;
<BR>
the shadow of a bird
<BR>
darts into the bedroom
</FONT></TD></TR>
<TR ALIGN=RIGHT VALIGN=TOP><TD>
Dietmar Tauchner
<P>&nbsp;</TD></TR>
<TR ALIGN=LEFT VALIGN=TOP>
<TD><A NAME=POEM06></A>
<P><FONT SIZE=+1>
 
rusted plow &#150;
<BR>
a few husks of cotton
<BR>
left in the field
</FONT></TD></TR>
<TR ALIGN=RIGHT VALIGN=TOP><TD>
John W. Wisdom
<P>&nbsp;</TD></TR>
<TR ALIGN=LEFT VALIGN=TOP>
<TD><A NAME=POEM08></A>
<P><FONT SIZE=+1>
 
first snowflakes &#150;
<BR>
the caged raven
<BR>
playing with its food
</FONT></TD></TR>
<TR ALIGN=RIGHT VALIGN=TOP><TD>
Cindy Zackowitz
<P>&nbsp;</TD></TR>
 
</TABLE></TD>
 
<TD ALIGN=LEFT VALIGN=TOP WIDTH=380>
<TABLE><TR ALIGN=LEFT VALIGN=TOP>
<TD><FONT SIZE=-2>&nbsp;</FONT></TD>
</TR>
 
<TR ALIGN=RIGHT VALIGN=TOP>
<TD>&nbsp;</TD>
</TR>
<TR ALIGN=LEFT VALIGN=TOP>
<TD><A NAME=POEM01></A>
<P><FONT SIZE=+1>
 
autumn evening
<BR>
the neighbor's turtle tank
<BR>
glows
</FONT></TD></TR>
<TR ALIGN=RIGHT VALIGN=TOP><TD>
Sabine Miller
<P>&nbsp;</TD></TR>
<TR ALIGN=LEFT VALIGN=TOP>
<TD><A NAME=POEM03></A>
<P><FONT SIZE=+1>
 
open window
<BR>
everything I know of the world
<BR>
in falling leaves
</FONT></TD></TR>
<TR ALIGN=RIGHT VALIGN=TOP><TD>
Naia
<P>&nbsp;</TD></TR>
<TR ALIGN=LEFT VALIGN=TOP>
<TD><A NAME=POEM05></A>
<P><FONT SIZE=+1>
 
falling acorns &#150;
<BR>
       the deer's
<BR>
            ears
</FONT></TD></TR>
<TR ALIGN=RIGHT VALIGN=TOP><TD>
Carolyn Hall
<P>&nbsp;</TD></TR>
<TR ALIGN=LEFT VALIGN=TOP>
<TD><A NAME=POEM07></A>
<P><FONT SIZE=+1>
 
winter light . . .
<BR>
his war medals
<BR>
ina shadow box
</FONT></TD></TR>
<TR ALIGN=RIGHT VALIGN=TOP><TD>
J. C. Herring
<P>&nbsp;</TD></TR>
<TR ALIGN=LEFT VALIGN=TOP>
<TD><A NAME=POEM09></A>
<P><FONT SIZE=+1>
 
winter dusk
<BR>
the sleeping child surrounded
<BR>
by origami cranes
</FONT></TD></TR>
<TR ALIGN=RIGHT VALIGN=TOP><TD>
Francine Porad
<P>&nbsp;</TD></TR>
