<DT>Aurora Antonovic:&nbsp;&nbsp;<A HREF=thn_issue.h4.html#POEM4>4 #4</A><DD>Ontario, Canada</DT>
<DT>Marilyn Appl Walker:&nbsp;&nbsp;<A HREF=thn_issue.h10.html#POEM10>10 #10</A><DD>Madison, Georgia</DT>
<DT>C. Avery:&nbsp;&nbsp;<A HREF=thn_issue.h1.html#POEM9>1 #9</A><DD>Kailua, Kona, Hawaii</DT>
<DT>Deb Baker:&nbsp;&nbsp;<A HREF=thn_issue.h13.html#POEM2>13 #2</A><DD>Americus, Georgia</DT>
<DT>John Barlow:&nbsp;&nbsp;<A HREF=thn_issue.h5.html#POEM10>5 #10</A><DD>Liverpool, Merseyside, England</DT>
<DT>Janelle Barrera:&nbsp;&nbsp;<A HREF=thn_issue.h13.html#POEM9>13 #9</A><DD>Key West, Florida</DT>
<DT>Jack Barry:&nbsp;&nbsp;<A HREF=thn_issue.h6.html#POEM1>6 #1</A><DD>Chesterfield, Massachusetts</DT>
<DT>Nara Bauer:&nbsp;&nbsp;<A HREF=thn_issue.h2.html#POEM10>2 #10</A><DD>Big Wheeling Creek, West Virginia</DT>
<DT>Robert Bauer:&nbsp;&nbsp;<A HREF=thn_issue.h3.html#POEM1>3 #1</A>
,&nbsp;<A HREF=thn_issue.h14.html#POEM6>14 #6</A><DD>Big Wheeling Creek, West Virginia</DT>
<DT>Roberta Beary:&nbsp;&nbsp;<A HREF=thn_issue.h3.html#POEM4>3 #4</A><DD>Bethesda, Maryland</DT>
<DT>Tony Beyer:&nbsp;&nbsp;<A HREF=thn_issue.h5.html#POEM2>5 #2</A><DD>New Plymouth, New Zealand</DT>
<DT>Janet Brof:&nbsp;&nbsp;<A HREF=thn_issue.h1.html#POEM5>1 #5</A><DD>New York, New York</DT>
<DT>Colo Buchanan:&nbsp;&nbsp;<A HREF=thn_issue.h6.html#POEM10>6 #10</A><DD>Lisburn, Antrim, North Ireland</DT>
<DT>Helen Buckingham:&nbsp;&nbsp;<A HREF=thn_issue.h9.html#POEM5>9 #5</A><DD>Bristol, Avon, England</DT>
<DT>Allan Burns:&nbsp;&nbsp;<A HREF=thn_issue.h11.html#POEM6>11 #6</A><DD>Colorado Springs, Colorado</DT>
<DT>Yvonne Cabalona:&nbsp;&nbsp;<A HREF=thn_issue.h1.html#POEM1>1 #1</A>,
,&nbsp;<A HREF=thn_issue.h9.html#POEM1>9 #1</A><DD>Modesto, California</DT>
<DT>Karen Cesar:&nbsp;&nbsp;<A HREF=thn_issue.h2.html#POEM2>2 #2</A><DD>Tucson, Arizona</DT>
<DT>Yu Chang:&nbsp;&nbsp;<A HREF=thn_issue.h2.html#POEM8>2 #8</A><DD>Schenectady, New York</DT>
<DT>Rosa Clement:&nbsp;&nbsp;<A HREF=thn_issue.h4.html#POEM3>4 #3</A><DD>Manaus, Amazonas, Brazil</DT>
<DT>Charlie Close:&nbsp;&nbsp;<A HREF=thn_issue.h13.html#POEM7>13 #7</A><DD>Goodrich, Michigan</DT>
<DT>Martin Gottlieb Cohen:&nbsp;&nbsp;<A HREF=thn_issue.h8.html#POEM8>8 #8</A><DD>Egg Harbor, New Jersey</DT>
<DT>Ellen Compton:&nbsp;&nbsp;<A HREF=thn_issue.h7.html#POEM6>7 #6</A>
,&nbsp;<A HREF=thn_issue.h15.html#POEM2>15 #2</A><DD>Washington, D. C.</DT>
<DT>Susan Constable:&nbsp;&nbsp;<A HREF=thn_issue.h3.html#POEM5>3 #5</A><DD>Nanoose Bay, British Columbia, Canada</DT>
<DT>Paul Cordeiro :&nbsp;&nbsp;<A HREF=thn_issue.h11.html#POEM4>11 #4</A><DD>Wareham, Massachusetts</DT>
<DT>William Cullen, Jr.:&nbsp;&nbsp;<A HREF=thn_issue.h7.html#POEM2>7 #2</A><DD>Brooklyn, New York</DT>
<DT>Ian Daw:&nbsp;&nbsp;<A HREF=thn_issue.h3.html#POEM3>3 #3</A><DD>Lancaster, Lancashire, England</DT>
<DT>Cherie Hunter Day:&nbsp;&nbsp;<A HREF=thn_issue.h1.html#POEM7>1 #7</A><DD>San Diego, California</DT>
<DT>Marili Deandrea:&nbsp;&nbsp;<A HREF=thn_issue.h11.html#POEM5>11 #5</A><DD>Torino, Italy</DT>
<DT>Angelee Deodhar:&nbsp;&nbsp;<A HREF=thn_issue.h4.html#POEM6>4 #6</A><DD>Chandigarh, India</DT>
<DT>Connie Donleycott:&nbsp;&nbsp;<A HREF=thn_issue.h9.html#POEM6>9 #6</A>
,&nbsp;<A HREF=thn_issue.h7.html#POEM10>7 #10</A><DD>Bremerton, Washington</DT>
<DT>George Dorsty:&nbsp;&nbsp;<A HREF=thn_issue.h8.html#POEM9>8 #9</A><DD>Yorktown, Virginia</DT>
<DT>Audrey Downey:&nbsp;&nbsp;<A HREF=thn_issue.h8.html#POEM3>8 #3</A><DD>New Haven, Connecticut</DT>
<DT>Curtis Dunlap:&nbsp;&nbsp;<A HREF=thn_issue.h3.html#POEM6>3 #6</A><DD>Mayodan, North Carolina</DT>
<DT>Chris Eichenberger:&nbsp;&nbsp;<A HREF=thn_issue.h10.html#POEM8>10 #8</A><DD>Ringwood, Victoria, Australia</DT>
<DT>Margarita Engle:&nbsp;&nbsp;<A HREF=thn_issue.e1.html#POEM3>EC #3</A><DD>Clovis, California</DT>
<DT>Stephen Engleman:&nbsp;&nbsp;<A HREF=thn_issue.h8.html#POEM7>8 #7</A><DD>Ithaca, New York</DT>
<DT>Robert Epstein:&nbsp;&nbsp;<A HREF=thn_issue.h5.html#POEM6>5 #6</A><DD>El Cerrito, California</DT>
<DT>Paula Fisher:&nbsp;&nbsp;<A HREF=thn_issue.h9.html#POEM7>9 #7</A><DD>Key Largo, Florida</DT>
<DT>Lorin Ford:&nbsp;&nbsp;<A HREF=thn_issue.h7.html#POEM1>7 #1</A><DD>Brunswick, Victoria, Australia</DT>
<DT>Alice Frampton:&nbsp;&nbsp;<A HREF=thn_issue.h11.html#POEM7>11 #7</A><DD>Creston, British Columbia, Canada</DT>
<DT>Laryalee Fraser:&nbsp;&nbsp;<A HREF=thn_issue.h14.html#POEM7>14 #7</A><DD>Salmon Arm, British Columbia, Canada</DT>
<DT>D. Claire Gallagher:&nbsp;&nbsp;<A HREF=thn_issue.h8.html#POEM6>8 #6</A><DD>Sunnyvale, California</DT>
<DT>Robbie Gamble:&nbsp;&nbsp;<A HREF=thn_issue.h13.html#POEM4>13 #4</A><DD>Jamaica Plain, Massachusetts</DT>
<DT>Brenda J. Gannam:&nbsp;&nbsp;<A HREF=thn_issue.h15.html#POEM3>15 #3</A><DD>Brooklyn, New York</DT>
<DT>Victor P. Gendrano:&nbsp;&nbsp;<A HREF=thn_issue.h2.html#POEM1>2 #1</A><DD>Lakewood, California</DT>
<DT>Barry George:&nbsp;&nbsp;<A HREF=thn_issue.h12.html#POEM10>12 #10</A><DD>Philadelphia, Pennsylvania</DT>
<DT>David Gershator:&nbsp;&nbsp;<A HREF=thn_issue.h14.html#POEM3>14 #3</A><DD>St. Thomas, U.S. Virgin Islands</DT>
<DT>David Giacalone:&nbsp;&nbsp;<A HREF=thn_issue.h7.html#POEM8>7 #8</A><DD>Schenectady, New York</DT>
<DT>Irene Golas:&nbsp;&nbsp;<A HREF=thn_issue.h12.html#POEM2>12 #2</A><DD>Sudbury, Ontario, Canada</DT>
<DT>Merrill Ann Gonzales:&nbsp;&nbsp;<A HREF=thn_issue.h10.html#POEM7>10 #7</A><DD>Dayville, Connecticut</DT>
<DT>LeRoy Gorman:&nbsp;&nbsp;<A HREF=thn_issue.h8.html#POEM5>8 #5</A><DD>Napanee, Ontario, Canada</DT>
<DT>Sari Grandstaff:&nbsp;&nbsp;<A HREF=thn_issue.h2.html#POEM3>2 #3</A><DD>Saugerties, New York</DT>
<DT>Kay Grimnes:&nbsp;&nbsp;<A HREF=thn_issue.h9.html#POEM2>9 #2</A><DD>Alma, Michigan</DT>
<DT>Gina:&nbsp;&nbsp;<A HREF=thn_issue.h2.html#POEM4>2 #4</A><DD>Launceston, Tasmania, Australia</DT>
<DT>Carolyn Hall:&nbsp;&nbsp;<A HREF=thn_issue.h10.html#POEM3>10 #3</A><DD>San Francisco, California</DT>
<DT>Jay Haskins:&nbsp;&nbsp;<A HREF=thn_issue.h14.html#POEM1>14 #1</A><DD>Port Townsend, Washington</DT>
<DT>Timothy Hawkes:&nbsp;&nbsp;<A HREF=thn_issue.h1.html#POEM3>1 #3</A>
,&nbsp;<A HREF=thn_issue.h6.html#POEM8>6 #8</A><DD>Centerville, Utah</DT>
<DT>Ruth Holzer:&nbsp;&nbsp;<A HREF=thn_issue.h3.html#POEM2>3 #2</A>
,&nbsp;<A HREF=thn_issue.h6.html#POEM3>6 #3</A><DD>Herndon, Virginia</DT>
<DT>Gregory Hopkins:&nbsp;&nbsp;<A HREF=thn_issue.h5.html#POEM9>5 #9</A><DD>Weaver, Alabama</DT>
<DT>Gary Hotham:&nbsp;&nbsp;<A HREF=thn_issue.h6.html#POEM2>6 #2</A><DD>Zwingenberg, Germany</DT>
<DT>Elizabeth Howard:&nbsp;&nbsp;<A HREF=thn_issue.h14.html#POEM10>14 #10</A><DD>Crossville, Tennessee</DT>
<DT>Keiko Izawa:&nbsp;&nbsp;<A HREF=thn_issue.h13.html#POEM8>13 #8</A><DD>Yokohama, Japan</DT>
<DT>J&oumlaut;rgen Johansson:&nbsp;&nbsp;<A HREF=thn_issue.h10.html#POEM9>10 #9</A><DD>Lidkaping, Sweden</DT>
<DT>John Kinory:&nbsp;&nbsp;<A HREF=thn_issue.h8.html#POEM10>8 #10</A><DD>Steeple Aston, Oxfordshire, England</DT>
<DT>Deborah Kolodji:&nbsp;&nbsp;<A HREF=thn_issue.h4.html#POEM5>4 #5</A><DD>Temple City, California</DT>
<DT>Elizabeth F. Kusuda:&nbsp;&nbsp;<A HREF=thn_issue.h11.html#POEM2>11 #2</A><DD>Issaquah, Washington</DT>
<DT>Marcus Larsson:&nbsp;&nbsp;<A HREF=thn_issue.h14.html#POEM8>14 #8</A><DD>Vaxjo, Sweden</DT>
<DT>Rajiv Lather :&nbsp;&nbsp;<A HREF=thn_issue.h7.html#POEM9>7 #9</A><DD>Karnal, India</DT>
