<DT>Burnell Lippy:&nbsp;&nbsp;<A HREF=thn_issue.h2.html#POEM5>2 #5</A><DD>Mt. Tremper, New York</DT>
<DT>Myron Lysenko:&nbsp;&nbsp;<A HREF=thn_issue.h12.html#POEM3>12 #3</A><DD>Brunswick, East Victoria, Australia</DT>
<DT>paul m.:&nbsp;&nbsp;<A HREF=thn_issue.h15.html#POEM4>15 #4</A>
,&nbsp;<A HREF=thn_issue.e1.html#POEM2>EC #2</A><DD>Bristol, Rhode Island</DT>
<DT>Tomislav Maretic:&nbsp;&nbsp;<A HREF=thn_issue.h1.html#POEM8>1 #8</A><DD>Vrapche, Croatia</DT>
<DT>Scott Mason:&nbsp;&nbsp;<A HREF=thn_issue.h6.html#POEM5>6 #5</A><DD>Chappaqua, New York</DT>
<DT>Michael McClintock:&nbsp;&nbsp;<A HREF=thn_issue.h1.html#POEM10>1 #10</A><DD>Fresno, California</DT>
<DT>Mary Lee McClure:&nbsp;&nbsp;<A HREF=thn_issue.h11.html#POEM3>11 #3</A><DD>Kokomo, Indiana</DT>
<DT>Scott Metz:&nbsp;&nbsp;<A HREF=thn_issue.h7.html#POEM7>7 #7</A><DD>Allentown, Pennsylvania</DT>
<DT>Sabine Miller:&nbsp;&nbsp;<A HREF=thn_issue.h1.html#POEM4>1 #4</A><DD>Lagunitas, California</DT>
<DT>Don Miller:&nbsp;&nbsp;<A HREF=thn_issue.h13.html#POEM3>13 #3</A><DD>Las Cruces, New Mexico</DT>
<DT>Marianna Monaco:&nbsp;&nbsp;<A HREF=thn_issue.h12.html#POEM5>12 #5</A><DD>San Francisco, California</DT>
<DT>Lenard D. Moore:&nbsp;&nbsp;<A HREF=thn_issue.h12.html#POEM8>12 #8</A><DD>Raleigh, North Carolina</DT>
<DT>Matt Morden:&nbsp;&nbsp;<A HREF=thn_issue.h8.html#POEM2>8 #2</A><DD>Hermon, Wales</DT>
<DT>Ron Moss:&nbsp;&nbsp;<A HREF=thn_issue.h14.html#POEM5>14 #5</A><DD>Leslie Vale, Tasmania, Australia</DT>
<DT>Elizabeth Moura:&nbsp;&nbsp;<A HREF=thn_issue.h3.html#POEM10>3 #10</A><DD>East Taunton, Massachusetts</DT>
<DT>Dustin Neal :&nbsp;&nbsp;<A HREF=thn_issue.h12.html#POEM4>12 #4</A><DD>Crockett, Texas</DT>
<DT>Graham Nunn:&nbsp;&nbsp;<A HREF=thn_issue.h6.html#POEM7>6 #7</A><DD>Brisbane, Queensland, Australia</DT>
<DT>Lane Parker:&nbsp;&nbsp;<A HREF=thn_issue.h2.html#POEM6>2 #6</A><DD>San Francisco, California</DT>
<DT>Brent Partridge:&nbsp;&nbsp;<A HREF=thn_issue.h6.html#POEM4>6 #4</A>
,&nbsp;<A HREF=thn_issue.h13.html#POEM5>13 #5</A><DD>Orinda, California</DT>
<DT>Christopher Patchel:&nbsp;&nbsp;<A HREF=thn_issue.h9.html#POEM4>9 #4</A><DD>Chicago, Illinois</DT>
<DT>Matthew Paul:&nbsp;&nbsp;<A HREF=thn_issue.h10.html#POEM1>10 #1</A><DD>Kingston Upon Thames, Surrey, England</DT>
<DT>Paul Pfleuger, Jr.:&nbsp;&nbsp;<A HREF=thn_issue.h9.html#POEM9>9 #9</A><DD>Tainan, Taiwan</DT>
<DT>Greg Piko:&nbsp;&nbsp;<A HREF=thn_issue.h2.html#POEM7>2 #7</A><DD>Canberra, Australia</DT>
<DT>Patricia Prime:&nbsp;&nbsp;<A HREF=thn_issue.h5.html#POEM3>5 #3</A><DD>Auckland, New Zealand</DT>
<DT>Kala Ramesh:&nbsp;&nbsp;<A HREF=thn_issue.h2.html#POEM9>2 #9</A><DD>Pune, Maharashtra, India</DT>
<DT>K. Ramesh:&nbsp;&nbsp;<A HREF=thn_issue.h3.html#POEM9>3 #9</A><DD>Adyar, Chennai, India</DT>
<DT>Lynne Rees:&nbsp;&nbsp;<A HREF=thn_issue.h9.html#POEM10>9 #10</A><DD>Offham, Kent, England</DT>
<DT>Chad Lee Robinson:&nbsp;&nbsp;<A HREF=thn_issue.h13.html#POEM6>13 #6</A>
,&nbsp;<A HREF=thn_issue.h14.html#POEM2>14 #2</A><DD>Pierre, South Dakota</DT>
<DT>Ashley Rodman:&nbsp;&nbsp;<A HREF=thn_issue.h6.html#POEM9>6 #9</A><DD>Champagne, Illinois</DT>
<DT>Emily Romano:&nbsp;&nbsp;<A HREF=thn_issue.h11.html#POEM10>11 #10</A><DD>Boonton, New Jersey</DT>
<DT>Michele Root-Bernstein:&nbsp;&nbsp;<A HREF=thn_issue.h10.html#POEM5>10 #5</A><DD>East Lansing, Michigan</DT>
<DT>Bruce Ross:&nbsp;&nbsp;<A HREF=thn_issue.h14.html#POEM9>14 #9</A><DD>Orono, Maine</DT>
<DT>Helen Russell:&nbsp;&nbsp;<A HREF=thn_issue.h7.html#POEM5>7 #5</A><DD>Issaquah, Washington</DT>
<DT>Miriam Sagan:&nbsp;&nbsp;<A HREF=thn_issue.h4.html#POEM2>4 #2</A><DD>Santa Fe, New Mexico</DT>
<DT>Grant Savage:&nbsp;&nbsp;<A HREF=thn_issue.h12.html#POEM7>12 #7</A><DD>Ottawa, Ontario, Canada</DT>
<DT>Ann K. Schwader:&nbsp;&nbsp;<A HREF=thn_issue.h13.html#POEM1>13 #1</A><DD>Westminster, Colorado</DT>
<DT>Sandra Simpson:&nbsp;&nbsp;<A HREF=thn_issue.h10.html#POEM4>10 #4</A><DD>Tauranga, New Zealand</DT>
<DT>Chaz Southard:&nbsp;&nbsp;<A HREF=thn_issue.h1.html#POEM2>1 #2</A><DD>Topsfield, Massachusetts</DT>
<DT>S. R. Spanyer:&nbsp;&nbsp;<A HREF=thn_issue.h11.html#POEM1>11 #1</A><DD>Louisville, Kentucky</DT>
<DT>Sue Stanford:&nbsp;&nbsp;<A HREF=thn_issue.h7.html#POEM4>7 #4</A><DD>Melbourne, Victoria, Australia</DT>
<DT>Lynne Steel:&nbsp;&nbsp;<A HREF=thn_issue.h9.html#POEM3>9 #3</A><DD>Hillsboro Beach, Florida</DT>
<DT>John Stevenson:&nbsp;&nbsp;<A HREF=thn_issue.h5.html#POEM1>5 #1</A><DD>Nassau, New York</DT>
<DT>Nancy Stewart-Smith:&nbsp;&nbsp;<A HREF=thn_issue.h11.html#POEM8>11 #8</A><DD>Athens, Georgia</DT>
<DT>Maria Steyn:&nbsp;&nbsp;<A HREF=thn_issue.h8.html#POEM1>8 #1</A><DD>Johannesburg, South Africa</DT>
<DT>Jeff Stillman:&nbsp;&nbsp;<A HREF=thn_issue.h3.html#POEM7>3 #7</A>
,&nbsp;<A HREF=thn_issue.h4.html#POEM9>4 #9</A><DD>Norwich, New York</DT>
<DT>Andre&acute; Surridge:&nbsp;&nbsp;<A HREF=thn_issue.h4.html#POEM10>4 #10</A><DD>Hamilton, New Zealand</DT>
<DT>George Swede:&nbsp;&nbsp;<A HREF=thn_issue.h5.html#POEM8>5 #8</A>
,&nbsp;<A HREF=thn_issue.h9.html#POEM8>9 #8</A><DD>Toronto, Ontario, Canada</DT>
<DT>Patrick Sweeney:&nbsp;&nbsp;<A HREF=thn_issue.h4.html#POEM1>4 #1</A><DD>Misawashi, Japan</DT>
<DT>Hilary Tann:&nbsp;&nbsp;<A HREF=thn_issue.h3.html#POEM8>3 #8</A><DD>Schuylerville, New York</DT>
<DT>Dietmar Tauchner:&nbsp;&nbsp;<A HREF=thn_issue.h5.html#POEM7>5 #7</A><DD>Puchberg, Austria</DT>
<DT>Petar Tchouhov:&nbsp;&nbsp;<A HREF=thn_issue.h5.html#POEM5>5 #5</A>
,&nbsp;<A HREF=thn_issue.h15.html#POEM1>15 #1</A><DD>Sofia, Bulgaria</DT>
<DT>A. Thiagarajan:&nbsp;&nbsp;<A HREF=thn_issue.h5.html#POEM4>5 #4</A><DD>Mumbai, India</DT>
<DT>Tom Tico:&nbsp;&nbsp;<A HREF=thn_issue.h10.html#POEM2>10 #2</A><DD>San Francisco, California</DT>
<DT>Jennie Townsend:&nbsp;&nbsp;<A HREF=thn_issue.h12.html#POEM9>12 #9</A><DD>O&#8217;Fallon, Missouri</DT>
<DT>Ross Vassilev :&nbsp;&nbsp;<A HREF=thn_issue.h1.html#POEM6>1 #6</A><DD>Delaware, Ohio</DT>
<DT>Sasa Vazic:&nbsp;&nbsp;<A HREF=thn_issue.h4.html#POEM7>4 #7</A><DD>Beograd, Yugoslavia</DT>
<DT>Harriot West:&nbsp;&nbsp;<A HREF=thn_issue.h12.html#POEM1>12 #1</A>
,&nbsp;<A HREF=thn_issue.h14.html#POEM4>14 #4</A><DD>Eugene, Oregon</DT>
<DT>Billie Wilson:&nbsp;&nbsp;<A HREF=thn_issue.h8.html#POEM4>8 #4</A>
,&nbsp;<A HREF=thn_issue.e1.html#POEM1>EC #1</A><DD>Juneau, Alaska</DT>
<DT>Tom Wooldridge:&nbsp;&nbsp;<A HREF=thn_issue.h4.html#POEM8>4 #8</A><DD>Mt. View, California</DT>
<DT>Ruth Yarrow:&nbsp;&nbsp;<A HREF=thn_issue.h6.html#POEM6>6 #6</A>
,&nbsp;<A HREF=thn_issue.h11.html#POEM9>11 #9</A><DD>Seattle, Washington</DT>
<DT>Quendryth Young:&nbsp;&nbsp;<A HREF=thn_issue.h7.html#POEM3>7 #3</A><DD>Alstonville, New South Wales, Australia</DT>
<DT>Cindy Zackowitz:&nbsp;&nbsp;<A HREF=thn_issue.h12.html#POEM6>12 #6</A>
,&nbsp;<A HREF=thn_issue.h13.html#POEM10>13 #10</A><DD>Anchorage, Alaska</DT>
<DT>Joan Zimmerman:&nbsp;&nbsp;<A HREF=thn_issue.h10.html#POEM6>10 #6</A><DD>Santa Cruz, California</DT>
