<DT>Odd G. Aksnes:&nbsp;&nbsp;<A HREF=thn_issue.h5.html#POEM00>5 #0</A><DD>Tonsberg, Norway</DT> 
<DT>Kay F. Anderson:&nbsp;&nbsp;<A HREF=thn_issue.h1.html#POEM02>1 #2</A><DD>Redwood Shores, California</DT> 
<DT>Jeanne Marie Booth:&nbsp;&nbsp;<A HREF=thn_issue.h1.html#POEM05>1 #5</A><DD>Dillard, Georgia</DT> 
<DT>Mark Brooks:&nbsp;&nbsp;<A HREF=thn_issue.h1.html#POEM03>1 #3</A><DD>Austin, Texas</DT> 
<DT>Naomi Y. Brown:&nbsp;&nbsp;<A HREF=thn_issue.h2.html#POEM09>2 #9</A><DD>Sun City West, Arizona</DT> 
<DT>Darrell Byrd:&nbsp;&nbsp;<A HREF=thn_issue.h3.html#POEM09>3 #9</A><DD>El Centro, California</DT> 
<DT>Yvonne Cabalona:&nbsp;&nbsp;<A HREF=thn_issue.h3.html#POEM07>3 #7</A><DD>Modesto, California</DT> 
<DT>Shirley Cahayom:&nbsp;&nbsp;<A HREF=thn_issue.h5.html#POEM01>5 #1</A><DD>Brooklyn, New York</DT> 
<DT>carmen:&nbsp;&nbsp;<A HREF=thn_issue.h3.html#POEM04>3 #4</A><DD>Kamakura, Japan</DT> 
<DT>Celia Crook:&nbsp;&nbsp;<A HREF=thn_issue.h2.html#POEM04>2 #4</A><DD>Bloxham, Oxfordshire, England</DT> 
<DT>William Cullen, Jr.:&nbsp;&nbsp;<A HREF=thn_issue.h4.html#POEM03>4 #3</A><DD>Brooklyn, New York</DT> 
<DT>Cherie Hunter Day:&nbsp;&nbsp;<A HREF=thn_issue.h2.html#POEM07>2 #7</A><DD>San Diego, California</DT> 
<DT>Angelee Deodhar:&nbsp;&nbsp;<A HREF=thn_issue.h5.html#POEM05>5 #5</A><DD>Chandigarh, India</DT> 
<DT>Connie Donleycott:&nbsp;&nbsp;<A HREF=thn_issue.h3.html#POEM01>3 #1</A><DD>Bremerton, Washington</DT> 
<DT>Curtis Dunlap:&nbsp;&nbsp;<A HREF=thn_issue.h4.html#POEM06>4 #6</A><DD>Mayodan, North Carolina</DT> 
<DT>Marje A. Dyck:&nbsp;&nbsp;<A HREF=thn_issue.h2.html#POEM06>2 #6</A><DD>Saskatoon, Saskatchewan, Canada</DT> 
<DT>D. Claire Gallagher:&nbsp;&nbsp;<A HREF=thn_issue.h3.html#POEM02>3 #2</A><DD>Sunnyvale, California</DT> 
<DT>Barry George:&nbsp;&nbsp;<A HREF=thn_issue.h1.html#POEM09>1 #9</A><DD>Philadelphia, Pennsylvania</DT> 
<DT>Kay Grimnes:&nbsp;&nbsp;<A HREF=thn_issue.h1.html#POEM04>1 #4</A><DD>Alma, Michigan</DT> 
<DT>Carolyn Hall:&nbsp;&nbsp;<A HREF=thn_issue.h4.html#POEM05>4 #5</A><DD>San Francisco, California</DT> 
<DT>Helga Härle:&nbsp;&nbsp;<A HREF=thn_issue.h3.html#POEM06>3 #6</A><DD>Stockholm, Sweden</DT> 
<DT>Timothy Hawkes:&nbsp;&nbsp;<A HREF=thn_issue.h2.html#POEM05>2 #5</A><DD>Tokyo, Japan</DT> 
<DT>Evelyn Hermann:&nbsp;&nbsp;<A HREF=thn_issue.h5.html#POEM07>5 #7</A><DD>San Anselmo, California</DT> 
<DT>Gary Hotham:&nbsp;&nbsp;<A HREF=thn_issue.h4.html#POEM07>4 #7</A><DD>Laurel, Maryland</DT> 
<DT>Elizabeth Howard:&nbsp;&nbsp;<A HREF=thn_issue.h4.html#POEM00>4 #0</A><DD>Crossville, Tennessee</DT> 
<DT>Rebecca Lilly:&nbsp;&nbsp;<A HREF=thn_issue.h3.html#POEM05>3 #5</A><DD>Port Republic, Virginia</DT> 
<DT>Burnell Lippy:&nbsp;&nbsp;<A HREF=thn_issue.h5.html#POEM03>5 #3</A><DD>Mt. Tremper, New York</DT> 
<DT>Allen McGill:&nbsp;&nbsp;<A HREF=thn_issue.h3.html#POEM00>3 #0</A><DD>San Miguel de Allende, Mexico</DT> 
<DT>Lenard D. Moore:&nbsp;&nbsp;<A HREF=thn_issue.h4.html#POEM04>4 #4</A><DD>Raleigh, North Carolina</DT> 
<DT>Ron Moss:&nbsp;&nbsp;<A HREF=thn_issue.h2.html#POEM01>2 #1</A><DD>Tasmania, Australia</DT> 
<DT>Jim Mullins:&nbsp;&nbsp;<A HREF=thn_issue.h3.html#POEM08>3 #8</A><DD>New York, New York</DT> 
<DT>Pamela Miller Ness:&nbsp;&nbsp;<A HREF=thn_issue.h4.html#POEM08>4 #8</A><DD>New York, New York</DT> 
<DT>Marian Olson:&nbsp;&nbsp;<A HREF=thn_issue.h3.html#POEM03>3 #3</A><DD>Santa Fe, New Mexico</DT> 
<DT>Victor Ortiz:&nbsp;&nbsp;<A HREF=thn_issue.h5.html#POEM09>5 #9</A><DD>San Pedro, California</DT> 
<DT>Francine Porad:&nbsp;&nbsp;<A HREF=thn_issue.h1.html#POEM00>1 #0</A><DD>Mercer Island, Washington</DT> 
<DT>K. Ramesh:&nbsp;&nbsp;<A HREF=thn_issue.h2.html#POEM03>2 #3</A><DD>Adyar, Chennai, India</DT> 
<DT>Emily Romano:&nbsp;&nbsp;<A HREF=thn_issue.h2.html#POEM02>2 #2</A><DD>Boonton, New Jersey</DT> 
<DT>Sandra Simpson:&nbsp;&nbsp;<A HREF=thn_issue.h5.html#POEM08>5 #8</A><DD>Tauranga, New Zealand</DT> 
<DT>Nancy Stewart Smith:&nbsp;&nbsp;<A HREF=thn_issue.h1.html#POEM08>1 #8</A><DD>Athens, Georgia</DT> 
<DT>John Stevenson:&nbsp;&nbsp;<A HREF=thn_issue.h5.html#POEM04>5 #4</A><DD>Nassau, New York</DT> 
<DT>Maria Steyn:&nbsp;&nbsp;<A HREF=thn_issue.h2.html#POEM08>2 #8</A><DD>Joahnnesburg, South Africa</DT> 
<DT>Anna Tambour:&nbsp;&nbsp;<A HREF=thn_issue.h2.html#POEM00>2 #0</A><DD>Nowra, New South Wales, Australia</DT> 
<DT>Hilary Tann:&nbsp;&nbsp;<A HREF=thn_issue.h4.html#POEM09>4 #9</A><DD>Schuylerville, New York</DT> 
<DT>Doris Thurston:&nbsp;&nbsp;<A HREF=thn_issue.h1.html#POEM07>1 #7</A><DD>Port Townsend, Washington</DT> 
<DT>Jennie Townsend:&nbsp;&nbsp;<A HREF=thn_issue.h4.html#POEM02>4 #2</A><DD>O'Fallon, Missouri</DT> 
<DT>Michael Dylan Welch:&nbsp;&nbsp;<A HREF=thn_issue.h5.html#POEM02>5 #2</A><DD>Redmond, Washington</DT> 
<DT>Paul Wigelius:&nbsp;&nbsp;<A HREF=thn_issue.h4.html#POEM01>4 #1</A><DD>Stockholm, Sweden</DT> 
<DT>Billie Wilson:&nbsp;&nbsp;<A HREF=thn_issue.h1.html#POEM01>1 #1</A><DD>Juneau, Alaska</DT> 
<DT>John Wisdom:&nbsp;&nbsp;<A HREF=thn_issue.h1.html#POEM06>1 #6</A><DD>Sarasota, Florida</DT> 
