<P><A HREF=thn_issue.h1.html#POEM00>
Francine Porad
</A>
<P><A HREF=thn_issue.h1.html#POEM01>
Billie Wilson
</A>
<P><A HREF=thn_issue.h1.html#POEM02>
Kay F. Anderson
</A>
<P><A HREF=thn_issue.h1.html#POEM03>
Mark Brooks
</A>
<P><A HREF=thn_issue.h1.html#POEM04>
Kay Grimnes
</A>
<P><A HREF=thn_issue.h1.html#POEM05>
Jeanne Marie Booth
</A>
<P><A HREF=thn_issue.h1.html#POEM06>
John Wisdom
</A>
<P><A HREF=thn_issue.h1.html#POEM07>
Doris Thurston
</A>
<P><A HREF=thn_issue.h1.html#POEM08>
Nancy Stewart Smith
</A>
<P><A HREF=thn_issue.h1.html#POEM09>
Barry George
</A>
</TD>
 
<TD ALIGN=LEFT VALIGN=TOP WIDTH=380>
<TABLE>
 
<TR ALIGN=LEFT VALIGN=TOP>
<TD><A NAME=POEM00></A>
<P><FONT SIZE=+1>
 
gold leaves
<BR>
swirl around the maple . . .
<BR>
Thanksgiving alone
</FONT></TD></TR>
<TR ALIGN=RIGHT VALIGN=TOP><TD>
Francine Porad
<P>&nbsp;</TD></TR>
<TR ALIGN=LEFT VALIGN=TOP>
<TD><A NAME=POEM02></A>
<P><FONT SIZE=+1>
 
possible remission &#150;
<BR>
bitter wind
<BR>
shivers the shutters
</FONT></TD></TR>
<TR ALIGN=RIGHT VALIGN=TOP><TD>
Kay F. Anderson
<P>&nbsp;</TD></TR>
<TR ALIGN=LEFT VALIGN=TOP>
<TD><A NAME=POEM04></A>
<P><FONT SIZE=+1>
 
his silence
<BR>
the sounds of rain
<BR>
        becoming hail
</FONT></TD></TR>
<TR ALIGN=RIGHT VALIGN=TOP><TD>
Kay Grimnes
<P>&nbsp;</TD></TR>
<TR ALIGN=LEFT VALIGN=TOP>
<TD><A NAME=POEM06></A>
<P><FONT SIZE=+1>
 
pulsing light &#150;
<BR>
the crunch of leaves
<BR>
as the ambulance pulls away
</FONT></TD></TR>
<TR ALIGN=RIGHT VALIGN=TOP><TD>
John Wisdom
<P>&nbsp;</TD></TR>
<TR ALIGN=LEFT VALIGN=TOP>
<TD><A NAME=POEM08></A>
<P><FONT SIZE=+1>
 
first snow &#150;
<BR>
in each school window
<BR>
a face
</FONT></TD></TR>
<TR ALIGN=RIGHT VALIGN=TOP><TD>
Nancy Stewart Smith
<P>&nbsp;</TD></TR>
 
</TABLE></TD>
 
<TD ALIGN=LEFT VALIGN=TOP WIDTH=380>
<TABLE><TR ALIGN=LEFT VALIGN=TOP>
<TD><FONT SIZE=-2>&nbsp;</FONT></TD>
</TR>
 
<TR ALIGN=RIGHT VALIGN=TOP>
<TD>&nbsp;</TD>
</TR>
<TR ALIGN=LEFT VALIGN=TOP>
<TD><A NAME=POEM01></A>
<P><FONT SIZE=+1>
 
scent of winter &#150;
<BR>
the sycamore's tire swing
<BR>
turns in the wind
</FONT></TD></TR>
<TR ALIGN=RIGHT VALIGN=TOP><TD>
Billie Wilson
<P>&nbsp;</TD></TR>
<TR ALIGN=LEFT VALIGN=TOP>
<TD><A NAME=POEM03></A>
<P><FONT SIZE=+1>
 
sounds of a downpour . . .
<BR>
I trace the pillow pattern
<BR>
on her cheek
</FONT></TD></TR>
<TR ALIGN=RIGHT VALIGN=TOP><TD>
Mark Brooks
<P>&nbsp;</TD></TR>
<TR ALIGN=LEFT VALIGN=TOP>
<TD><A NAME=POEM05></A>
<P><FONT SIZE=+1>
 
stormy night
<BR>
hot Jelly Roll
<BR>
from the jukebox
</FONT></TD></TR>
<TR ALIGN=RIGHT VALIGN=TOP><TD>
Jeanne Marie Booth
<P>&nbsp;</TD></TR>
<TR ALIGN=LEFT VALIGN=TOP>
<TD><A NAME=POEM07></A>
<P><FONT SIZE=+1>
 
morning frost
<BR>
a compost seedling
<BR>
sparkles
</FONT></TD></TR>
<TR ALIGN=RIGHT VALIGN=TOP><TD>
Doris Thurston
<P>&nbsp;</TD></TR>
<TR ALIGN=LEFT VALIGN=TOP>
<TD><A NAME=POEM09></A>
<P><FONT SIZE=+1>
 
clear marsh sky &#150;
<BR>
the sound of geese
<BR>
drinking water
</FONT></TD></TR>
<TR ALIGN=RIGHT VALIGN=TOP><TD>
Barry George
<P>&nbsp;</TD></TR>
