<P><A HREF=thn_issue.h2.html#POEM00>
Anna Tambour
</A>
<P><A HREF=thn_issue.h2.html#POEM01>
Ron Moss
</A>
<P><A HREF=thn_issue.h2.html#POEM02>
Emily Romano
</A>
<P><A HREF=thn_issue.h2.html#POEM03>
K. Ramesh
</A>
<P><A HREF=thn_issue.h2.html#POEM04>
Celia Crook
</A>
<P><A HREF=thn_issue.h2.html#POEM05>
Timothy Hawkes
</A>
<P><A HREF=thn_issue.h2.html#POEM06>
Marje A. Dyck
</A>
<P><A HREF=thn_issue.h2.html#POEM07>
Cherie Hunter Day
</A>
<P><A HREF=thn_issue.h2.html#POEM08>
Maria Steyn
</A>
<P><A HREF=thn_issue.h2.html#POEM09>
Naomi Y. Brown
</A>
</TD>
 
<TD ALIGN=LEFT VALIGN=TOP WIDTH=380>
<TABLE>
 
<TR ALIGN=LEFT VALIGN=TOP>
<TD><A NAME=POEM00></A>
<P><FONT SIZE=+1>
 
sharp moon
<BR>
the sound of a cow
<BR>
chewing dry leaves
</FONT></TD></TR>
<TR ALIGN=RIGHT VALIGN=TOP><TD>
Anna Tambour
<P>&nbsp;</TD></TR>
<TR ALIGN=LEFT VALIGN=TOP>
<TD><A NAME=POEM02></A>
<P><FONT SIZE=+1>
 
fireplace ash
<BR>
   a mouse's journey
<BR>
       from here    to there
</FONT></TD></TR>
<TR ALIGN=RIGHT VALIGN=TOP><TD>
Emily Romano
<P>&nbsp;</TD></TR>
<TR ALIGN=LEFT VALIGN=TOP>
<TD><A NAME=POEM04></A>
<P><FONT SIZE=+1>
 
tractor sounds
<BR>
mare and foal
<BR>
touch noses
</FONT></TD></TR>
<TR ALIGN=RIGHT VALIGN=TOP><TD>
Celia Crook
<P>&nbsp;</TD></TR>
<TR ALIGN=LEFT VALIGN=TOP>
<TD><A NAME=POEM06></A>
<P><FONT SIZE=+1>
 
a bicycle
<BR>
left in the meadow
<BR>
long shadows
</FONT></TD></TR>
<TR ALIGN=RIGHT VALIGN=TOP><TD>
Marje A. Dyck
<P>&nbsp;</TD></TR>
<TR ALIGN=LEFT VALIGN=TOP>
<TD><A NAME=POEM08></A>
<P><FONT SIZE=+1>
 
twilight blossoms
<BR>
the robin's song moves
<BR>
from tree to tree
</FONT></TD></TR>
<TR ALIGN=RIGHT VALIGN=TOP><TD>
Maria Steyn
<P>&nbsp;</TD></TR>
 
</TABLE></TD>
 
<TD ALIGN=LEFT VALIGN=TOP WIDTH=380>
<TABLE><TR ALIGN=LEFT VALIGN=TOP>
<TD><FONT SIZE=-2>&nbsp;</FONT></TD>
</TR>
 
<TR ALIGN=RIGHT VALIGN=TOP>
<TD>&nbsp;</TD>
</TR>
<TR ALIGN=LEFT VALIGN=TOP>
<TD><A NAME=POEM01></A>
<P><FONT SIZE=+1>
 
Zen garden &#150;
<BR>
snow melts
<BR>
in raked patterns
</FONT></TD></TR>
<TR ALIGN=RIGHT VALIGN=TOP><TD>
Ron Moss
<P>&nbsp;</TD></TR>
<TR ALIGN=LEFT VALIGN=TOP>
<TD><A NAME=POEM03></A>
<P><FONT SIZE=+1>
 
dawn . . .
<BR>
amid bird calls
<BR>
the sound of a broom
</FONT></TD></TR>
<TR ALIGN=RIGHT VALIGN=TOP><TD>
K. Ramesh
<P>&nbsp;</TD></TR>
<TR ALIGN=LEFT VALIGN=TOP>
<TD><A NAME=POEM05></A>
<P><FONT SIZE=+1>
 
7th floor, cubicle 9 &#150;
<BR>
a butterfly drifts
<BR>
past the window
</FONT></TD></TR>
<TR ALIGN=RIGHT VALIGN=TOP><TD>
Timothy Hawkes
<P>&nbsp;</TD></TR>
<TR ALIGN=LEFT VALIGN=TOP>
<TD><A NAME=POEM07></A>
<P><FONT SIZE=+1>
 
last light
<BR>
a hot air balloon
<BR>
dips into the canyon
</FONT></TD></TR>
<TR ALIGN=RIGHT VALIGN=TOP><TD>
Cherie Hunter Day
<P>&nbsp;</TD></TR>
<TR ALIGN=LEFT VALIGN=TOP>
<TD><A NAME=POEM09></A>
<P><FONT SIZE=+1>
 
twilight lingers
<BR>
a coyote's shadow slips
<BR>
across the neighbor's yard
</FONT></TD></TR>
<TR ALIGN=RIGHT VALIGN=TOP><TD>
Naomi Y. Brown
<P>&nbsp;</TD></TR>
