<P><A HREF=thn_issue.h3.html#POEM00>
Allen McGill
</A>
<P><A HREF=thn_issue.h3.html#POEM01>
Connie Donleycott
</A>
<P><A HREF=thn_issue.h3.html#POEM02>
D. Claire Gallagher
</A>
<P><A HREF=thn_issue.h3.html#POEM03>
Marian Olson
</A>
<P><A HREF=thn_issue.h3.html#POEM04>
carmen
</A>
<P><A HREF=thn_issue.h3.html#POEM05>
Rebecca Lilly
</A>
<P><A HREF=thn_issue.h3.html#POEM06>
Helga Härle
</A>
<P><A HREF=thn_issue.h3.html#POEM07>
Yvonne Cabalona
</A>
<P><A HREF=thn_issue.h3.html#POEM08>
Jim Mullins
</A>
<P><A HREF=thn_issue.h3.html#POEM09>
Darrell Byrd
</A>
</TD>
 
<TD ALIGN=LEFT VALIGN=TOP WIDTH=380>
<TABLE>
 
<TR ALIGN=LEFT VALIGN=TOP>
<TD><A NAME=POEM00></A>
<P><FONT SIZE=+1>
 
angry voices
<BR>
the child purrs
<BR>
to his kitten
</FONT></TD></TR>
<TR ALIGN=RIGHT VALIGN=TOP><TD>
Allen McGill
<P>&nbsp;</TD></TR>
<TR ALIGN=LEFT VALIGN=TOP>
<TD><A NAME=POEM02></A>
<P><FONT SIZE=+1>
 
sparrow's song &#150;
<BR>
the ancient piling
<BR>
of a lake-dweller site
</FONT></TD></TR>
<TR ALIGN=RIGHT VALIGN=TOP><TD>
D. Claire Gallagher
<P>&nbsp;</TD></TR>
<TR ALIGN=LEFT VALIGN=TOP>
<TD><A NAME=POEM04></A>
<P><FONT SIZE=+1>
 
grassy hill &#150;
<BR>
a suitcase of dolls
<BR>
let out to stretch
</FONT></TD></TR>
<TR ALIGN=RIGHT VALIGN=TOP><TD>
carmen
<P>&nbsp;</TD></TR>
<TR ALIGN=LEFT VALIGN=TOP>
<TD><A NAME=POEM06></A>
<P><FONT SIZE=+1>
 
a child's shoe
<BR>
left on the wooden bridge &#150;
<BR>
late spring
</FONT></TD></TR>
<TR ALIGN=RIGHT VALIGN=TOP><TD>
Helga Härle
<P>&nbsp;</TD></TR>
<TR ALIGN=LEFT VALIGN=TOP>
<TD><A NAME=POEM08></A>
<P><FONT SIZE=+1>
 
river fog
<BR>
the slow creaking
<BR>
of an anchor line
</FONT></TD></TR>
<TR ALIGN=RIGHT VALIGN=TOP><TD>
Jim Mullins
<P>&nbsp;</TD></TR>
 
</TABLE></TD>
 
<TD ALIGN=LEFT VALIGN=TOP WIDTH=380>
<TABLE><TR ALIGN=LEFT VALIGN=TOP>
<TD><FONT SIZE=-2>&nbsp;</FONT></TD>
</TR>
 
<TR ALIGN=RIGHT VALIGN=TOP>
<TD>&nbsp;</TD>
</TR>
<TR ALIGN=LEFT VALIGN=TOP>
<TD><A NAME=POEM01></A>
<P><FONT SIZE=+1>
 
alone at sunrise . . .
<BR>
a small wave covers
<BR>
my shadow
</FONT></TD></TR>
<TR ALIGN=RIGHT VALIGN=TOP><TD>
Connie Donleycott
<P>&nbsp;</TD></TR>
<TR ALIGN=LEFT VALIGN=TOP>
<TD><A NAME=POEM03></A>
<P><FONT SIZE=+1>
 
soft morning rain
<BR>
the island deer stretches
<BR>
for a golden plum
</FONT></TD></TR>
<TR ALIGN=RIGHT VALIGN=TOP><TD>
Marian Olson
<P>&nbsp;</TD></TR>
<TR ALIGN=LEFT VALIGN=TOP>
<TD><A NAME=POEM05></A>
<P><FONT SIZE=+1>
 
late-day silence
<BR>
the backs of cattle
<BR>
steaming after rain
</FONT></TD></TR>
<TR ALIGN=RIGHT VALIGN=TOP><TD>
Rebecca Lilly
<P>&nbsp;</TD></TR>
<TR ALIGN=LEFT VALIGN=TOP>
<TD><A NAME=POEM07></A>
<P><FONT SIZE=+1>
 
covered bridge
<BR>
the sound of the river
<BR>
between planks
</FONT></TD></TR>
<TR ALIGN=RIGHT VALIGN=TOP><TD>
Yvonne Cabalona
<P>&nbsp;</TD></TR>
<TR ALIGN=LEFT VALIGN=TOP>
<TD><A NAME=POEM09></A>
<P><FONT SIZE=+1>
 
willow scent
<BR>
a kingfisher hangs
<BR>
in the air
</FONT></TD></TR>
<TR ALIGN=RIGHT VALIGN=TOP><TD>
Darrell Byrd
<P>&nbsp;</TD></TR>
