<P><A HREF=thn_issue.h4.html#POEM00>
Elizabeth Howard
</A>
<P><A HREF=thn_issue.h4.html#POEM01>
Paul Wigelius
</A>
<P><A HREF=thn_issue.h4.html#POEM02>
Jennie Townsend
</A>
<P><A HREF=thn_issue.h4.html#POEM03>
William Cullen, Jr.
</A>
<P><A HREF=thn_issue.h4.html#POEM04>
Lenard D. Moore
</A>
<P><A HREF=thn_issue.h4.html#POEM05>
Carolyn Hall
</A>
<P><A HREF=thn_issue.h4.html#POEM06>
Curtis Dunlap
</A>
<P><A HREF=thn_issue.h4.html#POEM07>
Gary Hotham
</A>
<P><A HREF=thn_issue.h4.html#POEM08>
Pamela Miller Ness
</A>
<P><A HREF=thn_issue.h4.html#POEM09>
Hilary Tann
</A>
</TD>
 
<TD ALIGN=LEFT VALIGN=TOP WIDTH=380>
<TABLE>
 
<TR ALIGN=LEFT VALIGN=TOP>
<TD><A NAME=POEM00></A>
<P><FONT SIZE=+1>
 
haloed sun
<BR>
the slight whispering
<BR>
of tall corn
</FONT></TD></TR>
<TR ALIGN=RIGHT VALIGN=TOP><TD>
Elizabeth Howard
<P>&nbsp;</TD></TR>
<TR ALIGN=LEFT VALIGN=TOP>
<TD><A NAME=POEM02></A>
<P><FONT SIZE=+1>
 
heat lightning
<BR>
a tangled string
<BR>
the cat left behind
</FONT></TD></TR>
<TR ALIGN=RIGHT VALIGN=TOP><TD>
Jennie Townsend
<P>&nbsp;</TD></TR>
<TR ALIGN=LEFT VALIGN=TOP>
<TD><A NAME=POEM04></A>
<P><FONT SIZE=+1>
 
caskets adrift
<BR>
in the flooded cemetery
<BR>
a crow alights
</FONT></TD></TR>
<TR ALIGN=RIGHT VALIGN=TOP><TD>
Lenard D. Moore
<P>&nbsp;</TD></TR>
<TR ALIGN=LEFT VALIGN=TOP>
<TD><A NAME=POEM06></A>
<P><FONT SIZE=+1>
 
midnight &#150;
<BR>
the window fan dices
<BR>
a train whistle
</FONT></TD></TR>
<TR ALIGN=RIGHT VALIGN=TOP><TD>
Curtis Dunlap
<P>&nbsp;</TD></TR>
<TR ALIGN=LEFT VALIGN=TOP>
<TD><A NAME=POEM08></A>
<P><FONT SIZE=+1>
 
after her death
<BR>
finding the old scar
<BR>
in my eyebrow
</FONT></TD></TR>
<TR ALIGN=RIGHT VALIGN=TOP><TD>
Pamela Miller Ness
<P>&nbsp;</TD></TR>
 
</TABLE></TD>
 
<TD ALIGN=LEFT VALIGN=TOP WIDTH=380>
<TABLE><TR ALIGN=LEFT VALIGN=TOP>
<TD><FONT SIZE=-2>&nbsp;</FONT></TD>
</TR>
 
<TR ALIGN=RIGHT VALIGN=TOP>
<TD>&nbsp;</TD>
</TR>
<TR ALIGN=LEFT VALIGN=TOP>
<TD><A NAME=POEM01></A>
<P><FONT SIZE=+1>
 
summer solstice &#150;
<BR>
above the Piazza del Duomo
<BR>
sun through a dove's wings
</FONT></TD></TR>
<TR ALIGN=RIGHT VALIGN=TOP><TD>
Paul Wigelius
<P>&nbsp;</TD></TR>
<TR ALIGN=LEFT VALIGN=TOP>
<TD><A NAME=POEM03></A>
<P><FONT SIZE=+1>
 
a cicada's long cry . . .
<BR>
pollen drifts through
<BR>
twilight woods
</FONT></TD></TR>
<TR ALIGN=RIGHT VALIGN=TOP><TD>
William Cullen, Jr.
<P>&nbsp;</TD></TR>
<TR ALIGN=LEFT VALIGN=TOP>
<TD><A NAME=POEM05></A>
<P><FONT SIZE=+1>
 
a snakeskin
<BR>
tacked to the drying board &#150;
<BR>
midsummer's eve
</FONT></TD></TR>
<TR ALIGN=RIGHT VALIGN=TOP><TD>
Carolyn Hall
<P>&nbsp;</TD></TR>
<TR ALIGN=LEFT VALIGN=TOP>
<TD><A NAME=POEM07></A>
<P><FONT SIZE=+1>
 
her hum &#150;
<BR>
the shapes never changing back
<BR>
in the kaleidoscope
</FONT></TD></TR>
<TR ALIGN=RIGHT VALIGN=TOP><TD>
Gary Hotham
<P>&nbsp;</TD></TR>
<TR ALIGN=LEFT VALIGN=TOP>
<TD><A NAME=POEM09></A>
<P><FONT SIZE=+1>
 
autumn mist
<BR>
a complete
<BR>
fairy ring
</FONT></TD></TR>
<TR ALIGN=RIGHT VALIGN=TOP><TD>
Hilary Tann
<P>&nbsp;</TD></TR>
