<DT>Kay F. Anderson:&nbsp;&nbsp;<A HREF=thn_issue.h3.html#POEM06>3 #6</A><DD>Redwood Shores, California</DT>
<DT>Jack Barry:&nbsp;&nbsp;<A HREF=thn_issue.h2.html#POEM08>2 #8</A><DD>Chesterfield, Massachusetts</DT>
<DT>Harold Bowes:&nbsp;&nbsp;<A HREF=thn_issue.h4.html#POEM06>4 #6</A><DD>Pendleton, Oregon</DT>
<DT>Margaret Chula:&nbsp;&nbsp;<A HREF=thn_issue.h5.html#POEM01>5 #1</A><DD>Portland, Oregon</DT>
<DT>William Cullen, Jr.:&nbsp;&nbsp;<A HREF=thn_issue.h1.html#POEM03>1 #3</A><DD>Brooklyn, New York</DT>
<DT>Cherie Hunter Day:&nbsp;&nbsp;<A HREF=thn_issue.h4.html#POEM09>4 #9</A><DD>San Diego, California</DT>
<DT>Angelee Deodhar:&nbsp;&nbsp;<A HREF=thn_issue.h4.html#POEM04>4 #4</A><DD>Chandigarh, India</DT>
<DT>Melissa Dixon:&nbsp;&nbsp;<A HREF=thn_issue.h3.html#POEM02>3 #2</A><DD>Victoria, British Columbia, Canada</DT>
<DT>Connie Donleycott:&nbsp;&nbsp;<A HREF=thn_issue.h4.html#POEM10>4 #10</A><DD>Bremerton, Washington</DT>
<DT>George Dorsty:&nbsp;&nbsp;<A HREF=thn_issue.h5.html#POEM09>5 #9</A><DD>Jamesport, New York</DT>
<DT>Curtis Dunlap:&nbsp;&nbsp;<A HREF=thn_issue.h4.html#POEM05>4 #5</A><DD>Mayodan, North Carolina</DT>
<DT>Stephen Engleman:&nbsp;&nbsp;<A HREF=thn_issue.h4.html#POEM07>4 #7</A><DD>Ithaca, New York</DT>
<DT>Robert Gilliland:&nbsp;&nbsp;<A HREF=thn_issue.h2.html#POEM10>2 #10</A><DD>Austin, Texas</DT>
<DT>Robert Gilliland:&nbsp;&nbsp;<A HREF=thn_issue.h3.html#POEM07>3 #7</A><DD>Austin, Texas</DT>
<DT>Kay Grimnes:&nbsp;&nbsp;<A HREF=thn_issue.h3.html#POEM04>3 #4</A><DD>Alma, Michigan</DT>
<DT>Carolyn Hall:&nbsp;&nbsp;<A HREF=thn_issue.h1.html#POEM02>1 #2</A><DD>San Francisco, California</DT>
<DT>Timothy Hawkes:&nbsp;&nbsp;<A HREF=thn_issue.h5.html#POEM07>5 #7</A><DD>Tokyo, Japan</DT>
<DT>Gary Hotham:&nbsp;&nbsp;<A HREF=thn_issue.h2.html#POEM07>2 #7</A><DD>Laurel, Maryland</DT>
<DT>Helga Härle:&nbsp;&nbsp;<A HREF=thn_issue.h3.html#POEM08>3 #8</A><DD>Stockholm, Sweden</DT>
<DT>Bruce Kennedy:&nbsp;&nbsp;<A HREF=thn_issue.h3.html#POEM01>3 #1</A><DD>Brooklyn, New York</DT>
<DT>Michael Ketchek:&nbsp;&nbsp;<A HREF=thn_issue.h2.html#POEM01>2 #1</A><DD>Rochester, New York</DT>
<DT>Joann Klontz:&nbsp;&nbsp;<A HREF=thn_issue.h1.html#POEM08>1 #8</A><DD>Swedesboro, New Jersey</DT>
<DT>Rob Knell:&nbsp;&nbsp;<A HREF=thn_issue.h3.html#POEM03>3 #3</A><DD>Nowra, New South Wales, Australia</DT>
<DT>Aruna Lakshmanan:&nbsp;&nbsp;<A HREF=thn_issue.h5.html#POEM05>5 #5</A><DD>Omaha, Nebraska</DT>
<DT>J. B. Leong:&nbsp;&nbsp;<A HREF=thn_issue.h3.html#POEM10>3 #10</A><DD>Singapore</DT>
<DT>Scott Mason:&nbsp;&nbsp;<A HREF=thn_issue.h3.html#POEM05>3 #5</A><DD>Chappaqua, New York</DT>
<DT>Michael McClintock:&nbsp;&nbsp;<A HREF=thn_issue.h1.html#POEM10>1 #10</A><DD>South Pasadena, California</DT>
<DT>Allen McGill:&nbsp;&nbsp;<A HREF=thn_issue.h2.html#POEM04>2 #4</A><DD>San Miguel de Allende, Mexico</DT>
<DT>Sabine Miller:&nbsp;&nbsp;<A HREF=thn_issue.h4.html#POEM02>4 #2</A><DD>Lagunitas, California</DT>
<DT>Lenard D. Moore:&nbsp;&nbsp;<A HREF=thn_issue.h3.html#POEM09>3 #9</A><DD>Raleigh, North Carolina</DT>
<DT>Matt Morden:&nbsp;&nbsp;<A HREF=thn_issue.h4.html#POEM03>4 #3</A><DD>Hermon, Wales</DT>
<DT>Matt Morden:&nbsp;&nbsp;<A HREF=thn_issue.h5.html#POEM02>5 #2</A><DD>Hermon, Wales</DT>
<DT>Pamela Miller Ness:&nbsp;&nbsp;<A HREF=thn_issue.h4.html#POEM01>4 #1</A><DD>New York, New York</DT>
<DT>Victor Ortiz:&nbsp;&nbsp;<A HREF=thn_issue.h1.html#POEM01>1 #1</A><DD>San Pedro, California</DT>
<DT>Tom Painting:&nbsp;&nbsp;<A HREF=thn_issue.h1.html#POEM04>1 #4</A><DD>Rochester, New York</DT>
<DT>K. Ramesh:&nbsp;&nbsp;<A HREF=thn_issue.h4.html#POEM08>4 #8</A><DD>Adyar, Chennai, India</DT>
<DT>Adelaide Shaw:&nbsp;&nbsp;<A HREF=thn_issue.h2.html#POEM06>2 #6</A><DD>Scarsdale, New York</DT>
<DT>Sandra Simpson:&nbsp;&nbsp;<A HREF=thn_issue.h1.html#POEM09>1 #9</A><DD>Tauranga, New Zealand</DT>
<DT>Lynne Steel:&nbsp;&nbsp;<A HREF=thn_issue.h2.html#POEM02>2 #2</A><DD>Hillsboro Beach, Florida</DT>
<DT>Gary Steinberg:&nbsp;&nbsp;<A HREF=thn_issue.h5.html#POEM03>5 #3</A><DD>Mahwah, New Jersey</DT>
<DT>Carmen Sterba:&nbsp;&nbsp;<A HREF=thn_issue.h5.html#POEM10>5 #10</A><DD>Kamakura, Japan</DT>
<DT>John Stevenson:&nbsp;&nbsp;<A HREF=thn_issue.h5.html#POEM06>5 #6</A><DD>Nassau, New York</DT>
<DT>Maria Steyn:&nbsp;&nbsp;<A HREF=thn_issue.h1.html#POEM06>1 #6</A><DD>Johannesburg, South Africa</DT>
<DT>Hilary Tann:&nbsp;&nbsp;<A HREF=thn_issue.h5.html#POEM08>5 #8</A><DD>Schuylerville, New York</DT>
<DT>Doris Thurston:&nbsp;&nbsp;<A HREF=thn_issue.h2.html#POEM09>2 #9</A><DD>Port Townsend, Washington</DT>
<DT>vincent tripi:&nbsp;&nbsp;<A HREF=thn_issue.h1.html#POEM07>1 #7</A><DD>Greenfield, Massachusetts</DT>
<DT>Billie Wilson:&nbsp;&nbsp;<A HREF=thn_issue.h1.html#POEM05>1 #5</A><DD>Juneau, Alaska</DT>
<DT>John W. Wisdom:&nbsp;&nbsp;<A HREF=thn_issue.h2.html#POEM03>2 #3</A><DD>Sarasota, Florida</DT>
<DT>Naomi Y. Brown:&nbsp;&nbsp;<A HREF=thn_issue.h2.html#POEM05>2 #5</A><DD>Sun City West, Arizona</DT>
<DT>Cindy Zackowitz:&nbsp;&nbsp;<A HREF=thn_issue.h5.html#POEM04>5 #4</A><DD>Anchorage, Alaska</DT>
