<P><A HREF=thn_issue.h5.html#POEM00>
Lori Laliberte-Carey
</A>
<P><A HREF=thn_issue.h5.html#POEM01>
Connie Donleycott
</A>
<P><A HREF=thn_issue.h5.html#POEM02>
Anna Tambour
</A>
<P><A HREF=thn_issue.h5.html#POEM03>
Peter Williams
</A>
<P><A HREF=thn_issue.h5.html#POEM04>
Rosemary Gwaltney
</A>
<P><A HREF=thn_issue.h5.html#POEM05>
Yvonne Cabalona
</A>
<P><A HREF=thn_issue.h5.html#POEM06>
Carol Purington
</A>
<P><A HREF=thn_issue.h5.html#POEM07>
Karina Young
</A>
<P><A HREF=thn_issue.h5.html#POEM08>
piper
</A>
<P><A HREF=thn_issue.h5.html#POEM09>
Paul O. Williams
</A>
</TD>
 
<TD ALIGN=LEFT VALIGN=TOP WIDTH=380>
<TABLE>
 
<TR ALIGN=LEFT VALIGN=TOP>
<TD><A NAME=POEM00></A>
<P><FONT SIZE=+1>
 
end of summer
<BR>
the bumper car glides
<BR>
to a stop
</FONT></TD></TR>
<TR ALIGN=RIGHT VALIGN=TOP><TD>
Lori Laliberte-Carey
<P>&nbsp;</TD></TR>
<TR ALIGN=LEFT VALIGN=TOP>
<TD><A NAME=POEM02></A>
<P><FONT SIZE=+1>
 
cool dusk
<BR>
kookaburra chatter
<BR>
from a tree's silhouette
</FONT></TD></TR>
<TR ALIGN=RIGHT VALIGN=TOP><TD>
Anna Tambour
<P>&nbsp;</TD></TR>
<TR ALIGN=LEFT VALIGN=TOP>
<TD><A NAME=POEM04></A>
<P><FONT SIZE=+1>
 
first night alone -
<BR>
finally the moon
<BR>
reaches the western windows
</FONT></TD></TR>
<TR ALIGN=RIGHT VALIGN=TOP><TD>
Rosemary Gwaltney
<P>&nbsp;</TD></TR>
<TR ALIGN=LEFT VALIGN=TOP>
<TD><A NAME=POEM06></A>
<P><FONT SIZE=+1>
 
foggy morning
<BR>
through the open window
<BR>
a blur of birdsong
</FONT></TD></TR>
<TR ALIGN=RIGHT VALIGN=TOP><TD>
Carol Purington
<P>&nbsp;</TD></TR>
<TR ALIGN=LEFT VALIGN=TOP>
<TD><A NAME=POEM08></A>
<P><FONT SIZE=+1>
 
morning dew -
<BR>
darkness of footprints
<BR>
off the path
</FONT></TD></TR>
<TR ALIGN=RIGHT VALIGN=TOP><TD>
piper
<P>&nbsp;</TD></TR>
 
</TABLE></TD>
 
<TD ALIGN=LEFT VALIGN=TOP WIDTH=380>
<TABLE><TR ALIGN=LEFT VALIGN=TOP>
<TD><FONT SIZE=-2>&nbsp;</FONT></TD>
</TR>
 
<TR ALIGN=RIGHT VALIGN=TOP>
<TD>&nbsp;</TD>
</TR>
<TR ALIGN=LEFT VALIGN=TOP>
<TD><A NAME=POEM01></A>
<P><FONT SIZE=+1>
 
end of summer . . .
<BR>
the changing sound
<BR>
of maple leaves
</FONT></TD></TR>
<TR ALIGN=RIGHT VALIGN=TOP><TD>
Connie Donleycott
<P>&nbsp;</TD></TR>
<TR ALIGN=LEFT VALIGN=TOP>
<TD><A NAME=POEM03></A>
<P><FONT SIZE=+1>
 
evening walk
<BR>
the path dips
<BR>
into coolness
</FONT></TD></TR>
<TR ALIGN=RIGHT VALIGN=TOP><TD>
Peter Williams
<P>&nbsp;</TD></TR>
<TR ALIGN=LEFT VALIGN=TOP>
<TD><A NAME=POEM05></A>
<P><FONT SIZE=+1>
 
insomnia . . .
<BR>
the cat's breathing
<BR>
deepens
</FONT></TD></TR>
<TR ALIGN=RIGHT VALIGN=TOP><TD>
Yvonne Cabalona
<P>&nbsp;</TD></TR>
<TR ALIGN=LEFT VALIGN=TOP>
<TD><A NAME=POEM07></A>
<P><FONT SIZE=+1>
 
heavy fog . . .
<BR>
among river rocks
<BR>
a single poppy
</FONT></TD></TR>
<TR ALIGN=RIGHT VALIGN=TOP><TD>
Karina Young
<P>&nbsp;</TD></TR>
<TR ALIGN=LEFT VALIGN=TOP>
<TD><A NAME=POEM09></A>
<P><FONT SIZE=+1>
 
the gardener's truck
<BR>
willow leaves scattering
<BR>
down miles of highway
</FONT></TD></TR>
<TR ALIGN=RIGHT VALIGN=TOP><TD>
Paul O. Williams
<P>&nbsp;</TD></TR>
