<P><A HREF=thn_issue.h2.html#POEM00>
Gene H. Murtha
</A>
<P><A HREF=thn_issue.h2.html#POEM01>
Karina Young
</A>
<P><A HREF=thn_issue.h2.html#POEM02>
Yu Chang
</A>
<P><A HREF=thn_issue.h2.html#POEM03>
Allen McGill
</A>
<P><A HREF=thn_issue.h2.html#POEM04>
Lynne Steel
</A>
<P><A HREF=thn_issue.h2.html#POEM05>
Rob Knell
</A>
<P><A HREF=thn_issue.h2.html#POEM06>
Jasminka Nadaskic Diordievic
</A>
<P><A HREF=thn_issue.h2.html#POEM07>
Kirsty Karkow
</A>
<P><A HREF=thn_issue.h2.html#POEM08>
John W. Wisdom
</A>
<P><A HREF=thn_issue.h2.html#POEM09>
Stephen Engleman
</A>
</TD>
 
<TD ALIGN=LEFT VALIGN=TOP WIDTH=380>
<TABLE>
 
<TR ALIGN=LEFT VALIGN=TOP>
<TD><A NAME=POEM00></A>
<P><FONT SIZE=+1>
 
dawn
<BR>
caught in a dewdrop &#150;
<BR>
the empty swing
</FONT></TD></TR>
<TR ALIGN=RIGHT VALIGN=TOP><TD>
Gene H. Murtha
<P>&nbsp;</TD></TR>
<TR ALIGN=LEFT VALIGN=TOP>
<TD><A NAME=POEM02></A>
<P><FONT SIZE=+1>
 
Death Valley
<BR>
a tumbleweed
<BR>
faintly green
</FONT></TD></TR>
<TR ALIGN=RIGHT VALIGN=TOP><TD>
Yu Chang
<P>&nbsp;</TD></TR>
<TR ALIGN=LEFT VALIGN=TOP>
<TD><A NAME=POEM04></A>
<P><FONT SIZE=+1>
 
sunrise clouds
<BR>
a rat burrows
<BR>
into earthquake rubble
</FONT></TD></TR>
<TR ALIGN=RIGHT VALIGN=TOP><TD>
Lynne Steel
<P>&nbsp;</TD></TR>
<TR ALIGN=LEFT VALIGN=TOP>
<TD><A NAME=POEM06></A>
<P><FONT SIZE=+1>
 
barefoot
<BR>
in the dandelions &#150;
<BR>
warm rain
</FONT></TD></TR>
<TR ALIGN=RIGHT VALIGN=TOP><TD>
Jasminka Nadaskic Diordievic
<P>&nbsp;</TD></TR>
<TR ALIGN=LEFT VALIGN=TOP>
<TD><A NAME=POEM08></A>
<P><FONT SIZE=+1>
 
morning tea &#150;
<BR>
a warbler's song drifts
<BR>
through a wind chime
</FONT></TD></TR>
<TR ALIGN=RIGHT VALIGN=TOP><TD>
John W. Wisdom
<P>&nbsp;</TD></TR>
 
</TABLE></TD>
 
<TD ALIGN=LEFT VALIGN=TOP WIDTH=380>
<TABLE><TR ALIGN=LEFT VALIGN=TOP>
<TD><FONT SIZE=-2>&nbsp;</FONT></TD>
</TR>
 
<TR ALIGN=RIGHT VALIGN=TOP>
<TD>&nbsp;</TD>
</TR>
<TR ALIGN=LEFT VALIGN=TOP>
<TD><A NAME=POEM01></A>
<P><FONT SIZE=+1>
 
Las Vegas
<BR>
all the lights fading
<BR>
into sunrise
</FONT></TD></TR>
<TR ALIGN=RIGHT VALIGN=TOP><TD>
Karina Young
<P>&nbsp;</TD></TR>
<TR ALIGN=LEFT VALIGN=TOP>
<TD><A NAME=POEM03></A>
<P><FONT SIZE=+1>
 
desert wind
<BR>
the potter's fingerprints
<BR>
impressed on an ancient urn
</FONT></TD></TR>
<TR ALIGN=RIGHT VALIGN=TOP><TD>
Allen McGill
<P>&nbsp;</TD></TR>
<TR ALIGN=LEFT VALIGN=TOP>
<TD><A NAME=POEM05></A>
<P><FONT SIZE=+1>
 
washing day
<BR>
wind whips the judo jacket
<BR>
through its moves
</FONT></TD></TR>
<TR ALIGN=RIGHT VALIGN=TOP><TD>
Rob Knell
<P>&nbsp;</TD></TR>
<TR ALIGN=LEFT VALIGN=TOP>
<TD><A NAME=POEM07></A>
<P><FONT SIZE=+1>
 
labyrinth path
<BR>
a change in the wind
<BR>
with each turn
</FONT></TD></TR>
<TR ALIGN=RIGHT VALIGN=TOP><TD>
Kirsty Karkow
<P>&nbsp;</TD></TR>
<TR ALIGN=LEFT VALIGN=TOP>
<TD><A NAME=POEM09></A>
<P><FONT SIZE=+1>
 
ripening kale
<BR>
a white cabbage moth
<BR>
lands again and again
</FONT></TD></TR>
<TR ALIGN=RIGHT VALIGN=TOP><TD>
Stephen Engleman
<P>&nbsp;</TD></TR>
