<P><A HREF=thn_issue.h3.html#POEM00>
Bruce Ross
</A>
<P><A HREF=thn_issue.h3.html#POEM01>
Emily Romano
</A>
<P><A HREF=thn_issue.h3.html#POEM02>
Naomi Y. Brown
</A>
<P><A HREF=thn_issue.h3.html#POEM03>
Lenard D. Moore
</A>
<P><A HREF=thn_issue.h3.html#POEM04>
Burnell Lippy
</A>
<P><A HREF=thn_issue.h3.html#POEM05>
Sabine Miller
</A>
<P><A HREF=thn_issue.h3.html#POEM06>
Randy M. Brooks
</A>
<P><A HREF=thn_issue.h3.html#POEM07>
Rebecca Lilly
</A>
<P><A HREF=thn_issue.h3.html#POEM08>
Cherie Hunter Day
</A>
<P><A HREF=thn_issue.h3.html#POEM09>
Gary Hotham
</A>
</TD>
 
<TD ALIGN=LEFT VALIGN=TOP WIDTH=380>
<TABLE>
 
<TR ALIGN=LEFT VALIGN=TOP>
<TD><A NAME=POEM00></A>
<P><FONT SIZE=+1>
 
Japanese garden . . .
<BR>
a bamboo staff left
<BR>
in the bamboo
</FONT></TD></TR>
<TR ALIGN=RIGHT VALIGN=TOP><TD>
Bruce Ross
<P>&nbsp;</TD></TR>
<TR ALIGN=LEFT VALIGN=TOP>
<TD><A NAME=POEM02></A>
<P><FONT SIZE=+1>
 
this house
<BR>
is my last home
<BR>
bougainvilleas in bloom
</FONT></TD></TR>
<TR ALIGN=RIGHT VALIGN=TOP><TD>
Naomi Y. Brown
<P>&nbsp;</TD></TR>
<TR ALIGN=LEFT VALIGN=TOP>
<TD><A NAME=POEM04></A>
<P><FONT SIZE=+1>
 
the flatness
<BR>
of watermelon seeds
<BR>
August dusk
</FONT></TD></TR>
<TR ALIGN=RIGHT VALIGN=TOP><TD>
Burnell Lippy
<P>&nbsp;</TD></TR>
<TR ALIGN=LEFT VALIGN=TOP>
<TD><A NAME=POEM06></A>
<P><FONT SIZE=+1>
 
peony bud
<BR>
cut for the grave . . .
<BR>
wren song all day long
</FONT></TD></TR>
<TR ALIGN=RIGHT VALIGN=TOP><TD>
Randy M. Brooks
<P>&nbsp;</TD></TR>
<TR ALIGN=LEFT VALIGN=TOP>
<TD><A NAME=POEM08></A>
<P><FONT SIZE=+1>
 
mole crabs
<BR>
in the palms of my hands
<BR>
the retreating surf
</FONT></TD></TR>
<TR ALIGN=RIGHT VALIGN=TOP><TD>
Cherie Hunter Day
<P>&nbsp;</TD></TR>
 
</TABLE></TD>
 
<TD ALIGN=LEFT VALIGN=TOP WIDTH=380>
<TABLE><TR ALIGN=LEFT VALIGN=TOP>
<TD><FONT SIZE=-2>&nbsp;</FONT></TD>
</TR>
 
<TR ALIGN=RIGHT VALIGN=TOP>
<TD>&nbsp;</TD>
</TR>
<TR ALIGN=LEFT VALIGN=TOP>
<TD><A NAME=POEM01></A>
<P><FONT SIZE=+1>
 
moving day &#150;
<BR>
      their pregnant cat
<BR>
left behind
</FONT></TD></TR>
<TR ALIGN=RIGHT VALIGN=TOP><TD>
Emily Romano
<P>&nbsp;</TD></TR>
<TR ALIGN=LEFT VALIGN=TOP>
<TD><A NAME=POEM03></A>
<P><FONT SIZE=+1>
 
midday heat
<BR>
snap of the shoeshiner's rag
<BR>
against the toe
</FONT></TD></TR>
<TR ALIGN=RIGHT VALIGN=TOP><TD>
Lenard D. Moore
<P>&nbsp;</TD></TR>
<TR ALIGN=LEFT VALIGN=TOP>
<TD><A NAME=POEM05></A>
<P><FONT SIZE=+1>
 
the waiting room &#150;
<BR>
an ant on my lapel
<BR>
cleans its antennae
</FONT></TD></TR>
<TR ALIGN=RIGHT VALIGN=TOP><TD>
Sabine Miller
<P>&nbsp;</TD></TR>
<TR ALIGN=LEFT VALIGN=TOP>
<TD><A NAME=POEM07></A>
<P><FONT SIZE=+1>
 
afternoon warmth &#150;
<BR>
the reflections of horse heads
<BR>
in muddy trough water
</FONT></TD></TR>
<TR ALIGN=RIGHT VALIGN=TOP><TD>
Rebecca Lilly
<P>&nbsp;</TD></TR>
<TR ALIGN=LEFT VALIGN=TOP>
<TD><A NAME=POEM09></A>
<P><FONT SIZE=+1>
 
dark blues &#150;
<BR>
the empty halves
<BR>
of a sea shell
</FONT></TD></TR>
<TR ALIGN=RIGHT VALIGN=TOP><TD>
Gary Hotham
<P>&nbsp;</TD></TR>
