<P><A HREF=thn_issue.h4.html#POEM00>
Michael Ketchek
</A>
<P><A HREF=thn_issue.h4.html#POEM01>
Naia
</A>
<P><A HREF=thn_issue.h4.html#POEM02>
Rajiv Lather
</A>
<P><A HREF=thn_issue.h4.html#POEM03>
K. Ramesh
</A>
<P><A HREF=thn_issue.h4.html#POEM04>
Connie Donleycott
</A>
<P><A HREF=thn_issue.h4.html#POEM05>
Anna Tambour
</A>
<P><A HREF=thn_issue.h4.html#POEM06>
Curtis Dunlap
</A>
<P><A HREF=thn_issue.h4.html#POEM07>
Victor Ortiz
</A>
<P><A HREF=thn_issue.h4.html#POEM08>
Merrill Ann Gonzales
</A>
<P><A HREF=thn_issue.h4.html#POEM09>
Aruna Lakshmanan
</A>
</TD>
 
<TD ALIGN=LEFT VALIGN=TOP WIDTH=380>
<TABLE>
 
<TR ALIGN=LEFT VALIGN=TOP>
<TD><A NAME=POEM00></A>
<P><FONT SIZE=+1>
 
autumn sun
<BR>
a fly captured
<BR>
in amber
</FONT></TD></TR>
<TR ALIGN=RIGHT VALIGN=TOP><TD>
Michael Ketchek
<P>&nbsp;</TD></TR>
<TR ALIGN=LEFT VALIGN=TOP>
<TD><A NAME=POEM02></A>
<P><FONT SIZE=+1>
 
train berth
<BR>
hot tea from a clay pot
<BR>
tasting of earth
</FONT></TD></TR>
<TR ALIGN=RIGHT VALIGN=TOP><TD>
Rajiv Lather
<P>&nbsp;</TD></TR>
<TR ALIGN=LEFT VALIGN=TOP>
<TD><A NAME=POEM04></A>
<P><FONT SIZE=+1>
 
morning moonlight . . .
<BR>
a raccoon teeters
<BR>
on the chain link fence
</FONT></TD></TR>
<TR ALIGN=RIGHT VALIGN=TOP><TD>
Connie Donleycott
<P>&nbsp;</TD></TR>
<TR ALIGN=LEFT VALIGN=TOP>
<TD><A NAME=POEM06></A>
<P><FONT SIZE=+1>
 
sand speckled
<BR>
by autumn rain &#150;
<BR>
her hand in mine
</FONT></TD></TR>
<TR ALIGN=RIGHT VALIGN=TOP><TD>
Curtis Dunlap
<P>&nbsp;</TD></TR>
<TR ALIGN=LEFT VALIGN=TOP>
<TD><A NAME=POEM08></A>
<P><FONT SIZE=+1>
 
Indian summer &#150;
<BR>
the doe turns
<BR>
into the wind
</FONT></TD></TR>
<TR ALIGN=RIGHT VALIGN=TOP><TD>
Merrill Ann Gonzales
<P>&nbsp;</TD></TR>
 
</TABLE></TD>
 
<TD ALIGN=LEFT VALIGN=TOP WIDTH=380>
<TABLE><TR ALIGN=LEFT VALIGN=TOP>
<TD><FONT SIZE=-2>&nbsp;</FONT></TD>
</TR>
 
<TR ALIGN=RIGHT VALIGN=TOP>
<TD>&nbsp;</TD>
</TR>
<TR ALIGN=LEFT VALIGN=TOP>
<TD><A NAME=POEM01></A>
<P><FONT SIZE=+1>
 
autumn wind
<BR>
my arms around the child
<BR>
within
</FONT></TD></TR>
<TR ALIGN=RIGHT VALIGN=TOP><TD>
Naia
<P>&nbsp;</TD></TR>
<TR ALIGN=LEFT VALIGN=TOP>
<TD><A NAME=POEM03></A>
<P><FONT SIZE=+1>
 
dawn . . .
<BR>
a lorry driver washes
<BR>
his face by the highway
</FONT></TD></TR>
<TR ALIGN=RIGHT VALIGN=TOP><TD>
K. Ramesh
<P>&nbsp;</TD></TR>
<TR ALIGN=LEFT VALIGN=TOP>
<TD><A NAME=POEM05></A>
<P><FONT SIZE=+1>
 
gray sky &#150;
<BR>
smelling the air for rain
<BR>
or smoke
</FONT></TD></TR>
<TR ALIGN=RIGHT VALIGN=TOP><TD>
Anna Tambour
<P>&nbsp;</TD></TR>
<TR ALIGN=LEFT VALIGN=TOP>
<TD><A NAME=POEM07></A>
<P><FONT SIZE=+1>
 
desert petroglyph
<BR>
autumn rain falls
<BR>
on the sun
</FONT></TD></TR>
<TR ALIGN=RIGHT VALIGN=TOP><TD>
Victor Ortiz
<P>&nbsp;</TD></TR>
<TR ALIGN=LEFT VALIGN=TOP>
<TD><A NAME=POEM09></A>
<P><FONT SIZE=+1>
 
autumn drizzle &#150;
<BR>
I chop the carrots
<BR>
into finer bits
</FONT></TD></TR>
<TR ALIGN=RIGHT VALIGN=TOP><TD>
Aruna Lakshmanan
<P>&nbsp;</TD></TR>
