<DT>Fay Aoyagi:&nbsp;&nbsp;<A HREF=thn_issue.h4.html#POEM10>4 #10</A><DD>San Francisco, California</DT>
<DT>Tony Beyer:&nbsp;&nbsp;<A HREF=thn_issue.h3.html#POEM9>3 #9</A><DD>Mt. Eden, Auckland, New Zealand</DT>
<DT>Naomi Y. Brown:&nbsp;&nbsp;<A HREF=thn_issue.h1.html#POEM5>1 #5</A><DD>Sun City West, Arizona</DT>
<DT>Yvonne Cabalona:&nbsp;&nbsp;<A HREF=thn_issue.h2.html#POEM4>2 #4</A><DD>Modesto, California</DT>
<DT>Yu Chang:&nbsp;&nbsp;<A HREF=thn_issue.h5.html#POEM7>5 #7</A><DD>Schenectady, New York</DT>
<DT>Celia Crook:&nbsp;&nbsp;<A HREF=thn_issue.h5.html#POEM1>5 #1</A><DD>Bloxham, Oxfordshire, England</DT>
<DT>William Cullen, Jr.:&nbsp;&nbsp;<A HREF=thn_issue.h3.html#POEM4>3 #4</A><DD>Brooklyn, New York</DT>
<DT>Jasminka Nadaskic Diordievic:&nbsp;&nbsp;<A HREF=thn_issue.h3.html#POEM2>3 #2</A><DD>Smederevo, Yugoslavia</DT>
<DT>Connie Donleycott:&nbsp;&nbsp;<A HREF=thn_issue.h2.html#POEM8>2 #8</A><DD>Bremerton, Washington</DT>
<DT>Curtis Dunlap:&nbsp;&nbsp;<A HREF=thn_issue.h4.html#POEM1>4 #1</A><DD>Mayodan, North Carolina</DT>
<DT>Brian Gierat:&nbsp;&nbsp;<A HREF=thn_issue.h4.html#POEM7>4 #7</A>
&nbsp;&nbsp;<A HREF=thn_issue.h5.html#POEM9>5 #9</A><DD>Chicago, Illinois</DT>
<DT>Robert Gilliland:&nbsp;&nbsp;<A HREF=thn_issue.h5.html#POEM10>5 #10</A>
&nbsp;&nbsp;<A HREF=thn_issue.h5.html#POEM3>5 #3</A><DD>Austin, Texas</DT>
<DT>Kay Grimnes:&nbsp;&nbsp;<A HREF=thn_issue.e1.html#POEM3>EC #3</A><DD>Alma, Michigan</DT>
<DT>Carolyn Hall:&nbsp;&nbsp;<A HREF=thn_issue.h2.html#POEM9>2 #9</A><DD>San Francisco, California</DT>
<DT>Timothy Hawkes:&nbsp;&nbsp;<A HREF=thn_issue.h5.html#POEM4>5 #4</A><DD>Silver Spring, Maryland</DT>
<DT>Gary Hotham:&nbsp;&nbsp;<A HREF=thn_issue.h2.html#POEM2>2 #2</A><DD>Laurel, Maryland</DT>
<DT>Elizabeth Howard:&nbsp;&nbsp;<A HREF=thn_issue.h4.html#POEM2>4 #2</A><DD>Crossville, Tennessee</DT>
<DT>Rajiv Lather:&nbsp;&nbsp;<A HREF=thn_issue.h1.html#POEM10>1 #10</A><DD>Haryana, India</DT>
<DT>Rebecca Lilly:&nbsp;&nbsp;<A HREF=thn_issue.h4.html#POEM3>4 #3</A><DD>Port Republic, Virginia</DT>
<DT>paul m.:&nbsp;&nbsp;<A HREF=thn_issue.h1.html#POEM7>1 #7</A><DD>San Francisco, California</DT>
<DT>Allen McGill:&nbsp;&nbsp;<A HREF=thn_issue.h4.html#POEM4>4 #4</A><DD>San Miguel de Allende, Mexico</DT>
<DT>Sue Mill:&nbsp;&nbsp;<A HREF=thn_issue.h3.html#POEM6>3 #6</A><DD>Mansfield, Queensland, Australia</DT>
<DT>Sabine Miller:&nbsp;&nbsp;<A HREF=thn_issue.h3.html#POEM1>3 #1</A><DD>Lagunitas, California</DT>
<DT>Lenard D. Moore:&nbsp;&nbsp;<A HREF=thn_issue.h1.html#POEM1>1 #1</A><DD>Raleigh, North Carolina</DT>
<DT>H. Gene Murtha:&nbsp;&nbsp;<A HREF=thn_issue.h2.html#POEM7>2 #7</A><DD>Buena, New Jersey</DT>
<DT>H. F. Noyes:&nbsp;&nbsp;<A HREF=thn_issue.h1.html#POEM6>1 #6</A><DD>Politia, Attikis, Greece</DT>
<DT>Victor Ortiz:&nbsp;&nbsp;<A HREF=thn_issue.h3.html#POEM8>3 #8</A><DD>San Pedro, California</DT>
<DT>Tom Painting:&nbsp;&nbsp;<A HREF=thn_issue.h1.html#POEM2>1 #2</A><DD>Rochester, New York</DT>
<DT>Matthew Paul:&nbsp;&nbsp;<A HREF=thn_issue.h5.html#POEM5>5 #5</A><DD>Kingston upon Thames, Surrey, England</DT>
<DT>Greg Piko:&nbsp;&nbsp;<A HREF=thn_issue.h2.html#POEM10>2 #10</A><DD>Canberra, Australia</DT>
<DT>Francine Porad:&nbsp;&nbsp;<A HREF=thn_issue.e1.html#POEM1>EC #1</A><DD>Bellevue, Washington</DT>
<DT>Vanessa Proctor:&nbsp;&nbsp;<A HREF=thn_issue.h5.html#POEM2>5 #2</A><DD>Sydney, New South Wales, Australia</DT>
<DT>Elbert Pruitt:&nbsp;&nbsp;<A HREF=thn_issue.h3.html#POEM5>3 #5</A><DD>Sarasota, Florida</DT>
<DT>Adelaide Shaw:&nbsp;&nbsp;<A HREF=thn_issue.h2.html#POEM5>2 #5</A><DD>Scarsdale, New York</DT>
<DT>Mark Smith:&nbsp;&nbsp;<A HREF=thn_issue.h4.html#POEM5>4 #5</A><DD>Keyser, West Virginia</DT>
<DT>Gary Steinberg:&nbsp;&nbsp;<A HREF=thn_issue.h3.html#POEM7>3 #7</A><DD>Mahwah, New Jersey</DT>
<DT>Carmen Sterba:&nbsp;&nbsp;<A HREF=thn_issue.h1.html#POEM4>1 #4</A><DD>Kamakura, Japan</DT>
<DT>John Stevenson:&nbsp;&nbsp;<A HREF=thn_issue.h2.html#POEM6>2 #6</A>
&nbsp;&nbsp;<A HREF=thn_issue.h3.html#POEM3>3 #3</A><DD>Nassau, New York</DT>
<DT>Maria Steyn:&nbsp;&nbsp;<A HREF=thn_issue.h4.html#POEM6>4 #6</A><DD>Johannesburg, South Africa</DT>
<DT>George Swede:&nbsp;&nbsp;<A HREF=thn_issue.e1.html#POEM2>EC #2</A><DD>Toronto, Ontario, Canada</DT>
<DT>Patrick Sweeney:&nbsp;&nbsp;<A HREF=thn_issue.h4.html#POEM9>4 #9</A><DD>Misawashi, Japan</DT>
<DT>Anna Tambour:&nbsp;&nbsp;<A HREF=thn_issue.h1.html#POEM9>1 #9</A><DD>Nowra, New South Wales, Australia</DT>
<DT>Hillary Tann:&nbsp;&nbsp;<A HREF=thn_issue.h1.html#POEM8>1 #8</A><DD>Schuylerville, New York</DT>
<DT>Dietmar Tauchner:&nbsp;&nbsp;<A HREF=thn_issue.h5.html#POEM6>5 #6</A><DD>Puchberg, Austria</DT>
<DT>Jennie Townsend:&nbsp;&nbsp;<A HREF=thn_issue.h5.html#POEM8>5 #8</A><DD>O^ÒFallon, Missouri</DT>
<DT>vincent tripi:&nbsp;&nbsp;<A HREF=thn_issue.h3.html#POEM10>3 #10</A>
&nbsp;&nbsp;<A HREF=thn_issue.h4.html#POEM8>4 #8</A><DD>Greenfield, Massachusetts</DT>
<DT>Gary Warner:&nbsp;&nbsp;<A HREF=thn_issue.h2.html#POEM1>2 #1</A><DD>Birmingham, Alabama</DT>
<DT>Billie Wilson:&nbsp;&nbsp;<A HREF=thn_issue.h1.html#POEM3>1 #3</A><DD>Juneau, Alaska</DT>
<DT>Anita Wintz:&nbsp;&nbsp;<A HREF=thn_issue.h2.html#POEM3>2 #3</A><DD>Idyllwild, California</DT>
