<DT>Frances Angela:&nbsp;&nbsp;<A HREF=thn_issue.h4.html#POEM9>4 #9</A><DD>London, England</DT>
<DT>Deborah Baker:&nbsp;&nbsp;<A HREF=thn_issue.h1.html#POEM5>1 #5</A><DD>Concord, New Hampshire</DT>
<DT>Robert Bauer:&nbsp;&nbsp;<A HREF=thn_issue.e1.html#POEM3>EC #3</A><DD>Big Wheeling Creek, West Virginia</DT>
<DT>Naomi Brown:&nbsp;&nbsp;<A HREF=thn_issue.h2.html#POEM4>2 #4</A><DD>Sun City West, Arizona</DT>
<DT>Helen Buckingham:&nbsp;&nbsp;<A HREF=thn_issue.h4.html#POEM7>4 #7</A><DD>Bristol, Avon, England</DT>
<DT>Yu Chang:&nbsp;&nbsp;<A HREF=thn_issue.h3.html#POEM8>3 #8</A><DD>Schenectady, New York</DT>
<DT>Gillena Cox:&nbsp;&nbsp;<A HREF=thn_issue.h5.html#POEM1>5 #1</A><DD>Port of Spain, Trinidad</DT>
<DT>Katherine Cudney:&nbsp;&nbsp;<A HREF=thn_issue.e1.html#POEM2>EC #2</A><DD>Liberty, Tennessee</DT>
<DT>William Cullen, Jr.:&nbsp;&nbsp;<A HREF=thn_issue.h2.html#POEM10>2 #10</A><DD>Brooklyn, New York</DT>
<DT>Marili Deandrea:&nbsp;&nbsp;<A HREF=thn_issue.h1.html#POEM8>1 #8</A><DD>Torino, Italy</DT>
<DT>Connie Donleycott:&nbsp;&nbsp;<A HREF=thn_issue.h5.html#POEM9>5 #9</A><DD>Bremerton, Washington</DT>
<DT>George Dorsty:&nbsp;&nbsp;<A HREF=thn_issue.h5.html#POEM8>5 #8</A><DD>Jamesport, New York</DT>
<DT>Curtis Dunlap:&nbsp;&nbsp;<A HREF=thn_issue.h1.html#POEM2>1 #2</A><DD>Mayodan, North Carolina</DT>
<DT>Margarita Engle:&nbsp;&nbsp;<A HREF=thn_issue.h5.html#POEM2>5 #2</A><DD>Clovis, California</DT>
<DT>D. Claire Gallagher:&nbsp;&nbsp;<A HREF=thn_issue.h4.html#POEM5>4 #5</A><DD>Sunnyvale, California</DT>
<DT>Kay Grimnes:&nbsp;&nbsp;<A HREF=thn_issue.h3.html#POEM7>3 #7</A><DD>Alma, Michigan</DT>
<DT>Carolyn Hall:&nbsp;&nbsp;<A HREF=thn_issue.h4.html#POEM6>4 #6</A><DD>San Francisco, California</DT>
<DT>Helga Härle:&nbsp;&nbsp;<A HREF=thn_issue.h1.html#POEM3>1 #3</A><DD>Stockholm, Sweden</DT>
<DT>Timothy Hawkes:&nbsp;&nbsp;<A HREF=thn_issue.h5.html#POEM4>5 #4</A><DD>Silver Spring, Maryland</DT>
<DT>Elizabeth Howard:&nbsp;&nbsp;<A HREF=thn_issue.h3.html#POEM4>3 #4</A><DD>Crossville, Tennessee</DT>
<DT>Kirsty Karkow:&nbsp;&nbsp;<A HREF=thn_issue.h1.html#POEM10>1 #10</A><DD>Waldoboro, Maine</DT>
<DT>Joann Klontz:&nbsp;&nbsp;<A HREF=thn_issue.h4.html#POEM1>4 #1</A><DD>Swedesboro, New Jersey</DT>
<DT>Elizabeth Searle Lamb:&nbsp;&nbsp;<A HREF=thn_issue.h3.html#POEM1>3 #1</A><DD>Santa Fe, New Mexico</DT>
<DT>paul m.:&nbsp;&nbsp;<A HREF=thn_issue.h3.html#POEM3>3 #3</A><DD>Bristol, Rhode Island</DT>
<DT>Scott Mason:&nbsp;&nbsp;<A HREF=thn_issue.h4.html#POEM10>4 #10</A><DD>Chappaqua, New York</DT>
<DT>Michael McClintock:&nbsp;&nbsp;<A HREF=thn_issue.h1.html#POEM4>1 #4</A><DD>South Pasadena, California</DT>
<DT>Allen McGill:&nbsp;&nbsp;<A HREF=thn_issue.h5.html#POEM3>5 #3</A><DD>San Miguel de Allende, Mexico</DT>
<DT>Sabine Miller:&nbsp;&nbsp;<A HREF=thn_issue.h1.html#POEM6>1 #6</A><DD>Lagunitas, California</DT>
<DT>Lenard D. Moore:&nbsp;&nbsp;<A HREF=thn_issue.h3.html#POEM9>3 #9</A><DD>Raleigh, North Carolina</DT>
<DT>Pamela Miller Ness:&nbsp;&nbsp;<A HREF=thn_issue.h2.html#POEM5>2 #5</A><DD>New York, New York</DT>
<DT>Graham Nunn:&nbsp;&nbsp;<A HREF=thn_issue.h3.html#POEM2>3 #2</A><DD>Brisbane, Queensland, Australia</DT>
<DT>Tom Painting:&nbsp;&nbsp;<A HREF=thn_issue.h5.html#POEM6>5 #6</A><DD>Rochester, New York</DT>
<DT>Matthew Paul:&nbsp;&nbsp;<A HREF=thn_issue.h4.html#POEM3>4 #3</A><DD>Kingston upon Thames, Surrey, England</DT>
<DT>Paul Pfleuger, Jr.:&nbsp;&nbsp;<A HREF=thn_issue.e1.html#POEM1>EC #1</A><DD>Chia Yi, Taiwan</DT>
<DT>Greg Piko:&nbsp;&nbsp;<A HREF=thn_issue.h1.html#POEM7>1 #7</A><DD>Canberra, Australia</DT>
<DT>Vanessa Proctor:&nbsp;&nbsp;<A HREF=thn_issue.h1.html#POEM9>1 #9</A><DD>Sydney, New South Wales, Australia</DT>
<DT>Carol Purington:&nbsp;&nbsp;<A HREF=thn_issue.h2.html#POEM7>2 #7</A><DD>Colrain, Massachusetts</DT>
<DT>K. Ramesh:&nbsp;&nbsp;<A HREF=thn_issue.h5.html#POEM5>5 #5</A><DD>Adyar, Chennai, India</DT>
<DT>Emily Romano:&nbsp;&nbsp;<A HREF=thn_issue.h3.html#POEM6>3 #6</A><DD>Boonton, New Jersey</DT>
<DT>Agnes Eva Savich:&nbsp;&nbsp;<A HREF=thn_issue.h3.html#POEM10>3 #10</A><DD>Chicago, Illinois</DT>
<DT>Sandra Simpson:&nbsp;&nbsp;<A HREF=thn_issue.h2.html#POEM3>2 #3</A><DD>Tauranga, New Zealand</DT>
<DT>Sue Stanford:&nbsp;&nbsp;<A HREF=thn_issue.h2.html#POEM6>2 #6</A><DD>Melbourne, Victoria, Australia</DT>
<DT>Lynne Steel:&nbsp;&nbsp;<A HREF=thn_issue.h2.html#POEM2>2 #2</A><DD>Hillsboro Beach, Florida</DT>
<DT>John Stevenson:&nbsp;&nbsp;<A HREF=thn_issue.h4.html#POEM8>4 #8</A><DD>Nassau, New York</DT>
<DT>Dietmar Tauchner:&nbsp;&nbsp;<A HREF=thn_issue.h4.html#POEM4>4 #4</A><DD>Puchberg, Austria</DT>
<DT>Tom Tico:&nbsp;&nbsp;<A HREF=thn_issue.h2.html#POEM9>2 #9</A><DD>San Francisco, California</DT>
<DT>vincent tripi:&nbsp;&nbsp;<A HREF=thn_issue.h2.html#POEM1>2 #1</A><DD>Greenfield, Massachusetts</DT>
<DT>Marilyn Appl Walker:&nbsp;&nbsp;<A HREF=thn_issue.h2.html#POEM8>2 #8</A><DD>Madison, Georgia</DT>
<DT>Linda Jeannette Ward:&nbsp;&nbsp;<A HREF=thn_issue.h3.html#POEM5>3 #5</A><DD>Coinjock, North Carolina</DT>
<DT>Michael Dylan Welch:&nbsp;&nbsp;<A HREF=thn_issue.h4.html#POEM2>4 #2</A><DD>Sammamish, Washington</DT>
<DT>John W. Wisdom:&nbsp;&nbsp;<A HREF=thn_issue.h1.html#POEM1>1 #1</A><DD>Sarasota, Florida</DT>
<DT>Peter Yovu:&nbsp;&nbsp;<A HREF=thn_issue.h5.html#POEM10>5 #10</A><DD>Middlesex, Vermont</DT>
<DT>Cindy Zackowitz:&nbsp;&nbsp;<A HREF=thn_issue.h5.html#POEM7>5 #7</A><DD>Anchorage, Alaska</DT>
