<DT>Peggy Willis Lyles:&nbsp;&nbsp;<A HREF=thn_issue.t1.html#POEM1>1 #1</A><DD>Tucker, Georgia</DT>
<DT>Penny Harter:&nbsp;&nbsp;<A HREF=thn_issue.t1.html#POEM2>1 #2</A><DD>Summit, New Jersey</DT>
<DT>Tom Clausen:&nbsp;&nbsp;<A HREF=thn_issue.t1.html#POEM3>1 #3</A><DD>Ithaca, New York</DT>
<DT>paul m.:&nbsp;&nbsp;<A HREF=thn_issue.t1.html#POEM4>1 #4</A><DD>Bristol, Rhode Island</DT>
<DT>Angelee Deodhar:&nbsp;&nbsp;<A HREF=thn_issue.t1.html#POEM5>1 #5</A><DD>Chandigarh, India</DT>
<DT>Arizona Zipper:&nbsp;&nbsp;<A HREF=thn_issue.t1.html#POEM6>1 #6</A><DD>Freiburg, Maine</DT>
<DT>Bruce Ross:&nbsp;&nbsp;<A HREF=thn_issue.t1.html#POEM7>1 #7</A><DD>Orono, Maine</DT>
<DT>Tom Clausen:&nbsp;&nbsp;<A HREF=thn_issue.t1.html#POEM8>1 #8</A><DD>Ithaca, New York</DT>
<DT>John Stevenson:&nbsp;&nbsp;<A HREF=thn_issue.t1.html#POEM9>1 #9</A><DD>Nassau, New York</DT>
<DT>Carol Conti-Entin:&nbsp;&nbsp;<A HREF=thn_issue.t1.html#POEM10>1 #10</A><DD>Shaker Heights, Ohio</DT>
<DT>Fay Aoyagi:&nbsp;&nbsp;<A HREF=thn_issue.t1.html#POEM11>1 #11</A><DD>San Francisco, California</DT>
<DT>Ebba Story:&nbsp;&nbsp;<A HREF=thn_issue.t1.html#POEM12>1 #12</A><DD>Somewhere, Over-the-Rainbow</DT>
<DT>William J. Higginson:&nbsp;&nbsp;<A HREF=thn_issue.t1.html#POEM13>1 #13</A><DD>Summit, New Jersey</DT>
<DT>Jim Kacian :&nbsp;&nbsp;<A HREF=thn_issue.t3.html#POEM1>3 #1</A><DD>Winchester, Virginia</DT>
<DT>Francine Porad:&nbsp;&nbsp;<A HREF=thn_issue.t3.html#POEM2>3 #2</A><DD>Bellevue, Washington</DT>
<DT>Raffael de Gruttola:&nbsp;&nbsp;<A HREF=thn_issue.t3.html#POEM3>3 #3</A><DD>Natick, Massachusetts</DT>
<DT>Michael Dylan Welch:&nbsp;&nbsp;<A HREF=thn_issue.t3.html#POEM4>3 #4</A><DD>Sammamish, Washington</DT>
<DT>George Swede:&nbsp;&nbsp;<A HREF=thn_issue.t3.html#POEM5>3 #5</A><DD>Toronto, Ontario, Canada</DT>
<DT>Paul David Mena:&nbsp;&nbsp;<A HREF=thn_issue.t3.html#POEM6>3 #6</A><DD>Cochituate, Massachusetts</DT>
<DT>Paul MacNeil:&nbsp;&nbsp;<A HREF=thn_issue.t3.html#POEM7>3 #7</A><DD>Ocala, Florida</DT>
<DT>Naomi Y. Brown:&nbsp;&nbsp;<A HREF=thn_issue.t3.html#POEM8>3 #8</A><DD>Sun City West, Arizona</DT>
<DT>Paul O. Williams:&nbsp;&nbsp;<A HREF=thn_issue.t3.html#POEM9>3 #9</A><DD>Belmont, California</DT>
<DT>Fay Aoyagi:&nbsp;&nbsp;<A HREF=thn_issue.t3.html#POEM10>3 #10</A><DD>San Francisco, California</DT>
<DT>Ferris Gilli:&nbsp;&nbsp;<A HREF=thn_issue.t3.html#POEM11>3 #11</A><DD>Orlando, Florida</DT>
<DT>Lenard D. Moore:&nbsp;&nbsp;<A HREF=thn_issue.t3.html#POEM12>3 #12</A><DD>Raleigh, North Carolina</DT>
<DT>Michael McClintock:&nbsp;&nbsp;<A HREF=thn_issue.t3.html#POEM13>3 #13</A><DD>South Pasadena, California</DT>
<DT>Christopher Herold:&nbsp;&nbsp;<A HREF=thn_issue.t3.html#POEM14>3 #14</A><DD>Port Townsend, Washington</DT>
<DT>Marian Olson:&nbsp;&nbsp;<A HREF=thn_issue.t3.html#POEM15>3 #15</A><DD>Santa Fe, New Mexico</DT>
<DT>Robert Gilliland:&nbsp;&nbsp;<A HREF=thn_issue.t3.html#POEM16>3 #16</A><DD>Austin, Texas</DT>
<DT>Peggy Willis Lyles:&nbsp;&nbsp;<A HREF=thn_issue.t3.html#POEM17>3 #17</A><DD>Tucker, Georgia</DT>
<DT>George Dorsty :&nbsp;&nbsp;<A HREF=thn_issue.t3.html#POEM18>3 #18</A><DD>Jamesport, New York</DT>
