<p><a href=#POEM1>Stephen Toft</a>
<p><a href=#POEM2>Marian Olson</a>
<p><a href=#POEM3>Helen Buckingham</a>
<p><a href=#POEM4>Bill Waters</a>
<p><a href=#POEM5>Ruth Holzer</a>
<p><a href=#POEM6>Irene Golas</a>
<p><a href=#POEM7>Mitzi Trout</a>
<p><a href=#POEM8>John Barlow</a>
<p><a href=#POEM9>Allan Burns</a>
<p><a href=#POEM10>Elizabeth Howard</a>
 
<p><a href=#POEM1>Robert Epstein</a>
<p><a href=#POEM2>Valeria Simonova</a>
<p><a href=#POEM3>Kevin James</a>
<p><a href=#POEM4>Beverly Tift</a>
<p><a href=#POEM5>Vanessa Proctor</a>
<p><a href=#POEM6>Hilary Tann</a>
<p><a href=#POEM7>Scott Mason</a>
<p><a href=#POEM8>Carolyn Hall</a>
<p><a href=#POEM9>David Gershator</a>
<p><a href=#POEM10>Roberta Beary</a>
 
<p><a href=#POEM1>Billie Wilson</a>
<p><a href=#POEM2>Carolyn Hall</a>
<p><a href=#POEM3>Marcus Larrson</a>
<p><a href=#POEM4>Michelle Root-Bernstein</a>
<p><a href=#POEM5>Tony Beyer</a>
<p><a href=#POEM6>Colo Buchanan</a>
<p><a href=#POEM7>Laura Orabone</a>
<p><a href=#POEM8>Kay McLain</a>
<p><a href=#POEM9>Ariel Lambert</a>
<p><a href=#POEM10>H. Gene Murtha</a>
 
<p><a href=#POEM1>Gary Hotham</a>
<p><a href=#POEM2>Dietmar Tauchner</a>
<p><a href=#POEM3>Cherie Hunter Day</a>
<p><a href=#POEM4>Jack Barry</a>
<p><a href=#POEM5>George Swede</a>
<p><a href=#POEM6>Tim Edwards</a>
<p><a href=#POEM7>Patricia Prime</a>
<p><a href=#POEM8>Bruce Ross</a>
<p><a href=#POEM9>Lenard D. Moore</a>
<p><a href=#POEM10>Jack Barry</a>
 
<p><a href=#POEM1>Natasha Levi</a>
<p><a href=#POEM2>Angelee Deodhar</a>
<p><a href=#POEM3>Stephen Toft</a>
<p><a href=#POEM4>Tom Clausen</a>
<p><a href=#POEM5>paul m.</a>
<p><a href=#POEM6>John Barlow</a>
<p><a href=#POEM7>S. R. Spanyer</a>
<p><a href=#POEM8>Marilyn Appl Walker</a>
<p><a href=#POEM9>Ann K. Schwader</a>
<p><a href=#POEM10>Bronislawa Sibiga</a>
 
<p><a href=#POEM1>Christopher Patchel</a>
<p><a href=#POEM2>Sandra Simpson</a>
<p><a href=#POEM3>Linda Jeannette Ward</a>
<p><a href=#POEM4>Graham Nunn</a>
<p><a href=#POEM5>frances angela</a>
<p><a href=#POEM6>Chad Lee Robinson</a>
<p><a href=#POEM7>Elizabeth F. Kusuda</a>
<p><a href=#POEM8>Beverley George</a>
<p><a href=#POEM9>Edith Bartholomeusz</a>
<p><a href=#POEM10>Adelaide B. Shaw</a>
 
<p><a href=#POEM1>Hilary Tann</a>
<p><a href=#POEM2>Timothy Hawkes</a>
<p><a href=#POEM3>Yu Chang</a>
<p><a href=#POEM4>Tom Tico</a>
<p><a href=#POEM5>Kirsty Karkow</a>
<p><a href=#POEM6>Andrea Grillo</a>
<p><a href=#POEM7>Connie Donleycott</a>
<p><a href=#POEM8>Francine Porad</a>
<p><a href=#POEM9>Andrea Cecon</a>
<p><a href=#POEM10>Marili Deandrea</a>
 
<p><a href=#POEM1>Paul Watsky</a>
<p><a href=#POEM2>Lane Parker</a>
<p><a href=#POEM3>K. Ramesh</a>
<p><a href=#POEM4>Natasha Levi</a>
<p><a href=#POEM5>David Giacalone</a>
<p><a href=#POEM6>Eileen Evans</a>
<p><a href=#POEM7>Paul Pfleuger, Jr.</a>
<p><a href=#POEM8>Quendryth Young</a>
<p><a href=#POEM9>Burnell Lippy</a>
<p><a href=#POEM10>Brent Partridge</a>
 
<p><a href=#POEM1>James Chessing</a>
<p><a href=#POEM2>Janelle Barrera</a>
<p><a href=#POEM3>vincent tripi</a>
<p><a href=#POEM4>D. Claire Gallagher</a>
<p><a href=#POEM5>Peter Yovu</a>
<p><a href=#POEM6>Frances Angela</a>
<p><a href=#POEM7>Cindy Zackowitz</a>
<p><a href=#POEM8>Ed Markowski</a>
<p><a href=#POEM9>David Rosen</a>
<p><a href=#POEM10>Margarita Engle</a>
 
<p><a href=#POEM1>Beverly Tift</a>
<p><a href=#POEM2>George Swede</a>
<p><a href=#POEM3>Rick Tarquinio</a>
<p><a href=#POEM4>Grant Savage</a>
<p><a href=#POEM5>Timothy Hawkes</a>
<p><a href=#POEM6>Victor Ortiz</a>
<p><a href=#POEM7>Collin Barber</a>
<p><a href=#POEM8>Sabine Miller</a>
<p><a href=#POEM9>Connie Donleycott</a>
<p><a href=#POEM10>John Stevenson</a>
 
<p><a href=#POEM1>Christopher Patchel</a>
<p><a href=#POEM2>James Chessing</a>
<p><a href=#POEM3>Anna Tambour</a>
<p><a href=#POEM4>Scott Metz</a>
<p><a href=#POEM5>Nara Bauer</a>
<p><a href=#POEM6>Barry George</a>
<p><a href=#POEM7>John Kinory</a>
<p><a href=#POEM8>Clive Oseman</a>
<p><a href=#POEM9>Michael Dylan Welch</a>
<p><a href=#POEM10>Elizabeth Moura</a>
 
<p><a href=#POEM1>David Boyer</a>
<p><a href=#POEM2>Marcus Larsson</a>
<p><a href=#POEM3>Yu Chang</a>
<p><a href=#POEM4>William Cullen, Jr.</a>
<p><a href=#POEM5>Paul Wigelius</a>
<p><a href=#POEM6>Kay Grimnes</a>
<p><a href=#POEM7>Robert Bauer</a>
<p><a href=#POEM8>Rick Tarquinio</a>
<p><a href=#POEM9>David Noble</a>
<p><a href=#POEM10>Kay F. Anderson</a>
