<TR ALIGN=LEFT VALIGN=TOP><TD><P><FONT SIZE=+1>cutting out pictures<br>    from old calendars . . .<br>       autumn drizzle</FONT></TD></TR> <TR ALIGN=RIGHT VALIGN=TOP><TD>Stephen Toft<P>&nbsp;</TD></TR>
<TR ALIGN=LEFT VALIGN=TOP><TD><P><FONT SIZE=+1>something to it<br> about taking your time<br> ripe peaches</FONT></TD></TR> <TR ALIGN=RIGHT VALIGN=TOP><TD>Marian Olson<P>&nbsp;</TD></TR>
<TR ALIGN=LEFT VALIGN=TOP><TD><P><FONT SIZE=+1>Christmas at the mall . . .<br> the turkey steps forward<br> with a clipboard</FONT></TD></TR> <TR ALIGN=RIGHT VALIGN=TOP><TD>Helen Buckingham<P>&nbsp;</TD></TR>
<TR ALIGN=LEFT VALIGN=TOP><TD><P><FONT SIZE=+1>clouds building . . .<br> paper snowflakes<br> in the window</FONT></TD></TR> <TR ALIGN=RIGHT VALIGN=TOP><TD>Bill Waters<P>&nbsp;</TD></TR>
<TR ALIGN=LEFT VALIGN=TOP><TD><P><FONT SIZE=+1>this year^Òs candles<br> in last year^Òs wax^×<br> Chanukah eve</FONT></TD></TR> <TR ALIGN=RIGHT VALIGN=TOP><TD>Ruth Holzer<P>&nbsp;</TD></TR>
<TR ALIGN=LEFT VALIGN=TOP><TD><P><FONT SIZE=+1>December evening:<br> the smell of gingerbread<br> in mother^Òs hug</FONT></TD></TR> <TR ALIGN=RIGHT VALIGN=TOP><TD>Irene Golas<P>&nbsp;</TD></TR>
<TR ALIGN=LEFT VALIGN=TOP><TD><P><FONT SIZE=+1>ripe persimmons<br> glazed with frost^×<br> my soft red shawl</FONT></TD></TR> <TR ALIGN=RIGHT VALIGN=TOP><TD>Mitzi Trout<P>&nbsp;</TD></TR>
<TR ALIGN=LEFT VALIGN=TOP><TD><P><FONT SIZE=+1>distant wren song . . .<br> the brown river<br> slowed to green</FONT></TD></TR> <TR ALIGN=RIGHT VALIGN=TOP><TD>John Barlow<P>&nbsp;</TD></TR>
<TR ALIGN=LEFT VALIGN=TOP><TD><P><FONT SIZE=+1>Blue heron<br> standing at the edge<br> of the falls</FONT></TD></TR> <TR ALIGN=RIGHT VALIGN=TOP><TD>Allan Burns<P>&nbsp;</TD></TR>
<TR ALIGN=LEFT VALIGN=TOP><TD><P><FONT SIZE=+1>shadows of blue hills^×<br> wild turkeys forage<br> among a clutch old stones</FONT></TD></TR> <TR ALIGN=RIGHT VALIGN=TOP><TD>Elizabeth Howard<P>&nbsp;</TD></TR>
 
<TR ALIGN=LEFT VALIGN=TOP><TD><P><FONT SIZE=+1>redwood grove<br> their arguing<br> hushed</FONT></TD></TR> <TR ALIGN=RIGHT VALIGN=TOP><TD>Robert Epstein<P>&nbsp;</TD></TR>
<TR ALIGN=LEFT VALIGN=TOP><TD><P><FONT SIZE=+1>moonless night^×<br> I read your letter<br> by heart</FONT></TD></TR> <TR ALIGN=RIGHT VALIGN=TOP><TD>Valeria Simonova<P>&nbsp;</TD></TR>
<TR ALIGN=LEFT VALIGN=TOP><TD><P><FONT SIZE=+1>storm clouds<br> water darkens<br> around the tea bag</FONT></TD></TR> <TR ALIGN=RIGHT VALIGN=TOP><TD>Kevin James<P>&nbsp;</TD></TR>
<TR ALIGN=LEFT VALIGN=TOP><TD><P><FONT SIZE=+1>drifting leaves<br> the slow arc<br> of a wrecking ball</FONT></TD></TR> <TR ALIGN=RIGHT VALIGN=TOP><TD>Beverly Tift<P>&nbsp;</TD></TR>
<TR ALIGN=LEFT VALIGN=TOP><TD><P><FONT SIZE=+1>peak hour traffic<br> beneath the harbour bridge<br> a humpback slaps its tail</FONT></TD></TR> <TR ALIGN=RIGHT VALIGN=TOP><TD>Vanessa Proctor<P>&nbsp;</TD></TR>
<TR ALIGN=LEFT VALIGN=TOP><TD><P><FONT SIZE=+1>dappled sunlight^×<br> waiting to hear<br> you^Òre safely home</FONT></TD></TR> <TR ALIGN=RIGHT VALIGN=TOP><TD>Hilary Tann<P>&nbsp;</TD></TR>
<TR ALIGN=LEFT VALIGN=TOP><TD><P><FONT SIZE=+1>her latest worry . . .<br> a raven lands<br> on the one bare limb</FONT></TD></TR> <TR ALIGN=RIGHT VALIGN=TOP><TD>Scott Mason<P>&nbsp;</TD></TR>
<TR ALIGN=LEFT VALIGN=TOP><TD><P><FONT SIZE=+1>icy mortuary steps^×<br> linen or muslin<br> for her shroud</FONT></TD></TR> <TR ALIGN=RIGHT VALIGN=TOP><TD>Carolyn Hall<P>&nbsp;</TD></TR>
<TR ALIGN=LEFT VALIGN=TOP><TD><P><FONT SIZE=+1>new boy in town<br> throwing snowballs<br> at his own snowman</FONT></TD></TR> <TR ALIGN=RIGHT VALIGN=TOP><TD>David Gershator<P>&nbsp;</TD></TR>
<TR ALIGN=LEFT VALIGN=TOP><TD><P><FONT SIZE=+1>third blizzard^×<br> the untuned piano^Òs<br> middle C</FONT></TD></TR> <TR ALIGN=RIGHT VALIGN=TOP><TD>Roberta Beary<P>&nbsp;</TD></TR>
 
<TR ALIGN=LEFT VALIGN=TOP><TD><P><FONT SIZE=+1>a squabble of jays^×<br> he shovels my bootprints<br> off the sidewalk</FONT></TD></TR> <TR ALIGN=RIGHT VALIGN=TOP><TD>Billie Wilson<P>&nbsp;</TD></TR>
<TR ALIGN=LEFT VALIGN=TOP><TD><P><FONT SIZE=+1>fireplace glow<br> first signs of fraying<br> in the cane-back rocking chair</FONT></TD></TR> <TR ALIGN=RIGHT VALIGN=TOP><TD>Carolyn Hall<P>&nbsp;</TD></TR>
<TR ALIGN=LEFT VALIGN=TOP><TD><P><FONT SIZE=+1>smell of matches<br> we recall the movies<br> that made us scared</FONT></TD></TR> <TR ALIGN=RIGHT VALIGN=TOP><TD>Marcus Larrson<P>&nbsp;</TD></TR>
<TR ALIGN=LEFT VALIGN=TOP><TD><P><FONT SIZE=+1>dark of the moon<br> turning the penny heads up<br> for someone else</FONT></TD></TR> <TR ALIGN=RIGHT VALIGN=TOP><TD>Michelle Root-Bernstein<P>&nbsp;</TD></TR>
<TR ALIGN=LEFT VALIGN=TOP><TD><P><FONT SIZE=+1>frost moon<br> a dented nail head<br> catches light</FONT></TD></TR> <TR ALIGN=RIGHT VALIGN=TOP><TD>Tony Beyer<P>&nbsp;</TD></TR>
<TR ALIGN=LEFT VALIGN=TOP><TD><P><FONT SIZE=+1>funeral march^×<br> watching their grief<br> from behind</FONT></TD></TR> <TR ALIGN=RIGHT VALIGN=TOP><TD>Colo Buchanan<P>&nbsp;</TD></TR>
<TR ALIGN=LEFT VALIGN=TOP><TD><P><FONT SIZE=+1>roadside shrine<br> a child blows out<br> all the prayers</FONT></TD></TR> <TR ALIGN=RIGHT VALIGN=TOP><TD>Laura Orabone<P>&nbsp;</TD></TR>
<TR ALIGN=LEFT VALIGN=TOP><TD><P><FONT SIZE=+1>mountain churchyard . . .<br> even the rocks <br> painted white</FONT></TD></TR> <TR ALIGN=RIGHT VALIGN=TOP><TD>Kay McLain<P>&nbsp;</TD></TR>
<TR ALIGN=LEFT VALIGN=TOP><TD><P><FONT SIZE=+1>morning prayers<br> a glass cathedral<br> echoes vowels</FONT></TD></TR> <TR ALIGN=RIGHT VALIGN=TOP><TD>Ariel Lambert<P>&nbsp;</TD></TR>
<TR ALIGN=LEFT VALIGN=TOP><TD><P><FONT SIZE=+1>first warm day<br> the derelict^Òs<br> yellow tie</FONT></TD></TR> <TR ALIGN=RIGHT VALIGN=TOP><TD>H. Gene Murtha<P>&nbsp;</TD></TR>
 
<TR ALIGN=LEFT VALIGN=TOP><TD><P><FONT SIZE=+1>the dog takes a sniff^×<br> snow that didn^Òt go<br> with the first warm day</FONT></TD></TR> <TR ALIGN=RIGHT VALIGN=TOP><TD>Gary Hotham<P>&nbsp;</TD></TR>
<TR ALIGN=LEFT VALIGN=TOP><TD><P><FONT SIZE=+1>spring longing^×<br> following animal tracks<br> as far as I can</FONT></TD></TR> <TR ALIGN=RIGHT VALIGN=TOP><TD>Dietmar Tauchner<P>&nbsp;</TD></TR>
<TR ALIGN=LEFT VALIGN=TOP><TD><P><FONT SIZE=+1>a minute<br> more daylight than yesterday^×<br> paperwhites</FONT></TD></TR> <TR ALIGN=RIGHT VALIGN=TOP><TD>Cherie Hunter Day<P>&nbsp;</TD></TR>
<TR ALIGN=LEFT VALIGN=TOP><TD><P><FONT SIZE=+1>dragging her jacket<br> home from school<br> first spring peepers</FONT></TD></TR> <TR ALIGN=RIGHT VALIGN=TOP><TD>Jack Barry<P>&nbsp;</TD></TR>
<TR ALIGN=LEFT VALIGN=TOP><TD><P><FONT SIZE=+1>Peering into<br> the deep well, two boys<br> talk about girls</FONT></TD></TR> <TR ALIGN=RIGHT VALIGN=TOP><TD>George Swede<P>&nbsp;</TD></TR>
<TR ALIGN=LEFT VALIGN=TOP><TD><P><FONT SIZE=+1>from the mouths<br> of old stone frogs<br> the sound of water</FONT></TD></TR> <TR ALIGN=RIGHT VALIGN=TOP><TD>Tim Edwards<P>&nbsp;</TD></TR>
<TR ALIGN=LEFT VALIGN=TOP><TD><P><FONT SIZE=+1>morning mist<br> the swallows return<br> to last year^Òs nest</FONT></TD></TR> <TR ALIGN=RIGHT VALIGN=TOP><TD>Patricia Prime<P>&nbsp;</TD></TR>
<TR ALIGN=LEFT VALIGN=TOP><TD><P><FONT SIZE=+1>rain clouds<br> a river frog^Òs head<br> pops back down</FONT></TD></TR> <TR ALIGN=RIGHT VALIGN=TOP><TD>Bruce Ross<P>&nbsp;</TD></TR>
<TR ALIGN=LEFT VALIGN=TOP><TD><P><FONT SIZE=+1>misty river^×<br> the drone of the drawbridge<br> still in my ears</FONT></TD></TR> <TR ALIGN=RIGHT VALIGN=TOP><TD>Lenard D. Moore<P>&nbsp;</TD></TR>
<TR ALIGN=LEFT VALIGN=TOP><TD><P><FONT SIZE=+1>lilacs in bloom<br> a swallowtail crosses<br> the double yellow line</FONT></TD></TR> <TR ALIGN=RIGHT VALIGN=TOP><TD>Jack Barry<P>&nbsp;</TD></TR>
 
<TR ALIGN=LEFT VALIGN=TOP><TD><P><FONT SIZE=+1>spring downpour^×<br> my little son teaches me<br> to fold paper boats</FONT></TD></TR> <TR ALIGN=RIGHT VALIGN=TOP><TD>Natasha Levi<P>&nbsp;</TD></TR>
<TR ALIGN=LEFT VALIGN=TOP><TD><P><FONT SIZE=+1>sheets of rain<br> a calf huddles closer<br> to the cowherd</FONT></TD></TR> <TR ALIGN=RIGHT VALIGN=TOP><TD>Angelee Deodhar<P>&nbsp;</TD></TR>
<TR ALIGN=LEFT VALIGN=TOP><TD><P><FONT SIZE=+1>sheep back<br> from shearing^×<br> spring breeze</FONT></TD></TR> <TR ALIGN=RIGHT VALIGN=TOP><TD>Stephen Toft<P>&nbsp;</TD></TR>
<TR ALIGN=LEFT VALIGN=TOP><TD><P><FONT SIZE=+1>redwing blackbird calls^×<br> the dog tugs for<br> another scent</FONT></TD></TR> <TR ALIGN=RIGHT VALIGN=TOP><TD>Tom Clausen<P>&nbsp;</TD></TR>
<TR ALIGN=LEFT VALIGN=TOP><TD><P><FONT SIZE=+1>mating antics<br> of a hummingbird<br> wind on the lake</FONT></TD></TR> <TR ALIGN=RIGHT VALIGN=TOP><TD>paul m.<P>&nbsp;</TD></TR>
<TR ALIGN=LEFT VALIGN=TOP><TD><P><FONT SIZE=+1>the sun<br> at its zenith<br> goldfinch song</FONT></TD></TR> <TR ALIGN=RIGHT VALIGN=TOP><TD>John Barlow<P>&nbsp;</TD></TR>
<TR ALIGN=LEFT VALIGN=TOP><TD><P><FONT SIZE=+1>gala garden tour!<br> the overwhelming urge<br> to yank pokeberry</FONT></TD></TR> <TR ALIGN=RIGHT VALIGN=TOP><TD>S. R. Spanyer<P>&nbsp;</TD></TR>
<TR ALIGN=LEFT VALIGN=TOP><TD><P><FONT SIZE=+1>garden trellis<br> a green snake loops<br> into our small talk</FONT></TD></TR> <TR ALIGN=RIGHT VALIGN=TOP><TD>Marilyn Appl Walker<P>&nbsp;</TD></TR>
<TR ALIGN=LEFT VALIGN=TOP><TD><P><FONT SIZE=+1>slow rain^×<br> losing myself in<br> bird bath circles</FONT></TD></TR> <TR ALIGN=RIGHT VALIGN=TOP><TD>Ann K. Schwader<P>&nbsp;</TD></TR>
<TR ALIGN=LEFT VALIGN=TOP><TD><P><FONT SIZE=+1>quiet evening<br> the wind has touched<br> a lilac bush</FONT></TD></TR> <TR ALIGN=RIGHT VALIGN=TOP><TD>Bronislawa Sibiga<P>&nbsp;</TD></TR>
 
<TR ALIGN=LEFT VALIGN=TOP><TD><P><FONT SIZE=+1>blossom rain . . .<br> but you hope we can<br> still be friends</FONT></TD></TR> <TR ALIGN=RIGHT VALIGN=TOP><TD>Christopher Patchel<P>&nbsp;</TD></TR>
<TR ALIGN=LEFT VALIGN=TOP><TD><P><FONT SIZE=+1>white camellia<br> the coolness<br> of new sheets</FONT></TD></TR> <TR ALIGN=RIGHT VALIGN=TOP><TD>Sandra Simpson<P>&nbsp;</TD></TR>
<TR ALIGN=LEFT VALIGN=TOP><TD><P><FONT SIZE=+1>hazy moon^×<br> the dog^Òs third day<br> on the cat^Òs grave</FONT></TD></TR> <TR ALIGN=RIGHT VALIGN=TOP><TD>Linda Jeannette Ward<P>&nbsp;</TD></TR>
<TR ALIGN=LEFT VALIGN=TOP><TD><P><FONT SIZE=+1>first light<br> the space between<br> mother and lamb</FONT></TD></TR> <TR ALIGN=RIGHT VALIGN=TOP><TD>Graham Nunn<P>&nbsp;</TD></TR>
<TR ALIGN=LEFT VALIGN=TOP><TD><P><FONT SIZE=+1>early mist<br> feeling in my pocket<br> for the stone</FONT></TD></TR> <TR ALIGN=RIGHT VALIGN=TOP><TD>frances angela<P>&nbsp;</TD></TR>
<TR ALIGN=LEFT VALIGN=TOP><TD><P><FONT SIZE=+1>spring rain<br> the soft click of marbles<br> on the kitchen floor</FONT></TD></TR> <TR ALIGN=RIGHT VALIGN=TOP><TD>Chad Lee Robinson<P>&nbsp;</TD></TR>
<TR ALIGN=LEFT VALIGN=TOP><TD><P><FONT SIZE=+1>sweet peas<br> the round eye<br> of a hummingbird</FONT></TD></TR> <TR ALIGN=RIGHT VALIGN=TOP><TD>Elizabeth F. Kusuda<P>&nbsp;</TD></TR>
<TR ALIGN=LEFT VALIGN=TOP><TD><P><FONT SIZE=+1>morning shadows^×<br> a colt^Òs legs stroke<br> through long grass</FONT></TD></TR> <TR ALIGN=RIGHT VALIGN=TOP><TD>Beverley George<P>&nbsp;</TD></TR>
<TR ALIGN=LEFT VALIGN=TOP><TD><P><FONT SIZE=+1>darkening sky^×<br> a woman^Òs song rises<br> on the desert breeze</FONT></TD></TR> <TR ALIGN=RIGHT VALIGN=TOP><TD>Edith Bartholomeusz<P>&nbsp;</TD></TR>
<TR ALIGN=LEFT VALIGN=TOP><TD><P><FONT SIZE=+1>the warmth of May^×<br> a pregnant woman<br> smiles to herself</FONT></TD></TR> <TR ALIGN=RIGHT VALIGN=TOP><TD>Adelaide B. Shaw<P>&nbsp;</TD></TR>
 
<TR ALIGN=LEFT VALIGN=TOP><TD><P><FONT SIZE=+1>late supper<br> the smell of tomato plants<br> under my fingernails</FONT></TD></TR> <TR ALIGN=RIGHT VALIGN=TOP><TD>Hilary Tann<P>&nbsp;</TD></TR>
<TR ALIGN=LEFT VALIGN=TOP><TD><P><FONT SIZE=+1>Fourth of July^×<br> not a breath of wind<br> to stir the flag</FONT></TD></TR> <TR ALIGN=RIGHT VALIGN=TOP><TD>Timothy Hawkes<P>&nbsp;</TD></TR>
<TR ALIGN=LEFT VALIGN=TOP><TD><P><FONT SIZE=+1>fallen sycamore^×<br> the chess players move<br> to another tree</FONT></TD></TR> <TR ALIGN=RIGHT VALIGN=TOP><TD>Yu Chang<P>&nbsp;</TD></TR>
<TR ALIGN=LEFT VALIGN=TOP><TD><P><FONT SIZE=+1>a little escape<br> from the world and its affairs^×<br> the scent of jasmine</FONT></TD></TR> <TR ALIGN=RIGHT VALIGN=TOP><TD>Tom Tico<P>&nbsp;</TD></TR>
<TR ALIGN=LEFT VALIGN=TOP><TD><P><FONT SIZE=+1>now and then<br> when my neighbour is away<br> blackberries</FONT></TD></TR> <TR ALIGN=RIGHT VALIGN=TOP><TD>Kirsty Karkow<P>&nbsp;</TD></TR>
<TR ALIGN=LEFT VALIGN=TOP><TD><P><FONT SIZE=+1>warm day<br> an inchworm stretches<br> beyond the leaf edge</FONT></TD></TR> <TR ALIGN=RIGHT VALIGN=TOP><TD>Andrea Grillo<P>&nbsp;</TD></TR>
<TR ALIGN=LEFT VALIGN=TOP><TD><P><FONT SIZE=+1>adirondack chair . . .<br> falling madrona blossoms<br> tick on the deck</FONT></TD></TR> <TR ALIGN=RIGHT VALIGN=TOP><TD>Connie Donleycott<P>&nbsp;</TD></TR>
<TR ALIGN=LEFT VALIGN=TOP><TD><P><FONT SIZE=+1>I tap the crystal<br> four waiters attentive to<br> the green-leafed wind</FONT></TD></TR> <TR ALIGN=RIGHT VALIGN=TOP><TD>Francine Porad<P>&nbsp;</TD></TR>
<TR ALIGN=LEFT VALIGN=TOP><TD><P><FONT SIZE=+1>summer sunset^×<br> briefly the magpie<br> rimmed with gold</FONT></TD></TR> <TR ALIGN=RIGHT VALIGN=TOP><TD>Andrea Cecon<P>&nbsp;</TD></TR>
<TR ALIGN=LEFT VALIGN=TOP><TD><P><FONT SIZE=+1>loose hair<br> the wind brings me<br> an old song</FONT></TD></TR> <TR ALIGN=RIGHT VALIGN=TOP><TD>Marili Deandrea<P>&nbsp;</TD></TR>
 
<TR ALIGN=LEFT VALIGN=TOP><TD><P><FONT SIZE=+1>deserted porch^×<br> crickets continue<br> our conversation</FONT></TD></TR> <TR ALIGN=RIGHT VALIGN=TOP><TD>Paul Watsky<P>&nbsp;</TD></TR>
<TR ALIGN=LEFT VALIGN=TOP><TD><P><FONT SIZE=+1>evening breeze<br> something close to Mozart<br> in the chimes</FONT></TD></TR> <TR ALIGN=RIGHT VALIGN=TOP><TD>Lane Parker<P>&nbsp;</TD></TR>
<TR ALIGN=LEFT VALIGN=TOP><TD><P><FONT SIZE=+1>meditation over . . .<br> the crickets<br> still chirping</FONT></TD></TR> <TR ALIGN=RIGHT VALIGN=TOP><TD>K. Ramesh<P>&nbsp;</TD></TR>
<TR ALIGN=LEFT VALIGN=TOP><TD><P><FONT SIZE=+1>distant stars . . .<br> poplar fluff drifts<br> through the dark</FONT></TD></TR> <TR ALIGN=RIGHT VALIGN=TOP><TD>Natasha Levi<P>&nbsp;</TD></TR>
<TR ALIGN=LEFT VALIGN=TOP><TD><P><FONT SIZE=+1>winding road^×<br> under the influence<br> of a strawberry moon</FONT></TD></TR> <TR ALIGN=RIGHT VALIGN=TOP><TD>David Giacalone<P>&nbsp;</TD></TR>
<TR ALIGN=LEFT VALIGN=TOP><TD><P><FONT SIZE=+1>dusky lake<br> fishermen^Òs voices<br> sink into the darkness</FONT></TD></TR> <TR ALIGN=RIGHT VALIGN=TOP><TD>Eileen Evans<P>&nbsp;</TD></TR>
<TR ALIGN=LEFT VALIGN=TOP><TD><P><FONT SIZE=+1>tough as we sound<br> our eyes<br> on the fireflies</FONT></TD></TR> <TR ALIGN=RIGHT VALIGN=TOP><TD>Paul Pfleuger, Jr.<P>&nbsp;</TD></TR>
<TR ALIGN=LEFT VALIGN=TOP><TD><P><FONT SIZE=+1>distant thunder<br> a shadow flickers<br> on the locked shed</FONT></TD></TR> <TR ALIGN=RIGHT VALIGN=TOP><TD>Quendryth Young<P>&nbsp;</TD></TR>
<TR ALIGN=LEFT VALIGN=TOP><TD><P><FONT SIZE=+1>a bowl<br> full of pear bruises<br> lingering heat</FONT></TD></TR> <TR ALIGN=RIGHT VALIGN=TOP><TD>Burnell Lippy<P>&nbsp;</TD></TR>
<TR ALIGN=LEFT VALIGN=TOP><TD><P><FONT SIZE=+1>heat wave^×<br> a spider^Òs thread<br> across the frying pan</FONT></TD></TR> <TR ALIGN=RIGHT VALIGN=TOP><TD>Brent Partridge<P>&nbsp;</TD></TR>
 
<TR ALIGN=LEFT VALIGN=TOP><TD><P><FONT SIZE=+1>her aged veins<br>     the steady pulse<br>         of crickets</FONT></TD></TR> <TR ALIGN=RIGHT VALIGN=TOP><TD>James Chessing<P>&nbsp;</TD></TR>
<TR ALIGN=LEFT VALIGN=TOP><TD><P><FONT SIZE=+1>children^Òs carousel^×<br> the way seasons come around<br> faster than before</FONT></TD></TR> <TR ALIGN=RIGHT VALIGN=TOP><TD>Janelle Barrera<P>&nbsp;</TD></TR>
<TR ALIGN=LEFT VALIGN=TOP><TD><P><FONT SIZE=+1>Carousel . . .<br>         the grasshopper riding<br>               anywhere</FONT></TD></TR> <TR ALIGN=RIGHT VALIGN=TOP><TD>vincent tripi<P>&nbsp;</TD></TR>
<TR ALIGN=LEFT VALIGN=TOP><TD><P><FONT SIZE=+1>midsummer day^×<br> the wrong way<br> on a one-way street</FONT></TD></TR> <TR ALIGN=RIGHT VALIGN=TOP><TD>D. Claire Gallagher<P>&nbsp;</TD></TR>
<TR ALIGN=LEFT VALIGN=TOP><TD><P><FONT SIZE=+1>summer clouds<br> the river and I<br> inclined to the sea</FONT></TD></TR> <TR ALIGN=RIGHT VALIGN=TOP><TD>Peter Yovu<P>&nbsp;</TD></TR>
<TR ALIGN=LEFT VALIGN=TOP><TD><P><FONT SIZE=+1>stepping stones<br> a child finds a way<br> across the stream</FONT></TD></TR> <TR ALIGN=RIGHT VALIGN=TOP><TD>Frances Angela<P>&nbsp;</TD></TR>
<TR ALIGN=LEFT VALIGN=TOP><TD><P><FONT SIZE=+1>sultry day^×<br> one green berry<br> among the red</FONT></TD></TR> <TR ALIGN=RIGHT VALIGN=TOP><TD>Cindy Zackowitz<P>&nbsp;</TD></TR>
<TR ALIGN=LEFT VALIGN=TOP><TD><P><FONT SIZE=+1>thunder . . .<br> the mustang^Òs tail<br> begins to sway</FONT></TD></TR> <TR ALIGN=RIGHT VALIGN=TOP><TD>Ed Markowski<P>&nbsp;</TD></TR>
<TR ALIGN=LEFT VALIGN=TOP><TD><P><FONT SIZE=+1>lavender blooms<br> outside the sanctuary^×<br> late summer rain</FONT></TD></TR> <TR ALIGN=RIGHT VALIGN=TOP><TD>David Rosen<P>&nbsp;</TD></TR>
<TR ALIGN=LEFT VALIGN=TOP><TD><P><FONT SIZE=+1>thunderstorm<br> roosters and crows<br> answer the sky</FONT></TD></TR> <TR ALIGN=RIGHT VALIGN=TOP><TD>Margarita Engle<P>&nbsp;</TD></TR>
 
<TR ALIGN=LEFT VALIGN=TOP><TD><P><FONT SIZE=+1>bird calls . . .<br> the grass blade buzzes<br> on my tongue</FONT></TD></TR> <TR ALIGN=RIGHT VALIGN=TOP><TD>Beverly Tift<P>&nbsp;</TD></TR>
<TR ALIGN=LEFT VALIGN=TOP><TD><P><FONT SIZE=+1>Stifling heat<br> a palm frond suggests<br> there is a breeze</FONT></TD></TR> <TR ALIGN=RIGHT VALIGN=TOP><TD>George Swede<P>&nbsp;</TD></TR>
<TR ALIGN=LEFT VALIGN=TOP><TD><P><FONT SIZE=+1>dust rising<br> down the old dirt road<br> summer twilight</FONT></TD></TR> <TR ALIGN=RIGHT VALIGN=TOP><TD>Rick Tarquinio<P>&nbsp;</TD></TR>
<TR ALIGN=LEFT VALIGN=TOP><TD><P><FONT SIZE=+1>late summer rose<br> the feeble twitches<br> of an orange beetle</FONT></TD></TR> <TR ALIGN=RIGHT VALIGN=TOP><TD>Grant Savage<P>&nbsp;</TD></TR>
<TR ALIGN=LEFT VALIGN=TOP><TD><P><FONT SIZE=+1>heat wave^×<br> a knife stuck<br> deep in the melon</FONT></TD></TR> <TR ALIGN=RIGHT VALIGN=TOP><TD>Timothy Hawkes<P>&nbsp;</TD></TR>
<TR ALIGN=LEFT VALIGN=TOP><TD><P><FONT SIZE=+1>summer reunion<br> she ties a seaweed bracelet<br> on her sister^Òs wrist</FONT></TD></TR> <TR ALIGN=RIGHT VALIGN=TOP><TD>Victor Ortiz<P>&nbsp;</TD></TR>
<TR ALIGN=LEFT VALIGN=TOP><TD><P><FONT SIZE=+1>September sunset^×<br> crabs explore the skeleton<br> of a humpback whale</FONT></TD></TR> <TR ALIGN=RIGHT VALIGN=TOP><TD>Collin Barber<P>&nbsp;</TD></TR>
<TR ALIGN=LEFT VALIGN=TOP><TD><P><FONT SIZE=+1>minus tide . . .<br> a child sings<br> an ancient fishing song</FONT></TD></TR> <TR ALIGN=RIGHT VALIGN=TOP><TD>Sabine Miller<P>&nbsp;</TD></TR>
<TR ALIGN=LEFT VALIGN=TOP><TD><P><FONT SIZE=+1>lilt in her voice . . .<br> the moss-agate colors<br> in a sunlit wave</FONT></TD></TR> <TR ALIGN=RIGHT VALIGN=TOP><TD>Connie Donleycott<P>&nbsp;</TD></TR>
<TR ALIGN=LEFT VALIGN=TOP><TD><P><FONT SIZE=+1>end of summer<br> coming home<br> with the current and the tide</FONT></TD></TR> <TR ALIGN=RIGHT VALIGN=TOP><TD>John Stevenson<P>&nbsp;</TD></TR>
 
<TR ALIGN=LEFT VALIGN=TOP><TD><P><FONT SIZE=+1>summer^Òs end<br> the weight of my body<br> out of the water</FONT></TD></TR> <TR ALIGN=RIGHT VALIGN=TOP><TD>Christopher Patchel<P>&nbsp;</TD></TR>
<TR ALIGN=LEFT VALIGN=TOP><TD><P><FONT SIZE=+1>long, low bridge<br>      the perfect monotony<br>           of the summer sea</FONT></TD></TR> <TR ALIGN=RIGHT VALIGN=TOP><TD>James Chessing<P>&nbsp;</TD></TR>
<TR ALIGN=LEFT VALIGN=TOP><TD><P><FONT SIZE=+1>high forest ridge<br> far from the sea^×<br> a stone clam</FONT></TD></TR> <TR ALIGN=RIGHT VALIGN=TOP><TD>Anna Tambour<P>&nbsp;</TD></TR>
<TR ALIGN=LEFT VALIGN=TOP><TD><P><FONT SIZE=+1>Indian summer . . .<br> a bag of green peppers<br> turning red</FONT></TD></TR> <TR ALIGN=RIGHT VALIGN=TOP><TD>Scott Metz<P>&nbsp;</TD></TR>
<TR ALIGN=LEFT VALIGN=TOP><TD><P><FONT SIZE=+1>art class^×<br> I become<br> a rose of sharon</FONT></TD></TR> <TR ALIGN=RIGHT VALIGN=TOP><TD>Nara Bauer<P>&nbsp;</TD></TR>
<TR ALIGN=LEFT VALIGN=TOP><TD><P><FONT SIZE=+1>white jerseys<br> spread across the hockey field<br> Indian summer</FONT></TD></TR> <TR ALIGN=RIGHT VALIGN=TOP><TD>Barry George<P>&nbsp;</TD></TR>
<TR ALIGN=LEFT VALIGN=TOP><TD><P><FONT SIZE=+1>playground^×<br> every day the apple tree<br> bends further</FONT></TD></TR> <TR ALIGN=RIGHT VALIGN=TOP><TD>John Kinory<P>&nbsp;</TD></TR>
<TR ALIGN=LEFT VALIGN=TOP><TD><P><FONT SIZE=+1>mushroom gathering<br> I trust her<br> with a secret</FONT></TD></TR> <TR ALIGN=RIGHT VALIGN=TOP><TD>Clive Oseman<P>&nbsp;</TD></TR>
<TR ALIGN=LEFT VALIGN=TOP><TD><P><FONT SIZE=+1>Remembrance Day^×<br> my insignificant wince<br> at the misdirected poppy pin</FONT></TD></TR> <TR ALIGN=RIGHT VALIGN=TOP><TD>Michael Dylan Welch<P>&nbsp;</TD></TR>
<TR ALIGN=LEFT VALIGN=TOP><TD><P><FONT SIZE=+1>setting sun<br> my mother picks<br> the last tomato</FONT></TD></TR> <TR ALIGN=RIGHT VALIGN=TOP><TD>Elizabeth Moura<P>&nbsp;</TD></TR>
 
<TR ALIGN=LEFT VALIGN=TOP><TD><P><FONT SIZE=+1>evening cool:<br> the dog finds<br> his favorite bone</FONT></TD></TR> <TR ALIGN=RIGHT VALIGN=TOP><TD>David Boyer<P>&nbsp;</TD></TR>
<TR ALIGN=LEFT VALIGN=TOP><TD><P><FONT SIZE=+1>flies on the floor<br> of the lifeguard cabin<br> autumn twilight</FONT></TD></TR> <TR ALIGN=RIGHT VALIGN=TOP><TD>Marcus Larsson<P>&nbsp;</TD></TR>
<TR ALIGN=LEFT VALIGN=TOP><TD><P><FONT SIZE=+1>pull of the moon<br> I am not myself<br> tonight</FONT></TD></TR> <TR ALIGN=RIGHT VALIGN=TOP><TD>Yu Chang<P>&nbsp;</TD></TR>
<TR ALIGN=LEFT VALIGN=TOP><TD><P><FONT SIZE=+1>sirens in the night<br> the widower fidgets<br> with his wedding ring</FONT></TD></TR> <TR ALIGN=RIGHT VALIGN=TOP><TD>William Cullen, Jr.<P>&nbsp;</TD></TR>
<TR ALIGN=LEFT VALIGN=TOP><TD><P><FONT SIZE=+1>Indian summer^×<br> so many empty flies<br> in the spider^Òs web</FONT></TD></TR> <TR ALIGN=RIGHT VALIGN=TOP><TD>Paul Wigelius<P>&nbsp;</TD></TR>
<TR ALIGN=LEFT VALIGN=TOP><TD><P><FONT SIZE=+1>jack-o-lantern<br> the old pugilist^Òs <br> sudden grin</FONT></TD></TR> <TR ALIGN=RIGHT VALIGN=TOP><TD>Kay Grimnes<P>&nbsp;</TD></TR>
<TR ALIGN=LEFT VALIGN=TOP><TD><P><FONT SIZE=+1>autumn sunrise<br> the scent of sage lingers<br> in the prayer lodge</FONT></TD></TR> <TR ALIGN=RIGHT VALIGN=TOP><TD>Robert Bauer<P>&nbsp;</TD></TR>
<TR ALIGN=LEFT VALIGN=TOP><TD><P><FONT SIZE=+1>maple leaves<br> a breeze blows through<br> the branch being cut</FONT></TD></TR> <TR ALIGN=RIGHT VALIGN=TOP><TD>Rick Tarquinio<P>&nbsp;</TD></TR>
<TR ALIGN=LEFT VALIGN=TOP><TD><P><FONT SIZE=+1>what else<br> do I need to know . . .<br> pine trees growing from stone</FONT></TD></TR> <TR ALIGN=RIGHT VALIGN=TOP><TD>Kay F. Anderson<P>&nbsp;</TD></TR>
