<DT>Kirsty Karkow:&nbsp;&nbsp;<A HREF=thn_issue.h1.html#POEM00>1 #0</A><DD>Waldoboro, Maine</DT> 
<DT>Rebecca Lilly:&nbsp;&nbsp;<A HREF=thn_issue.h1.html#POEM01>1 #1</A><DD>Port Republic, Virginia</DT> 
<DT>Cindy Zackowitz:&nbsp;&nbsp;<A HREF=thn_issue.h1.html#POEM02>1 #2</A><DD>Anchorage, Alaska</DT> 
<DT>Michael Dylan Welch:&nbsp;&nbsp;<A HREF=thn_issue.h1.html#POEM03>1 #3</A><DD>Redmond, Washington</DT> 
<DT>Kay Grimnes:&nbsp;&nbsp;<A HREF=thn_issue.h1.html#POEM04>1 #4</A><DD>Alma, Michigan</DT> 
<DT>Mark Brooks:&nbsp;&nbsp;<A HREF=thn_issue.h1.html#POEM05>1 #5</A><DD>Austin, Texas</DT> 
<DT>Margaret Chula:&nbsp;&nbsp;<A HREF=thn_issue.h1.html#POEM06>1 #6</A><DD>Portland, Oregon</DT> 
<DT>William Cullen, Jr.:&nbsp;&nbsp;<A HREF=thn_issue.h1.html#POEM07>1 #7</A><DD>Brooklyn, New York</DT> 
<DT>Pamela Miller Ness:&nbsp;&nbsp;<A HREF=thn_issue.h1.html#POEM08>1 #8</A><DD>New York, New York</DT> 
<DT>Billie Wilson:&nbsp;&nbsp;<A HREF=thn_issue.h1.html#POEM09>1 #9</A><DD>Juneau, Alaska</DT> 
<DT>Marian Olson:&nbsp;&nbsp;<A HREF=thn_issue.h2.html#POEM00>2 #0</A><DD>Santa Fe, New Mexico</DT> 
<DT>D. Claire Gallagher:&nbsp;&nbsp;<A HREF=thn_issue.h2.html#POEM01>2 #1</A><DD>Sunnyvale, California</DT> 
<DT>Victor Gendrano:&nbsp;&nbsp;<A HREF=thn_issue.h2.html#POEM02>2 #2</A><DD>Carson, California</DT> 
<DT>Michael Ketchek:&nbsp;&nbsp;<A HREF=thn_issue.h2.html#POEM03>2 #3</A><DD>Rochester, New York</DT> 
<DT>Barry George:&nbsp;&nbsp;<A HREF=thn_issue.h2.html#POEM04>2 #4</A><DD>Philadelphia, Pennsylvania</DT> 
<DT>H. Gene Murtha:&nbsp;&nbsp;<A HREF=thn_issue.h2.html#POEM05>2 #5</A><DD>Buena, New Jersey</DT> 
<DT>H. F. Noyes:&nbsp;&nbsp;<A HREF=thn_issue.h2.html#POEM06>2 #6</A><DD>Politia, Attikis, Greece</DT> 
<DT>Jennie Townsend:&nbsp;&nbsp;<A HREF=thn_issue.h2.html#POEM07>2 #7</A><DD>O'Fallon, Missouri</DT> 
<DT>Brian Darnell:&nbsp;&nbsp;<A HREF=thn_issue.h2.html#POEM08>2 #8</A><DD>Athens, Georgia</DT> 
<DT>John Stevenson:&nbsp;&nbsp;<A HREF=thn_issue.h2.html#POEM09>2 #9</A><DD>Nassau, New York</DT> 
<DT>Evelyn Hermann:&nbsp;&nbsp;<A HREF=thn_issue.h3.html#POEM00>3 #0</A><DD>San Anselmo, California</DT> 
<DT>Elizabeth Howard:&nbsp;&nbsp;<A HREF=thn_issue.h3.html#POEM01>3 #1</A><DD>Crossville, Tennessee</DT> 
<DT>Angelee Deodhar:&nbsp;&nbsp;<A HREF=thn_issue.h3.html#POEM02>3 #2</A><DD>Chandigarh, India</DT> 
<DT>K. Ramesh:&nbsp;&nbsp;<A HREF=thn_issue.h3.html#POEM03>3 #3</A><DD>Adyar, Chennai, India</DT> 
<DT>Burnell Lippy:&nbsp;&nbsp;<A HREF=thn_issue.h3.html#POEM04>3 #4</A><DD>Mt. Tremper, New York</DT> 
<DT>Darrell Byrd:&nbsp;&nbsp;<A HREF=thn_issue.h3.html#POEM05>3 #5</A><DD>El Centro, California</DT> 
<DT>Cherie Hunter Day:&nbsp;&nbsp;<A HREF=thn_issue.h3.html#POEM06>3 #6</A><DD>San Diego, California</DT> 
<DT>DeVar Dahl:&nbsp;&nbsp;<A HREF=thn_issue.h3.html#POEM07>3 #7</A><DD>Magrath, Alberta, Canada</DT> 
<DT>Stephen Engleman:&nbsp;&nbsp;<A HREF=thn_issue.h3.html#POEM08>3 #8</A><DD>Ithaca, New York</DT> 
<DT>Fay Aoyagi:&nbsp;&nbsp;<A HREF=thn_issue.h3.html#POEM09>3 #9</A><DD>San Francisco, California</DT> 
<DT>Odd G. Aksnes:&nbsp;&nbsp;<A HREF=thn_issue.h4.html#POEM00>4 #0</A><DD>Tonsberg, Norway</DT> 
<DT>Johnny Baranski:&nbsp;&nbsp;<A HREF=thn_issue.h4.html#POEM01>4 #1</A><DD>Portland, Oregon</DT> 
<DT>Martin Vest:&nbsp;&nbsp;<A HREF=thn_issue.h4.html#POEM02>4 #2</A><DD>Pocatello, Idaho</DT> 
<DT>Paul Wigelius:&nbsp;&nbsp;<A HREF=thn_issue.h4.html#POEM03>4 #3</A><DD>Stockholm, Sweden</DT> 
<DT>Christopher Patchel:&nbsp;&nbsp;<A HREF=thn_issue.h4.html#POEM04>4 #4</A><DD>Chicago, Illinois</DT> 
<DT>Ann K. Schwader:&nbsp;&nbsp;<A HREF=thn_issue.h4.html#POEM05>4 #5</A><DD>Westminster, Colorado</DT> 
<DT>Victor Ortiz:&nbsp;&nbsp;<A HREF=thn_issue.h4.html#POEM06>4 #6</A><DD>San Pedro, California</DT> 
<DT>Curtis Dunlap:&nbsp;&nbsp;<A HREF=thn_issue.h4.html#POEM07>4 #7</A><DD>Mayodan, North Carolina</DT> 
<DT>Hilary Tann:&nbsp;&nbsp;<A HREF=thn_issue.h4.html#POEM08>4 #8</A><DD>Schuylerville, New York</DT> 
<DT>Celia Crook:&nbsp;&nbsp;<A HREF=thn_issue.h4.html#POEM09>4 #9</A><DD>Bloxham, Oxfordshire, England</DT> 
<DT>Lori Laliberte-Carey:&nbsp;&nbsp;<A HREF=thn_issue.h5.html#POEM00>5 #0</A><DD>Tucker, Georgia</DT> 
<DT>Connie Donleycott:&nbsp;&nbsp;<A HREF=thn_issue.h5.html#POEM01>5 #1</A><DD>Bremerton, Washington</DT> 
<DT>Anna Tambour:&nbsp;&nbsp;<A HREF=thn_issue.h5.html#POEM02>5 #2</A><DD>Nowra, New South Wales, Australia</DT> 
<DT>Peter Williams:&nbsp;&nbsp;<A HREF=thn_issue.h5.html#POEM03>5 #3</A><DD>Watford, Hertfordshire, England</DT> 
<DT>Rosemary Gwaltney:&nbsp;&nbsp;<A HREF=thn_issue.h5.html#POEM04>5 #4</A><DD>Idaho</DT> 
<DT>Yvonne Cabalona:&nbsp;&nbsp;<A HREF=thn_issue.h5.html#POEM05>5 #5</A><DD>Modesto, California</DT> 
<DT>Carol Purington:&nbsp;&nbsp;<A HREF=thn_issue.h5.html#POEM06>5 #6</A><DD>Colrain, Massachusetts</DT> 
<DT>Karina Young:&nbsp;&nbsp;<A HREF=thn_issue.h5.html#POEM07>5 #7</A><DD>Salinas, California</DT> 
<DT>Piper:&nbsp;&nbsp;<A HREF=thn_issue.h5.html#POEM08>5 #8</A><DD>Surrey, British Columbia, Canada</DT> 
<DT>Paul O. Williams:&nbsp;&nbsp;<A HREF=thn_issue.h5.html#POEM09>5 #9</A><DD>Belmont, California</DT> 
