<P><A HREF=thn_issue.h1.html#POEM00>
Kirsty Karkow
</A>
<P><A HREF=thn_issue.h1.html#POEM01>
Rebecca Lilly
</A>
<P><A HREF=thn_issue.h1.html#POEM02>
Cindy Zackowitz
</A>
<P><A HREF=thn_issue.h1.html#POEM03>
Michael Dylan Welch
</A>
<P><A HREF=thn_issue.h1.html#POEM04>
Kay Grimnes
</A>
<P><A HREF=thn_issue.h1.html#POEM05>
Mark Brooks
</A>
<P><A HREF=thn_issue.h1.html#POEM06>
Margaret Chula
</A>
<P><A HREF=thn_issue.h1.html#POEM07>
William Cullen, Jr.
</A>
<P><A HREF=thn_issue.h1.html#POEM08>
Pamela Miller Ness
</A>
<P><A HREF=thn_issue.h1.html#POEM09>
Billie Wilson
</A>
</TD>
 
<TD ALIGN=LEFT VALIGN=TOP WIDTH=380>
<TABLE>
 
<TR ALIGN=LEFT VALIGN=TOP>
<TD><A NAME=POEM00></A>
<P><FONT SIZE=+1>
 
the ocean -
<BR>
a shallow stream merging
<BR>
without sound
</FONT></TD></TR>
<TR ALIGN=RIGHT VALIGN=TOP><TD>
Kirsty Karkow
<P>&nbsp;</TD></TR>
<TR ALIGN=LEFT VALIGN=TOP>
<TD><A NAME=POEM02></A>
<P><FONT SIZE=+1>
 
gloomy morning -
<BR>
a worm follows an oil slick
<BR>
down the gutter
</FONT></TD></TR>
<TR ALIGN=RIGHT VALIGN=TOP><TD>
Cindy Zackowitz
<P>&nbsp;</TD></TR>
<TR ALIGN=LEFT VALIGN=TOP>
<TD><A NAME=POEM04></A>
<P><FONT SIZE=+1>
 
foghorn
<BR>
     the slow roll of a fish
<BR>
          on the line
</FONT></TD></TR>
<TR ALIGN=RIGHT VALIGN=TOP><TD>
Kay Grimnes
<P>&nbsp;</TD></TR>
<TR ALIGN=LEFT VALIGN=TOP>
<TD><A NAME=POEM06></A>
<P><FONT SIZE=+1>
 
morning frost
<BR>
    stutter
<BR>
of the rooster
</FONT></TD></TR>
<TR ALIGN=RIGHT VALIGN=TOP><TD>
Margaret Chula
<P>&nbsp;</TD></TR>
<TR ALIGN=LEFT VALIGN=TOP>
<TD><A NAME=POEM08></A>
<P><FONT SIZE=+1>
 
mourning -
<BR>
a piece of birchbark
<BR>
peels
</FONT></TD></TR>
<TR ALIGN=RIGHT VALIGN=TOP><TD>
Pamela Miller Ness
<P>&nbsp;</TD></TR>
 
</TABLE></TD>
 
<TD ALIGN=LEFT VALIGN=TOP WIDTH=380>
<TABLE><TR ALIGN=LEFT VALIGN=TOP>
<TD><FONT SIZE=-2>&nbsp;</FONT></TD>
</TR>
 
<TR ALIGN=RIGHT VALIGN=TOP>
<TD>&nbsp;</TD>
</TR>
<TR ALIGN=LEFT VALIGN=TOP>
<TD><A NAME=POEM01></A>
<P><FONT SIZE=+1>
 
gulls far off
<BR>
in the twilight calm . . .
<BR>
lock waters fall
</FONT></TD></TR>
<TR ALIGN=RIGHT VALIGN=TOP><TD>
Rebecca Lilly
<P>&nbsp;</TD></TR>
<TR ALIGN=LEFT VALIGN=TOP>
<TD><A NAME=POEM03></A>
<P><FONT SIZE=+1>
 
a skipping stone
<BR>
strikes the moored sailboat . . .
<BR>
autumn drizzle
</FONT></TD></TR>
<TR ALIGN=RIGHT VALIGN=TOP><TD>
Michael Dylan Welch
<P>&nbsp;</TD></TR>
<TR ALIGN=LEFT VALIGN=TOP>
<TD><A NAME=POEM05></A>
<P><FONT SIZE=+1>
 
talk of war -
<BR>
my toddler points at swells
<BR>
before they break
</FONT></TD></TR>
<TR ALIGN=RIGHT VALIGN=TOP><TD>
Mark Brooks
<P>&nbsp;</TD></TR>
<TR ALIGN=LEFT VALIGN=TOP>
<TD><A NAME=POEM07></A>
<P><FONT SIZE=+1>
 
cold mountain shadow
<BR>
the slow drip of a spring
<BR>
into sunlight
</FONT></TD></TR>
<TR ALIGN=RIGHT VALIGN=TOP><TD>
William Cullen, Jr.
<P>&nbsp;</TD></TR>
<TR ALIGN=LEFT VALIGN=TOP>
<TD><A NAME=POEM09></A>
<P><FONT SIZE=+1>
 
the first flakes of snow
<BR>
drifting down on the wetlands
<BR>
Canada geese
</FONT></TD></TR>
<TR ALIGN=RIGHT VALIGN=TOP><TD>
Billie Wilson
<P>&nbsp;</TD></TR>
