<P><A HREF=thn_issue.h4.html#POEM00>
Odd G. Aksnes
</A>
<P><A HREF=thn_issue.h4.html#POEM01>
Johnny Baranski
</A>
<P><A HREF=thn_issue.h4.html#POEM02>
Martin Vest
</A>
<P><A HREF=thn_issue.h4.html#POEM03>
Paul Wigelius
</A>
<P><A HREF=thn_issue.h4.html#POEM04>
Christopher Patchel
</A>
<P><A HREF=thn_issue.h4.html#POEM05>
Ann K. Schwader
</A>
<P><A HREF=thn_issue.h4.html#POEM06>
Victor Ortiz
</A>
<P><A HREF=thn_issue.h4.html#POEM07>
Curtis Dunlap
</A>
<P><A HREF=thn_issue.h4.html#POEM08>
Hilary Tann
</A>
<P><A HREF=thn_issue.h4.html#POEM09>
Celia Crook
</A>
</TD>
 
<TD ALIGN=LEFT VALIGN=TOP WIDTH=380>
<TABLE>
 
<TR ALIGN=LEFT VALIGN=TOP>
<TD><A NAME=POEM00></A>
<P><FONT SIZE=+1>
 
after a swim
<BR>
the rock's warmth . . .
<BR>
soaring gull
</FONT></TD></TR>
<TR ALIGN=RIGHT VALIGN=TOP><TD>
Odd G. Aksnes
<P>&nbsp;</TD></TR>
<TR ALIGN=LEFT VALIGN=TOP>
<TD><A NAME=POEM02></A>
<P><FONT SIZE=+1>
 
the longest day -
<BR>
my lip print fades
<BR>
from her sunburn
</FONT></TD></TR>
<TR ALIGN=RIGHT VALIGN=TOP><TD>
Martin Vest
<P>&nbsp;</TD></TR>
<TR ALIGN=LEFT VALIGN=TOP>
<TD><A NAME=POEM04></A>
<P><FONT SIZE=+1>
 
a firefly
<BR>
on my open palm . . .
<BR>
its moonshadow
</FONT></TD></TR>
<TR ALIGN=RIGHT VALIGN=TOP><TD>
Christopher Patchel
<P>&nbsp;</TD></TR>
<TR ALIGN=LEFT VALIGN=TOP>
<TD><A NAME=POEM06></A>
<P><FONT SIZE=+1>
 
Kahlo exhibit
<BR>
the guard's face half lit
<BR>
between two portraits
</FONT></TD></TR>
<TR ALIGN=RIGHT VALIGN=TOP><TD>
Victor Ortiz
<P>&nbsp;</TD></TR>
<TR ALIGN=LEFT VALIGN=TOP>
<TD><A NAME=POEM08></A>
<P><FONT SIZE=+1>
 
summer camp -
<BR>
studying other people's
<BR>
collections of stones
</FONT></TD></TR>
<TR ALIGN=RIGHT VALIGN=TOP><TD>
Hilary Tann
<P>&nbsp;</TD></TR>
 
</TABLE></TD>
 
<TD ALIGN=LEFT VALIGN=TOP WIDTH=380>
<TABLE><TR ALIGN=LEFT VALIGN=TOP>
<TD><FONT SIZE=-2>&nbsp;</FONT></TD>
</TR>
 
<TR ALIGN=RIGHT VALIGN=TOP>
<TD>&nbsp;</TD>
</TR>
<TR ALIGN=LEFT VALIGN=TOP>
<TD><A NAME=POEM01></A>
<P><FONT SIZE=+1>
 
ducks paddling
<BR>
slowly upriver -
<BR>
open drawbridge
</FONT></TD></TR>
<TR ALIGN=RIGHT VALIGN=TOP><TD>
Johnny Baranski
<P>&nbsp;</TD></TR>
<TR ALIGN=LEFT VALIGN=TOP>
<TD><A NAME=POEM03></A>
<P><FONT SIZE=+1>
 
open air theatre -
<BR>
above Oberon and Puck
<BR>
two bats looping
</FONT></TD></TR>
<TR ALIGN=RIGHT VALIGN=TOP><TD>
Paul Wigelius
<P>&nbsp;</TD></TR>
<TR ALIGN=LEFT VALIGN=TOP>
<TD><A NAME=POEM05></A>
<P><FONT SIZE=+1>
 
Santa Fe rain -
<BR>
red chili strings shine
<BR>
by the porch light
</FONT></TD></TR>
<TR ALIGN=RIGHT VALIGN=TOP><TD>
Ann K. Schwader
<P>&nbsp;</TD></TR>
<TR ALIGN=LEFT VALIGN=TOP>
<TD><A NAME=POEM07></A>
<P><FONT SIZE=+1>
 
late summer drizzle -
<BR>
evening walkers
<BR>
slow their pace
</FONT></TD></TR>
<TR ALIGN=RIGHT VALIGN=TOP><TD>
Curtis Dunlap
<P>&nbsp;</TD></TR>
<TR ALIGN=LEFT VALIGN=TOP>
<TD><A NAME=POEM09></A>
<P><FONT SIZE=+1>
 
Perseids
<BR>
a bat flits
<BR>
across the yard
</FONT></TD></TR>
<TR ALIGN=RIGHT VALIGN=TOP><TD>
Celia Crook
<P>&nbsp;</TD></TR>
