<DT>Fay Aoyagi:&nbsp;&nbsp;<A HREF=thn_issue.h1.html#POEM1>1 #1</A><DD>San Francisco, California</DT>
<DT>Dietmar Tauchner:&nbsp;&nbsp;<A HREF=thn_issue.h1.html#POEM2>1 #2</A><DD>Puchberg, Austria</DT>
<DT>Curtis Dunlap:&nbsp;&nbsp;<A HREF=thn_issue.h1.html#POEM3>1 #3</A><DD>Mayodan, North Carolina</DT>
<DT>vincent tripi:&nbsp;&nbsp;<A HREF=thn_issue.h1.html#POEM4>1 #4</A><DD>Greenfield, Massachusetts</DT>
<DT>John Stevenson:&nbsp;&nbsp;<A HREF=thn_issue.h1.html#POEM5>1 #5</A><DD>Nassau, New York</DT>
<DT>Victor Ortiz:&nbsp;&nbsp;<A HREF=thn_issue.h1.html#POEM6>1 #6</A><DD>San Pedro, California</DT>
<DT>Kirsty Karkow:&nbsp;&nbsp;<A HREF=thn_issue.h1.html#POEM7>1 #7</A><DD>Waldoboro, Maine</DT>
<DT>Helen Russell:&nbsp;&nbsp;<A HREF=thn_issue.h1.html#POEM8>1 #8</A><DD>Issaquah, Washington</DT>
<DT>Katherine Cudney:&nbsp;&nbsp;<A HREF=thn_issue.h1.html#POEM9>1 #9</A><DD>Liberty, Tennessee</DT>
<DT>Lynne Steel:&nbsp;&nbsp;<A HREF=thn_issue.h1.html#POEM10>1 #10</A><DD>Hillsboro Beach, Florida</DT>
<DT>Hilary Tann:&nbsp;&nbsp;<A HREF=thn_issue.h2.html#POEM1>2 #1</A><DD>Schuylerville, New York</DT>
<DT>William Cullen, Jr.:&nbsp;&nbsp;<A HREF=thn_issue.h2.html#POEM2>2 #2</A><DD>Brooklyn, New York</DT>
<DT>Naomi Y. Brown:&nbsp;&nbsp;<A HREF=thn_issue.h2.html#POEM3>2 #3</A><DD>Sun City West, Arizona</DT>
<DT>Carolyn Hall:&nbsp;&nbsp;<A HREF=thn_issue.h2.html#POEM4>2 #4</A><DD>San Francisco, California</DT>
<DT>George Dorsty:&nbsp;&nbsp;<A HREF=thn_issue.h2.html#POEM5>2 #5</A><DD>Jamesport, New York</DT>
<DT>Jim Kacian:&nbsp;&nbsp;<A HREF=thn_issue.h2.html#POEM6>2 #6</A><DD>Winchester, Virginia</DT>
<DT>John Tiong Chunghoo:&nbsp;&nbsp;<A HREF=thn_issue.h2.html#POEM7>2 #7</A><DD>Sarawak, Malaysia</DT>
<DT>Elizabeth Howard:&nbsp;&nbsp;<A HREF=thn_issue.h2.html#POEM8>2 #8</A><DD>Crossville, Tennessee</DT>
<DT>K. Ramesh:&nbsp;&nbsp;<A HREF=thn_issue.h2.html#POEM9>2 #9</A><DD>Adyar, Chennai, India</DT>
<DT>Paul Pfleuger:&nbsp;&nbsp;<A HREF=thn_issue.h2.html#POEM10>2 #10</A><DD>Taiwan</DT>
<DT>Timothy Hawkes:&nbsp;&nbsp;<A HREF=thn_issue.h3.html#POEM1>3 #1</A><DD>Silver Spring, Maryland</DT>
<DT>Kay Grimnes:&nbsp;&nbsp;<A HREF=thn_issue.h3.html#POEM2>3 #2</A><DD>Alma, Michigan</DT>
<DT>Bobby Richardson:&nbsp;&nbsp;<A HREF=thn_issue.h3.html#POEM3>3 #3</A><DD>Miami, Florida</DT>
<DT>Robert Gilliland:&nbsp;&nbsp;<A HREF=thn_issue.h3.html#POEM4>3 #4</A><DD>Austin, Texas</DT>
<DT>Matt Morden:&nbsp;&nbsp;<A HREF=thn_issue.h3.html#POEM5>3 #5</A><DD>Hermon, Wales</DT>
<DT>Gary Hotham:&nbsp;&nbsp;<A HREF=thn_issue.h3.html#POEM6>3 #6</A><DD>Laurel, Maryland</DT>
<DT>Allen McGill:&nbsp;&nbsp;<A HREF=thn_issue.h3.html#POEM7>3 #7</A><DD>San Miguel de Allende, Mexico</DT>
<DT>H. F. Noyes:&nbsp;&nbsp;<A HREF=thn_issue.h3.html#POEM8>3 #8</A><DD>Politia, Attikis, Greece</DT>
<DT>Cindy Zackowitz:&nbsp;&nbsp;<A HREF=thn_issue.h3.html#POEM9>3 #9</A><DD>Anchorage, Alaska</DT>
<DT>Robert Gilliland:&nbsp;&nbsp;<A HREF=thn_issue.h3.html#POEM10>3 #10</A><DD>Austin, Texas</DT>
<DT>Christopher Patchel:&nbsp;&nbsp;<A HREF=thn_issue.h4.html#POEM1>4 #1</A><DD>Chicago, Illinois</DT>
<DT>Timothy Hawkes:&nbsp;&nbsp;<A HREF=thn_issue.h4.html#POEM2>4 #2</A><DD>Silver Spring, Maryland</DT>
<DT>Lenard D. Moore:&nbsp;&nbsp;<A HREF=thn_issue.h4.html#POEM3>4 #3</A><DD>Raleigh, North Carolina</DT>
<DT>Nate Haken:&nbsp;&nbsp;<A HREF=thn_issue.h4.html#POEM4>4 #4</A><DD>Wheaton, Illinois</DT>
<DT>Pamela Miller Ness:&nbsp;&nbsp;<A HREF=thn_issue.h4.html#POEM5>4 #5</A><DD>New York, New York</DT>
<DT>Jerry Kilbride:&nbsp;&nbsp;<A HREF=thn_issue.h4.html#POEM6>4 #6</A><DD>Sacramento, California</DT>
<DT>Adelaide Shaw:&nbsp;&nbsp;<A HREF=thn_issue.h4.html#POEM7>4 #7</A><DD>Scarsdale, New York</DT>
<DT>Marili Deandrea:&nbsp;&nbsp;<A HREF=thn_issue.h4.html#POEM8>4 #8</A><DD>Torino, Italy</DT>
<DT>Jennie Townsend:&nbsp;&nbsp;<A HREF=thn_issue.h4.html#POEM9>4 #9</A><DD>O^ÒFallon, Missouri</DT>
<DT>Zinovy Vayman:&nbsp;&nbsp;<A HREF=thn_issue.h4.html#POEM10>4 #10</A><DD>Moscow, Russia</DT>
<DT>Sue Mill:&nbsp;&nbsp;<A HREF=thn_issue.h5.html#POEM1>5 #1</A><DD>Mansfield, Queensland, Australia</DT>
<DT>Rebecca Lilly:&nbsp;&nbsp;<A HREF=thn_issue.h5.html#POEM2>5 #2</A><DD>Port Republic, Virginia</DT>
<DT>Elizabeth Howard:&nbsp;&nbsp;<A HREF=thn_issue.h5.html#POEM3>5 #3</A><DD>Crossville, Tennessee</DT>
<DT>Naia:&nbsp;&nbsp;<A HREF=thn_issue.h5.html#POEM4>5 #4</A><DD>Oceanside, California</DT>
<DT>H. F. Noyes:&nbsp;&nbsp;<A HREF=thn_issue.h5.html#POEM5>5 #5</A><DD>Politia, Attikis, Greece</DT>
<DT>Tom Painting:&nbsp;&nbsp;<A HREF=thn_issue.h5.html#POEM6>5 #6</A><DD>Rochester, New York</DT>
<DT>paul m.:&nbsp;&nbsp;<A HREF=thn_issue.h5.html#POEM7>5 #7</A><DD>San Francisco, California</DT>
<DT>Yvonne Cabalona:&nbsp;&nbsp;<A HREF=thn_issue.h5.html#POEM8>5 #8</A><DD>Modesto, California</DT>
<DT>Michael Dylan Welch:&nbsp;&nbsp;<A HREF=thn_issue.h5.html#POEM9>5 #9</A><DD>Sammamish, Washington</DT>
<DT>Brian Gierat:&nbsp;&nbsp;<A HREF=thn_issue.h5.html#POEM10>5 #10</A><DD>Chicago, Illinois</DT>
<DT>Connie Donleycott:&nbsp;&nbsp;<A HREF=thn_issue.e1.html#POEM1>EC #1</A><DD>Bremerton, Washington</DT>
<DT>Stephen Toft:&nbsp;&nbsp;<A HREF=thn_issue.e1.html#POEM2>EC #2</A><DD>Swansee, Wales</DT>
<DT>Hortensia Anderson:&nbsp;&nbsp;<A HREF=thn_issue.e1.html#POEM3>EC #3</A><DD>New York, New York</DT>
