<DT><B>Mary Ahearn:</B>&nbsp;&nbsp;<A HREF=thn_issue.h3.html#POEM8>3 #8</A><DD>Pottstown, Pennsylvania</DT>
<DT><B>Motoko Amatsuji:</B>&nbsp;&nbsp;<A HREF=thn_issue.h4.html#POEM8>4 #8</A><DD>Hyogo, Japan</DT>
<DT><B>Ramesh Anand:</B>&nbsp;&nbsp;<A HREF=thn_issue.h1.html#POEM1>1 #1</A><DD>Johor Bahru, Malaysia</DT>
<DT><B>Hortensia Anderson:</B>&nbsp;&nbsp;<A HREF=thn_issue.h5.html#POEM2>5 #2</A><DD>New York, New York</DT>
<DT><B>Sanjukta Asopa:</B>&nbsp;&nbsp;<A HREF=thn_issue.e1.html#POEM1>EC #1</A><DD>Karnataka, India</DT>
<DT><B>Don Baird:</B>&nbsp;&nbsp;<A HREF=thn_issue.h9.html#POEM9>9 #9</A><DD>Rancho Vista, California</DT>
<DT><B>Jon Baldwin:</B>&nbsp;&nbsp;<A HREF=thn_issue.h4.html#POEM3>4 #3</A><DD>Ramsgate, Kent, England</DT>
<DT><B>Francine Banwarth:</B>&nbsp;&nbsp;<A HREF=thn_issue.h1.html#POEM4>1 #4</A><DD>Dubuque, Iowa</DT>
<DT><B>John Barlow:</B>&nbsp;&nbsp;<A HREF=thn_issue.h10.html#POEM4>10 #4</A>
,&nbsp;<A HREF=thn_issue.h8.html#POEM7>8 #7</A><DD>Ormskirk, England</DT>
<DT><B>Edith Bartholomeusz:</B>&nbsp;&nbsp;<A HREF=thn_issue.h8.html#POEM1>8 #1</A><DD>Phoenix, Arizona</DT>
<DT><B>Brad Bennett:</B>&nbsp;&nbsp;<A HREF=thn_issue.h9.html#POEM10>9 #10</A><DD>Arlington, Massachusetts</DT>
<DT><B>Marshall Bood:</B>&nbsp;&nbsp;<A HREF=thn_issue.h11.html#POEM1>11 #1</A><DD>Regina, Saskatchewan, Canada</DT>
<DT><B>Bruce Boynton:</B>&nbsp;&nbsp;<A HREF=thn_issue.h10.html#POEM5>10 #5</A><DD>Roanoke, Virginia</DT>
<DT><B>Mark E. Brager:</B>&nbsp;&nbsp;<A HREF=thn_issue.h6.html#POEM8>6 #8</A><DD>Columbia, Maryland</DT>
<DT><B>Yvonne Cabalona:</B>&nbsp;&nbsp;<A HREF=thn_issue.h10.html#POEM8>10 #8</A><DD>Modesto, California</DT>
<DT><B>David Caruso:</B>&nbsp;&nbsp;<A HREF=thn_issue.h7.html#POEM10>7 #10</A><DD>Haddonfield, New Jersey</DT>
<DT><B>Yu Chang:</B>&nbsp;&nbsp;<A HREF=thn_issue.h3.html#POEM10>3 #10</A>
,&nbsp;<A HREF=thn_issue.h5.html#POEM8>5 #8</A><DD>Schenectady, New York</DT>
<DT><B>James Chessing:</B>&nbsp;&nbsp;<A HREF=thn_issue.h6.html#POEM5>6 #5</A><DD>San Ramon, California</DT>
<DT><B>Sonam Chhoki:</B>&nbsp;&nbsp;<A HREF=thn_issue.h8.html#POEM8>8 #8</A><DD>Thimphu, Thimphu, Bhutan</DT>
<DT><B>Kirsten Cliff:</B>&nbsp;&nbsp;<A HREF=thn_issue.h9.html#POEM4>9 #4</A><DD>Tauranga, Bay of Plenty, New Zealand</DT>
<DT><B>Susan Constable:</B>&nbsp;&nbsp;<A HREF=thn_issue.h2.html#POEM10>2 #10</A>
,&nbsp;<A HREF=thn_issue.h2.html#POEM7>2 #7</A><DD>Nanoose Bay, British Columbia, Canada</DT>
<DT><B>Bill Cooper:</B>&nbsp;&nbsp;<A HREF=thn_issue.h4.html#POEM4>4 #4</A><DD>Richmond, Virginia</DT>
<DT><B>Jennifer Corpe:</B>&nbsp;&nbsp;<A HREF=thn_issue.h11.html#POEM2>11 #2</A><DD>Wayzata, Minnesota</DT>
<DT><B>Luciano Costa:</B>&nbsp;&nbsp;<A HREF=thn_issue.h10.html#POEM2>10 #2</A><DD>S&atilde;o Carlos, S&atilde;o Paulo, Brazil</DT>
<DT><B>Dan Daly:</B>&nbsp;&nbsp;<A HREF=thn_issue.h11.html#POEM4>11 #4</A><DD>Ballwin, Missouri</DT>
<DT><B>Cherie Hunter Day:</B>&nbsp;&nbsp;<A HREF=thn_issue.h5.html#POEM4>5 #4</A><DD>Cupertino, California</DT>
<DT><B>Connie Donleycott:</B>&nbsp;&nbsp;<A HREF=thn_issue.h9.html#POEM6>9 #6</A><DD>Bremerton, Washington</DT>
<DT><B>Robert Epstein:</B>&nbsp;&nbsp;<A HREF=thn_issue.h4.html#POEM5>4 #5</A><DD>El Cerrito, California</DT>
<DT><B>Seren Fargo:</B>&nbsp;&nbsp;<A HREF=thn_issue.h9.html#POEM2>9 #2</A><DD>Bellingham, Washington</DT>
<DT><B>Ignatius Fay:</B>&nbsp;&nbsp;<A HREF=thn_issue.h12.html#POEM3>12 #3</A><DD>Sudbury, Ontario, Canada</DT>
<DT><B>Deborah Fox:</B>&nbsp;&nbsp;<A HREF=thn_issue.h8.html#POEM5>8 #5</A><DD>Wynnewood, Pennsylvania</DT>
<DT><B>Alice Frampton:</B>&nbsp;&nbsp;<A HREF=thn_issue.h2.html#POEM2>2 #2</A>
,&nbsp;<A HREF=thn_issue.h9.html#POEM3>9 #3</A><DD>Seabeck Washington</DT>
<DT><B>Beverley George:</B>&nbsp;&nbsp;<A HREF=thn_issue.h10.html#POEM1>10 #1</A><DD>Pearl Beach, New South Wales, Australia</DT>
<DT><B>Barry George:</B>&nbsp;&nbsp;<A HREF=thn_issue.h1.html#POEM9>1 #9</A><DD>Philadelphia, Pennsylvania</DT>
<DT><B>LeRoy Gorman:</B>&nbsp;&nbsp;<A HREF=thn_issue.h2.html#POEM8>2 #8</A><DD>Napanee, Ontario, Canada</DT>
<DT><B>Gwenn Gurnack:</B>&nbsp;&nbsp;<A HREF=thn_issue.h12.html#POEM5>12 #5</A><DD>Boston, Massachusetts</DT>
<DT><B>Carolyn Hall:</B>&nbsp;&nbsp;<A HREF=thn_issue.h11.html#POEM3>11 #3</A><DD>San Francisco, California</DT>
<DT><B>Michele L. Harvey:</B>&nbsp;&nbsp;<A HREF=thn_issue.h10.html#POEM9>10 #9</A><DD>Hamilton, New York</DT>
<DT><B>John Hawk:</B>&nbsp;&nbsp;<A HREF=thn_issue.h11.html#POEM10>11 #10</A><DD>Columbus, Ohio</DT>
<DT><B>Peggy Heinrich:</B>&nbsp;&nbsp;<A HREF=thn_issue.h2.html#POEM1>2 #1</A><DD>Bridgeport, Connecticut</DT>
<DT><B>Christopher Herold:</B>&nbsp;&nbsp;<A HREF=thn_issue.h3.html#POEM1>3 #1</A>
,&nbsp;<A HREF=thn_issue.h7.html#POEM9>7 #9</A><DD>Port Townsend, Washington</DT>
<DT><B>Jeff Hoagland:</B>&nbsp;&nbsp;<A HREF=thn_issue.h7.html#POEM8>7 #8</A><DD>Hopewell, New Jersey</DT>
<DT><B>Cara Holman:</B>&nbsp;&nbsp;<A HREF=thn_issue.h1.html#POEM3>1 #3</A><DD>Portland, Oregon</DT>
<DT><B>Elizabeth Howard:</B>&nbsp;&nbsp;<A HREF=thn_issue.h1.html#POEM5>1 #5</A><DD>Crossville, Tennessee</DT>
<DT><B>B.T. Joy:</B>&nbsp;&nbsp;<A HREF=thn_issue.h7.html#POEM7>7 #7</A><DD>Glasgow, United Kingdom</DT>
<DT><B>Jim Kacian:</B>&nbsp;&nbsp;<A HREF=thn_issue.h12.html#POEM7>12 #7</A><DD>Winchester, Virginia</DT>
<DT><B>Kirsty Karkow:</B>&nbsp;&nbsp;<A HREF=thn_issue.h9.html#POEM8>9 #8</A><DD>Waldoboro, Maine</DT>
<DT><B>Bill Kenney:</B>&nbsp;&nbsp;<A HREF=thn_issue.h3.html#POEM4>3 #4</A><DD>New York, New York</DT>
<DT><B>Andrew Kerr:</B>&nbsp;&nbsp;<A HREF=thn_issue.h8.html#POEM6>8 #6</A><DD>Davis, California</DT>
<DT><B>patricia klein:</B>&nbsp;&nbsp;<A HREF=thn_issue.h12.html#POEM6>12 #6</A><DD>Petersburgh, New York</DT>
<DT><B>Joann Klontz:</B>&nbsp;&nbsp;<A HREF=thn_issue.h10.html#POEM10>10 #10</A><DD>Swedesboro, New Jersey</DT>
<DT><B>Stephen Kusch:</B>&nbsp;&nbsp;<A HREF=thn_issue.h12.html#POEM8>12 #8</A><DD>Oakland, California</DT>
<DT><B>Marcus Larsson:</B>&nbsp;&nbsp;<A HREF=thn_issue.h5.html#POEM3>5 #3</A><DD>V&auml;xj&ouml;, Sweden</DT>
<DT><B>Ola Lindberg:</B>&nbsp;&nbsp;<A HREF=thn_issue.h7.html#POEM1>7 #1</A><DD>Ystad, Sweden</DT>
<DT><B>Burnell Lippy:</B>&nbsp;&nbsp;<A HREF=thn_issue.h9.html#POEM1>9 #1</A><DD>Dayville, Vermont</DT>
<DT><B>Chen-ou Liu:</B>&nbsp;&nbsp;<A HREF=thn_issue.h2.html#POEM4>2 #4</A><DD>Ajax, Ontario, Canada</DT>
<DT><B>Eve Luckring:</B>&nbsp;&nbsp;<A HREF=thn_issue.h5.html#POEM7>5 #7</A><DD>Los Angeles, California</DT>
<DT><B>Bob Lucky:</B>&nbsp;&nbsp;<A HREF=thn_issue.h5.html#POEM9>5 #9</A><DD>Addis Ababa, Ethiopia</DT>
<DT><B>Hannah Mahoney:</B>&nbsp;&nbsp;<A HREF=thn_issue.h9.html#POEM5>9 #5</A><DD>Cambridge, Massachusetts</DT>
<DT><B>William Males:</B>&nbsp;&nbsp;<A HREF=thn_issue.h4.html#POEM1>4 #1</A><DD>Mariestad, Sweden</DT>
<DT><B>Tomislav Maretic:</B>&nbsp;&nbsp;<A HREF=thn_issue.h6.html#POEM3>6 #3</A><DD>Vrapche, Croatia</DT>
<DT><B>Diane Mayr:</B>&nbsp;&nbsp;<A HREF=thn_issue.h2.html#POEM3>2 #3</A><DD>Salem, New Hampshire</DT>
<DT><B>Michael McClintock:</B>&nbsp;&nbsp;<A HREF=thn_issue.h6.html#POEM7>6 #7</A><DD>Clovis, California</DT>
<DT><B>Tyrone McDonald:</B>&nbsp;&nbsp;<A HREF=thn_issue.h1.html#POEM10>1 #10</A><DD>Brooklyn, New York</DT>
<DT><B>Tanya McDonald:</B>&nbsp;&nbsp;<A HREF=thn_issue.h1.html#POEM6>1 #6</A><DD>Woodinville, Washington</DT>
<DT><B>John McManus:</B>&nbsp;&nbsp;<A HREF=thn_issue.h8.html#POEM2>8 #2</A><DD>Carlisle, Cumbria, England</DT>
<DT><B>Scott Metz:</B>&nbsp;&nbsp;<A HREF=thn_issue.h2.html#POEM9>2 #9</A><DD>South Beach, Oregon </DT>
<DT><B>Ben Moeller-Gaa:</B>&nbsp;&nbsp;<A HREF=thn_issue.h11.html#POEM9>11 #9</A><DD>St. Louis, Missouri</DT>
<DT><B>Berenice Mortimer:</B>&nbsp;&nbsp;<A HREF=thn_issue.h5.html#POEM1>5 #1</A><DD>Westlock, Alberta, Canada</DT>
<DT><B>Hana Nestieva:</B>&nbsp;&nbsp;<A HREF=thn_issue.h10.html#POEM3>10 #3</A><DD>Jerusalem, Israel</DT>
<DT><B>Peter Newton:</B>&nbsp;&nbsp;<A HREF=thn_issue.h10.html#POEM7>10 #7</A><DD>Winchendon, Massachusetts</DT>
<DT><B>Polona Oblak:</B>&nbsp;&nbsp;<A HREF=thn_issue.h12.html#POEM4>12 #4</A>
,&nbsp;<A HREF=thn_issue.h3.html#POEM9>3 #9</A><DD>Ljubljana, Slovenia</DT>
<DT><B>Marian Olson:</B>&nbsp;&nbsp;<A HREF=thn_issue.h12.html#POEM1>12 #1</A><DD>Santa Fe, New Mexico</DT>
<DT><B>Roland Packer:</B>&nbsp;&nbsp;<A HREF=thn_issue.h6.html#POEM4>6 #4</A><DD>Hamilton, Ontario, Canada</DT>
<DT><B>Tom Painting:</B>&nbsp;&nbsp;<A HREF=thn_issue.h12.html#POEM2>12 #2</A>
,&nbsp;<A HREF=thn_issue.h6.html#POEM9>6 #9</A><DD>Atlanta, Georgia</DT>
<DT><B>Christopher Patchel:</B>&nbsp;&nbsp;<A HREF=thn_issue.h4.html#POEM2>4 #2</A>
,&nbsp;<A HREF=thn_issue.h8.html#POEM4>8 #4</A><DD>Chicago, Illinois</DT>
<DT><B>Jennifer Gomoll Popolis:</B>&nbsp;&nbsp;<A HREF=thn_issue.h11.html#POEM6>11 #6</A>
,&nbsp;<A HREF=thn_issue.h3.html#POEM2>3 #2</A><DD>Springfield, Illinois</DT>
<DT><B>Tyler Pruett:</B>&nbsp;&nbsp;<A HREF=thn_issue.h7.html#POEM4>7 #4</A><DD>Augusta, Maine</DT>
<DT><B>Carol Raisfeld:</B>&nbsp;&nbsp;<A HREF=thn_issue.h5.html#POEM5>5 #5</A><DD>Atlantic Beach, New York</DT>
<DT><B>Kala Ramesh:</B>&nbsp;&nbsp;<A HREF=thn_issue.h4.html#POEM10>4 #10</A><DD>Pune, India</DT>
<DT><B>K. Ramesh:</B>&nbsp;&nbsp;<A HREF=thn_issue.h6.html#POEM6>6 #6</A>
,&nbsp;<A HREF=thn_issue.h7.html#POEM3>7 #3</A><DD>Chennai, India</DT>
<DT><B>Chad Lee Robinson:</B>&nbsp;&nbsp;<A HREF=thn_issue.h1.html#POEM8>1 #8</A><DD>Pierre, South Dakota</DT>
<DT><B>Michele Root-Bernstein:</B>&nbsp;&nbsp;<A HREF=thn_issue.h2.html#POEM5>2 #5</A><DD>East Lansing, Michigan</DT>
<DT><B>Bruce Ross:</B>&nbsp;&nbsp;<A HREF=thn_issue.h7.html#POEM5>7 #5</A><DD>Hampden, Maine</DT>
<DT><B>Claudette Russell:</B>&nbsp;&nbsp;<A HREF=thn_issue.h10.html#POEM6>10 #6</A><DD>Hampton, Connecticut</DT>
<DT><B>Michelle Schaefer:</B>&nbsp;&nbsp;<A HREF=thn_issue.h1.html#POEM2>1 #2</A>
,&nbsp;<A HREF=thn_issue.h7.html#POEM2>7 #2</A><DD>Bothell, Washington</DT>
<DT><B>Ann K. Schwader:</B>&nbsp;&nbsp;<A HREF=thn_issue.h1.html#POEM7>1 #7</A><DD>Westminster, Colorado</DT>
<DT><B>Katrina Shepherd:</B>&nbsp;&nbsp;<A HREF=thn_issue.h5.html#POEM6>5 #6</A><DD>Perthshire, Scotland</DT>
<DT><B>Laura Sherman:</B>&nbsp;&nbsp;<A HREF=thn_issue.h11.html#POEM7>11 #7</A><DD>Clearwater, Florida</DT>
<DT><B>Sandra Simpson:</B>&nbsp;&nbsp;<A HREF=thn_issue.h5.html#POEM10>5 #10</A><DD>Tauranga, New Zealand</DT>
<DT><B>John Soules:</B>&nbsp;&nbsp;<A HREF=thn_issue.h4.html#POEM6>4 #6</A><DD>Wingham, Ontario, Canada</DT>
<DT><B>Melissa Spurr:</B>&nbsp;&nbsp;<A HREF=thn_issue.h7.html#POEM6>7 #6</A><DD>Joshua Tree, California</DT>
<DT><B>Laurence Stacey:</B>&nbsp;&nbsp;<A HREF=thn_issue.h3.html#POEM3>3 #3</A><DD>Powder Springs, Georgia</DT>
<DT><B>Lynne Steel:</B>&nbsp;&nbsp;<A HREF=thn_issue.h6.html#POEM2>6 #2</A><DD>Hillsboro Beach, Florida</DT>
<DT><B>Andr&eacute; Surridge:</B>&nbsp;&nbsp;<A HREF=thn_issue.h2.html#POEM6>2 #6</A><DD>Hamilton, New Zealand</DT>
<DT><B>Patrick Sweeney:</B>&nbsp;&nbsp;<A HREF=thn_issue.h4.html#POEM7>4 #7</A><DD>Misawashi, Aomori-ken, Japan</DT>
<DT><B>Hilary Tann:</B>&nbsp;&nbsp;<A HREF=thn_issue.h4.html#POEM9>4 #9</A><DD>Schuylerville, New York</DT>
<DT><B>Michelle Tennison:</B>&nbsp;&nbsp;<A HREF=thn_issue.h8.html#POEM3>8 #3</A><DD>Blackwood, New Jersey</DT>
<DT><B>Pat Tompkins:</B>&nbsp;&nbsp;<A HREF=thn_issue.h9.html#POEM7>9 #7</A><DD>San Mateo, California</DT>
<DT><B>Jennie Townsend:</B>&nbsp;&nbsp;<A HREF=thn_issue.h11.html#POEM5>11 #5</A>
,&nbsp;<A HREF=thn_issue.h3.html#POEM7>3 #7</A><DD>O&#8217;Fallon, Missouri</DT>
<DT><B>Ted van Zutphen:</B>&nbsp;&nbsp;<A HREF=thn_issue.h6.html#POEM1>6 #1</A><DD>Healdsburg, California</DT>
<DT><B>Paul Watsky:</B>&nbsp;&nbsp;<A HREF=thn_issue.e1.html#POEM2>EC #2</A><DD>San Francisco, California</DT>
<DT><B>Joanna M. Weston:</B>&nbsp;&nbsp;<A HREF=thn_issue.h3.html#POEM5>3 #5</A><DD>Shawnigan Lake, British Columbia, Canada</DT>
<DT><B>Neal Whitman:</B>&nbsp;&nbsp;<A HREF=thn_issue.h8.html#POEM9>8 #9</A><DD>Pacific Grove, California</DT>
<DT><B>Cora Whitmore:</B>&nbsp;&nbsp;<A HREF=thn_issue.h8.html#POEM10>8 #10</A><DD>Bangor, Maine</DT>
<DT><B>Ernest Wit:</B>&nbsp;&nbsp;<A HREF=thn_issue.h6.html#POEM10>6 #10</A><DD>Warsaw, Poland</DT>
<DT><B>Robert Witmer:</B>&nbsp;&nbsp;<A HREF=thn_issue.e1.html#POEM3>EC #3</A><DD>Tokyo, Japan</DT>
<DT><B>Ruth Yarrow:</B>&nbsp;&nbsp;<A HREF=thn_issue.h11.html#POEM8>11 #8</A><DD>Seattle, Washington</DT>
<DT><B>Cindy Zackowitz:</B>&nbsp;&nbsp;<A HREF=thn_issue.h3.html#POEM6>3 #6</A><DD>Anchorage, Alaska</DT>
