<p><a href=#POEM1>Dietmar Tauchner</a>
<p><a href=#POEM2>Laryalee Fraser</a>
<p><a href=#POEM3>Tom Tico</a>
<p><a href=#POEM4>George Dorsty</a>
<p><a href=#POEM5>Michele Root-Bernstein</a>
<p><a href=#POEM6>Kay Grimnes</a>
<p><a href=#POEM7>Cherie Hunter Day</a>
<p><a href=#POEM8>Barry George</a>
<p><a href=#POEM9>Paul Watsky</a>
<p><a href=#POEM10>Ed Markowski</a>
 
<p><a href=#POEM1>Nara Bauer</a>
<p><a href=#POEM2>Joan Zimmerman</a>
<p><a href=#POEM3>C. Avery</a>
<p><a href=#POEM4>Robbie Gamble</a>
<p><a href=#POEM5>Paul Pfleuger, Jr.</a>
<p><a href=#POEM6>Kay F. Anderson</a>
<p><a href=#POEM7>Marianna Monaco</a>
<p><a href=#POEM8>D. Claire Gallagher</a>
<p><a href=#POEM9>Brent Partridge</a>
<p><a href=#POEM10>Nara Bauer</a>
 
<p><a href=#POEM1>Ernest Berry</a>
<p><a href=#POEM2>Darrell Lindsey</a>
<p><a href=#POEM3>Cathy Drinkwater Better</a>
<p><a href=#POEM4>Nancy Stewart Smith</a>
<p><a href=#POEM5>Cindy Zackowitz</a>
<p><a href=#POEM6>Keiko Izawa</a>
<p><a href=#POEM7>Sandra Simpson</a>
<p><a href=#POEM8>Joshua Gage</a>
<p><a href=#POEM9>Matthew Paul</a>
<p><a href=#POEM10>K. Ramesh</a>
 
<p><a href=#POEM1>Andrea Grillo</a>
<p><a href=#POEM2>Lorin Ford</a>
<p><a href=#POEM3>George Swede</a>
<p><a href=#POEM4>Vanessa Proctor</a>
<p><a href=#POEM5>Marilyn Appl Walker</a>
<p><a href=#POEM6>K. Ramesh</a>
<p><a href=#POEM7>Cindy Zackowitz</a>
<p><a href=#POEM8>Graham Nunn</a>
<p><a href=#POEM9>Linda Jeannette Ward</a>
<p><a href=#POEM10>Patrick Sweeney</a>
 
<p><a href=#POEM1>Chitra Rajappa</a>
<p><a href=#POEM2>Margarita Engle</a>
<p><a href=#POEM3>Giselle Maya</a>
<p><a href=#POEM4>Burnell Lippy</a>
<p><a href=#POEM5>Dawn Bruce</a>
<p><a href=#POEM6>Chad Lee Robinson</a>
<p><a href=#POEM7>Irene Golas</a>
<p><a href=#POEM8>Nathalie Buckland</a>
<p><a href=#POEM9>Laryalee Fraser</a>
<p><a href=#POEM10>Patricia Prime</a>
 
<p><a href=#POEM1>Jack Barry</a>
<p><a href=#POEM2>Collin Barber</a>
<p><a href=#POEM3>Sabine Miller</a>
<p><a href=#POEM4>Emily Romano</a>
<p><a href=#POEM5>Victor Ortiz </a>
<p><a href=#POEM6>Quendryth Young</a>
<p><a href=#POEM7>Barry Goodman</a>
<p><a href=#POEM8>Brenda Gannam</a>
<p><a href=#POEM9>Francis Masat</a>
<p><a href=#POEM10>Ellen Compton</a>
 
<p><a href=#POEM1>Elizabeth Howard</a>
<p><a href=#POEM2>Angelee Deodhar</a>
<p><a href=#POEM3>John Barlow</a>
<p><a href=#POEM4>Don Miller</a>
<p><a href=#POEM5>Yu Chang </a>
<p><a href=#POEM6>Marcus Larsson</a>
<p><a href=#POEM7>Lynne Edge</a>
<p><a href=#POEM8>Sandra Simpson</a>
<p><a href=#POEM9>Ed Higgins</a>
<p><a href=#POEM10>Francine Porad</a>
 
<p><a href=#POEM1>Edward Zuk</a>
<p><a href=#POEM2>H. Gene Murtha</a>
<p><a href=#POEM3>Stephen Peters</a>
<p><a href=#POEM4>Lane Parker</a>
<p><a href=#POEM5>Allan Burns</a>
<p><a href=#POEM6>Connie Donleycott</a>
<p><a href=#POEM7>Michael McClintock</a>
<p><a href=#POEM8>Andrew Riutta</a>
<p><a href=#POEM9>Rick Tarquinio</a>
<p><a href=#POEM10>D. Claire Gallagher </a>
 
<p><a href=#POEM1>israel lopez balan</a>
<p><a href=#POEM2>Darrell Byrd</a>
<p><a href=#POEM3>Raffael De Gruttola</a>
<p><a href=#POEM4>LeRoy Gorman</a>
<p><a href=#POEM5>D. F. Tweeney</a>
<p><a href=#POEM6>Curtis Dunlap</a>
<p><a href=#POEM7>John Kinory</a>
<p><a href=#POEM8>Lorin Ford</a>
<p><a href=#POEM9>Yvonne Cabalona</a>
<p><a href=#POEM10>Deb Baker </a>
 
<p><a href=#POEM1>A. Thiagarajan</a>
<p><a href=#POEM2>Ann K. Schwader</a>
<p><a href=#POEM3>William Cullen, Jr.</a>
<p><a href=#POEM4>Mary Lee McClure</a>
<p><a href=#POEM5>Penny Harter</a>
<p><a href=#POEM6>Christopher Patchel</a>
<p><a href=#POEM7>Mary King</a>
<p><a href=#POEM8>Helen Buckingham</a>
<p><a href=#POEM9>Margaret Hehman-Smith</a>
<p><a href=#POEM10>Gary Hotham</a>
 
<p><a href=#POEM1>Marian Olson</a>
<p><a href=#POEM2>Edith Bartholomeusz</a>
<p><a href=#POEM3>Tony Beyer</a>
<p><a href=#POEM4>Jennie Townsend</a>
<p><a href=#POEM5>Carolyn Hall</a>
<p><a href=#POEM6>Ruth Holzer</a>
<p><a href=#POEM7>Ross Vassiliev</a>
<p><a href=#POEM8>Scott Metz</a>
<p><a href=#POEM9>Hilary Tann</a>
<p><a href=#POEM10>og aksnes</a>
 
<p><a href=#POEM1>Bruce Ross</a>
<p><a href=#POEM2>Hilary Tann</a>
<p><a href=#POEM3>John Stevenson</a>
<p><a href=#POEM4>Margaret Chula</a>
<p><a href=#POEM5>David Giacalone</a>
<p><a href=#POEM6>Janelle Barerra</a>
<p><a href=#POEM7>Tomislav Maretic</a>
<p><a href=#POEM8>Victor Gendrano</a>
<p><a href=#POEM9>Florence Vilén</a>
<p><a href=#POEM10>John Stevenson</a>
 
<p><a href=#POEM1>Alice Frampton</a>
<p><a href=#POEM2>Lenard D. Moore</a>
<p><a href=#POEM3>D. V. Rozic</a>
<p><a href=#POEM4>Helga Härle</a>
<p><a href=#POEM5>Jacek Margolak</a>
<p><a href=#POEM6>Timothy Hawkes</a>
<p><a href=#POEM7>Maria Steyn</a>
<p><a href=#POEM8>Gary Steinberg</a>
<p><a href=#POEM9>Jerry Ball</a>
<p><a href=#POEM10>Patrick Kelly</a>
 
<p><a href=#POEM1>Robert Bauer</a>
<p><a href=#POEM2>Beverly Tift</a>
<p><a href=#POEM3>Ariel Lambert</a>
<p><a href=#POEM4>Olga Hooper</a>
<p><a href=#POEM5>Carolyn Hall</a>
<p><a href=#POEM6>Connie Donleycott</a>
<p><a href=#POEM7>Lynne Steel</a>
<p><a href=#POEM8>an^Òya</a>
<p><a href=#POEM9>Yvonne Cabalona</a>
<p><a href=#POEM10>Carlos Colón</a>
 
<p><a href=#POEM1>David Gershator</a>
<p><a href=#POEM2>Billie Wilson</a>
<p><a href=#POEM3>Adelaide Shaw</a>
<p><a href=#POEM4>Roberta Beary</a>
