<DT><b>Aurora Antonovic:</b>&:&nbsp;&nbsp;<A HREF=thn_issue.h4.html#POEM1>4 #1</A><DD>Ontario, Canada</DT>
<DT><b>C. Avery:</b>&:&nbsp;&nbsp;<A HREF=thn_issue.h8.html#POEM9>8 #9</A><DD>Kailua,Kona, Hawaii</DT>
<DT><b>Deb Baker:</b>&:&nbsp;&nbsp;<A HREF=thn_issue.h7.html#POEM7>7 #7</A><DD>Americus, Georgia</DT>
<DT><b>John Barlow:</b>&:&nbsp;&nbsp;<A HREF=thn_issue.h4.html#POEM9>4 #9</A><DD>Liverpool, England</DT>
<DT><b>Janelle Barrera:</b>&:&nbsp;&nbsp;<A HREF=thn_issue.h6.html#POEM4>6 #4</A><DD>Key West, Florida</DT>
<DT><b>Edith Bartholomeusz:</b>&:&nbsp;&nbsp;<A HREF=thn_issue.h4.html#POEM10>4 #10</A><DD>Fairport, New York</DT>
<DT><b>Chris Bays:</b>&:&nbsp;&nbsp;<A HREF=thn_issue.h10.html#POEM7>10 #7</A><DD>Beavercreek, Ohio</DT>
<DT><b>Roberta Beary:</b>&:&nbsp;&nbsp;<A HREF=thn_issue.h2.html#POEM8>2 #8</A>
,&nbsp;<A HREF=thn_issue.h4.html#POEM2>4 #2</A><DD>Bethesda, Maryland</DT>
<DT><b>Tony Beyer:</b>&:&nbsp;&nbsp;<A HREF=thn_issue.h6.html#POEM3>6 #3</A><DD>New Plymouth, New Zealand</DT>
<DT><b>Randy Brooks:</b>&:&nbsp;&nbsp;<A HREF=thn_issue.h9.html#POEM6>9 #6</A>
,&nbsp;<A HREF=thn_issue.h10.html#POEM1>10 #1</A><DD>Decatur, Illinois</DT>
<DT><b>Helen Buckingham:</b>&:&nbsp;&nbsp;<A HREF=thn_issue.h11.html#POEM8>11 #8</A><DD>Bristol, Avon, England</DT>
<DT><b>Allan Burns:</b>&:&nbsp;&nbsp;<A HREF=thn_issue.h10.html#POEM9>10 #9</A><DD>Colorado Springs, Colorado</DT>
<DT><b>Yvonne Cabalona:</b>&:&nbsp;&nbsp;<A HREF=thn_issue.h9.html#POEM1>9 #1</A><DD>Modesto, California</DT>
<DT><b>Matthew Cariello:</b>&:&nbsp;&nbsp;<A HREF=thn_issue.h5.html#POEM4>5 #4</A><DD>Columbus, Ohio</DT>
<DT><b>Yu Chang:</b>&:&nbsp;&nbsp;<A HREF=thn_issue.h11.html#POEM7>11 #7</A><DD>Schenectady, New York</DT>
<DT><b>James Chessing:</b>&:&nbsp;&nbsp;<A HREF=thn_issue.h9.html#POEM4>9 #4</A><DD>San Ramon, California</DT>
<DT><b>L. Teresa Church:</b>&:&nbsp;&nbsp;<A HREF=thn_issue.h6.html#POEM7>6 #7</A>
,&nbsp;<A HREF=thn_issue.h8.html#POEM8>8 #8</A><DD>Durham, North Carolina</DT>
<DT><b>Glenn G. Coats:</b>&:&nbsp;&nbsp;<A HREF=thn_issue.h10.html#POEM3>10 #3</A>
,&nbsp;<A HREF=thn_issue.h7.html#POEM2>7 #2</A><DD>Hellertown, Pennsylvania</DT>
<DT><b>Ellen Compton:</b>&:&nbsp;&nbsp;<A HREF=thn_issue.h4.html#POEM6>4 #6</A><DD>Washington, D. C.</DT>
<DT><b>Susan Constable:</b>&:&nbsp;&nbsp;<A HREF=thn_issue.h10.html#POEM2>10 #2</A><DD>Nanoose Bay, British Columbia, Canada</DT>
<DT><b>William Cullen, Jr.:</b>&:&nbsp;&nbsp;<A HREF=thn_issue.h5.html#POEM5>5 #5</A><DD>Brooklyn, New York</DT>
<DT><b>Cherie Hunter Day:</b>&:&nbsp;&nbsp;<A HREF=thn_issue.h11.html#POEM3>11 #3</A><DD>San Diego, California</DT>
<DT><b>Connie Donleycott:</b>&:&nbsp;&nbsp;<A HREF=thn_issue.h10.html#POEM4>10 #4</A>
,&nbsp;<A HREF=thn_issue.h9.html#POEM7>9 #7</A><DD>Bremerton, Washington</DT>
<DT><b>George Dorsty:</b>&:&nbsp;&nbsp;<A HREF=thn_issue.h1.html#POEM9>1 #9</A><DD>Port Townsend, Washington</DT>
<DT><b>Curtis Dunlap:</b>&:&nbsp;&nbsp;<A HREF=thn_issue.h9.html#POEM10>9 #10</A><DD>Mayodan, North Carolina</DT>
<DT><b>Gary Eaton:</b>&:&nbsp;&nbsp;<A HREF=thn_issue.h3.html#POEM8>3 #8</A><DD>Port Moody, British Columbia, Canada</DT>
<DT><b>Lynn Edge:</b>&:&nbsp;&nbsp;<A HREF=thn_issue.h8.html#POEM1>8 #1</A><DD>Tivoli, Texas</DT>
<DT><b>Margarita Engle:</b>&:&nbsp;&nbsp;<A HREF=thn_issue.h7.html#POEM6>7 #6</A><DD>Clovis, California</DT>
<DT><b>Lorin Ford:</b>&:&nbsp;&nbsp;<A HREF=thn_issue.h5.html#POEM6>5 #6</A><DD>Brunswick, Victoria, Australia</DT>
<DT><b>Alice Frampton:</b>&:&nbsp;&nbsp;<A HREF=thn_issue.h1.html#POEM10>1 #10</A><DD>Seabeck, Washington</DT>
<DT><b>Laryalee Frazer:</b>&:&nbsp;&nbsp;<A HREF=thn_issue.h10.html#POEM8>10 #8</A>
,&nbsp;<A HREF=thn_issue.h3.html#POEM3>3 #3</A><DD>Salmon Arm, British Columbia, Canada</DT>
<DT><b>D. Claire Gallagher:</b>&:&nbsp;&nbsp;<A HREF=thn_issue.h8.html#POEM3>8 #3</A>
<DT><b>Brenda J. Gannam:</b>&:&nbsp;&nbsp;<A HREF=thn_issue.h2.html#POEM5>2 #5</A><DD>Brooklyn, New York</DT>
,&nbsp;<A HREF=thn_issue.e1.html#POEM2>EC #2</A><DD>Sunnyvale, California</DT>
<DT><b>David Giacalone:</b>&:&nbsp;&nbsp;<A HREF=thn_issue.h10.html#POEM6>10 #6</A><DD>Schenectady, New York</DT>
<DT><b>Brian Gierat:</b>&:&nbsp;&nbsp;<A HREF=thn_issue.h6.html#POEM9>6 #9</A><DD>Chicago, Illinois</DT>
<DT><b>Warren Gossett:</b>&:&nbsp;&nbsp;<A HREF=thn_issue.h9.html#POEM2>9 #2</A><DD>Twin Falls, Idaho</DT>
<DT><b>Andrea Grillo:</b>&:&nbsp;&nbsp;<A HREF=thn_issue.h4.html#POEM4>4 #4</A><DD>Randolph, New Jersey</DT>
<DT><b>Kay Grimnes:</b>&:&nbsp;&nbsp;<A HREF=thn_issue.h10.html#POEM10>10 #10</A><DD>Alma, Michigan</DT>
<DT><b>Rohini Gupta:</b>&:&nbsp;&nbsp;<A HREF=thn_issue.h3.html#POEM5>3 #5</A><DD>Mumbai, India</DT>
<DT><b>Carolyn Hall:</b>&:&nbsp;&nbsp;<A HREF=thn_issue.h1.html#POEM3>1 #3</A>
,&nbsp;<A HREF=thn_issue.h2.html#POEM4>2 #4</A><DD>San Francisco, California</DT>
<DT><b>Martina Heinisch:</b>&:&nbsp;&nbsp;<A HREF=thn_issue.h3.html#POEM4>3 #4</A><DD>Oelde, Germany</DT>
<DT><b>Ruth Holzer:</b>&:&nbsp;&nbsp;<A HREF=thn_issue.h5.html#POEM1>5 #1</A><DD>Herndon, Virginia</DT>
<DT><b>Gary Hotham:</b>&:&nbsp;&nbsp;<A HREF=thn_issue.h7.html#POEM3>7 #3</A>
,&nbsp;<A HREF=thn_issue.h9.html#POEM9>9 #9</A><DD>Zwingenberg, Germany</DT>
<DT><b>Elizabeth Howard:</b>&:&nbsp;&nbsp;<A HREF=thn_issue.h3.html#POEM1>3 #1</A><DD>Crossville, Tennessee</DT>
<DT><b>Joann Klontz:</b>&:&nbsp;&nbsp;<A HREF=thn_issue.h8.html#POEM4>8 #4</A><DD>Swedesboro, New Jersey</DT>
<DT><b>Burnell Lippy:</b>&:&nbsp;&nbsp;<A HREF=thn_issue.h11.html#POEM6>11 #6</A>
,&nbsp;<A HREF=thn_issue.e1.html#POEM1>EC #1</A><DD>Mt. Tremper, New York</DT>
<DT><b>Bob Lucky:</b>&:&nbsp;&nbsp;<A HREF=thn_issue.h6.html#POEM2>6 #2</A><DD>Chiang Mai, Thailand</DT>
<DT><b>paul m.:</b>&:&nbsp;&nbsp;<A HREF=thn_issue.h4.html#POEM3>4 #3</A>
,&nbsp;<A HREF=thn_issue.h8.html#POEM2>8 #2</A><DD>Bristol, Rhode Island</DT>
<DT><b>Scott Mason:</b>&:&nbsp;&nbsp;<A HREF=thn_issue.h1.html#POEM2>1 #2</A><DD>Chappaqua, New York</DT>
<DT><b>Giselle Maya:</b>&:&nbsp;&nbsp;<A HREF=thn_issue.h7.html#POEM9>7 #9</A><DD>St. Martin de Castillon, France</DT>
<DT><b>Michael McClintock:</b>&:&nbsp;&nbsp;<A HREF=thn_issue.h3.html#POEM10>3 #10</A>
,&nbsp;<A HREF=thn_issue.h6.html#POEM5>6 #5</A><DD>Fresno, California</DT>
<DT><b>Tyrone McDonald:</b>&:&nbsp;&nbsp;<A HREF=thn_issue.h9.html#POEM8>9 #8</A><DD>Brooklyn, New York</DT>
<DT><b>Sabine Miller:</b>&:&nbsp;&nbsp;<A HREF=thn_issue.h11.html#POEM5>11 #5</A><DD>San Anselmo, California</DT>
<DT><b>Marianna Monaco:</b>&:&nbsp;&nbsp;<A HREF=thn_issue.h2.html#POEM9>2 #9</A><DD>San Francisco, California</DT>
<DT><b>Lenard D. Moore:</b>&:&nbsp;&nbsp;<A HREF=thn_issue.h10.html#POEM5>10 #5</A><DD>Raleigh, North Carolina</DT>
<DT><b>Marilyn Murphy:</b>&:&nbsp;&nbsp;<A HREF=thn_issue.h1.html#POEM4>1 #4</A><DD>Providence, Rhode Island</DT>
<DT><b>H. Gene Murtha:</b>&:&nbsp;&nbsp;<A HREF=thn_issue.h11.html#POEM10>11 #10</A><DD>Buena, New Jersey</DT>
<DT><b>Brent Partridge:</b>&:&nbsp;&nbsp;<A HREF=thn_issue.h3.html#POEM9>3 #9</A><DD>Orinda, California</DT>
<DT><b>Christopher Patchel:</b>&:&nbsp;&nbsp;<A HREF=thn_issue.h8.html#POEM7>8 #7</A><DD>Chicago, Illinois</DT>
<DT><b>Stephen Peters:</b>&:&nbsp;&nbsp;<A HREF=thn_issue.h5.html#POEM10>5 #10</A><DD>Bellingham, Washington</DT>
<DT><b>Paul Pfleuger, Jr.:</b>&:&nbsp;&nbsp;<A HREF=thn_issue.h2.html#POEM3>2 #3</A><DD>Tainan, Taiwan</DT>
<DT><b>Dru Philippou:</b>&:&nbsp;&nbsp;<A HREF=thn_issue.h11.html#POEM1>11 #1</A><DD>El Prado, New Mexico</DT>
<DT><b>Greg Piko:</b>&:&nbsp;&nbsp;<A HREF=thn_issue.h5.html#POEM3>5 #3</A><DD>Canberra, Australia</DT>
<DT><b>Patricia Prime:</b>&:&nbsp;&nbsp;<A HREF=thn_issue.h4.html#POEM8>4 #8</A><DD>Auckland, New Zealand</DT>
<DT><b>K. Ramesh:</b>&:&nbsp;&nbsp;<A HREF=thn_issue.h1.html#POEM5>1 #5</A>
,&nbsp;<A HREF=thn_issue.h8.html#POEM10>8 #10</A><DD>Adyar, Chennai, India</DT>
<DT><b>Kala Ramesh:</b>&:&nbsp;&nbsp;<A HREF=thn_issue.h9.html#POEM3>9 #3</A><DD>Pune, Maharashtra, India</DT>
<DT><b>Frank K. Robinson:</b>&:&nbsp;&nbsp;<A HREF=thn_issue.h5.html#POEM8>5 #8</A><DD>Knoxville, Tennessee</DT>
<DT><b>Chad Lee Robinson:</b>&:&nbsp;&nbsp;<A HREF=thn_issue.h11.html#POEM4>11 #4</A>
,&nbsp;<A HREF=thn_issue.h6.html#POEM10>6 #10</A><DD>Pierre, South Dakota</DT>
<DT><b>Michele Root-Bernstein:</b>&:&nbsp;&nbsp;<A HREF=thn_issue.e1.html#POEM3>EC #3</A><DD>East Lansing, Michigan</DT>
<DT><b>Bruce Ross:</b>&:&nbsp;&nbsp;<A HREF=thn_issue.h11.html#POEM9>11 #9</A><DD>Orono, Maine</DT>
<DT><b>Helen Russell:</b>&:&nbsp;&nbsp;<A HREF=thn_issue.h5.html#POEM7>5 #7</A><DD>Issaquah, Washington</DT>
<DT><b>Grant D. Savage:</b>&:&nbsp;&nbsp;<A HREF=thn_issue.h4.html#POEM5>4 #5</A><DD>Ottawa, Ontario, Canada</DT>
<DT><b>Ann Schwader:</b>&:&nbsp;&nbsp;<A HREF=thn_issue.h6.html#POEM6>6 #6</A>
,&nbsp;<A HREF=thn_issue.h7.html#POEM1>7 #1</A><DD>Westminster, Colorado</DT>
<DT><b>David Serjeant:</b>&:&nbsp;&nbsp;<A HREF=thn_issue.h1.html#POEM7>1 #7</A><DD>Chesterfield, Derbyshire, England</DT>
<DT><b>Adelaide B. Shaw:</b>&:&nbsp;&nbsp;<A HREF=thn_issue.h8.html#POEM5>8 #5</A><DD>Millbrook, New York</DT>
<DT><b>Valeria Simonova-Cecon:</b>&:&nbsp;&nbsp;<A HREF=thn_issue.h5.html#POEM9>5 #9</A><DD>Moscow, Russia</DT>
<DT><b>Sandra Simpson:</b>&:&nbsp;&nbsp;<A HREF=thn_issue.h6.html#POEM8>6 #8</A><DD>Tauranga, New Zealand</DT>
<DT><b>Nancy Stewart Smith:</b>&:&nbsp;&nbsp;<A HREF=thn_issue.h8.html#POEM6>8 #6</A><DD>Athens, Georgia</DT>
<DT><b>Lynne Steel:</b>&:&nbsp;&nbsp;<A HREF=thn_issue.h7.html#POEM4>7 #4</A><DD>Hillsboro Beach, Florida</DT>
<DT><b>Richard Straw:</b>&:&nbsp;&nbsp;<A HREF=thn_issue.h1.html#POEM6>1 #6</A><DD>Cary, North Carolina</DT>
<DT><b>Hilary Tann:</b>&:&nbsp;&nbsp;<A HREF=thn_issue.h2.html#POEM6>2 #6</A>
,&nbsp;<A HREF=thn_issue.h7.html#POEM8>7 #8</A><DD>Schuylerville, New York</DT>
<DT><b>Dietmar Tauchner:</b>&:&nbsp;&nbsp;<A HREF=thn_issue.h1.html#POEM1>1 #1</A>
,&nbsp;<A HREF=thn_issue.h2.html#POEM1>2 #1</A><DD>Puchberg, Austria</DT>
<DT><b>A. Thiagarajan:</b>&:&nbsp;&nbsp;<A HREF=thn_issue.h9.html#POEM5>9 #5</A><DD>Mumbai, India</DT>
<DT><b>Tom Tico:</b>&:&nbsp;&nbsp;<A HREF=thn_issue.h11.html#POEM2>11 #2</A><DD>San Francisco, California</DT>
<DT><b>Diana Webb:</b>&:&nbsp;&nbsp;<A HREF=thn_issue.h2.html#POEM2>2 #2</A><DD>Leatherhead, Surrey, England</DT>
<DT><b>Harriot West:</b>&:&nbsp;&nbsp;<A HREF=thn_issue.h1.html#POEM8>1 #8</A>
,&nbsp;<A HREF=thn_issue.h6.html#POEM1>6 #1</A><DD>Eugene, Oregon</DT>
<DT><b>Chris White:</b>&:&nbsp;&nbsp;<A HREF=thn_issue.h2.html#POEM7>2 #7</A><DD>Tokyo, Japan</DT>
<DT><b>N. C. Whitehead:</b>&:&nbsp;&nbsp;<A HREF=thn_issue.h3.html#POEM2>3 #2</A><DD>Birmingham, Alabama</DT>
<DT><b>Billie Wilson:</b>&:&nbsp;&nbsp;<A HREF=thn_issue.h3.html#POEM6>3 #6</A>
,&nbsp;<A HREF=thn_issue.h7.html#POEM5>7 #5</A><DD>Juneau, Alaska</DT>
<DT><b>Ruth Yarrow:</b>&:&nbsp;&nbsp;<A HREF=thn_issue.h4.html#POEM7>4 #7</A><DD>Seattle, Washington</DT>
<DT><b>Quendryth Young:</b>&:&nbsp;&nbsp;<A HREF=thn_issue.h3.html#POEM7>3 #7</A><DD>Alstonville, New South Wales, Australia</DT>
<DT><b>Peter Yovu:</b>&:&nbsp;&nbsp;<A HREF=thn_issue.h5.html#POEM2>5 #2</A><DD>Middlesex, Vermont</DT>
<DT><b>Jian Zheng:</b>&:&nbsp;&nbsp;<A HREF=thn_issue.h7.html#POEM10>7 #10</A><DD>Itta Bena, Mississippi</DT>
<DT><b>Joan Zimmerman:</b>&:&nbsp;&nbsp;<A HREF=thn_issue.h2.html#POEM10>2 #10</A><DD>Santa Cruz, California</DT>
