<DT><B>Dietmar Tauchner:</B>&nbsp;&nbsp;<A HREF=thn_issue.h1.html#POEM1>1 #1</A><DD>Puchberg, Austria</DT>
<DT><B>Scott Mason:</B>&nbsp;&nbsp;<A HREF=thn_issue.h1.html#POEM2>1 #2</A><DD>Chappaqua, New York</DT>
<DT><B>Carolyn Hall:</B>&nbsp;&nbsp;<A HREF=thn_issue.h1.html#POEM3>1 #3</A><DD>San Francisco, California</DT>
<DT><B>Marilyn Murphy:</B>&nbsp;&nbsp;<A HREF=thn_issue.h1.html#POEM4>1 #4</A><DD>Providence, Rhode Island</DT>
<DT><B>K. Ramesh:</B>&nbsp;&nbsp;<A HREF=thn_issue.h1.html#POEM5>1 #5</A><DD>Adyar, Chennai, India</DT>
<DT><B>Richard Straw:</B>&nbsp;&nbsp;<A HREF=thn_issue.h1.html#POEM6>1 #6</A><DD>Cary, North Carolina</DT>
<DT><B>David Serjeant:</B>&nbsp;&nbsp;<A HREF=thn_issue.h1.html#POEM7>1 #7</A><DD>Chesterfield, Derbyshire, England</DT>
<DT><B>Harriot West:</B>&nbsp;&nbsp;<A HREF=thn_issue.h1.html#POEM8>1 #8</A><DD>Eugene, Oregon</DT>
<DT><B>George Dorsty:</B>&nbsp;&nbsp;<A HREF=thn_issue.h1.html#POEM9>1 #9</A><DD>Port Townsend, Washington</DT>
<DT><B>Alice Frampton:</B>&nbsp;&nbsp;<A HREF=thn_issue.h1.html#POEM10>1 #10</A><DD>Seabeck, Washington</DT>
<DT><B>Dietmar Tauchner:</B>&nbsp;&nbsp;<A HREF=thn_issue.h2.html#POEM1>2 #1</A><DD>Puchberg, Austria</DT>
<DT><B>Diana Webb:</B>&nbsp;&nbsp;<A HREF=thn_issue.h2.html#POEM2>2 #2</A><DD>Leatherhead, Surrey, England</DT>
<DT><B>Paul Pfleuger, Jr.:</B>&nbsp;&nbsp;<A HREF=thn_issue.h2.html#POEM3>2 #3</A><DD>Tainan, Taiwan</DT>
<DT><B>Carolyn Hall:</B>&nbsp;&nbsp;<A HREF=thn_issue.h2.html#POEM4>2 #4</A><DD>San Francisco, California</DT>
<DT><B>Brenda J. Gannam:</B>&nbsp;&nbsp;<A HREF=thn_issue.h2.html#POEM5>2 #5</A><DD>Brooklyn, New York</DT>
<DT><B>Hilary Tann:</B>&nbsp;&nbsp;<A HREF=thn_issue.h2.html#POEM6>2 #6</A><DD>Schuylerville, New York</DT>
<DT><B>Chris White:</B>&nbsp;&nbsp;<A HREF=thn_issue.h2.html#POEM7>2 #7</A><DD>Tokyo, Japan</DT>
<DT><B>Roberta Beary:</B>&nbsp;&nbsp;<A HREF=thn_issue.h2.html#POEM8>2 #8</A><DD>Bethesda, Maryland</DT>
<DT><B>Marianna Monaco:</B>&nbsp;&nbsp;<A HREF=thn_issue.h2.html#POEM9>2 #9</A><DD>San Francisco, California</DT>
<DT><B>Joan Zimmerman:</B>&nbsp;&nbsp;<A HREF=thn_issue.h2.html#POEM10>2 #10</A><DD>Santa Cruz, California</DT>
<DT><B>Elizabeth Howard:</B>&nbsp;&nbsp;<A HREF=thn_issue.h3.html#POEM1>3 #1</A><DD>Crossville, Tennessee</DT>
<DT><B>N. C. Whitehead:</B>&nbsp;&nbsp;<A HREF=thn_issue.h3.html#POEM2>3 #2</A><DD>Birmingham, Alabama</DT>
<DT><B>Laryalee Frazer:</B>&nbsp;&nbsp;<A HREF=thn_issue.h3.html#POEM3>3 #3</A><DD>Salmon Arm, British Columbia, Canada</DT>
<DT><B>Martina Heinisch:</B>&nbsp;&nbsp;<A HREF=thn_issue.h3.html#POEM4>3 #4</A><DD>Oelde, Germany</DT>
<DT><B>Rohini Gupta:</B>&nbsp;&nbsp;<A HREF=thn_issue.h3.html#POEM5>3 #5</A><DD>Mumbai, India</DT>
<DT><B>Billie Wilson:</B>&nbsp;&nbsp;<A HREF=thn_issue.h3.html#POEM6>3 #6</A><DD>Juneau, Alaska</DT>
<DT><B>Quendryth Young:</B>&nbsp;&nbsp;<A HREF=thn_issue.h3.html#POEM7>3 #7</A><DD>Alstonville, New South Wales, Australia</DT>
<DT><B>Gary Eaton:</B>&nbsp;&nbsp;<A HREF=thn_issue.h3.html#POEM8>3 #8</A><DD>Port Moody, British Columbia, Canada</DT>
<DT><B>Brent Partridge:</B>&nbsp;&nbsp;<A HREF=thn_issue.h3.html#POEM9>3 #9</A><DD>Orinda, California</DT>
<DT><B>Michael McClintock:</B>&nbsp;&nbsp;<A HREF=thn_issue.h3.html#POEM10>3 #10</A><DD>Fresno, California</DT>
<DT><B>Aurora Antonovic:</B>&nbsp;&nbsp;<A HREF=thn_issue.h4.html#POEM1>4 #1</A><DD>Ontario, Canada</DT>
<DT><B>Roberta Beary:</B>&nbsp;&nbsp;<A HREF=thn_issue.h4.html#POEM2>4 #2</A><DD>Bethesda, Maryland</DT>
<DT><B>paul m.:</B>&nbsp;&nbsp;<A HREF=thn_issue.h4.html#POEM3>4 #3</A><DD>Bristol, Rhode Island</DT>
<DT><B>Andrea Grillo:</B>&nbsp;&nbsp;<A HREF=thn_issue.h4.html#POEM4>4 #4</A><DD>Randolph, New Jersey</DT>
<DT><B>Grant D. Savage:</B>&nbsp;&nbsp;<A HREF=thn_issue.h4.html#POEM5>4 #5</A><DD>Ottawa, Ontario, Canada</DT>
<DT><B>Ellen Compton:</B>&nbsp;&nbsp;<A HREF=thn_issue.h4.html#POEM6>4 #6</A><DD>Washington, D. C.</DT>
<DT><B>Ruth Yarrow:</B>&nbsp;&nbsp;<A HREF=thn_issue.h4.html#POEM7>4 #7</A><DD>Seattle, Washington</DT>
<DT><B>Patricia Prime:</B>&nbsp;&nbsp;<A HREF=thn_issue.h4.html#POEM8>4 #8</A><DD>Auckland, New Zealand</DT>
<DT><B>John Barlow:</B>&nbsp;&nbsp;<A HREF=thn_issue.h4.html#POEM9>4 #9</A><DD>Liverpool, England</DT>
<DT><B>Edith Bartholomeusz:</B>&nbsp;&nbsp;<A HREF=thn_issue.h4.html#POEM10>4 #10</A><DD>Fairport, New York</DT>
<DT><B>Ruth Holzer:</B>&nbsp;&nbsp;<A HREF=thn_issue.h5.html#POEM1>5 #1</A><DD>Herndon, Virginia</DT>
<DT><B>Peter Yovu:</B>&nbsp;&nbsp;<A HREF=thn_issue.h5.html#POEM2>5 #2</A><DD>Middlesex, Vermont</DT>
<DT><B>Greg Piko:</B>&nbsp;&nbsp;<A HREF=thn_issue.h5.html#POEM3>5 #3</A><DD>Canberra, Australia</DT>
<DT><B>Matthew Cariello:</B>&nbsp;&nbsp;<A HREF=thn_issue.h5.html#POEM4>5 #4</A><DD>Columbus, Ohio</DT>
<DT><B>William Cullen, Jr.:</B>&nbsp;&nbsp;<A HREF=thn_issue.h5.html#POEM5>5 #5</A><DD>Brooklyn, New York</DT>
<DT><B>Lorin Ford:</B>&nbsp;&nbsp;<A HREF=thn_issue.h5.html#POEM6>5 #6</A><DD>Brunswick, Victoria, Australia</DT>
<DT><B>Helen Russell:</B>&nbsp;&nbsp;<A HREF=thn_issue.h5.html#POEM7>5 #7</A><DD>Issaquah, Washington</DT>
<DT><B>Frank K. Robinson:</B>&nbsp;&nbsp;<A HREF=thn_issue.h5.html#POEM8>5 #8</A><DD>Knoxville, Tennessee</DT>
<DT><B>Valeria Simonova-Cecon:</B>&nbsp;&nbsp;<A HREF=thn_issue.h5.html#POEM9>5 #9</A><DD>Moscow, Russia</DT>
<DT><B>Stephen Peters:</B>&nbsp;&nbsp;<A HREF=thn_issue.h5.html#POEM10>5 #10</A><DD>Bellingham, Washington</DT>
<DT><B>Harriot West:</B>&nbsp;&nbsp;<A HREF=thn_issue.h6.html#POEM1>6 #1</A><DD>Eugene, Oregon</DT>
<DT><B>Bob Lucky:</B>&nbsp;&nbsp;<A HREF=thn_issue.h6.html#POEM2>6 #2</A><DD>Chiang Mai, Thailand</DT>
<DT><B>Tony Beyer:</B>&nbsp;&nbsp;<A HREF=thn_issue.h6.html#POEM3>6 #3</A><DD>New Plymouth, New Zealand</DT>
<DT><B>Janelle Barrera:</B>&nbsp;&nbsp;<A HREF=thn_issue.h6.html#POEM4>6 #4</A><DD>Key West, Florida</DT>
<DT><B>Michael McClintock:</B>&nbsp;&nbsp;<A HREF=thn_issue.h6.html#POEM5>6 #5</A><DD>Fresno, California</DT>
<DT><B>Ann Schwader:</B>&nbsp;&nbsp;<A HREF=thn_issue.h6.html#POEM6>6 #6</A><DD>Westminster, Colorado</DT>
<DT><B>L. Teresa Church:</B>&nbsp;&nbsp;<A HREF=thn_issue.h6.html#POEM7>6 #7</A><DD>Durham, North Carolina</DT>
<DT><B>Sandra Simpson:</B>&nbsp;&nbsp;<A HREF=thn_issue.h6.html#POEM8>6 #8</A><DD>Tauranga, New Zealand</DT>
<DT><B>Brian Gierat:</B>&nbsp;&nbsp;<A HREF=thn_issue.h6.html#POEM9>6 #9</A><DD>Chicago, Illinois</DT>
<DT><B>Chad Lee Robinson:</B>&nbsp;&nbsp;<A HREF=thn_issue.h6.html#POEM10>6 #10</A><DD>Pierre, South Dakota</DT>
<DT><B>Ann Schwader:</B>&nbsp;&nbsp;<A HREF=thn_issue.h7.html#POEM1>7 #1</A><DD>Westminster, Colorado</DT>
<DT><B>Glenn G. Coats:</B>&nbsp;&nbsp;<A HREF=thn_issue.h7.html#POEM2>7 #2</A><DD>Hellertown, Pennsylvania</DT>
<DT><B>Gary Hotham:</B>&nbsp;&nbsp;<A HREF=thn_issue.h7.html#POEM3>7 #3</A><DD>Zwingenberg, Germany</DT>
<DT><B>Lynne Steel:</B>&nbsp;&nbsp;<A HREF=thn_issue.h7.html#POEM4>7 #4</A><DD>Hillsboro Beach, Florida</DT>
<DT><B>Billie Wilson:</B>&nbsp;&nbsp;<A HREF=thn_issue.h7.html#POEM5>7 #5</A><DD>Juneau, Alaska</DT>
<DT><B>Margarita Engle:</B>&nbsp;&nbsp;<A HREF=thn_issue.h7.html#POEM6>7 #6</A><DD>Clovis, California</DT>
<DT><B>Deb Baker:</B>&nbsp;&nbsp;<A HREF=thn_issue.h7.html#POEM7>7 #7</A><DD>Americus, Georgia</DT>
<DT><B>Hilary Tann:</B>&nbsp;&nbsp;<A HREF=thn_issue.h7.html#POEM8>7 #8</A><DD>Schuylerville, New York</DT>
<DT><B>Giselle Maya:</B>&nbsp;&nbsp;<A HREF=thn_issue.h7.html#POEM9>7 #9</A><DD>St. Martin de Castillon, France</DT>
<DT><B>Jian Zheng:</B>&nbsp;&nbsp;<A HREF=thn_issue.h7.html#POEM10>7 #10</A><DD>Itta Bena, Mississippi</DT>
<DT><B>Lynn Edge:</B>&nbsp;&nbsp;<A HREF=thn_issue.h8.html#POEM1>8 #1</A><DD>Tivoli, Texas</DT>
<DT><B>paul m.:</B>&nbsp;&nbsp;<A HREF=thn_issue.h8.html#POEM2>8 #2</A><DD>Bristol, Rhode Island</DT>
<DT><B>D. Claire Gallagher:</B>&nbsp;&nbsp;<A HREF=thn_issue.h8.html#POEM3>8 #3</A><DD>Sunnyvale, California</DT>
<DT><B>Joann Klontz:</B>&nbsp;&nbsp;<A HREF=thn_issue.h8.html#POEM4>8 #4</A><DD>Swedesboro, New Jersey</DT>
<DT><B>Adelaide B. Shaw:</B>&nbsp;&nbsp;<A HREF=thn_issue.h8.html#POEM5>8 #5</A><DD>Millbrook, New York</DT>
<DT><B>Nancy Stewart Smith:</B>&nbsp;&nbsp;<A HREF=thn_issue.h8.html#POEM6>8 #6</A><DD>Athens, Georgia</DT>
<DT><B>Christopher Patchel:</B>&nbsp;&nbsp;<A HREF=thn_issue.h8.html#POEM7>8 #7</A><DD>Chicago, Illinois</DT>
<DT><B>L. Teresa Church:</B>&nbsp;&nbsp;<A HREF=thn_issue.h8.html#POEM8>8 #8</A><DD>Durham, North Carolina</DT>
<DT><B>C. Avery:</B>&nbsp;&nbsp;<A HREF=thn_issue.h8.html#POEM9>8 #9</A><DD>Kailua,Kona, Hawaii</DT>
<DT><B>K. Ramesh:</B>&nbsp;&nbsp;<A HREF=thn_issue.h8.html#POEM10>8 #10</A><DD>Adyar, Chennai, India</DT>
<DT><B>Yvonne Cabalona:</B>&nbsp;&nbsp;<A HREF=thn_issue.h9.html#POEM1>9 #1</A><DD>Modesto, California</DT>
<DT><B>Warren Gossett:</B>&nbsp;&nbsp;<A HREF=thn_issue.h9.html#POEM2>9 #2</A><DD>Twin Falls, Idaho</DT>
<DT><B>Kala Ramesh:</B>&nbsp;&nbsp;<A HREF=thn_issue.h9.html#POEM3>9 #3</A><DD>Pune, Maharashtra, India</DT>
<DT><B>James Chessing:</B>&nbsp;&nbsp;<A HREF=thn_issue.h9.html#POEM4>9 #4</A><DD>San Ramon, California</DT>
<DT><B>A. Thiagarajan:</B>&nbsp;&nbsp;<A HREF=thn_issue.h9.html#POEM5>9 #5</A><DD>Mumbai, India</DT>
<DT><B>Randy Brooks:</B>&nbsp;&nbsp;<A HREF=thn_issue.h9.html#POEM6>9 #6</A><DD>Decatur, Illinois</DT>
<DT><B>Connie Donleycott:</B>&nbsp;&nbsp;<A HREF=thn_issue.h9.html#POEM7>9 #7</A><DD>Bremerton, Washington</DT>
<DT><B>Tyrone McDonald:</B>&nbsp;&nbsp;<A HREF=thn_issue.h9.html#POEM8>9 #8</A><DD>Brooklyn, New York</DT>
<DT><B>Gary Hotham:</B>&nbsp;&nbsp;<A HREF=thn_issue.h9.html#POEM9>9 #9</A><DD>Zwingenberg, Germany</DT>
<DT><B>Curtis Dunlap:</B>&nbsp;&nbsp;<A HREF=thn_issue.h9.html#POEM10>9 #10</A><DD>Mayodan, North Carolina</DT>
<DT><B>Randy Brooks:</B>&nbsp;&nbsp;<A HREF=thn_issue.h10.html#POEM1>10 #1</A><DD>Decatur, Illinois</DT>
<DT><B>Susan Constable:</B>&nbsp;&nbsp;<A HREF=thn_issue.h10.html#POEM2>10 #2</A><DD>Nanoose Bay, British Columbia, Canada</DT>
<DT><B>Glenn G. Coats:</B>&nbsp;&nbsp;<A HREF=thn_issue.h10.html#POEM3>10 #3</A><DD>Hellertown, Pennsylvania</DT>
<DT><B>Connie Donleycott:</B>&nbsp;&nbsp;<A HREF=thn_issue.h10.html#POEM4>10 #4</A><DD>Bremerton, Washington</DT>
<DT><B>Lenard D. Moore:</B>&nbsp;&nbsp;<A HREF=thn_issue.h10.html#POEM5>10 #5</A><DD>Raleigh, North Carolina</DT>
<DT><B>David Giacalone:</B>&nbsp;&nbsp;<A HREF=thn_issue.h10.html#POEM6>10 #6</A><DD>Schenectady, New York</DT>
<DT><B>Chris Bays:</B>&nbsp;&nbsp;<A HREF=thn_issue.h10.html#POEM7>10 #7</A><DD>Beavercreek, Ohio</DT>
<DT><B>Laryalee Frazer:</B>&nbsp;&nbsp;<A HREF=thn_issue.h10.html#POEM8>10 #8</A><DD>Salmon Arm, British Columbia, Canada</DT>
<DT><B>Allan Burns:</B>&nbsp;&nbsp;<A HREF=thn_issue.h10.html#POEM9>10 #9</A><DD>Colorado Springs, Colorado</DT>
<DT><B>Kay Grimnes:</B>&nbsp;&nbsp;<A HREF=thn_issue.h10.html#POEM10>10 #10</A><DD>Alma, Michigan</DT>
<DT><B>Dru Philippou:</B>&nbsp;&nbsp;<A HREF=thn_issue.h11.html#POEM1>11 #1</A><DD>El Prado, New Mexico</DT>
<DT><B>Tom Tico:</B>&nbsp;&nbsp;<A HREF=thn_issue.h11.html#POEM2>11 #2</A><DD>San Francisco, California</DT>
<DT><B>Cherie Hunter Day:</B>&nbsp;&nbsp;<A HREF=thn_issue.h11.html#POEM3>11 #3</A><DD>San Diego, California</DT>
<DT><B>Chad Lee Robinson:</B>&nbsp;&nbsp;<A HREF=thn_issue.h11.html#POEM4>11 #4</A><DD>Pierre, South Dakota</DT>
<DT><B>Sabine Miller:</B>&nbsp;&nbsp;<A HREF=thn_issue.h11.html#POEM5>11 #5</A><DD>San Anselmo, California</DT>
<DT><B>Burnell Lippy:</B>&nbsp;&nbsp;<A HREF=thn_issue.h11.html#POEM6>11 #6</A><DD>Mt. Tremper, New York</DT>
<DT><B>Yu Chang:</B>&nbsp;&nbsp;<A HREF=thn_issue.h11.html#POEM7>11 #7</A><DD>Schenectady, New York</DT>
<DT><B>Helen Buckingham:</B>&nbsp;&nbsp;<A HREF=thn_issue.h11.html#POEM8>11 #8</A><DD>Bristol, Avon, England</DT>
<DT><B>Bruce Ross:</B>&nbsp;&nbsp;<A HREF=thn_issue.h11.html#POEM9>11 #9</A><DD>Orono, Maine</DT>
<DT><B>H. Gene Murtha:</B>&nbsp;&nbsp;<A HREF=thn_issue.h11.html#POEM10>11 #10</A><DD>Buena, New Jersey</DT>
<DT><B>Burnell Lippy:</B>&nbsp;&nbsp;<A HREF=thn_issue.e1.html#POEM1>EC #1</A><DD>Mt. Tremper, New York</DT>
<DT><B>D. Claire Gallagher:</B>&nbsp;&nbsp;<A HREF=thn_issue.e1.html#POEM2>EC #2</A><DD>Sunnyvale, California</DT>
<DT><B>Michele Root-Bernstein:</B>&nbsp;&nbsp;<A HREF=thn_issue.e1.html#POEM3>EC #3</A><DD>East Lansing, Michigan</DT>
