<DT><B>og aksnes:</B>&nbsp;&nbsp;<A HREF=thn_issue.h12.html#POEM4>12 #4</A><DD>Tonsberg, Norway</DT>
<DT><B>hortensia anderson:</B>&nbsp;&nbsp;<A HREF=thn_issue.h6.html#POEM5>6 #5</A><DD>new york, new york</DT>
<DT><B>David Ash:</B>&nbsp;&nbsp;<A HREF=thn_issue.h9.html#POEM8>9 #8</A><DD>Mukilteo, Washington</DT>
<DT><B>Collin Barber:</B>&nbsp;&nbsp;<A HREF=thn_issue.h3.html#POEM2>3 #2</A><DD>Marion, Arkansas</DT>
<DT><B>John Barlow:</B>&nbsp;&nbsp;<A HREF=thn_issue.h11.html#POEM5>11 #5</A>
,&nbsp;<A HREF=thn_issue.h8.html#POEM8>8 #8</A><DD>Ormskirk, England</DT>
<DT><B>Edith Bartholomeusz:</B>&nbsp;&nbsp;<A HREF=thn_issue.h9.html#POEM7>9 #7</A><DD>Phoenix, Arizona</DT>
<DT><B>Robert Bauer:</B>&nbsp;&nbsp;<A HREF=thn_issue.h12.html#POEM7>12 #7</A><DD>Big Wheeling Creek, West Virginia</DT>
<DT><B>Alan Bridges:</B>&nbsp;&nbsp;<A HREF=thn_issue.h1.html#POEM1>1 #1</A><DD>Littleton, Massachusetts</DT>
<DT><B>Helen Buckingham:</B>&nbsp;&nbsp;<A HREF=thn_issue.h8.html#POEM1>8 #1</A><DD>Avon, England</DT>
<DT><B>Nathalie Buckland:</B>&nbsp;&nbsp;<A HREF=thn_issue.h7.html#POEM7>7 #7</A><DD>Nimbin, NSW, Australia </DT>
<DT><B>Yvonne Cabalona:</B>&nbsp;&nbsp;<A HREF=thn_issue.h7.html#POEM8>7 #8</A><DD>Modesto, California</DT>
<DT><B>Terry Ann Carter:</B>&nbsp;&nbsp;<A HREF=thn_issue.h10.html#POEM3>10 #3</A><DD>Ottawa, Ontario, Canada</DT>
<DT><B>David Caruso:</B>&nbsp;&nbsp;<A HREF=thn_issue.h12.html#POEM3>12 #3</A><DD>Haddonfield, New Jersey</DT>
<DT><B>Andrea Cecon:</B>&nbsp;&nbsp;<A HREF=thn_issue.h11.html#POEM9>11 #9</A><DD>Udine, Italy</DT>
<DT><B>Yu Chang:</B>&nbsp;&nbsp;<A HREF=thn_issue.h2.html#POEM5>2 #5</A><DD>Schenectady, New York</DT>
<DT><B>Vaughan Chapman:</B>&nbsp;&nbsp;<A HREF=thn_issue.h10.html#POEM5>10 #5</A><DD>Surrey, BC, Canada</DT>
<DT><B>James Chessing:</B>&nbsp;&nbsp;<A HREF=thn_issue.h1.html#POEM8>1 #8</A><DD>San Ramon, California</DT>
<DT><B>Tom Clausen:</B>&nbsp;&nbsp;<A HREF=thn_issue.h12.html#POEM9>12 #9</A><DD>Ithaca, New York</DT>
<DT><B>Glenn G. Coats:</B>&nbsp;&nbsp;<A HREF=thn_issue.h4.html#POEM7>4 #7</A><DD>Prospect, Virginia</DT>
<DT><B>Temple Cone:</B>&nbsp;&nbsp;<A HREF=thn_issue.h5.html#POEM4>5 #4</A>
,&nbsp;<A HREF=thn_issue.h6.html#POEM9>6 #9</A><DD>Annapolis, Maryland</DT>
<DT><B>Susan Constable:</B>&nbsp;&nbsp;<A HREF=thn_issue.h2.html#POEM8>2 #8</A><DD>Nanoose Bay, BC, Canada</DT>
<DT><B>Jennifer Corpe:</B>&nbsp;&nbsp;<A HREF=thn_issue.h3.html#POEM3>3 #3</A>
,&nbsp;<A HREF=thn_issue.h3.html#POEM7>3 #7</A><DD>Elkhart, Indiana</DT>
<DT><B>William Cullen Jr.:</B>&nbsp;&nbsp;<A HREF=thn_issue.h10.html#POEM1>10 #1</A><DD>Brooklyn, New York</DT>
<DT><B>Emma Dalloway:</B>&nbsp;&nbsp;<A HREF=thn_issue.h11.html#POEM2>11 #2</A><DD>Sydney, Australia</DT>
<DT><B>Mary Davila:</B>&nbsp;&nbsp;<A HREF=thn_issue.h7.html#POEM1>7 #1</A><DD>Buffalo, New York</DT>
<DT><B>Cherie Hunter Day:</B>&nbsp;&nbsp;<A HREF=thn_issue.h10.html#POEM6>10 #6</A>
,&nbsp;<A HREF=thn_issue.h2.html#POEM4>2 #4</A><DD>Cupertino, California</DT>
<DT><B>Jose del Valle:</B>&nbsp;&nbsp;<A HREF=thn_issue.h11.html#POEM6>11 #6</A><DD>Rockville, Rhode Island</DT>
<DT><B>Connie Donleycott:</B>&nbsp;&nbsp;<A HREF=thn_issue.h3.html#POEM5>3 #5</A>
,&nbsp;<A HREF=thn_issue.h6.html#POEM1>6 #1</A><DD>Bremerton, Washington</DT>
<DT><B>Curtis Dunlap:</B>&nbsp;&nbsp;<A HREF=thn_issue.h5.html#POEM8>5 #8</A><DD>Mayodan, North Carolina </DT>
<DT><B>Garry Eaton:</B>&nbsp;&nbsp;<A HREF=thn_issue.h8.html#POEM6>8 #6</A><DD>Port Moody, BC, Canada</DT>
<DT><B>Lynn Edge:</B>&nbsp;&nbsp;<A HREF=thn_issue.h11.html#POEM4>11 #4</A><DD>Tivoli, Texas</DT>
<DT><B>Judson Evans:</B>&nbsp;&nbsp;<A HREF=thn_issue.h2.html#POEM1>2 #1</A><DD>Holbrook, Massachussetts</DT>
<DT><B>Lorin Ford :</B>&nbsp;&nbsp;<A HREF=thn_issue.h3.html#POEM1>3 #1</A>
,&nbsp;<A HREF=thn_issue.h7.html#POEM10>7 #10</A><DD>Brunswick, Victoria, Australia</DT>
<DT><B>Walter Franceschi:</B>&nbsp;&nbsp;<A HREF=thn_issue.h6.html#POEM2>6 #2</A><DD>Florence, Italy</DT>
<DT><B>Brenda J. Gannam:</B>&nbsp;&nbsp;<A HREF=thn_issue.h7.html#POEM5>7 #5</A><DD>Brooklyn, New York</DT>
<DT><B>Merrill Ann Gonzales:</B>&nbsp;&nbsp;<A HREF=thn_issue.h5.html#POEM3>5 #3</A><DD>Dayville, Connecticut</DT>
<DT><B>LeRoy Gorman:</B>&nbsp;&nbsp;<A HREF=thn_issue.h10.html#POEM10>10 #10</A><DD>Napanee, Ontario, Canada</DT>
<DT><B>Andrea Grillo:</B>&nbsp;&nbsp;<A HREF=thn_issue.h10.html#POEM4>10 #4</A><DD>Randolph, New Jersey</DT>
<DT><B>Carolyn Hall:</B>&nbsp;&nbsp;<A HREF=thn_issue.h7.html#POEM4>7 #4</A><DD>San Francisco, California</DT>
<DT><B>Christopher Herold:</B>&nbsp;&nbsp;<A HREF=thn_issue.h7.html#POEM9>7 #9</A>
,&nbsp;<A HREF=thn_issue.h9.html#POEM4>9 #4</A><DD>Port Townsend, Washington</DT>
<DT><B>Ruth Holzer:</B>&nbsp;&nbsp;<A HREF=thn_issue.h5.html#POEM6>5 #6</A><DD>Herndon, Virginia</DT>
<DT><B>Gary Hotham:</B>&nbsp;&nbsp;<A HREF=thn_issue.h10.html#POEM2>10 #2</A><DD>Scaggsville, Maryland</DT>
<DT><B>Duro Jaiye:</B>&nbsp;&nbsp;<A HREF=thn_issue.h11.html#POEM10>11 #10</A>
,&nbsp;<A HREF=thn_issue.h12.html#POEM5>12 #5</A><DD>Hirakata, Japan</DT>
<DT><B>Jim Kacian:</B>&nbsp;&nbsp;<A HREF=thn_issue.h12.html#POEM8>12 #8</A>
,&nbsp;<A HREF=thn_issue.e1.html#POEM10>EC #1</A><DD>Winchester, Virginia</DT>
<DT><B>_kala:</B>&nbsp;&nbsp;<A HREF=thn_issue.h9.html#POEM1>9 #1</A><DD>Pune, Maharashtra, India</DT>
<DT><B>Kirsty Karkow:</B>&nbsp;&nbsp;<A HREF=thn_issue.h6.html#POEM10>6 #10</A><DD>Waldoboro, Maine</DT>
<DT><B>Myra King:</B>&nbsp;&nbsp;<A HREF=thn_issue.h1.html#POEM4>1 #4</A><DD>Clunes, Victoria, Australia</DT>
<DT><B>John Kinory:</B>&nbsp;&nbsp;<A HREF=thn_issue.h11.html#POEM7>11 #7</A><DD>Steeple Aston, Oxfordshire, England</DT>
<DT><B>Richard Krawiec:</B>&nbsp;&nbsp;<A HREF=thn_issue.h6.html#POEM3>6 #3</A><DD>Raleigh, North Carolina</DT>
<DT><B>Ann K. Schwader:</B>&nbsp;&nbsp;<A HREF=thn_issue.h4.html#POEM5>4 #5</A><DD>Westminster, Colorado</DT>
<DT><B>Marcus Larsson:</B>&nbsp;&nbsp;<A HREF=thn_issue.h1.html#POEM9>1 #9</A>
,&nbsp;<A HREF=thn_issue.e1.html#POEM1>EC #2</A><DD>V&auml;rj&ouml;, Sweden</DT>
<DT><B>Dan Liebert:</B>&nbsp;&nbsp;<A HREF=thn_issue.h2.html#POEM9>2 #9</A><DD>Elizabethtown, Illinois </DT>
<DT><B>Chen-ou Liu:</B>&nbsp;&nbsp;<A HREF=thn_issue.h1.html#POEM3>1 #3</A><DD>Ajax, Ontario, Canada</DT>
<DT><B>paul m.:</B>&nbsp;&nbsp;<A HREF=thn_issue.h9.html#POEM3>9 #3</A><DD>Bristol, Rhode Island</DT>
<DT><B>Peter Macrow:</B>&nbsp;&nbsp;<A HREF=thn_issue.h6.html#POEM7>6 #7</A><DD>Hobart, Tasmania, Australia</DT>
<DT><B>Michael McClintock:</B>&nbsp;&nbsp;<A HREF=thn_issue.e1.html#POEM2>EC #3</A><DD>Fresno, California</DT>
<DT><B>Tyrone McDonald:</B>&nbsp;&nbsp;<A HREF=thn_issue.h6.html#POEM4>6 #4</A><DD>Brooklyn, New York</DT>
<DT><B>Jo McInerney:</B>&nbsp;&nbsp;<A HREF=thn_issue.h3.html#POEM8>3 #8</A><DD>Boolarra, Australia</DT>
<DT><B>Ben Moeller-Gaa:</B>&nbsp;&nbsp;<A HREF=thn_issue.h2.html#POEM2>2 #2</A><DD>St. Louis, Missouri</DT>
<DT><B>Lenard D. Moore:</B>&nbsp;&nbsp;<A HREF=thn_issue.h8.html#POEM3>8 #3</A><DD>Raleigh North Carolina</DT>
<DT><B>Genie Nakano:</B>&nbsp;&nbsp;<A HREF=thn_issue.h8.html#POEM5>8 #5</A><DD>Hawthorne, California</DT>
<DT><B>Peter Newton:</B>&nbsp;&nbsp;<A HREF=thn_issue.h9.html#POEM9>9 #9</A><DD>Winchendon, Massachusetts</DT>
<DT><B>Victor Ortiz:</B>&nbsp;&nbsp;<A HREF=thn_issue.h8.html#POEM2>8 #2</A><DD>San Pedro, California</DT>
<DT><B>Mark Alan Osterhaus:</B>&nbsp;&nbsp;<A HREF=thn_issue.h11.html#POEM3>11 #3</A><DD>Richland Center, Wisconsin</DT>
<DT><B>Christopher Patchel:</B>&nbsp;&nbsp;<A HREF=thn_issue.h12.html#POEM2>12 #2</A><DD>Chicago, Illinois</DT>
<DT><B>Matthew Paul:</B>&nbsp;&nbsp;<A HREF=thn_issue.h10.html#POEM7>10 #7</A>
,&nbsp;<A HREF=thn_issue.h11.html#POEM8>11 #8</A><DD>Twickenham, England</DT>
<DT><B>Stephen A. Peters:</B>&nbsp;&nbsp;<A HREF=thn_issue.h1.html#POEM6>1 #6</A><DD>Bellingham, Washington</DT>
<DT><B>Dru Philippou:</B>&nbsp;&nbsp;<A HREF=thn_issue.h4.html#POEM8>4 #8</A><DD>El Prado, New Mexico</DT>
<DT><B>Greg Piko:</B>&nbsp;&nbsp;<A HREF=thn_issue.h5.html#POEM10>5 #10</A><DD>Canberra, Australia</DT>
<DT><B>Jennifer Gomoll Popolis:</B>&nbsp;&nbsp;<A HREF=thn_issue.h2.html#POEM10>2 #10</A><DD>Springfield, Illinois</DT>
<DT><B>Patricia Prime:</B>&nbsp;&nbsp;<A HREF=thn_issue.h11.html#POEM1>11 #1</A><DD>Auckland, New Zealand</DT>
<DT><B>K. Ramesh:</B>&nbsp;&nbsp;<A HREF=thn_issue.h6.html#POEM6>6 #6</A><DD>Adyar, Chennai, India</DT>
<DT><B>Andrew Riutta:</B>&nbsp;&nbsp;<A HREF=thn_issue.h4.html#POEM2>4 #2</A><DD>Traverse City, Michigan</DT>
<DT><B>Bruce Ross:</B>&nbsp;&nbsp;<A HREF=thn_issue.h9.html#POEM10>9 #10</A><DD>Hampden, Maine</DT>
<DT><B>Cynthia Rowe:</B>&nbsp;&nbsp;<A HREF=thn_issue.h3.html#POEM6>3 #6</A><DD>Woollahra, NSW, Australia</DT>
<DT><B>Claudette Russell:</B>&nbsp;&nbsp;<A HREF=thn_issue.h5.html#POEM7>5 #7</A><DD>Hampton, Connecticut</DT>
<DT><B>Grant D. Savage:</B>&nbsp;&nbsp;<A HREF=thn_issue.h10.html#POEM8>10 #8</A><DD>Ottawa, Ontario, Canada</DT>
<DT><B>David Serjeant:</B>&nbsp;&nbsp;<A HREF=thn_issue.h2.html#POEM7>2 #7</A><DD>Chesterfield, Derbyshire, England</DT>
<DT><B>Adelaide Shaw:</B>&nbsp;&nbsp;<A HREF=thn_issue.h3.html#POEM9>3 #9</A>
,&nbsp;<A HREF=thn_issue.h8.html#POEM9>8 #9</A><DD>Millbrook, New York</DT>
<DT><B>Katrina Shepherd:</B>&nbsp;&nbsp;<A HREF=thn_issue.h1.html#POEM7>1 #7</A><DD>Perthshire, Scotland</DT>
<DT><B>Sandra Simpson:</B>&nbsp;&nbsp;<A HREF=thn_issue.h8.html#POEM10>8 #10</A><DD>Tauranga, New Zealand</DT>
<DT><B>Brendan Slater,:</B>&nbsp;&nbsp;<A HREF=thn_issue.h9.html#POEM6>9 #6</A><DD>Overijssel, The Netherlands</DT>
<DT><B>Barbara Snow:</B>&nbsp;&nbsp;<A HREF=thn_issue.h5.html#POEM1>5 #1</A><DD>Eugene, Oregon</DT>
<DT><B>Carmi Soifer:</B>&nbsp;&nbsp;<A HREF=thn_issue.h1.html#POEM10>1 #10</A><DD>Suquamish, Washington</DT>
<DT><B>Mathew V. Spano:</B>&nbsp;&nbsp;<A HREF=thn_issue.h4.html#POEM1>4 #1</A><DD>Hillsborough, New Jersey</DT>
<DT><B>Melissa Spurr:</B>&nbsp;&nbsp;<A HREF=thn_issue.h3.html#POEM10>3 #10</A>
,&nbsp;<A HREF=thn_issue.h4.html#POEM3>4 #3</A><DD>Joshua Tree, California</DT>
<DT><B>Bonnie Stepenoff:</B>&nbsp;&nbsp;<A HREF=thn_issue.h4.html#POEM4>4 #4</A><DD>Cape Girardeau, Missouri </DT>
<DT><B>Jeff Stillman:</B>&nbsp;&nbsp;<A HREF=thn_issue.h2.html#POEM3>2 #3</A><DD>Norwich, New York</DT>
<DT><B>George Swede:</B>&nbsp;&nbsp;<A HREF=thn_issue.h1.html#POEM2>1 #2</A>
,&nbsp;<A HREF=thn_issue.h3.html#POEM4>3 #4</A><DD>Toronto, Ontario, Canada</DT>
<DT><B>Hilary Tann:</B>&nbsp;&nbsp;<A HREF=thn_issue.h4.html#POEM6>4 #6</A>
,&nbsp;<A HREF=thn_issue.h7.html#POEM2>7 #2</A><DD>Schuylerville, New York</DT>
<DT><B>Dietmar Tauchner:</B>&nbsp;&nbsp;<A HREF=thn_issue.h6.html#POEM8>6 #8</A><DD>Puchberg, Austria</DT>
<DT><B>Barbara A. Taylor:</B>&nbsp;&nbsp;<A HREF=thn_issue.h2.html#POEM6>2 #6</A><DD>Mountain Top, NSW, Australia</DT>
<DT><B>jennie townsend:</B>&nbsp;&nbsp;<A HREF=thn_issue.h4.html#POEM10>4 #10</A>
,&nbsp;<A HREF=thn_issue.h12.html#POEM6>12 #6</A><DD>O&#8217;Fallon, Missouri</DT>
<DT><B>Kalina N. Trendafilova:</B>&nbsp;&nbsp;<A HREF=thn_issue.h9.html#POEM2>9 #2</A><DD>Sofia, Bulgaria</DT>
<DT><B>Zinovy Vayman:</B>&nbsp;&nbsp;<A HREF=thn_issue.h10.html#POEM9>10 #9</A><DD>Allston, Massachusetts</DT>
<DT><B>Diana Webb:</B>&nbsp;&nbsp;<A HREF=thn_issue.h4.html#POEM9>4 #9</A><DD>Leatherhead, Surrey, England</DT>
<DT><B>Harriot West:</B>&nbsp;&nbsp;<A HREF=thn_issue.h12.html#POEM1>12 #1</A><DD>Eugene, Oregon</DT>
<DT><B>Neal Whitman:</B>&nbsp;&nbsp;<A HREF=thn_issue.h8.html#POEM7>8 #7</A><DD>Pacific Grove, California</DT>
<DT><B>Cora Whitmore:</B>&nbsp;&nbsp;<A HREF=thn_issue.h5.html#POEM9>5 #9</A>
,&nbsp;<A HREF=thn_issue.h7.html#POEM3>7 #3</A><DD>Bangor, Maine</DT>
<DT><B>Billie Wilson:</B>&nbsp;&nbsp;<A HREF=thn_issue.h1.html#POEM5>1 #5</A>
,&nbsp;<A HREF=thn_issue.h7.html#POEM6>7 #6</A><DD>Juneau, Alaska</DT>
<DT><B>Jeffrey Woodward:</B>&nbsp;&nbsp;<A HREF=thn_issue.h8.html#POEM4>8 #4</A><DD>Detroit, Michigan</DT>
<DT><B>Quendryth Young:</B>&nbsp;&nbsp;<A HREF=thn_issue.h9.html#POEM5>9 #5</A><DD>Alstonville, NSW, Australia</DT>
<DT><B>Peter Yovu:</B>&nbsp;&nbsp;<A HREF=thn_issue.h5.html#POEM5>5 #5</A><DD>Middlesex, Vermont</DT>
<DT><B>Cindy Zackowitz:</B>&nbsp;&nbsp;<A HREF=thn_issue.h5.html#POEM2>5 #2</A><DD>Anchorage, Alaska</DT>
