<DT>Megan Arkenberg:&nbsp;&nbsp;<A HREF=thn_issue.h3.html#POEM1>3 #1</A><DD>Milwaukee, Wisconsin</DT>
<DT>C. Avery:&nbsp;&nbsp;<A HREF=thn_issue.h4.html#POEM3>4 #3</A><DD>Kailua, Kona, Hawaii</DT>
<DT>Raquel D. Bailey:&nbsp;&nbsp;<A HREF=thn_issue.h6.html#POEM2>6 #2</A><DD>Tallahassee, Florida</DT>
<DT>Collin Barber:&nbsp;&nbsp;<A HREF=thn_issue.h4.html#POEM5>4 #5</A><DD>Marion, Arkansas</DT>
<DT>John Barlow:&nbsp;&nbsp;<A HREF=thn_issue.h9.html#POEM9>9 #9</A>
&nbsp;<A HREF=thn_issue.e1.html#POEM1>EC #1</A><DD>Liverpool, Merseyside, England</DT>
<DT>Janelle Barrera:&nbsp;&nbsp;<A HREF=thn_issue.h6.html#POEM3>6 #3</A><DD>Key West, Florida</DT>
<DT>Jack Barry:&nbsp;&nbsp;<A HREF=thn_issue.h7.html#POEM6>7 #6</A>,
&nbsp;<A HREF=thn_issue.h8.html#POEM6>8 #6</A><DD>Chesterfield, Massachusetts</DT>
<DT>Edith Bartholomeusz:&nbsp;&nbsp;<A HREF=thn_issue.h9.html#POEM2>9 #2</A><DD>Fairport, New York</DT>
<DT>Robert Bauer:&nbsp;&nbsp;<A HREF=thn_issue.h1.html#POEM2>1 #2</A><DD>Big Wheeling Creek, West Virginia</DT>
<DT>Patricia Benedict:&nbsp;&nbsp;<A HREF=thn_issue.h5.html#POEM2>5 #2</A><DD>Calgary, Alberta, Canada</DT>
<DT>Tony Beyer:&nbsp;&nbsp;<A HREF=thn_issue.h8.html#POEM2>8 #2</A><DD>New Plymouth, New Zealand</DT>
<DT>Helen Buckingham:&nbsp;&nbsp;<A HREF=thn_issue.h1.html#POEM6>1 #6</A><DD>Bristol, Avon, England</DT>
<DT>Nathalie Buckland:&nbsp;&nbsp;<A HREF=thn_issue.h7.html#POEM10>7 #10</A><DD>Nimbin, New South Wales, Australia</DT>
<DT>Allan Burns:&nbsp;&nbsp;<A HREF=thn_issue.h7.html#POEM8>7 #8</A><DD>Colorado Springs, Colorado</DT>
<DT>Yu Chang:&nbsp;&nbsp;<A HREF=thn_issue.h7.html#POEM2>7 #2</A>
&nbsp;<A HREF=thn_issue.h9.html#POEM5>9 #5</A><DD>Schenectady, New York</DT>
<DT>Glenn Coats:&nbsp;&nbsp;<A HREF=thn_issue.h7.html#POEM5>7 #5</A><DD>Hellertown, Pennsylvania</DT>
<DT>Susan Constable:&nbsp;&nbsp;<A HREF=thn_issue.h10.html#POEM8>10 #8</A>
&nbsp;<A HREF=thn_issue.h1.html#POEM4>1 #4</A><DD>Nanoose Bay, British Columbia, Canada</DT>
<DT>William Cullen, Jr.:&nbsp;&nbsp;<A HREF=thn_issue.h5.html#POEM5>5 #5</A>
&nbsp;<A HREF=thn_issue.h9.html#POEM7>9 #7</A><DD>Brooklyn, New York</DT>
<DT>Cherie Hunter Day:&nbsp;&nbsp;<A HREF=thn_issue.h10.html#POEM4>10 #4</A><DD>San Diego, California</DT>
<DT>Marili Deandrea:&nbsp;&nbsp;<A HREF=thn_issue.h11.html#POEM10>11 #10</A><DD>Torino, Italy</DT>
<DT>Angelee Deodhar:&nbsp;&nbsp;<A HREF=thn_issue.h11.html#POEM3>11 #3</A><DD>Chandigarh, India</DT>
<DT>Connie Donleycott:&nbsp;&nbsp;<A HREF=thn_issue.h1.html#POEM1>1 #1</A>
&nbsp;<A HREF=thn_issue.h8.html#POEM7>8 #7</A><DD>Bremerton, Washington</DT>
<DT>George Dorsty:&nbsp;&nbsp;<A HREF=thn_issue.h6.html#POEM8>6 #8</A><DD>Yorktown, Virginia</DT>
<DT>Audrey Downey:&nbsp;&nbsp;<A HREF=thn_issue.h10.html#POEM6>10 #6</A><DD>New Haven, Connecticut</DT>
<DT>Curtis Dunlap:&nbsp;&nbsp;<A HREF=thn_issue.h9.html#POEM8>9 #8</A><DD>Mayodan, North Carolina</DT>
<DT>Lorin Ford:&nbsp;&nbsp;<A HREF=thn_issue.h3.html#POEM3>3 #3</A>
&nbsp;<A HREF=thn_issue.h3.html#POEM7>3 #7</A><DD>Brunswick, Victoria, Australia</DT>
<DT>Alice Frampton:&nbsp;&nbsp;<A HREF=thn_issue.h11.html#POEM4>11 #4</A>
&nbsp;<A HREF=thn_issue.h5.html#POEM1>5 #1</A><DD>Seabeck, Washington</DT>
<DT>Laryalee Fraser:&nbsp;&nbsp;<A HREF=thn_issue.h5.html#POEM10>5 #10</A><DD>Salmon Arm, British Columbia, Canada</DT>
<DT>D. Claire Gallagher:&nbsp;&nbsp;<A HREF=thn_issue.h2.html#POEM4>2 #4</A><DD>Sunnyvale, California</DT>
<DT>Robbie Gamble:&nbsp;&nbsp;<A HREF=thn_issue.h3.html#POEM6>3 #6</A><DD>Jamaica Plain, Massachusetts</DT>
<DT>Brenda J. Gannam:&nbsp;&nbsp;<A HREF=thn_issue.h3.html#POEM10>3 #10</A><DD>Brooklyn, New York</DT>
<DT>David Giacalone:&nbsp;&nbsp;<A HREF=thn_issue.h11.html#POEM9>11 #9</A><DD>Schenectady, New York</DT>
<DT>LeRoy Gorman:&nbsp;&nbsp;<A HREF=thn_issue.h10.html#POEM10>10 #10</A>
&nbsp;<A HREF=thn_issue.h5.html#POEM9>5 #9</A><DD>Napanee, Ontario, Canada</DT>
<DT>Andrea Grillo:&nbsp;&nbsp;<A HREF=thn_issue.h5.html#POEM3>5 #3</A><DD>Randolph, New Jersey</DT>
<DT>Kay Grimnes:&nbsp;&nbsp;<A HREF=thn_issue.h1.html#POEM7>1 #7</A><DD>Alma, Michigan</DT>
<DT>Carolyn Hall:&nbsp;&nbsp;<A HREF=thn_issue.h7.html#POEM1>7 #1</A><DD>San Francisco, California</DT>
<DT>Margaret Hehman-Smith:&nbsp;&nbsp;<A HREF=thn_issue.h2.html#POEM2>2 #2</A><DD>Hollydale, California</DT>
<DT>Ruth Holzer:&nbsp;&nbsp;<A HREF=thn_issue.h8.html#POEM5>8 #5</A><DD>Herndon, Virginia</DT>
<DT>Gregory Hopkins:&nbsp;&nbsp;<A HREF=thn_issue.h7.html#POEM9>7 #9</A><DD>Weaver, Alabama</DT>
<DT>Gary Hotham:&nbsp;&nbsp;<A HREF=thn_issue.h6.html#POEM10>6 #10</A><DD>Zwingenberg, Germany</DT>
<DT>Keiko Izawa:&nbsp;&nbsp;<A HREF=thn_issue.h9.html#POEM4>9 #4</A><DD>Yokohama, Japan</DT>
<DT>Kirsty Karkow:&nbsp;&nbsp;<A HREF=thn_issue.h10.html#POEM7>10 #7</A><DD>Waldoboro, Maine</DT>
<DT>Deborah P. Kolodji:&nbsp;&nbsp;<A HREF=thn_issue.h9.html#POEM1>9 #1</A><DD>Temple City, California</DT>
<DT>Chad Lee Robinson:&nbsp;&nbsp;<A HREF=thn_issue.h10.html#POEM9>10 #9</A><DD>Pierre, South Dakota</DT>
<DT>Darrell Lindsey:&nbsp;&nbsp;<A HREF=thn_issue.h8.html#POEM3>8 #3</A><DD>Nacogdoches, Texas</DT>
<DT>Burnell Lippy:&nbsp;&nbsp;<A HREF=thn_issue.h11.html#POEM5>11 #5</A><DD>Mt. Tremper, New York</DT>
<DT>Mei-Li Liu:&nbsp;&nbsp;<A HREF=thn_issue.h9.html#POEM6>9 #6</A><DD>Colorado Springs, Colorado</DT>
<DT>paul m.:&nbsp;&nbsp;<A HREF=thn_issue.h4.html#POEM9>4 #9</A><DD>Bristol, Rhode Island</DT>
<DT>Jacek Margolak:&nbsp;&nbsp;<A HREF=thn_issue.h7.html#POEM4>7 #4</A><DD>Kielce, Poland</DT>
<DT>Scott Mason:&nbsp;&nbsp;<A HREF=thn_issue.h2.html#POEM5>2 #5</A>
&nbsp;<A HREF=thn_issue.h2.html#POEM7>2 #7</A><DD>Chappaqua, New York</DT>
<DT>Jo McInerney:&nbsp;&nbsp;<A HREF=thn_issue.h4.html#POEM6>4 #6</A><DD>Boolarry, Victoria, Australia</DT>
<DT>Sabine Miller:&nbsp;&nbsp;<A HREF=thn_issue.h6.html#POEM5>6 #5</A>
&nbsp;<A HREF=thn_issue.h7.html#POEM7>7 #7</A><DD>San Anselmo, California</DT>
<DT>Lenard D. Moore:&nbsp;&nbsp;<A HREF=thn_issue.h11.html#POEM8>11 #8</A><DD>Raleigh, North Carolina</DT>
<DT>Ron Moss:&nbsp;&nbsp;<A HREF=thn_issue.h3.html#POEM5>3 #5</A><DD>Leslie Vale, Tasmania, Australia</DT>
<DT>Marilyn Murphy:&nbsp;&nbsp;<A HREF=thn_issue.h11.html#POEM6>11 #6</A><DD>Providence, Rhode Island</DT>
<DT>ayaz daryl nielsen:&nbsp;&nbsp;<A HREF=thn_issue.h4.html#POEM10>4 #10</A><DD>????????????????</DT>
<DT>John S. O&#8217;Connor:&nbsp;&nbsp;<A HREF=thn_issue.h1.html#POEM9>1 #9</A><DD>Winnetka, Illinois</DT>
<DT>Victor Ortiz:&nbsp;&nbsp;<A HREF=thn_issue.h5.html#POEM6>5 #6</A><DD>San Pedro, California</DT>
<DT>Christopher Patchel:&nbsp;&nbsp;<A HREF=thn_issue.h2.html#POEM8>2 #8</A><DD>Chicago, Illinois</DT>
<DT>Paul Pfleuger, Jr.:&nbsp;&nbsp;<A HREF=thn_issue.h2.html#POEM1>2 #1</A><DD>Tainan, Taiwan</DT>
<DT>Greg Piko:&nbsp;&nbsp;<A HREF=thn_issue.h1.html#POEM3>1 #3</A><DD>Dickson, ACT, Australia</DT>
<DT>Jennifer G. Popolis:&nbsp;&nbsp;<A HREF=thn_issue.h6.html#POEM7>6 #7</A><DD>Springfield, Illinois</DT>
<DT>Kala Ramesh:&nbsp;&nbsp;<A HREF=thn_issue.h6.html#POEM1>6 #1</A><DD>Pune, Maharashtra, India</DT>
<DT>K. Ramesh:&nbsp;&nbsp;<A HREF=thn_issue.h6.html#POEM9>6 #9</A><DD>Adyar, Chennai, India</DT>
<DT>Emily Romano:&nbsp;&nbsp;<A HREF=thn_issue.h8.html#POEM8>8 #8</A><DD>Boonton, New Jersey</DT>
<DT>Michele Root-Bernstein:&nbsp;&nbsp;<A HREF=thn_issue.e1.html#POEM3>EC #3</A><DD>East Lansing, Michigan</DT>
<DT>Claudette Russell:&nbsp;&nbsp;<A HREF=thn_issue.h1.html#POEM10>1 #10</A><DD>Hampton, Connecticut</DT>
<DT>Carla Sari:&nbsp;&nbsp;<A HREF=thn_issue.h11.html#POEM1>11 #1</A><DD>North Carlton, Victoria, Australia</DT>
<DT>Agnes Eva Savich:&nbsp;&nbsp;<A HREF=thn_issue.h8.html#POEM4>8 #4</A><DD>Austin, Texas</DT>
<DT>Ann K. Schwader:&nbsp;&nbsp;<A HREF=thn_issue.h3.html#POEM9>3 #9</A><DD>Westminster, Colorado</DT>
<DT>Adelaide B. Shaw:&nbsp;&nbsp;<A HREF=thn_issue.h9.html#POEM10>9 #10</A><DD>Millbrook, New York</DT>
<DT>Katrina Shepherd:&nbsp;&nbsp;<A HREF=thn_issue.h10.html#POEM5>10 #5</A><DD>Perthshire, Scotland</DT>
<DT>Sandra Simpson:&nbsp;&nbsp;<A HREF=thn_issue.h4.html#POEM8>4 #8</A><DD>Tauranga, New Zealand</DT>
<DT>Lynne Steel:&nbsp;&nbsp;<A HREF=thn_issue.h6.html#POEM4>6 #4</A><DD>Hillsboro Beach, Florida</DT>
<DT>Carmen Sterba:&nbsp;&nbsp;<A HREF=thn_issue.h1.html#POEM5>1 #5</A><DD>University Place, Washington</DT>
<DT>John Stevenson:&nbsp;&nbsp;<A HREF=thn_issue.h4.html#POEM4>4 #4</A>
&nbsp;<A HREF=thn_issue.h6.html#POEM6>6 #6</A><DD>Nassau, New York</DT>
<DT>Richard Straw:&nbsp;&nbsp;<A HREF=thn_issue.h5.html#POEM4>5 #4</A><DD>Cary, North Carolina</DT>
<DT>André Surridge:&nbsp;&nbsp;<A HREF=thn_issue.h4.html#POEM2>4 #2</A><DD>Hamilton, New Zealand</DT>
<DT>George Swede:&nbsp;&nbsp;<A HREF=thn_issue.h10.html#POEM2>10 #2</A>
&nbsp;<A HREF=thn_issue.h1.html#POEM8>1 #8</A><DD>Toronto, Ontario, Canada</DT>
<DT>Hilary Tann:&nbsp;&nbsp;<A HREF=thn_issue.h2.html#POEM10>2 #10</A>
&nbsp;<A HREF=thn_issue.h9.html#POEM3>9 #3</A><DD>Schuylerville, New York</DT>
<DT>Dietmar Tauchner:&nbsp;&nbsp;<A HREF=thn_issue.h2.html#POEM3>2 #3</A><DD>Puchberg, Austria</DT>
<DT>Petar Tchouhov:&nbsp;&nbsp;<A HREF=thn_issue.e1.html#POEM2>EC #2</A><DD>Sofia, Bulgaria</DT>
<DT>Yoav J. Tenembaum:&nbsp;&nbsp;<A HREF=thn_issue.h3.html#POEM8>3 #8</A><DD>?????????????????</DT>
<DT>Tom Tico:&nbsp;&nbsp;<A HREF=thn_issue.h4.html#POEM7>4 #7</A><DD>San Francisco, California</DT>
<DT>Beverly Tift:&nbsp;&nbsp;<A HREF=thn_issue.h11.html#POEM2>11 #2</A><DD>New Haven, Connecticut</DT>
<DT>Stephen Toft:&nbsp;&nbsp;<A HREF=thn_issue.h12.html#POEM1>12 #1</A><DD>Swansea, Wales</DT>
<DT>Zinovy Vayman:&nbsp;&nbsp;<A HREF=thn_issue.h8.html#POEM9>8 #9</A><DD>Brighton, Massachusetts</DT>
<DT>Marilyn Appl Walker:&nbsp;&nbsp;<A HREF=thn_issue.h2.html#POEM9>2 #9</A><DD>Madison, Georgia</DT>
<DT>Linda Jeannette Ward:&nbsp;&nbsp;<A HREF=thn_issue.h11.html#POEM7>11 #7</A><DD>Coinjock, North Carolina</DT>
<DT>Paul Watsky:&nbsp;&nbsp;<A HREF=thn_issue.h10.html#POEM3>10 #3</A><DD>San Francisco, California</DT>
<DT>Diana Webb:&nbsp;&nbsp;<A HREF=thn_issue.h7.html#POEM3>7 #3</A><DD>Leatherhead, Surrey, Enlgand</DT>
<DT>Harriot West:&nbsp;&nbsp;<A HREF=thn_issue.h8.html#POEM1>8 #1</A><DD>Eugene, Oregon</DT>
<DT>Josh Wikoff:&nbsp;&nbsp;<A HREF=thn_issue.h8.html#POEM10>8 #10</A><DD>Petaluma, California</DT>
<DT>Billie Wilson:&nbsp;&nbsp;<A HREF=thn_issue.h2.html#POEM6>2 #6</A><DD>Juneau, Alaska</DT>
<DT>Ruth Yarrow:&nbsp;&nbsp;<A HREF=thn_issue.h10.html#POEM1>10 #1</A>
&nbsp;<A HREF=thn_issue.h3.html#POEM4>3 #4</A><DD>Seattle, Washington</DT>
<DT>Quendryth Young:&nbsp;&nbsp;<A HREF=thn_issue.h3.html#POEM2>3 #2</A><DD>Alstonville, New South Wales, Australia</DT>
<DT>Rafal Zabratynski:&nbsp;&nbsp;<A HREF=thn_issue.h4.html#POEM1>4 #1</A><DD>Rzeszow, Poland</DT>
<DT>Cindy Zackowitz:&nbsp;&nbsp;<A HREF=thn_issue.h5.html#POEM7>5 #7</A>
&nbsp;<A HREF=thn_issue.h5.html#POEM8>5 #8</A><DD>Anchorage, Alaska</DT>
