<DT>D. Claire Gallagher:&nbsp;&nbsp;<A HREF=thn_issue.h1.html#POEM1>1 #1</A><DD>Sunnyvale, California</DT>
<DT>William Cullen Jr.:&nbsp;&nbsp;<A HREF=thn_issue.h1.html#POEM2>1 #2</A><DD>Brooklyn, New York</DT>
<DT>Kay F. Anderson:&nbsp;&nbsp;<A HREF=thn_issue.h1.html#POEM3>1 #3</A><DD>Redwood Shores, California</DT>
<DT>Francis Masat:&nbsp;&nbsp;<A HREF=thn_issue.h1.html#POEM4>1 #4</A><DD>Key West, Florida</DT>
<DT>Chad Lee Robinson:&nbsp;&nbsp;<A HREF=thn_issue.h1.html#POEM5>1 #5</A><DD>Pierre, South Dakota</DT>
<DT>Lynne Steel:&nbsp;&nbsp;<A HREF=thn_issue.h1.html#POEM6>1 #6</A><DD>Hillsboro Beach, Florida</DT>
<DT>Zach Zufall:&nbsp;&nbsp;<A HREF=thn_issue.h1.html#POEM7>1 #7</A><DD>Alexandria, Virginia</DT>
<DT>Elizabeth Howard:&nbsp;&nbsp;<A HREF=thn_issue.h1.html#POEM8>1 #8</A><DD>Crossville, Tennessee</DT>
<DT>Robert Gilliland:&nbsp;&nbsp;<A HREF=thn_issue.h1.html#POEM9>1 #9</A><DD>Austin, Texas</DT>
<DT>Angelee Deodhar:&nbsp;&nbsp;<A HREF=thn_issue.h1.html#POEM10>1 #10</A><DD>Chandigarh, India</DT>
<DT>Matt Morden:&nbsp;&nbsp;<A HREF=thn_issue.h2.html#POEM1>2 #1</A><DD>Carregwen, Carmarthenshire, Wales</DT>
<DT>Gary Steinberg:&nbsp;&nbsp;<A HREF=thn_issue.h2.html#POEM2>2 #2</A><DD>Mahwah, New Jersey</DT>
<DT>Vanessa Proctor:&nbsp;&nbsp;<A HREF=thn_issue.h2.html#POEM3>2 #3</A><DD>Sydney, New South Wales, Australia</DT>
<DT>Cherie Hunter Day:&nbsp;&nbsp;<A HREF=thn_issue.h2.html#POEM4>2 #4</A><DD>San Diego, California</DT>
<DT>Connie Donleycott:&nbsp;&nbsp;<A HREF=thn_issue.h2.html#POEM5>2 #5</A><DD>Bremerton, Washington</DT>
<DT>Kay Grimnes:&nbsp;&nbsp;<A HREF=thn_issue.h2.html#POEM6>2 #6</A><DD>Alma, Michigan</DT>
<DT>Jeanne Marie Booth:&nbsp;&nbsp;<A HREF=thn_issue.h2.html#POEM7>2 #7</A><DD>Dillard, Georgia</DT>
<DT>Alice Frampton:&nbsp;&nbsp;<A HREF=thn_issue.h2.html#POEM8>2 #8</A><DD>Delta, British Columbia, Canada</DT>
<DT>Dave Russo:&nbsp;&nbsp;<A HREF=thn_issue.h2.html#POEM9>2 #9</A><DD>Cary, North Carolina</DT>
<DT>Tomislav Maretic:&nbsp;&nbsp;<A HREF=thn_issue.h2.html#POEM10>2 #10</A><DD>Vrapche, Croatia</DT>
<DT>Sue Stanford:&nbsp;&nbsp;<A HREF=thn_issue.h3.html#POEM1>3 #1</A><DD>Melbourne, Victoria, Australia</DT>
<DT>Elena Naskova:&nbsp;&nbsp;<A HREF=thn_issue.h3.html#POEM2>3 #2</A><DD>Los Angeles, California</DT>
<DT>Carolyne Rohrig:&nbsp;&nbsp;<A HREF=thn_issue.h3.html#POEM3>3 #3</A><DD>Fremont, California</DT>
<DT>Michael Dylan Welch:&nbsp;&nbsp;<A HREF=thn_issue.h3.html#POEM4>3 #4</A><DD>Sammamish, Washington</DT>
<DT>Richard Balus:&nbsp;&nbsp;<A HREF=thn_issue.h3.html#POEM5>3 #5</A><DD>Hamburg, New York</DT>
<DT>Emily Romano:&nbsp;&nbsp;<A HREF=thn_issue.h3.html#POEM6>3 #6</A><DD>Boonton, New Jersey</DT>
<DT>Robert Gilliland:&nbsp;&nbsp;<A HREF=thn_issue.h3.html#POEM7>3 #7</A><DD>Austin, Texas</DT>
<DT>Sabine Miller:&nbsp;&nbsp;<A HREF=thn_issue.h3.html#POEM8>3 #8</A><DD>Lagunitas, California</DT>
<DT>Peter Yovu:&nbsp;&nbsp;<A HREF=thn_issue.h3.html#POEM9>3 #9</A><DD>Middlesex, Vermont</DT>
<DT>Elizabeth Searle Lamb:&nbsp;&nbsp;<A HREF=thn_issue.h3.html#POEM10>3 #10</A><DD>Santa Fe, New Mexico</DT>
<DT>Joshua Gage:&nbsp;&nbsp;<A HREF=thn_issue.h4.html#POEM1>4 #1</A><DD>Cleveland, Ohio</DT>
<DT>Harold Bowes:&nbsp;&nbsp;<A HREF=thn_issue.h4.html#POEM2>4 #2</A><DD>Pendleton, Oregon</DT>
<DT>Connie Post:&nbsp;&nbsp;<A HREF=thn_issue.h4.html#POEM3>4 #3</A><DD>Fairborn, Ohio</DT>
<DT>Michael Evans:&nbsp;&nbsp;<A HREF=thn_issue.h4.html#POEM4>4 #4</A><DD>Olalla, Washington</DT>
<DT>Jason Sanford Brown:&nbsp;&nbsp;<A HREF=thn_issue.h4.html#POEM5>4 #5</A><DD>Tucson, Arizona</DT>
<DT>Yvonne Cabalona:&nbsp;&nbsp;<A HREF=thn_issue.h4.html#POEM6>4 #6</A><DD>Modesto, California</DT>
<DT>Michael McClintock:&nbsp;&nbsp;<A HREF=thn_issue.h4.html#POEM7>4 #7</A><DD>South Pasadena, California</DT>
<DT>Cindy Zackowitz:&nbsp;&nbsp;<A HREF=thn_issue.h4.html#POEM8>4 #8</A><DD>Anchorage, Alaska</DT>
<DT>Mark Brooks:&nbsp;&nbsp;<A HREF=thn_issue.h4.html#POEM9>4 #9</A><DD>Austin, Texas</DT>
<DT>John Stevenson:&nbsp;&nbsp;<A HREF=thn_issue.h4.html#POEM10>4 #10</A><DD>Nassau, New York</DT>
<DT>Lenard D. Moore:&nbsp;&nbsp;<A HREF=thn_issue.h5.html#POEM1>5 #1</A><DD>Raleigh, North Carolina</DT>
<DT>Ed Markowski:&nbsp;&nbsp;<A HREF=thn_issue.h5.html#POEM2>5 #2</A><DD>Auburn Hills, Michigan</DT>
<DT>Marili Deandrea:&nbsp;&nbsp;<A HREF=thn_issue.h5.html#POEM3>5 #3</A><DD>Torino, Italy</DT>
<DT>Kirsty Karkow:&nbsp;&nbsp;<A HREF=thn_issue.h5.html#POEM4>5 #4</A><DD>Waldoboro, Maine</DT>
<DT>Burnell Lippy:&nbsp;&nbsp;<A HREF=thn_issue.h5.html#POEM5>5 #5</A><DD>Mt. Tremper, New York</DT>
<DT>Dietmar Tauchner:&nbsp;&nbsp;<A HREF=thn_issue.h5.html#POEM6>5 #6</A><DD>Puchberg, Austria</DT>
<DT>vincent tripi:&nbsp;&nbsp;<A HREF=thn_issue.h5.html#POEM7>5 #7</A><DD>Greenfield, Massachusetts</DT>
<DT>Sue Mill:&nbsp;&nbsp;<A HREF=thn_issue.h5.html#POEM8>5 #8</A><DD>Mansfield, Queensland, Australia</DT>
<DT>Christopher Patchel:&nbsp;&nbsp;<A HREF=thn_issue.h5.html#POEM9>5 #9</A><DD>Chicago, Illinois</DT>
<DT>Joann Klontz:&nbsp;&nbsp;<A HREF=thn_issue.h5.html#POEM10>5 #10</A><DD>Swedesboro, New Jersey</DT>
<DT>K. Ramesh:&nbsp;&nbsp;<A HREF=thn_issue.e1.html#POEM1>EC #1</A><DD>Adyar, Chennai, India</DT>
<DT>Fay Aoyagi:&nbsp;&nbsp;<A HREF=thn_issue.e1.html#POEM2>EC #2</A><DD>San Francisco, California</DT>
<DT>Gary Hotham:&nbsp;&nbsp;<A HREF=thn_issue.e1.html#POEM3>EC #3</A><DD>Laurel, Maryland</DT>
