<P><A HREF=thn_issue.h3.html#POEM00>
Stephen Engleman
</A>
<P><A HREF=thn_issue.h3.html#POEM01>
Hilary Tann
</A>
<P><A HREF=thn_issue.h3.html#POEM02>
Burnell Lippy
</A>
<P><A HREF=thn_issue.h3.html#POEM03>
Mark Brooks
</A>
<P><A HREF=thn_issue.h3.html#POEM04>
John Stevenson
</A>
<P><A HREF=thn_issue.h3.html#POEM05>
Carolyn Hall
</A>
<P><A HREF=thn_issue.h3.html#POEM06>
Lenard D. Moore
</A>
<P><A HREF=thn_issue.h3.html#POEM07>
K. Ramesh
</A>
<P><A HREF=thn_issue.h3.html#POEM08>
Francine Porad
</A>
<P><A HREF=thn_issue.h3.html#POEM09>
Anna Tambour
</A>
</TD>
 
<TD ALIGN=LEFT VALIGN=TOP WIDTH=380>
<TABLE>
 
<TR ALIGN=LEFT VALIGN=TOP>
<TD><A NAME=POEM00></A>
<P><FONT SIZE=+1>
 
car horns
<BR>
thistledown floats
<BR>
through traffic
</FONT></TD></TR>
<TR ALIGN=RIGHT VALIGN=TOP><TD>
Stephen Engleman
<P>&nbsp;</TD></TR>
<TR ALIGN=LEFT VALIGN=TOP>
<TD><A NAME=POEM02></A>
<P><FONT SIZE=+1>
 
the cool side
<BR>
of corn husks
<BR>
kitchen shade
</FONT></TD></TR>
<TR ALIGN=RIGHT VALIGN=TOP><TD>
Burnell Lippy
<P>&nbsp;</TD></TR>
<TR ALIGN=LEFT VALIGN=TOP>
<TD><A NAME=POEM04></A>
<P><FONT SIZE=+1>
 
moths on the door
<BR>
      I close
<BR>
and lock
</FONT></TD></TR>
<TR ALIGN=RIGHT VALIGN=TOP><TD>
John Stevenson
<P>&nbsp;</TD></TR>
<TR ALIGN=LEFT VALIGN=TOP>
<TD><A NAME=POEM06></A>
<P><FONT SIZE=+1>
 
summer stars
<BR>
the trumpet glinting
<BR>
from its case
</FONT></TD></TR>
<TR ALIGN=RIGHT VALIGN=TOP><TD>
Lenard D. Moore
<P>&nbsp;</TD></TR>
<TR ALIGN=LEFT VALIGN=TOP>
<TD><A NAME=POEM08></A>
<P><FONT SIZE=+1>
 
change in weather
<BR>
talkative strangers
<BR>
on a park bench
</FONT></TD></TR>
<TR ALIGN=RIGHT VALIGN=TOP><TD>
Francine Porad
<P>&nbsp;</TD></TR>
 
</TABLE></TD>
 
<TD ALIGN=LEFT VALIGN=TOP WIDTH=380>
<TABLE><TR ALIGN=LEFT VALIGN=TOP>
<TD><FONT SIZE=-2>&nbsp;</FONT></TD>
</TR>
 
<TR ALIGN=RIGHT VALIGN=TOP>
<TD>&nbsp;</TD>
</TR>
<TR ALIGN=LEFT VALIGN=TOP>
<TD><A NAME=POEM01></A>
<P><FONT SIZE=+1>
 
cabin steps
<BR>
fresh birch seeds
<BR>
since morning
</FONT></TD></TR>
<TR ALIGN=RIGHT VALIGN=TOP><TD>
Hilary Tann
<P>&nbsp;</TD></TR>
<TR ALIGN=LEFT VALIGN=TOP>
<TD><A NAME=POEM03></A>
<P><FONT SIZE=+1>
 
thin summer moon &#150;
<BR>
a waft of burnt insect
<BR>
from the halogen bulb
</FONT></TD></TR>
<TR ALIGN=RIGHT VALIGN=TOP><TD>
Mark Brooks
<P>&nbsp;</TD></TR>
<TR ALIGN=LEFT VALIGN=TOP>
<TD><A NAME=POEM05></A>
<P><FONT SIZE=+1>
 
one firefly
<BR>
my childhood
<BR>
before my eyes
</FONT></TD></TR>
<TR ALIGN=RIGHT VALIGN=TOP><TD>
Carolyn Hall
<P>&nbsp;</TD></TR>
<TR ALIGN=LEFT VALIGN=TOP>
<TD><A NAME=POEM07></A>
<P><FONT SIZE=+1>
 
stars appear &#150;
<BR>
a flower vendor
<BR>
stringing jasmine
</FONT></TD></TR>
<TR ALIGN=RIGHT VALIGN=TOP><TD>
K. Ramesh
<P>&nbsp;</TD></TR>
<TR ALIGN=LEFT VALIGN=TOP>
<TD><A NAME=POEM09></A>
<P><FONT SIZE=+1>
 
thunderclap
<BR>
a blue reflection
<BR>
in the brown dog's eyes
</FONT></TD></TR>
<TR ALIGN=RIGHT VALIGN=TOP><TD>
Anna Tambour
<P>&nbsp;</TD></TR>
