<P><A HREF=thn_issue.h5.html#POEM00>
Odd G. Aksnes
</A>
<P><A HREF=thn_issue.h5.html#POEM01>
Shirley Cahayom
</A>
<P><A HREF=thn_issue.h5.html#POEM02>
Michael Dylan Welch
</A>
<P><A HREF=thn_issue.h5.html#POEM03>
Burnell Lippy
</A>
<P><A HREF=thn_issue.h5.html#POEM04>
John Stevenson
</A>
<P><A HREF=thn_issue.h5.html#POEM05>
Angelee Deodhar
</A>
<P><A HREF=thn_issue.h5.html#POEM06>
Odd G. Aksnes
</A>
<P><A HREF=thn_issue.h5.html#POEM07>
Evelyn Hermann
</A>
<P><A HREF=thn_issue.h5.html#POEM08>
Sandra Simpson
</A>
<P><A HREF=thn_issue.h5.html#POEM09>
Victor Ortiz
</A>
</TD>
 
<TD ALIGN=LEFT VALIGN=TOP WIDTH=380>
<TABLE>
 
<TR ALIGN=LEFT VALIGN=TOP>
<TD><A NAME=POEM00></A>
<P><FONT SIZE=+1>
 
autumn evening
<BR>
a hedgehog scurries
<BR>
over cobblestones
</FONT></TD></TR>
<TR ALIGN=RIGHT VALIGN=TOP><TD>
Odd G. Aksnes
<P>&nbsp;</TD></TR>
<TR ALIGN=LEFT VALIGN=TOP>
<TD><A NAME=POEM02></A>
<P><FONT SIZE=+1>
 
twilight lingers . . .
<BR>
from the wrecking yard
<BR>
flash of a blowtorch
</FONT></TD></TR>
<TR ALIGN=RIGHT VALIGN=TOP><TD>
Michael Dylan Welch
<P>&nbsp;</TD></TR>
<TR ALIGN=LEFT VALIGN=TOP>
<TD><A NAME=POEM04></A>
<P><FONT SIZE=+1>
 
coming home
<BR>
on the train
<BR>
. . . the backyards
</FONT></TD></TR>
<TR ALIGN=RIGHT VALIGN=TOP><TD>
John Stevenson
<P>&nbsp;</TD></TR>
<TR ALIGN=LEFT VALIGN=TOP>
<TD><A NAME=POEM06></A>
<P><FONT SIZE=+1>
 
crisp air
<BR>
the sound of an ax
<BR>
across the lake
</FONT></TD></TR>
<TR ALIGN=RIGHT VALIGN=TOP><TD>
Odd G. Aksnes
<P>&nbsp;</TD></TR>
<TR ALIGN=LEFT VALIGN=TOP>
<TD><A NAME=POEM08></A>
<P><FONT SIZE=+1>
 
autumn afternoon &#150;
<BR>
the bride leans
<BR>
into the wind
</FONT></TD></TR>
<TR ALIGN=RIGHT VALIGN=TOP><TD>
Sandra Simpson
<P>&nbsp;</TD></TR>
 
</TABLE></TD>
 
<TD ALIGN=LEFT VALIGN=TOP WIDTH=380>
<TABLE><TR ALIGN=LEFT VALIGN=TOP>
<TD><FONT SIZE=-2>&nbsp;</FONT></TD>
</TR>
 
<TR ALIGN=RIGHT VALIGN=TOP>
<TD>&nbsp;</TD>
</TR>
<TR ALIGN=LEFT VALIGN=TOP>
<TD><A NAME=POEM01></A>
<P><FONT SIZE=+1>
 
autumn mist &#150;
<BR>
the parking meter
<BR>
in a black plastic bag
</FONT></TD></TR>
<TR ALIGN=RIGHT VALIGN=TOP><TD>
Shirley Cahayom
<P>&nbsp;</TD></TR>
<TR ALIGN=LEFT VALIGN=TOP>
<TD><A NAME=POEM03></A>
<P><FONT SIZE=+1>
 
down the train's long aisle
<BR>
everyone else asleep
<BR>
prairie flatness
</FONT></TD></TR>
<TR ALIGN=RIGHT VALIGN=TOP><TD>
Burnell Lippy
<P>&nbsp;</TD></TR>
<TR ALIGN=LEFT VALIGN=TOP>
<TD><A NAME=POEM05></A>
<P><FONT SIZE=+1>
 
a skimming stone
<BR>
makes the mountains wobble &#150;
<BR>
autumn chill
</FONT></TD></TR>
<TR ALIGN=RIGHT VALIGN=TOP><TD>
Angelee Deodhar
<P>&nbsp;</TD></TR>
<TR ALIGN=LEFT VALIGN=TOP>
<TD><A NAME=POEM07></A>
<P><FONT SIZE=+1>
 
first frost
<BR>
on the window ledge &#150;
<BR>
the tea kettle's whistle
</FONT></TD></TR>
<TR ALIGN=RIGHT VALIGN=TOP><TD>
Evelyn Hermann
<P>&nbsp;</TD></TR>
<TR ALIGN=LEFT VALIGN=TOP>
<TD><A NAME=POEM09></A>
<P><FONT SIZE=+1>
 
harvest moon
<BR>
the groom inhales helium
<BR>
from a white balloon
</FONT></TD></TR>
<TR ALIGN=RIGHT VALIGN=TOP><TD>
Victor Ortiz
<P>&nbsp;</TD></TR>
