<DT><B> Hilary Tann:</B>&nbsp;&nbsp;<A HREF=thn_issue.h1.html#POEM1>1 #1</A><DD> Schuylerville, New York</DT>
<DT><B> Christopher White:</B>&nbsp;&nbsp;<A HREF=thn_issue.h1.html#POEM2>1 #2</A><DD> Bournemouth, Dorset, England</DT>
<DT><B> Kathe L. Palka:</B>&nbsp;&nbsp;<A HREF=thn_issue.h1.html#POEM3>1 #3</A><DD> Flemington, New Jersey</DT>
<DT><B> Michael McClintock:</B>&nbsp;&nbsp;<A HREF=thn_issue.h1.html#POEM4>1 #4</A><DD> Fresno, California</DT>
<DT><B> Lynne Steel:</B>&nbsp;&nbsp;<A HREF=thn_issue.h1.html#POEM5>1 #5</A><DD> Hillsboro Beach, Florida</DT>
<DT><B> K. Ramesh:</B>&nbsp;&nbsp;<A HREF=thn_issue.h1.html#POEM6>1 #6</A><DD> Adyar, Chennai, India</DT>
<DT><B> Jennifer Gomoll Popolis:</B>&nbsp;&nbsp;<A HREF=thn_issue.h1.html#POEM7>1 #7</A><DD> Springfield, Illinois</DT>
<DT><B> Gregory Hopkins:</B>&nbsp;&nbsp;<A HREF=thn_issue.h1.html#POEM8>1 #8</A><DD> Weaver, Alabama</DT>
<DT><B> Sandra Simpson:</B>&nbsp;&nbsp;<A HREF=thn_issue.h1.html#POEM9>1 #9</A><DD> Tauranga, New Zealand</DT>
<DT><B> Nora Wood:</B>&nbsp;&nbsp;<A HREF=thn_issue.h1.html#POEM10>1 #10</A><DD> Atlanta, Georgia</DT>
<DT><B> Matthew Paul:</B>&nbsp;&nbsp;<A HREF=thn_issue.h2.html#POEM1>2 #1</A><DD> Kingston Upon Thames, Surrey, England</DT>
<DT><B> Jackson Ellis:</B>&nbsp;&nbsp;<A HREF=thn_issue.h2.html#POEM2>2 #2</A><DD> Plymouth, Vermont</DT>
<DT><B> Raquel D. Bailey:</B>&nbsp;&nbsp;<A HREF=thn_issue.h2.html#POEM3>2 #3</A><DD> Tallahassee, Florida</DT>
<DT><B> Jeff Hoagland:</B>&nbsp;&nbsp;<A HREF=thn_issue.h2.html#POEM4>2 #4</A><DD> Hopewell, New Jersey</DT>
<DT><B> Edward Zuk:</B>&nbsp;&nbsp;<A HREF=thn_issue.h2.html#POEM5>2 #5</A><DD> Surrey, British Columbia, Canada</DT>
<DT><B> Timothy Hawkes:</B>&nbsp;&nbsp;<A HREF=thn_issue.h2.html#POEM6>2 #6</A><DD> Centerville, Utah</DT>
<DT><B> Scott Mason:</B>&nbsp;&nbsp;<A HREF=thn_issue.h2.html#POEM7>2 #7</A><DD> Chappaqua, New York</DT>
<DT><B> Glenn G. Coats:</B>&nbsp;&nbsp;<A HREF=thn_issue.h2.html#POEM8>2 #8</A><DD> Hellertown, Pennsylvania</DT>
<DT><B> Amy Whitcomb:</B>&nbsp;&nbsp;<A HREF=thn_issue.h2.html#POEM9>2 #9</A><DD> Albany, California</DT>
<DT><B> Megan Arkenberg:</B>&nbsp;&nbsp;<A HREF=thn_issue.h2.html#POEM10>2 #10</A><DD> Milwaukee, Wisconsin</DT>
<DT><B> Curtis Dunlap:</B>&nbsp;&nbsp;<A HREF=thn_issue.h3.html#POEM1>3 #1</A><DD> Mayodan, North Carolina</DT>
<DT><B> Bob Lucky:</B>&nbsp;&nbsp;<A HREF=thn_issue.h3.html#POEM2>3 #2</A><DD> Hangzhou, China</DT>
<DT><B> Shane Robitaille:</B>&nbsp;&nbsp;<A HREF=thn_issue.h3.html#POEM3>3 #3</A><DD> South Hadley, Massachusetts</DT>
<DT><B> Regina F. Smith:</B>&nbsp;&nbsp;<A HREF=thn_issue.h3.html#POEM4>3 #4</A><DD> Richmond Hill, Queens, New York</DT>
<DT><B> Terri L. French:</B>&nbsp;&nbsp;<A HREF=thn_issue.h3.html#POEM5>3 #5</A><DD> Huntsville, Alabama</DT>
<DT><B> Greg Piko:</B>&nbsp;&nbsp;<A HREF=thn_issue.h3.html#POEM6>3 #6</A><DD> Canberra, Australia</DT>
<DT><B> Sasa Vazic:</B>&nbsp;&nbsp;<A HREF=thn_issue.h3.html#POEM7>3 #7</A><DD> Batajnica, Serbia</DT>
<DT><B> Don Miller:</B>&nbsp;&nbsp;<A HREF=thn_issue.h3.html#POEM8>3 #8</A><DD> Las Cruces, New Mexico</DT>
<DT><B> Yu Chang:</B>&nbsp;&nbsp;<A HREF=thn_issue.h3.html#POEM9>3 #9</A><DD> Schenectady, New York</DT>
<DT><B> Michael McClintock:</B>&nbsp;&nbsp;<A HREF=thn_issue.h3.html#POEM10>3 #10</A><DD> Fresno, California</DT>
<DT><B> Allan Burns:</B>&nbsp;&nbsp;<A HREF=thn_issue.h4.html#POEM1>4 #1</A><DD> Colorado Springs, Colorado</DT>
<DT><B> Allan Burns:</B>&nbsp;&nbsp;<A HREF=thn_issue.h4.html#POEM2>4 #2</A><DD> Colorado Springs, Colorado</DT>
<DT><B> Bill Kenney:</B>&nbsp;&nbsp;<A HREF=thn_issue.h4.html#POEM3>4 #3</A><DD> New York, New York</DT>
<DT><B> Don Holt:</B>&nbsp;&nbsp;<A HREF=thn_issue.h4.html#POEM4>4 #4</A><DD> Johnson City, Tennessee</DT>
<DT><B> Chris Bays:</B>&nbsp;&nbsp;<A HREF=thn_issue.h4.html#POEM5>4 #5</A><DD> Beavercreek, Ohio</DT>
<DT><B> Carolyn Hall:</B>&nbsp;&nbsp;<A HREF=thn_issue.h4.html#POEM6>4 #6</A><DD> San Francisco, California</DT>
<DT><B> Pat Benedict:</B>&nbsp;&nbsp;<A HREF=thn_issue.h4.html#POEM7>4 #7</A><DD> Calgary, Alberta, Canada</DT>
<DT><B> Bruce Ross:</B>&nbsp;&nbsp;<A HREF=thn_issue.h4.html#POEM8>4 #8</A><DD> Hampden, Maine</DT>
<DT><B> Christopher Herold:</B>&nbsp;&nbsp;<A HREF=thn_issue.h4.html#POEM9>4 #9</A><DD> Port Townsend, Washington</DT>
<DT><B> Jordan Hawkes :</B>&nbsp;&nbsp;<A HREF=thn_issue.h4.html#POEM10>4 #10</A><DD> Centerville, Utah</DT>
<DT><B> Natalia L. Rudychev:</B>&nbsp;&nbsp;<A HREF=thn_issue.h5.html#POEM1>5 #1</A><DD> Des Plaines, Illinois</DT>
<DT><B> Jeffrey Rabkin:</B>&nbsp;&nbsp;<A HREF=thn_issue.h5.html#POEM2>5 #2</A><DD> New York, New York</DT>
<DT><B> Margaret D. McGee:</B>&nbsp;&nbsp;<A HREF=thn_issue.h5.html#POEM3>5 #3</A><DD> Port Townsend, Washington</DT>
<DT><B> Connie Donleycott:</B>&nbsp;&nbsp;<A HREF=thn_issue.h5.html#POEM4>5 #4</A><DD> Bremerton, Washington</DT>
<DT><B> Vladislav Vassiliev:</B>&nbsp;&nbsp;<A HREF=thn_issue.h5.html#POEM5>5 #5</A><DD> London, England</DT>
<DT><B> LeRoy Gorman:</B>&nbsp;&nbsp;<A HREF=thn_issue.h5.html#POEM6>5 #6</A><DD> Napanee, Ontario, Canada</DT>
<DT><B> John Barlow:</B>&nbsp;&nbsp;<A HREF=thn_issue.h5.html#POEM7>5 #7</A><DD> Liverpool, England</DT>
<DT><B> Ann K. Schwader:</B>&nbsp;&nbsp;<A HREF=thn_issue.h5.html#POEM8>5 #8</A><DD> Westminster, Colorado</DT>
<DT><B> Cindy Zackowitz:</B>&nbsp;&nbsp;<A HREF=thn_issue.h5.html#POEM9>5 #9</A><DD> Anchorage Alaska</DT>
<DT><B> Lorin Ford:</B>&nbsp;&nbsp;<A HREF=thn_issue.h5.html#POEM10>5 #10</A><DD> Brunswick, Victoria, Australia</DT>
<DT><B> Angelee Deodhar:</B>&nbsp;&nbsp;<A HREF=thn_issue.h6.html#POEM1>6 #1</A><DD> Chandigarh, India</DT>
<DT><B> Joshua Gage:</B>&nbsp;&nbsp;<A HREF=thn_issue.h6.html#POEM2>6 #2</A><DD> Cleveland, Ohio</DT>
<DT><B> Jeff Stillman:</B>&nbsp;&nbsp;<A HREF=thn_issue.h6.html#POEM3>6 #3</A><DD> Norwich, New York</DT>
<DT><B> Grant Savage:</B>&nbsp;&nbsp;<A HREF=thn_issue.h6.html#POEM4>6 #4</A><DD> Ottawa, Ontario, Canada</DT>
<DT><B> Mathew Spano:</B>&nbsp;&nbsp;<A HREF=thn_issue.h6.html#POEM5>6 #5</A><DD> Hillsborough, New Jersey</DT>
<DT><B> Chuck Brickley:</B>&nbsp;&nbsp;<A HREF=thn_issue.h6.html#POEM6>6 #6</A><DD> Daly City, California</DT>
<DT><B> paul m.:</B>&nbsp;&nbsp;<A HREF=thn_issue.h6.html#POEM7>6 #7</A><DD> Bristol, Rhode Island</DT>
<DT><B> Deb Baker:</B>&nbsp;&nbsp;<A HREF=thn_issue.h6.html#POEM8>6 #8</A><DD> Concord, New Hampshire</DT>
<DT><B> Sari Grandstaff:</B>&nbsp;&nbsp;<A HREF=thn_issue.h6.html#POEM9>6 #9</A><DD> Saugerties, New York</DT>
<DT><B> H.Gene Murtha:</B>&nbsp;&nbsp;<A HREF=thn_issue.h6.html#POEM10>6 #10</A><DD> Buena, New Jersey</DT>
<DT><B> Lorin Ford:</B>&nbsp;&nbsp;<A HREF=thn_issue.h7.html#POEM1>7 #1</A><DD> Brunswick, Victoria, Australia</DT>
<DT><B> Ruth Holzer:</B>&nbsp;&nbsp;<A HREF=thn_issue.h7.html#POEM2>7 #2</A><DD> Herndon, Virginia</DT>
<DT><B> Mark Alan Osterhaus:</B>&nbsp;&nbsp;<A HREF=thn_issue.h7.html#POEM3>7 #3</A><DD> Richland Center, Wisconsin</DT>
<DT><B> Merrill Ann Gonzales:</B>&nbsp;&nbsp;<A HREF=thn_issue.h7.html#POEM4>7 #4</A><DD> Dayville, Connecticut</DT>
<DT><B> Susan Constable:</B>&nbsp;&nbsp;<A HREF=thn_issue.h7.html#POEM5>7 #5</A><DD> Nanoose Bay, British Columbia, Canada</DT>
<DT><B> John Barlow:</B>&nbsp;&nbsp;<A HREF=thn_issue.h7.html#POEM6>7 #6</A><DD> Liverpool, England</DT>
<DT><B> Brent Partridge:</B>&nbsp;&nbsp;<A HREF=thn_issue.h7.html#POEM7>7 #7</A><DD> Orinda, California</DT>
<DT><B> Matthew Cariello:</B>&nbsp;&nbsp;<A HREF=thn_issue.h7.html#POEM8>7 #8</A><DD> Columbus, Ohio </DT>
<DT><B> Kirsty Karkow:</B>&nbsp;&nbsp;<A HREF=thn_issue.h7.html#POEM9>7 #9</A><DD> Waldoboro, Maine</DT>
<DT><B> Stephen A. Peters:</B>&nbsp;&nbsp;<A HREF=thn_issue.h7.html#POEM10>7 #10</A><DD> Bellingham, Washington</DT>
<DT><B> Glenn G. Coats:</B>&nbsp;&nbsp;<A HREF=thn_issue.h8.html#POEM1>8 #1</A><DD> Hellertown, Pennsylvania</DT>
<DT><B> Tomislav Maretic:</B>&nbsp;&nbsp;<A HREF=thn_issue.h8.html#POEM2>8 #2</A><DD> Vrapche, Croatia</DT>
<DT><B> William Cullen Jr.:</B>&nbsp;&nbsp;<A HREF=thn_issue.h8.html#POEM3>8 #3</A><DD> Brooklyn, New York</DT>
<DT><B> Richard Straw:</B>&nbsp;&nbsp;<A HREF=thn_issue.h8.html#POEM4>8 #4</A><DD> Cary, North Carolina</DT>
<DT><B> Alan S. Bridges:</B>&nbsp;&nbsp;<A HREF=thn_issue.h8.html#POEM5>8 #5</A><DD> Littleton, Massachusetts</DT>
<DT><B> Marilyn Appl Walker:</B>&nbsp;&nbsp;<A HREF=thn_issue.h8.html#POEM6>8 #6</A><DD> Madison, Georgia</DT>
<DT><B> William Cullen Jr.:</B>&nbsp;&nbsp;<A HREF=thn_issue.h8.html#POEM7>8 #7</A><DD> Brooklyn, New York</DT>
<DT><B> wende skidmore duflon:</B>&nbsp;&nbsp;<A HREF=thn_issue.h8.html#POEM8>8 #8</A><DD> Antigua, Guatemala</DT>
<DT><B> Dave Russo:</B>&nbsp;&nbsp;<A HREF=thn_issue.h8.html#POEM9>8 #9</A><DD> Cary, North Carolina</DT>
<DT><B> Jennifer Corpe:</B>&nbsp;&nbsp;<A HREF=thn_issue.h8.html#POEM10>8 #10</A><DD> Bellingham, Washington</DT>
<DT><B> Greg Piko:</B>&nbsp;&nbsp;<A HREF=thn_issue.h9.html#POEM1>9 #1</A><DD> Canberra, Australia</DT>
<DT><B> Cherie Hunter Day:</B>&nbsp;&nbsp;<A HREF=thn_issue.h9.html#POEM2>9 #2</A><DD> San Diego, California</DT>
<DT><B> Timothy Hawkes:</B>&nbsp;&nbsp;<A HREF=thn_issue.h9.html#POEM3>9 #3</A><DD> Centerville, Utah </DT>
<DT><B> Elena Naskova:</B>&nbsp;&nbsp;<A HREF=thn_issue.h9.html#POEM4>9 #4</A><DD> Seattle, Washington</DT>
<DT><B> A. Thiagarajan:</B>&nbsp;&nbsp;<A HREF=thn_issue.h9.html#POEM5>9 #5</A><DD> Mumbai, India </DT>
<DT><B> Els Van Leewen:</B>&nbsp;&nbsp;<A HREF=thn_issue.h9.html#POEM6>9 #6</A><DD> Sydney, New South Wales, Australia</DT>
<DT><B> Laryalee Fraser:</B>&nbsp;&nbsp;<A HREF=thn_issue.h9.html#POEM7>9 #7</A><DD> Salmon Arm. British Columbia, Canada</DT>
<DT><B> Christopher Patchel:</B>&nbsp;&nbsp;<A HREF=thn_issue.h9.html#POEM8>9 #8</A><DD> Chicago, Illlinois</DT>
<DT><B> Sandra Simpson:</B>&nbsp;&nbsp;<A HREF=thn_issue.h9.html#POEM9>9 #9</A><DD> Tauranga, New Zealand</DT>
<DT><B> Pat Tompkins:</B>&nbsp;&nbsp;<A HREF=thn_issue.h9.html#POEM10>9 #10</A><DD> San Mateo, California</DT>
<DT><B> Elizabeth Howard:</B>&nbsp;&nbsp;<A HREF=thn_issue.h10.html#POEM1>10 #1</A><DD> Crossville, Tennessee</DT>
<DT><B> Harriot West:</B>&nbsp;&nbsp;<A HREF=thn_issue.h10.html#POEM2>10 #2</A><DD> Eugene, Oregon</DT>
<DT><B> Edith Muesing Ellwood:</B>&nbsp;&nbsp;<A HREF=thn_issue.h10.html#POEM3>10 #3</A><DD> Bushkill, Pennsylvania</DT>
<DT><B> Jacek Margolak:</B>&nbsp;&nbsp;<A HREF=thn_issue.h10.html#POEM4>10 #4</A><DD> Kielce, Poland</DT>
<DT><B> John Kinory:</B>&nbsp;&nbsp;<A HREF=thn_issue.h10.html#POEM5>10 #5</A><DD> Steeple Aston, Oxfordshire, England</DT>
<DT><B> Joan Zimmerman:</B>&nbsp;&nbsp;<A HREF=thn_issue.h10.html#POEM6>10 #6</A><DD> Santa Cruz, California</DT>
<DT><B> Grant Savage:</B>&nbsp;&nbsp;<A HREF=thn_issue.h10.html#POEM7>10 #7</A><DD> Ottawa, Ontario, Canada</DT>
<DT><B> Jennifer Gomoll Popolis:</B>&nbsp;&nbsp;<A HREF=thn_issue.h10.html#POEM8>10 #8</A><DD> Springfield, Illinois</DT>
<DT><B> Cynthia Rowe:</B>&nbsp;&nbsp;<A HREF=thn_issue.h10.html#POEM9>10 #9</A><DD> Woollahra, New South Wales, Australia</DT>
<DT><B> Laurence Stacey:</B>&nbsp;&nbsp;<A HREF=thn_issue.h10.html#POEM10>10 #10</A><DD> Powder Springs, Georgia</DT>
<DT><B> Collin Barber:</B>&nbsp;&nbsp;<A HREF=thn_issue.h11.html#POEM1>11 #1</A><DD> Marion, Arkansas</DT>
<DT><B> Marcus Larsson:</B>&nbsp;&nbsp;<A HREF=thn_issue.h11.html#POEM2>11 #2</A><DD> V&auml;rj&ouml;, Sweden</DT>
<DT><B> Christopher Herold:</B>&nbsp;&nbsp;<A HREF=thn_issue.h11.html#POEM3>11 #3</A><DD> Port Townsend, Washington</DT>
<DT><B> Quendryth Young:</B>&nbsp;&nbsp;<A HREF=thn_issue.h11.html#POEM4>11 #4</A><DD> Alstonville, New South Wales, Australia</DT>
<DT><B> Bett Angel-Stawarz:</B>&nbsp;&nbsp;<A HREF=thn_issue.h11.html#POEM5>11 #5</A><DD> Barmera, South Australia</DT>
<DT><B> Patrick M. Pilarski:</B>&nbsp;&nbsp;<A HREF=thn_issue.h11.html#POEM6>11 #6</A><DD> Edmonton, Alberta, Canada</DT>
<DT><B> Lynn Edge:</B>&nbsp;&nbsp;<A HREF=thn_issue.h11.html#POEM7>11 #7</A><DD> Tivoli, Texas</DT>
<DT><B> Tanya McDonald:</B>&nbsp;&nbsp;<A HREF=thn_issue.h11.html#POEM8>11 #8</A><DD> Bellevue, Washington</DT>
<DT><B> Neil Moylan:</B>&nbsp;&nbsp;<A HREF=thn_issue.h11.html#POEM9>11 #9</A><DD> Verona, New Jersey</DT>
<DT><B> Michele Root-Bernstein:</B>&nbsp;&nbsp;<A HREF=thn_issue.h11.html#POEM10>11 #10</A><DD> East Lansing, Michigan</DT>
<DT><B> Jack Barry:</B>&nbsp;&nbsp;<A HREF=thn_issue.h12.html#POEM1>12 #1</A><DD> Chesterfield, Massachusetts</DT>
<DT><B> Edith Bartholomeusz:</B>&nbsp;&nbsp;<A HREF=thn_issue.h12.html#POEM2>12 #2</A><DD> Phoenix, Arizona</DT>
<DT><B> Patrick Sweeney:</B>&nbsp;&nbsp;<A HREF=thn_issue.h12.html#POEM3>12 #3</A><DD> Misawashi. Aomori-ken, Japan</DT>
<DT><B> Dietmar Tauchner:</B>&nbsp;&nbsp;<A HREF=thn_issue.h12.html#POEM4>12 #4</A><DD> Puchberg, Austria</DT>
<DT><B> Gary Hotham:</B>&nbsp;&nbsp;<A HREF=thn_issue.h12.html#POEM5>12 #5</A><DD> Scaggsville, Maryland</DT>
<DT><B> Joseph M. Kusmiss:</B>&nbsp;&nbsp;<A HREF=thn_issue.h12.html#POEM6>12 #6</A><DD> Tilton, New Hampshire</DT>
<DT><B> Ignatius Fay:</B>&nbsp;&nbsp;<A HREF=thn_issue.h12.html#POEM7>12 #7</A><DD> Sudbury, Ontario, Canada</DT>
<DT><B> Christopher Patchel:</B>&nbsp;&nbsp;<A HREF=thn_issue.h12.html#POEM8>12 #8</A><DD> Chicago, Illinois</DT>
<DT><B> Fay Aoyagi:</B>&nbsp;&nbsp;<A HREF=thn_issue.h12.html#POEM9>12 #9</A><DD> San Francisco, California</DT>
<DT><B> Bill Kenney:</B>&nbsp;&nbsp;<A HREF=thn_issue.h12.html#POEM10>12 #10</A><DD> New York, New York</DT>
<DT><B> Vaughan Chapman:</B>&nbsp;&nbsp;<A HREF=thn_issue.h13.html#POEM1>13 #1</A><DD> Surrey, British Columbia, Canada</DT>
<DT><B> Mary Davila:</B>&nbsp;&nbsp;<A HREF=thn_issue.h13.html#POEM2>13 #2</A><DD> Buffalo, New York</DT>
<DT><B> Nathalie Buckland:</B>&nbsp;&nbsp;<A HREF=thn_issue.h13.html#POEM3>13 #3</A><DD> Nimbin, New South Wales, Australia</DT>
<DT><B> Diana Webb:</B>&nbsp;&nbsp;<A HREF=thn_issue.h13.html#POEM4>13 #4</A><DD> Leatherhead, Surrey, England</DT>
<DT><B> Cherie Hunter Day:</B>&nbsp;&nbsp;<A HREF=thn_issue.h13.html#POEM5>13 #5</A><DD> San Diego, California</DT>
<DT><B> Bonnie Stepenoff:</B>&nbsp;&nbsp;<A HREF=thn_issue.h13.html#POEM6>13 #6</A><DD> Cape Girardeau, Missouri</DT>
<DT><B> _Kala:</B>&nbsp;&nbsp;<A HREF=thn_issue.h13.html#POEM7>13 #7</A><DD> Pune, Maharashtra, India</DT>
<DT><B>Carlos Colón:</B>&nbsp;&nbsp;<A HREF=thn_issue.h13.html#POEM8>13 #8</A><DD>Shreveport, Louisiana</DT>
<DT><B>Yu Chang:</B>&nbsp;&nbsp;<A HREF=thn_issue.h13.html#POEM9>13 #9</A><DD>Schenectady, New York</DT>
<DT><B>Chad Lee Robinson :</B>&nbsp;&nbsp;<A HREF=thn_issue.h13.html#POEM10>13 #10</A><DD>Pierre, South Dakota</DT>
