<P><A HREF=thn_issue.h2.html#POEM00>
Maria Steyn
</A>
<P><A HREF=thn_issue.h2.html#POEM01>
Allen McGill
</A>
<P><A HREF=thn_issue.h2.html#POEM02>
Kay F. Anderson
</A>
<P><A HREF=thn_issue.h2.html#POEM03>
Cindy Zackowitz
</A>
<P><A HREF=thn_issue.h2.html#POEM04>
Gary Hotham
</A>
<P><A HREF=thn_issue.h2.html#POEM05>
Jack Barry
</A>
<P><A HREF=thn_issue.h2.html#POEM06>
paul m.
</A>
<P><A HREF=thn_issue.h2.html#POEM07>
Michael Meyerhofer
</A>
<P><A HREF=thn_issue.h2.html#POEM08>
Gabriel Rosenstock
</A>
<P><A HREF=thn_issue.h2.html#POEM09>
John W. Wisdom
</A>
</TD>
 
<TD ALIGN=LEFT VALIGN=TOP WIDTH=380>
<TABLE>
 
<TR ALIGN=LEFT VALIGN=TOP>
<TD><A NAME=POEM00></A>
<P><FONT SIZE=+1>
 
the old cat rubs
<BR>
her nose in the French lavender &#150;
<BR>
morning dew
</FONT></TD></TR>
<TR ALIGN=RIGHT VALIGN=TOP><TD>
Maria Steyn
<P>&nbsp;</TD></TR>
<TR ALIGN=LEFT VALIGN=TOP>
<TD><A NAME=POEM02></A>
<P><FONT SIZE=+1>
 
misty morning &#150;
<BR>
the young heron's feet
<BR>
spring green
</FONT></TD></TR>
<TR ALIGN=RIGHT VALIGN=TOP><TD>
Kay F. Anderson
<P>&nbsp;</TD></TR>
<TR ALIGN=LEFT VALIGN=TOP>
<TD><A NAME=POEM04></A>
<P><FONT SIZE=+1>
 
careful steps
<BR>
rocking the boat
<BR>
rocking the top of the ocean
</FONT></TD></TR>
<TR ALIGN=RIGHT VALIGN=TOP><TD>
Gary Hotham
<P>&nbsp;</TD></TR>
<TR ALIGN=LEFT VALIGN=TOP>
<TD><A NAME=POEM06></A>
<P><FONT SIZE=+1>
 
almost dusk
<BR>
an open door
<BR>
to the lighthouse
</FONT></TD></TR>
<TR ALIGN=RIGHT VALIGN=TOP><TD>
paul m.
<P>&nbsp;</TD></TR>
<TR ALIGN=LEFT VALIGN=TOP>
<TD><A NAME=POEM08></A>
<P><FONT SIZE=+1>
 
the lagoon egret &#150;
<BR>
          sound of clothes
<BR>
                      washed on stones
</FONT></TD></TR>
<TR ALIGN=RIGHT VALIGN=TOP><TD>
Gabriel Rosenstock
<P>&nbsp;</TD></TR>
 
</TABLE></TD>
 
<TD ALIGN=LEFT VALIGN=TOP WIDTH=380>
<TABLE><TR ALIGN=LEFT VALIGN=TOP>
<TD><FONT SIZE=-2>&nbsp;</FONT></TD>
</TR>
 
<TR ALIGN=RIGHT VALIGN=TOP>
<TD>&nbsp;</TD>
</TR>
<TR ALIGN=LEFT VALIGN=TOP>
<TD><A NAME=POEM01></A>
<P><FONT SIZE=+1>
 
towering pines
<BR>
a bobcat prowls
<BR>
in the early mist
</FONT></TD></TR>
<TR ALIGN=RIGHT VALIGN=TOP><TD>
Allen McGill
<P>&nbsp;</TD></TR>
<TR ALIGN=LEFT VALIGN=TOP>
<TD><A NAME=POEM03></A>
<P><FONT SIZE=+1>
 
clearing sky &#150;
<BR>
a young gull
<BR>
tests the wind
</FONT></TD></TR>
<TR ALIGN=RIGHT VALIGN=TOP><TD>
Cindy Zackowitz
<P>&nbsp;</TD></TR>
<TR ALIGN=LEFT VALIGN=TOP>
<TD><A NAME=POEM05></A>
<P><FONT SIZE=+1>
 
the last telephone pole
<BR>
a herring gull perched
<BR>
on one leg
</FONT></TD></TR>
<TR ALIGN=RIGHT VALIGN=TOP><TD>
Jack Barry
<P>&nbsp;</TD></TR>
<TR ALIGN=LEFT VALIGN=TOP>
<TD><A NAME=POEM07></A>
<P><FONT SIZE=+1>
 
day in the park &#150;
<BR>
finding a cherry blossom
<BR>
in the baby's diaper
</FONT></TD></TR>
<TR ALIGN=RIGHT VALIGN=TOP><TD>
Michael Meyerhofer
<P>&nbsp;</TD></TR>
<TR ALIGN=LEFT VALIGN=TOP>
<TD><A NAME=POEM09></A>
<P><FONT SIZE=+1>
 
scarlet sunset &#150;
<BR>
a fighting cock's feathers
<BR>
ruffle in the breeze
</FONT></TD></TR>
<TR ALIGN=RIGHT VALIGN=TOP><TD>
John W. Wisdom
<P>&nbsp;</TD></TR>
