Odd G. Aksnes
Stephen Amor
Stephen Amor
Hortensia Anderson
Kay F. Anderson
Kay F. Anderson
Kay F. Anderson
Kay F. Anderson
Kay F. Anderson
Kay F. Anderson
Kay F. Anderson
Kay F. Anderson
Fay Aoyagi
Fay Aoyagi
Fay Aoyagi
Fay Aoyagi
Fay Aoyagi
Deborah Baker
John Barksdale
Jack Barry
Jack Barry
Jack Barry
Jack Barry
Ernest J. Berry
Ernest J. Berry
Tony Beyer
Tony Beyer
Tony Beyer
Harold Bowes
Harold Bowes
S. T. Boyle
Mark Brooks
Randy M. Brooks
Randy M. Brooks
Randy M. Brooks
Naomi Y. Brown
Naomi Y. Brown
Naomi Y. Brown
Naomi Y. Brown
Naomi Y. Brown
Naomi Y. Brown
Jerry M. Bryant
Helen Buckingham
Catherine Bullock
Darrell Byrd
Yvonne Cabalona
Yvonne Cabalona
Yvonne Cabalona
Yvonne Cabalona
Yvonne Cabalona
Yvonne Cabalona
Yvonne Cabalona
Yvonne Cabalona
Barbara Campitelli
Moushumi Chakrabarty
Yu Chang
Yu Chang
Yu Chang
Margaret Chula
Margaret Chula
John Tiong Chunghoo
John Tiong Chunghoo
John Tiong Chunghoo
Glenn G. Coats
Ion Codrescu
Sonia Cristina Coman
Sonia Cristina Coman
Gillena Cox
Celia Crook
Celia Crook
Celia Crook
Celia Crook
Katherine Cudney
Katherine Cudney
Katherine Cudney
Katherine Cudney
Katherine Cudney
Katherine Cudney
William Cullen, Jr.
William Cullen, Jr.
William Cullen, Jr.
William Cullen, Jr.
William Cullen, Jr.
William Cullen, Jr.
William Cullen, Jr.
Cherie Hunter Day
Cherie Hunter Day
Cherie Hunter Day
Cherie Hunter Day
Cherie Hunter Day
Cherie Hunter Day
Cherie Hunter Day
Cherie Hunter Day
Cherie Hunter Day
Cherie Hunter Day
Marili Deandrea
Angelee Deodhar
Angelee Deodhar
Angelee Deodhar
Angelee Deodhar
Angelee Deodhar
Angelee Deodhar
Angelee Deodhar
Jasminka Nadaskic Diordievic
Jasminka Nadaskic Diordievic
Jasminka Nadaskic Diordievic
Jasminka Nadaskic Diordievic
Melissa Dixon
Connie Donleycott
Connie Donleycott
Connie Donleycott
Connie Donleycott
Connie Donleycott
Connie Donleycott
Connie Donleycott
Connie Donleycott
Connie Donleycott
Connie Donleycott
Connie Donleycott
Connie Donleycott
Connie Donleycott
Connie Donleycott
George Dorsty
George Dorsty
George Dorsty
George Dorsty
George Dorsty
George Dorsty
George Dorsty
George Dorsty
Ljubomir Dragovic
Michael Dudley
Curtis Dunlap
Curtis Dunlap
Curtis Dunlap
Curtis Dunlap
Curtis Dunlap
Curtis Dunlap
Curtis Dunlap
Curtis Dunlap
Marje A. Dyck
Marje A. Dyck
Margarita Engle
Stephen Engleman
Stephen Engleman
Stephen Engleman
Stephen Engleman
Stephen Engleman
Michael L. Evans
Michael L. Evans
Michael L. Evans
Alice Frampton
Alice Frampton
D. Claire Gallagher
D. Claire Gallagher
D. Claire Gallagher
D. Claire Gallagher
D. Claire Gallagher
D. Claire Gallagher
D. Claire Gallagher
Barry George
Barry George
Barry George
Barry George
David Gershator
Brian Gierat
Brian Gierat
Brian Gierat
Brian Gierat
Brian Gierat
Brian Gierat
Robert Gilliland
Robert Gilliland
Robert Gilliland
Robert Gilliland
Robert Gilliland
Robert Gilliland
Robert Gilliland
Robert Gilliland
Robert Gilliland
Robert Gilliland
Robert Gilliland
Robert Gilliland
Robert Gilliland
Robert Gilliland
Merrill Ann Gonzales
LeRoy Gorman
Kay Grimnes
Kay Grimnes
Kay Grimnes
Kay Grimnes
Kay Grimnes
Kay Grimnes
Kay Grimnes
Kay Grimnes
Helga Härle
Helga Härle
Helga H\xe4rle
Helga Härle
Helga Härle
Helga H\xe4rle
Nate Haken
Carolyn Hall
Carolyn Hall
Carolyn Hall
Carolyn Hall
Carolyn Hall
Carolyn Hall
Carolyn Hall
Carolyn Hall
Carolyn Hall
Carolyn Hall
Timothy Hawkes
Timothy Hawkes
Timothy Hawkes
Timothy Hawkes
Timothy Hawkes
Timothy Hawkes
Timothy Hawkes
Timothy Hawkes
Timothy Hawkes
Timothy Hawkes
Timothy Hawkes
Timothy Hawkes
J. C. Herring
J. C. Herring
J. C. Herring
Merle D. Hinchee
Gary Hotham
Gary Hotham
Gary Hotham
Gary Hotham
Gary Hotham
Gary Hotham
Gary Hotham
Gary Hotham
Gary Hotham
Gary Hotham
Elizabeth Howard
Elizabeth Howard
Elizabeth Howard
Elizabeth Howard
Elizabeth Howard
Elizabeth Howard
Elizabeth Howard
Elizabeth Howard
Elizabeth Howard
jörgen johansson
Ryan Michael Jones
Ryan Michael Jones
Ryan Michael Jones
Kylan Jones-Huffman
Jean Jorgensen
Jim Kacian
Kirsty Karkow
Kirsty Karkow
Kirsty Karkow
Kirsty Karkow
Kirsty Karkow
Kirsty Karkow
Kirsty Karkow
Bruce Kennedy
Michael Ketchek
Michael Ketchek
Jerry Kilbride
Jerry Kilbride
Mary King
Joann Klontz
Joann Klontz
Joann Klontz
Joann Klontz
Rob Knell
Rob Knell
Deborah P. Kolodji
Elizabeth Searle Lamb
Elizabeth Searle Lamb
Elizabeth Searle Lamb
Aruna Lakshmanan
Aruna Lakshmanan
Aruna Lakshmanan
Andrew Lansdown
Rajiv Lather
Rajiv Lather
Rajiv Lather
Rajiv Lather
J. B. Leong
J. B. Leong
J. B. Leong
Rebecca Lilly
Rebecca Lilly
Rebecca Lilly
Rebecca Lilly
Rebecca Lilly
Rebecca Lilly
Burnell Lippy
Burnell Lippy
Burnell Lippy
Burnell Lippy
paul m.
paul m.
paul m.
paul m.
paul m.
paul m.
paul m.
paul m.
paul m.
paul m.
paul m.
paul m.
Ray MacKenzie
Ray MacKenzie
Ray MacKenzie
Ray MacKenzie
Robert Major
Tomislav Maretic
Tomislav Maretic
Tomislav Maretic
Francis Masat
Scott Mason
Giselle Maya
Michael McClintock
Michael McClintock
Michael McClintock
Mary Lee McClure
Allen McGill
Allen McGill
Allen McGill
Allen McGill
Allen McGill
Allen McGill
Allen McGill
Allen McGill
Allen McGill
Allen McGill
R. D. McManes
Mary Fran Meer
Michael Meyerhofer
Sue Mill
Sue Mill
Sabine Miller
Sabine Miller
Sabine Miller
Sabine Miller
Sabine Miller
Sabine Miller
Sabine Miller
Sabine Miller
Sabine Miller
Sabine Miller
Sabine Miller
Emiko Miyashita
Lenard D. Moore
Lenard D. Moore
Lenard D. Moore
Lenard D. Moore
Lenard D. Moore
Lenard D. Moore
Lenard D. Moore
Lenard D. Moore
Lenard D. Moore
Matt Morden
Matt Morden
Matt Morden
Matt Morden
Matt Morden
June Moreau
H. Gene Murtha
H. Gene Murtha
H. Gene Murtha
H. Gene Murtha
H. Gene Murtha
H. Gene Murtha
naia
naia
naia
naia
naia
naia
Pamela Miller Ness
Pamela Miller Ness
Pamela Miller Ness
Pamela Miller Ness
Pamela Miller Ness
Pamela Miller Ness
Pamela Miller Ness
H. F. Noyes
H. F. Noyes
H. F. Noyes
H. F. Noyes
H. F. Noyes
H. F. Noyes
H. F. Noyes
H. F. Noyes
H. F. Noyes
John S. O^ÒConnor
John S. O^ÒConnor
John S. O^ÒConnor
Marian Olson
Marian Olson
Victor Ortiz
Victor Ortiz
Victor Ortiz
Victor Ortiz
Victor Ortiz
Victor Ortiz
John Ower
Tom Painting
Tom Painting
Tom Painting
Tom Painting
Tom Painting
Tom Painting
Tom Painting
Tom Painting
Tom Painting
Tom Painting
Tom Painting
Christopher Patchel
Christopher Patchel
Christopher Patchel
Christopher Patchel
Matthew Paul
Matthew Paul
Paul Pfleuger, Jr.
Paul Pfleuger, Jr.
Paul Pfleuger
Greg Piko
Greg Piko
Greg Piko
Greg Piko
Piper
Piper
Piper
Louis Pirro
Francine Porad
Francine Porad
Francine Porad
Francine Porad
Francine Porad
Vanessa Proctor
Vanessa Proctor
Elbert Pruitt
Carol Purington
Carol Purington
K. Ramesh
K. Ramesh
K. Ramesh
K. Ramesh
K. Ramesh
K. Ramesh
K. Ramesh
K. Ramesh
K. Ramesh
Bobby Richardson
Carolyn Rohrig
Emily Romano
Emily Romano
Emily Romano
Emily Romano
Emily Romano
Emily Romano
Emily Romano
Gabriel Rosenstock
Gabriel Rosenstock
Bruce Ross
Bruce Ross
Helen Russell
Ann K. Schwader
Adelaide Shaw
Adelaide Shaw
Adelaide Shaw
Adelaide Shaw
Adelaide Shaw
Adelaide Shaw
Adelaide Shaw
Adelaide Shaw
Kuniharu Shimizu
Kuniharu Shimizu
Sandra Simpson
Sandra Simpson
Sandra Simpson
Sandra Simpson
Mark Smith
Nancy Stewart Smith
Stacy Smith
Sue Stanford
Sue Stanford
Lynne Steel
Lynne Steel
Lynne Steel
Lynne Steel
Lynne Steel
Lynne Steel
Lynne Steel
Lynne Steel
Lynne Steel
Lynne Steel
Lynne Steel
Gary Steinberg
Gary Steinberg
Gary Steinberg
Gary Steinberg
Gary Steinberg
Carmen Sterba
Carmen Sterba
Carmen Sterba
Carmen Sterba
Carmen Sterba
Carmen Sterba
John Stevenson
John Stevenson
John Stevenson
John Stevenson
John Stevenson
John Stevenson
John Stevenson
John Stevenson
John Stevenson
John Stevenson
John Stevenson
John Stevenson
John Stevenson
John Stevenson
John Stevenson
John Stevenson
John Stevenson
Maria Steyn
Maria Steyn
Maria Steyn
Maria Steyn
Maria Steyn
George Swede
George Swede
George Swede
George Swede
Patrick Sweeney
Patrick Sweeney
Anna Tambour
Anna Tambour
Anna Tambour
Anna Tambour
Anna Tambour
Anna Tambour
Anaa Tambour
Anna Tambour
Anna Tambour
Hilary Tann
Hilary Tann
Hillary Tann
Hilary Tann
Hilary Tann
Hilary Tann
Hilary Tann
Hilary Tann
Hilary Tann
Hilary Tann
Dietmar Tauchner
Dietmar Tauchner
Dietmar Tauchner
Dietmar Tauchner
Dietmar Tauchner
Dietmar Tauchner
Dietmar Tauchner
Dietmar Tauchner
Carolyn Thomas
Doris Thurston
Stephen Toft
Stephen Toft
Jennie Townsend
Jennie Townsend
Jennie Townsend
Jennie Townsend
Jennie Townsend
vincent tripi
vincent tripi
vincent tripi
vincent tripi
vincent tripi
vincent tripi
vincent tripi
vincent tripi
vincent tripi
vincent tripi
Charles Trumbull
Zinovy Vayman
Zinovy Vayman
Florence Vil\xe9n
Florence Vilén
Linda Jeannette Ward
Linda Jeannette Ward
Linda Jeannette Ward
Linda Jeannette Ward
Linda Jeannette Ward
Gary Warner
Gary Warner
Michael Dylan Welch
Michael Dylan Welch
Michael Dylan Welch
Nina Wicker
Nina Wicker
Nina Wicker
Paul Wigelius
Paul Wigelius
Paul Wigelius
Paul Wigelius
Paul Wigelius
Peter Williams
Billie Wilson
Billie Wilson
Billie Wilson
Billie Wilson
Billie Wilson
Billie Wilson
Jeffrey Winke
Anita Wintz
Anita Wintz
John W. Wisdom
John W. Wisdom
John W. Wisdom
John W. Wisdom
John W. Wisdom
Karina Young
Cindy Zackowitz
Cindy Zackowitz
Cindy Zackowitz
Cindy Zackowitz
Cindy Zackowitz
Cindy Zackowitz
Cindy Zackowitz
Cindy Zackowitz
Cindy Zackowitz
Cindy Zackowitz
Cindy Zackowitz
Cindy Zackowitz
Cindy Zackowitz
