Stephen Amor
Kay F. Anderson
Kay F. Anderson
Kay F. Anderson
Kay F. Anderson
Frances Angela
Frances Angela
Frances Angela
Frances Angela
Fay Aoyagi
Fay Aoyagi
Fay Aoyagi
Deborah Baker
Deborah Baker
Richard Balus
Janelle Barrera
Jack Barry
Jack Barry
Jack Barry
Nara Bauer
Robert Bauer
Robert Bauer
Robert Bauer
Mike Blottenberger
Jeanne Marie Booth
Janice M. Bostok
Harold Bowes
Mark Brooks
Mark Brooks
Randy M. Brooks
Jason Sanford Brown
Jason Sanford Brown
Naomi Y. Brown
Naomi Y. Brown
Naomi Y. Brown
Naomi Y. Brown
Jerry M. Bryant
Colo Buchanan
Helen Buckingham
Helen Buckingham
Helen Buckingham
Richard Alan Bunch
Darrell Byrd
Darrell Byrd
Darrell Byrd
Darrell Byrd
Yvonne Cabalona
Yvonne Cabalona
Yvonne Cabalona
Yvonne Cabalona
Yvonne Cabalona
Katie Cameron
Yu Chang
Yu Chang
Yu Chang
Yu Chang
Yu Chang
Yu Chang
James Chessing
Margaret Chula
Charlie Close
Charlie Close
Charlie Close
Charlie Close
Glenn G. Coats
Sonia Cristina Coman
Wanda Cook
Gillena Cox
Katherine Cudney
Katherine Cudney
Katherine Cudney
Katherine Cudney
Katherine Cudney
Katherine Cudney
Katherine Cudney
Katherine Cudney
William Cullen, Jr.
William Cullen, Jr.
William Cullen, Jr.
William Cullen, Jr.
William Cullen, Jr.
William Cullen, Jr.
William Cullen, Jr.
William Cullen, Jr.
William Cullen, Jr.
Cherie Hunter Day
Cherie Hunter Day
Cherie Hunter Day
Cherie Hunter Day
Cherie Hunter Day
Cherie Hunter Day
Cherie Hunter Day
Marili Deandrea
Marili Deandrea
Marili Deandrea
Marili Deandrea
Marili Deandrea
Raffael deGruttola
Angelee Deodhar
Angelee Deodhar
Angelee Deodhar
Angelee Deodhar
Angelee Deodhar
Angelee Deodhar
Angelee Deodhar
Jasminka Nadaskic Diordievic
Connie Donleycott
Connie Donleycott
Connie Donleycott
Connie Donleycott
Connie Donleycott
Connie Donleycott
Connie Donleycott
Connie Donleycott
Connie Donleycott
Connie Donleycott
Connie Donleycott
George Dorsty
George Dorsty
George Dorsty
George Dorsty
George Dorsty
George Dorsty
George Dorsty
George Dorsty
Curtis Dunlap
Curtis Dunlap
Curtis Dunlap
Curtis Dunlap
Curtis Dunlap
Curtis Dunlap
Jeanne Emrich
Margarita Engle
Margarita Engle
Stephen Engleman
Michael Evans
Debi Faulkner
Paula Fisher
Paula Fisher
Alice Frampton
Alice Frampton
Laryalee Fraser
Laryalee Fraser
Joshua Gage
Joshua Gage
Joshua Gage
Joshua Gage
Joshua Gage
Joshua Gage
D. Claire Gallagher
D. Claire Gallagher
D. Claire Gallagher
D. Claire Gallagher
D. Claire Gallagher
D. Claire Gallagher
D. Claire Gallagher
D. Claire Gallagher
D. Claire Gallagher
Barry George
Barry George
Beverley George
Beverley George
Beverley George
Beverley George
Beverley George
Beverley George
Ferris Gilli
Robert Gilliland
Robert Gilliland
Robert Gilliland
Robert Gilliland
Robert Gilliland
Robert Gilliland
Robert Gilliland
Robert Gilliland
Robert Gilliland
Robert Gilliland
LeRoy Gorman
LeRoy Gorman
Kay Grimnes
Kay Grimnes
Kay Grimnes
Kay Grimnes
Kay Grimnes
Kay Grimnes
Nate Haken
Nate Haken
Nate Haken
Carolyn Hall
Carolyn Hall
Carolyn Hall
Carolyn Hall
Carolyn Hall
Carolyn Hall
Carolyn Hall
Carolyn Hall
Carolyn Hall
Yvonne Hardenbrook
Timothy Hawkes
Timothy Hawkes
Timothy Hawkes
Timothy Hawkes
Timothy Hawkes
Timothy Hawkes
Timothy Hawkes
Peggy Heinrich
Peggy Heinrich
Helga Härle
Helga Härle
Helga Härle
Christopher Herold
J. C. Herring
William J. Higginson
William J. Higginson
William J. Higginson
Ruth Holzer
Gary Hotham
Gary Hotham
Gary Hotham
Gary Hotham
Gary Hotham
Gary Hotham
Gary Hotham
Gary Hotham
Elizabeth Howard
Elizabeth Howard
Elizabeth Howard
Elizabeth Howard
Elizabeth Howard
Elizabeth Howard
Elizabeth Howard
Elizabeth Howard
Jorgen Johansson
Jim Kacian
Jim Kacian
Kirsty Karkow
Kirsty Karkow
Kirsty Karkow
Kirsty Karkow
Kirsty Karkow
Kirsty Karkow
Kirsty Karkow
Michael Ketchek
Mary King
Mary King
Joann Klontz
Joann Klontz
Joann Klontz
Joann Klontz
Joann Klontz
Joann Klontz
Joann Klontz
Joann Klontz
Joann Klontz
Deborah P. Kolodji
Elizabeth Searle Lamb
Elizabeth Searle Lamb
Elizabeth Searle Lamb
Elizabeth Searle Lamb
Ariel Lambert
Ariel Lambert
Marcus Larsson
Marcus Larsson
J. B. Leong
Rebecca Lilly
Burnell Lippy
Burnell Lippy
Burnell Lippy
Burnell Lippy
Burnell Lippy
Burnell Lippy
Burnell Lippy
Peggy Willis Lyles
Myron Lysenko
paul m.
paul m.
paul m.
paul m.
paul m.
paul m.
paul m.
paul m.
paul m.
Paul MacNeil
Tomislav Maretic
Tomislav Maretic
Tomislav Maretic
Ed Markowski
Ed Markowski
Ed Markowski
Francis Masat
Francis Masat
Francis Masat
Francis Masat
Francis Masat
Francis Masat
Scott Mason
Scott Mason
Giselle Maya
Giselle Maya
Michael McClintock
Michael McClintock
Michael McClintock
Michael McClintock
Michael McClintock
Michael McClintock
Mary Lee McClure
Mary Lee McClure
Allen McGill
Allen McGill
Allen McGill
Allen McGill
Allen McGill
Allen McGill
Allen McGill
Allen McGill
Paul David Mena
Scott Metz
Scott Metz
Michael Meyerhofer
Sue Mill
Sue Mill
Sabine Miller
Sabine Miller
Sabine Miller
Sabine Miller
Sabine Miller
Sabine Miller
Sabine Miller
Sabine Miller
Lenard D. Moore
Lenard D. Moore
Lenard D. Moore
Lenard D. Moore
Lenard D. Moore
Lenard D. Moore
Lenard D. Moore
Lenard D. Moore
Lenard D. Moore
Lenard D. Moore
Lenard D. Moore
Lenard D. Moore
Matt Morden
Matt Morden
June Moreau
H. Gene Murtha
H. Gene Murtha
H. Gene Murtha
H. Gene Murtha
H. Gene Murtha
H. Gene Murtha
H. Gene Murtha
Elena Naskova
Pamela Miller Ness
Pamela Miller Ness
Pamela Miller Ness
Pamela Miller Ness
Pamela Miller Ness
Pamela Miller Ness
Pamela Miller Ness
Pamela Miller Ness
H. F. Noyes
H. F. Noyes
H. F. Noyes
Graham Nunn
Graham Nunn
Graham Nunn
Graham Nunn
John O^ÒConnor
Marian Olson
Victor Ortiz
Victor Ortiz
Victor Ortiz
Victor Ortiz
Tom Painting
Tom Painting
Tom Painting
Tom Painting
Tom Painting
Tom Painting
Tom Painting
Tom Painting
Lane Parker
Christopher Patchel
Christopher Patchel
Christopher Patchel
Christopher Patchel
Matthew Paul
Matthew Paul
Paul Pfleuger, Jr.
Paul Pfleuger, Jr.
Paul Pfleuger, Jr.
Paul Pfleuger, Jr.
Paul Pfleuger, Jr.
Paul Pfleuger, Jr.
Greg Piko
Greg Piko
Francine Porad
Francine Porad
Francine Porad
Francine Porad
Francine Porad
Connie Post
Vanessa Proctor
Vanessa Proctor
Vanessa Proctor
Vanessa Proctor
Vanessa Proctor
Vanessa Proctor
Carol Purington
Carol Purington
Carol Raisfeld
K. Ramesh
K. Ramesh
K. Ramesh
K. Ramesh
K. Ramesh
K. Ramesh
K. Ramesh
ray rasmussen
Chad Lee Robinson
Chad Lee Robinson
Chad Lee Robinson
Chad Lee Robinson
Chad Lee Robinson
Chad Lee Robinson
Chad Lee Robinson
Carolyne Rohrig
Emily Romano
Emily Romano
Emily Romano
Emily Romano
Emily Romano
Emily Romano
Bruce Ross
Bruce Ross
Helen Russell
Helen Russell
Dave Russo
Dave Russo
Dave Russo
Grant D. Savage
Agnes Eva Savich
Agnes Eva Savich
Agnes Eva Savich
Ann K. Schwader
Ann K. Schwader
Ann K. Schwader
Ann K. Schwader
Adelaide B. Shaw
Adelaide Shaw
Adelaide Shaw
Adelaide Shaw
Adelaide Shaw
Shimi
Shimi
Shimi
Kuniharu Shimizu
Sandra Simpson
Sandra Simpson
Sandra Simpson
Sandra Simpson
Sandra Simpson
Sandra Simpson
Sandra Simpson
Sandra Simpson
Grzegorz Sionkowski
Nancy Stewart Smith
Nancy Stewart Smith
Sue Stanford
Sue Stanford
Sue Stanford
Lynne Steel
Lynne Steel
Lynne Steel
Lynne Steel
Lynne Steel
Lynne Steel
Lynne Steel
Lynne Steel
Gary Steinberg
Gary Steinberg
Gary Steinberg
Carmen Sterba
Carmen Sterba
John Stevenson
John Stevenson
John Stevenson
John Stevenson
John Stevenson
John Stevenson
John Stevenson
John Stevenson
John Stevenson
John Stevenson
John Stevenson
Maria Steyn
George Swede
George Swede
George Swede
George Swede
Maria Tadd
Toshiro Takeshita
Toshiro Takeshita
Rick Tarquinio
Rick Tarquinio
Rick Tarquinio
Rick Tarquinio
Dietmar Tauchner
Dietmar Tauchner
Dietmar Tauchner
Dietmar Tauchner
Dietmar Tauchner
Dietmar Tauchner
Steven Thunell
CarrieAnn Thunnell
Tom Tico
Tom Tico
Tom Tico
Tom Tico
Tom Tico
Stephen Toft
Stephen Toft
vincent tripi
vincent tripi
vincent tripi
vincent tripi
vincent tripi
vincent tripi
vincent tripi
vincent tripi
vincent tripi
Mitzi Trout
Mitzi Trout
Charles Trumbull
Charles Trumbull
Beth Vieira
Florence Vilén
Marilyn Appl Walker
Marilyn Appl Walker
Marilyn Appl Walker
Marilyn Appl Walker
Linda Jeannette Ward
Linda Jeannette Ward
Linda Jeannette Ward
Linda Jeannette Ward
Linda Jeannette Ward
Linda Jeannette Ward
Linda Jeannette Ward
Linda Jeannette Ward
Linda Jeannette Ward
Paul Watsky
Michael Dylan Welch
Michael Dylan Welch
Michael Dylan Welch
Michael Dylan Welch
Michael Dylan Welch
Michael Dylan Welch
Michael Dylan Welch
Michael Dylan Welch
Michael Dylan Welch
Nina Wicker
Billie Wilson
Billie Wilson
Jeffrey Winke
Sara Winteridge
John W. Wisdom
Ruth Yarrow
Ruth Yarrow
Nancy S. Young
Peter Yovu
Peter Yovu
Peter Yovu
Peter Yovu
Peter Yovu
Peter Yovu
Peter Yovu
Peter Yovu
Peter Yovu
Cindy Zackowitz
Cindy Zackowitz
Cindy Zackowitz
Cindy Zackowitz
Cindy Zackowitz
Cindy Zackowitz
Cindy Zackowitz
Cindy Zackowitz
Cindy Zackowitz
Cindy Zackowitz
Cindy Zackowitz
Cindy Zackowitz
Cindy Zackowitz
Cindy Zackowitz
Zach Zufall
