<DT>Kevin James:&nbsp;&nbsp;<A HREF=thn_issue.h1.html#POEM1>1 #1</A><DD>Woolwich Township, New Jersey</DT>
<DT>Kirsty Karkow:&nbsp;&nbsp;<A HREF=thn_issue.h1.html#POEM2>1 #2</A><DD>Waldoboro, Maine</DT>
<DT>Connie Donleycott:&nbsp;&nbsp;<A HREF=thn_issue.h1.html#POEM3>1 #3</A><DD>Bremerton, Washington</DT>
<DT>Burnell Lippy:&nbsp;&nbsp;<A HREF=thn_issue.h1.html#POEM4>1 #4</A><DD>Mt. Tremper, New York</DT>
<DT>Dustin Neal:&nbsp;&nbsp;<A HREF=thn_issue.h1.html#POEM5>1 #5</A><DD>Crockett, Texas</DT>
<DT>Dietmar Tauchner:&nbsp;&nbsp;<A HREF=thn_issue.h1.html#POEM6>1 #6</A><DD>Puchberg, Austria</DT>
<DT>Beverly A. Tift:&nbsp;&nbsp;<A HREF=thn_issue.h1.html#POEM7>1 #7</A><DD>Hamden, Connecticut</DT>
<DT>Dr. R. K. Singh:&nbsp;&nbsp;<A HREF=thn_issue.h1.html#POEM8>1 #8</A><DD>Jharkhand, India</DT>
<DT>George Dorsty:&nbsp;&nbsp;<A HREF=thn_issue.h1.html#POEM9>1 #9</A><DD>Poquoson, Virginia</DT>
<DT>Vasile Moldovan:&nbsp;&nbsp;<A HREF=thn_issue.h1.html#POEM10>1 #10</A><DD>Bucharest, Romania</DT>
<DT>CarrieAnn Thunell:&nbsp;&nbsp;<A HREF=thn_issue.h2.html#POEM1>2 #1</A><DD>Olympia, Washington</DT>
<DT>Dru Philippou:&nbsp;&nbsp;<A HREF=thn_issue.h2.html#POEM2>2 #2</A><DD>El Prado, New Mexico</DT>
<DT>Christopher Patchel:&nbsp;&nbsp;<A HREF=thn_issue.h2.html#POEM3>2 #3</A><DD>Chicago, Illinois</DT>
<DT>Katherine Cudney:&nbsp;&nbsp;<A HREF=thn_issue.h2.html#POEM4>2 #4</A><DD>Liberty, Tennessee</DT>
<DT>Billie Wilson:&nbsp;&nbsp;<A HREF=thn_issue.h2.html#POEM5>2 #5</A><DD>Juneau, Alaska</DT>
<DT>John Stevenson:&nbsp;&nbsp;<A HREF=thn_issue.h2.html#POEM6>2 #6</A><DD>Nassau, New York</DT>
<DT>Scott Mason:&nbsp;&nbsp;<A HREF=thn_issue.h2.html#POEM7>2 #7</A><DD>Chappaqua, New York</DT>
<DT>Michael Dylan Welch:&nbsp;&nbsp;<A HREF=thn_issue.h2.html#POEM8>2 #8</A><DD>Sammamish, Washington</DT>
<DT>John Barlow:&nbsp;&nbsp;<A HREF=thn_issue.h2.html#POEM9>2 #9</A><DD>Liverpool, Merseyside, England</DT>
<DT>Roger Jones:&nbsp;&nbsp;<A HREF=thn_issue.h2.html#POEM10>2 #10</A><DD>New Braunfels, Texas</DT>
<DT>Tom Clausen:&nbsp;&nbsp;<A HREF=thn_issue.h3.html#POEM1>3 #1</A><DD>Ithaca, New York</DT>
<DT>Beverley George:&nbsp;&nbsp;<A HREF=thn_issue.h3.html#POEM2>3 #2</A><DD>Pearl Beach, New South Wales, Australia</DT>
<DT>D. Claire Gallagher:&nbsp;&nbsp;<A HREF=thn_issue.h3.html#POEM3>3 #3</A><DD>Sunnyvale, California</DT>
<DT>Ellen Compton:&nbsp;&nbsp;<A HREF=thn_issue.h3.html#POEM4>3 #4</A><DD>Washington, D. C.</DT>
<DT>Frank Critelli:&nbsp;&nbsp;<A HREF=thn_issue.h3.html#POEM5>3 #5</A><DD>New Haven, Connecticut</DT>
<DT>Robert Bauer:&nbsp;&nbsp;<A HREF=thn_issue.h3.html#POEM6>3 #6</A><DD>Big Wheeling Creek, West Virginia</DT>
<DT>Lorin Ford:&nbsp;&nbsp;<A HREF=thn_issue.h3.html#POEM7>3 #7</A><DD>Brunswick, Victoria, Australia</DT>
<DT>Grant Savage:&nbsp;&nbsp;<A HREF=thn_issue.h3.html#POEM8>3 #8</A><DD>Ottawa, Ontario, Canada</DT>
<DT>Harriot West:&nbsp;&nbsp;<A HREF=thn_issue.h3.html#POEM9>3 #9</A><DD>Eugene, Oregon</DT>
<DT>Ian Daw:&nbsp;&nbsp;<A HREF=thn_issue.h3.html#POEM10>3 #10</A><DD>Lancaster, Lancashire, England</DT>
<DT>Bob Lucky:&nbsp;&nbsp;<A HREF=thn_issue.h4.html#POEM1>4 #1</A><DD>Chiang Mai, Thailand</DT>
<DT>Jennifer Soule:&nbsp;&nbsp;<A HREF=thn_issue.h4.html#POEM2>4 #2</A><DD>Cantonment, Florida</DT>
<DT>Bruce Ross:&nbsp;&nbsp;<A HREF=thn_issue.h4.html#POEM3>4 #3</A><DD>Orono, Maine</DT>
<DT>Tom Tico:&nbsp;&nbsp;<A HREF=thn_issue.h4.html#POEM4>4 #4</A><DD>San Francisco, California</DT>
<DT>LeRoy Gorman:&nbsp;&nbsp;<A HREF=thn_issue.h4.html#POEM5>4 #5</A><DD>Napanee, Ontario, Canada</DT>
<DT>Greg Piko:&nbsp;&nbsp;<A HREF=thn_issue.h4.html#POEM6>4 #6</A><DD>Canberra, Australia</DT>
<DT>William Cullen, Jr.:&nbsp;&nbsp;<A HREF=thn_issue.h4.html#POEM7>4 #7</A><DD>Brooklyn, New York</DT>
<DT>Jennie Townsend:&nbsp;&nbsp;<A HREF=thn_issue.h4.html#POEM8>4 #8</A><DD>O&#8217;Fallon, Missouri</DT>
<DT>Carolyn Hall:&nbsp;&nbsp;<A HREF=thn_issue.h4.html#POEM9>4 #9</A><DD>San Francisco, California</DT>
<DT>Marianna Monaco:&nbsp;&nbsp;<A HREF=thn_issue.h4.html#POEM10>4 #10</A><DD>San Francisco, California</DT>
<DT>Lane Parker:&nbsp;&nbsp;<A HREF=thn_issue.h5.html#POEM1>5 #1</A><DD>San Francisco, California</DT>
<DT>Hilary Tann:&nbsp;&nbsp;<A HREF=thn_issue.h5.html#POEM2>5 #2</A><DD>Schuylerville, New York</DT>
<DT>Patricia Prime:&nbsp;&nbsp;<A HREF=thn_issue.h5.html#POEM3>5 #3</A><DD>Auckland, New Zealand</DT>
<DT>Adelaide B. Shaw:&nbsp;&nbsp;<A HREF=thn_issue.h5.html#POEM4>5 #4</A><DD>Scarsdale, New York</DT>
<DT>Joan Zimmerman:&nbsp;&nbsp;<A HREF=thn_issue.h5.html#POEM5>5 #5</A><DD>Santa Cruz, California</DT>
<DT>Laryalee Fraser:&nbsp;&nbsp;<A HREF=thn_issue.h5.html#POEM6>5 #6</A><DD>Salmon Arm, British Columbia, Canada</DT>
<DT>Lorin Ford:&nbsp;&nbsp;<A HREF=thn_issue.h5.html#POEM7>5 #7</A><DD>Brunswick, Victoria, Australia</DT>
<DT>Edith Bartholomeusz:&nbsp;&nbsp;<A HREF=thn_issue.h5.html#POEM8>5 #8</A><DD>Fairport, New York</DT>
<DT>Yu Chang:&nbsp;&nbsp;<A HREF=thn_issue.h5.html#POEM9>5 #9</A><DD>Schenectady, New York</DT>
<DT>Rosa Clement:&nbsp;&nbsp;<A HREF=thn_issue.h5.html#POEM10>5 #10</A><DD>Manaus, Amazonas, Brazil</DT>
<DT>Sandra Simpson:&nbsp;&nbsp;<A HREF=thn_issue.h6.html#POEM1>6 #1</A><DD>Tauranga, New Zealand</DT>
<DT>Andrea Cecon:&nbsp;&nbsp;<A HREF=thn_issue.h6.html#POEM2>6 #2</A><DD>Udine, Italy</DT>
<DT>Collin Barber:&nbsp;&nbsp;<A HREF=thn_issue.h6.html#POEM3>6 #3</A><DD>Marion, Arkansas</DT>
<DT>Don Miller:&nbsp;&nbsp;<A HREF=thn_issue.h6.html#POEM4>6 #4</A><DD>Las Cruces, New Mexico</DT>
<DT>Nancy Stewart Smith:&nbsp;&nbsp;<A HREF=thn_issue.h6.html#POEM5>6 #5</A><DD>Athens, Georgia</DT>
<DT>Eve Luckring:&nbsp;&nbsp;<A HREF=thn_issue.h6.html#POEM6>6 #6</A><DD>Los Angeles, California</DT>
<DT>ron moss:&nbsp;&nbsp;<A HREF=thn_issue.h6.html#POEM7>6 #7</A><DD>Tasmania, Australia</DT>
<DT>John Barlow:&nbsp;&nbsp;<A HREF=thn_issue.h6.html#POEM8>6 #8</A><DD>Liverpool, Merseyside, England</DT>
<DT>George Swede:&nbsp;&nbsp;<A HREF=thn_issue.h6.html#POEM9>6 #9</A><DD>Toronto, Ontario, Canada</DT>
<DT>Allan Burns:&nbsp;&nbsp;<A HREF=thn_issue.h6.html#POEM10>6 #10</A><DD>Colorado Springs, Colorado</DT>
<DT>Gary Hotham:&nbsp;&nbsp;<A HREF=thn_issue.h7.html#POEM1>7 #1</A><DD>Zwingenberg, Germany</DT>
<DT>Erich Haught:&nbsp;&nbsp;<A HREF=thn_issue.h7.html#POEM2>7 #2</A><DD>????, ????</DT>
<DT>DeVar Dahl:&nbsp;&nbsp;<A HREF=thn_issue.h7.html#POEM3>7 #3</A><DD>Magrath, Alberta, Canada</DT>
<DT>Colo Buchanan:&nbsp;&nbsp;<A HREF=thn_issue.h7.html#POEM4>7 #4</A><DD>Lisburn, Antrim, North Ireland</DT>
<DT>Hilary Tann:&nbsp;&nbsp;<A HREF=thn_issue.h7.html#POEM5>7 #5</A><DD>Schuylerville, New York</DT>
<DT>Elizabeth Howard:&nbsp;&nbsp;<A HREF=thn_issue.h7.html#POEM6>7 #6</A><DD>Crossville, Tennessee</DT>
<DT>Paula Fisher:&nbsp;&nbsp;<A HREF=thn_issue.h7.html#POEM7>7 #7</A><DD>Key Largo, Florida</DT>
<DT>K. Ramesh:&nbsp;&nbsp;<A HREF=thn_issue.h7.html#POEM8>7 #8</A><DD>Adyar, Chennai, India</DT>
<DT>Marie Summers:&nbsp;&nbsp;<A HREF=thn_issue.h7.html#POEM9>7 #9</A><DD>Excelsior Springs, Missouri</DT>
<DT>N.C. Whitehead:&nbsp;&nbsp;<A HREF=thn_issue.h7.html#POEM10>7 #10</A><DD>Birmingham, Alabama</DT>
<DT>Charlie Close:&nbsp;&nbsp;<A HREF=thn_issue.h8.html#POEM1>8 #1</A><DD>Goodrich, Michigan</DT>
<DT>Curtis Dunlap:&nbsp;&nbsp;<A HREF=thn_issue.h8.html#POEM2>8 #2</A><DD>Mayodan, North Carolina</DT>
<DT>Ann K. Schwader:&nbsp;&nbsp;<A HREF=thn_issue.h8.html#POEM3>8 #3</A><DD>Westminster, Colorado</DT>
<DT>Rosa Clement:&nbsp;&nbsp;<A HREF=thn_issue.h8.html#POEM4>8 #4</A><DD>Manaus, Amazonas, Brazil</DT>
<DT>Laura Orabone:&nbsp;&nbsp;<A HREF=thn_issue.h8.html#POEM5>8 #5</A><DD>Tucson, Arizona</DT>
<DT>Joann Klontz:&nbsp;&nbsp;<A HREF=thn_issue.h8.html#POEM6>8 #6</A><DD>Swedesboro, New Jersey</DT>
<DT>Cindy Zackowitz:&nbsp;&nbsp;<A HREF=thn_issue.h8.html#POEM7>8 #7</A><DD>Anchorage, Alaska</DT>
<DT>Darrell Lindsey:&nbsp;&nbsp;<A HREF=thn_issue.h8.html#POEM8>8 #8</A><DD>Nacogdoches, Texas</DT>
<DT>Mary Lee McClure:&nbsp;&nbsp;<A HREF=thn_issue.h8.html#POEM9>8 #9</A><DD>Kokomo, Indiana</DT>
<DT>Kay F. Anderson:&nbsp;&nbsp;<A HREF=thn_issue.h8.html#POEM10>8 #10</A><DD>Redwood Shores, California</DT>
<DT>Cherie Hunter Day:&nbsp;&nbsp;<A HREF=thn_issue.h9.html#POEM1>9 #1</A><DD>San Diego, California</DT>
<DT>Robbie Gamble:&nbsp;&nbsp;<A HREF=thn_issue.h9.html#POEM2>9 #2</A><DD>Jamaica Plain, Massachusetts</DT>
<DT>Collin Barber:&nbsp;&nbsp;<A HREF=thn_issue.h9.html#POEM3>9 #3</A><DD>Marion, Arkansas</DT>
<DT>Tony Beyer:&nbsp;&nbsp;<A HREF=thn_issue.h9.html#POEM4>9 #4</A><DD>Mt. Eden, Auckland, New Zealand</DT>
<DT>Victor Ortiz:&nbsp;&nbsp;<A HREF=thn_issue.h9.html#POEM5>9 #5</A><DD>San Pedro, California</DT>
<DT>Quendryth Young:&nbsp;&nbsp;<A HREF=thn_issue.h9.html#POEM6>9 #6</A><DD>Alstonville, New South Wales, Australia</DT>
<DT>Alice Frampton:&nbsp;&nbsp;<A HREF=thn_issue.h9.html#POEM7>9 #7</A><DD>Creston, British Columbia, Canada</DT>
<DT>H. Gene Murtha:&nbsp;&nbsp;<A HREF=thn_issue.h9.html#POEM8>9 #8</A><DD>Buena, New Jersey</DT>
<DT>Burnell Lippy:&nbsp;&nbsp;<A HREF=thn_issue.h9.html#POEM9>9 #9</A><DD>Mt. Tremper, New York</DT>
<DT>Susan Constable:&nbsp;&nbsp;<A HREF=thn_issue.h9.html#POEM10>9 #10</A><DD>Nanoose Bay, British Columbia, Canada</DT>
<DT>paul m.:&nbsp;&nbsp;<A HREF=thn_issue.h10.html#POEM1>10 #1</A><DD>Bristol, Rhode Island</DT>
<DT>Yvonne Cabalona:&nbsp;&nbsp;<A HREF=thn_issue.h10.html#POEM2>10 #2</A><DD>Modesto, California</DT>
<DT>Lenard D. Moore:&nbsp;&nbsp;<A HREF=thn_issue.h10.html#POEM3>10 #3</A><DD>Raleigh, North Carolina</DT>
<DT>Carla Sari:&nbsp;&nbsp;<A HREF=thn_issue.h10.html#POEM4>10 #4</A><DD>North Carlton, Victoria, Australia</DT>
<DT>Yu Chang:&nbsp;&nbsp;<A HREF=thn_issue.h10.html#POEM5>10 #5</A><DD>Schenectady, New York</DT>
<DT>William J. Higginson:&nbsp;&nbsp;<A HREF=thn_issue.h10.html#POEM6>10 #6</A><DD>Summit, New Jersey</DT>
<DT>Andrea Grillo:&nbsp;&nbsp;<A HREF=thn_issue.h10.html#POEM7>10 #7</A><DD>Randolph, New Jersey</DT>
<DT>Keiko Izawa:&nbsp;&nbsp;<A HREF=thn_issue.h10.html#POEM8>10 #8</A><DD>Yokohama, Japan</DT>
<DT>Valeria Simonova-Cecon:&nbsp;&nbsp;<A HREF=thn_issue.h10.html#POEM9>10 #9</A><DD>Udine, Italy</DT>
<DT>Kay Grimnes:&nbsp;&nbsp;<A HREF=thn_issue.h10.html#POEM10>10 #10</A><DD>Alma, Michigan</DT>
<DT>paul m.:&nbsp;&nbsp;<A HREF=thn_issue.h11.html#POEM1>11 #1</A><DD>Bristol, Rhode Island</DT>
<DT>Amy Whitcomb:&nbsp;&nbsp;<A HREF=thn_issue.h11.html#POEM2>11 #2</A><DD>Davis, California</DT>
<DT>Robert Hecht:&nbsp;&nbsp;<A HREF=thn_issue.h11.html#POEM3>11 #3</A><DD>San Rafael, California</DT>
<DT>Lenard D. Moore:&nbsp;&nbsp;<A HREF=thn_issue.h11.html#POEM4>11 #4</A><DD>Raleigh, North Carolina</DT>
<DT>Pat Tompkins:&nbsp;&nbsp;<A HREF=thn_issue.h11.html#POEM5>11 #5</A><DD>San Mateo, California</DT>
<DT>Chad Lee Robinson:&nbsp;&nbsp;<A HREF=thn_issue.h11.html#POEM6>11 #6</A><DD>Pierre, South Dakota</DT>
<DT>Carlos Colon:&nbsp;&nbsp;<A HREF=thn_issue.h11.html#POEM7>11 #7</A><DD>Shreveport, Louisiana</DT>
<DT>Michael McClintock:&nbsp;&nbsp;<A HREF=thn_issue.h11.html#POEM8>11 #8</A><DD>Fresno, California</DT>
<DT>Brenda J. Gannam:&nbsp;&nbsp;<A HREF=thn_issue.h11.html#POEM9>11 #9</A><DD>Brooklyn, New York</DT>
<DT>Chad Lee Robinson:&nbsp;&nbsp;<A HREF=thn_issue.h11.html#POEM10>11 #10</A><DD>Pierre, South Dakota</DT>
<DT>Sue Stanford:&nbsp;&nbsp;<A HREF=thn_issue.h12.html#POEM1>12 #1</A><DD>Melbourne, Victoria, Australia</DT>
<DT>Adelaide McLeod:&nbsp;&nbsp;<A HREF=thn_issue.h12.html#POEM2>12 #2</A><DD>Boise, Idaho</DT>
<DT>Connie Donleycott:&nbsp;&nbsp;<A HREF=thn_issue.h12.html#POEM3>12 #3</A><DD>Bremerton, Washington</DT>
<DT>John Stevenson:&nbsp;&nbsp;<A HREF=thn_issue.h12.html#POEM4>12 #4</A><DD>Nassau, New York</DT>
<DT>Matthew Paul:&nbsp;&nbsp;<A HREF=thn_issue.h12.html#POEM5>12 #5</A><DD>Kingston Upon Thames, Surrey, England</DT>
<DT>Nara Bauer:&nbsp;&nbsp;<A HREF=thn_issue.h12.html#POEM6>12 #6</A><DD>Big Wheeling Creek, West Virginia</DT>
<DT>Ruth Yarrow:&nbsp;&nbsp;<A HREF=thn_issue.h12.html#POEM7>12 #7</A><DD>Seattle, Washington</DT>
<DT>Linda Jeannette Ward:&nbsp;&nbsp;<A HREF=thn_issue.h12.html#POEM8>12 #8</A><DD>Coinjock, North Carolina</DT>
<DT>Audrey Downey:&nbsp;&nbsp;<A HREF=thn_issue.h12.html#POEM9>12 #9</A><DD>New Haven, Connecticut</DT>
<DT>Angelee Deodhar:&nbsp;&nbsp;<A HREF=thn_issue.h12.html#POEM10>12 #10</A><DD>Chandigarh, India</DT>
<DT>Joann Klontz:&nbsp;&nbsp;<A HREF=thn_issue.h13.html#POEM1>13 #1</A><DD>Swedesboro, New Jersey</DT>
<DT>og aksnes:&nbsp;&nbsp;<A HREF=thn_issue.h13.html#POEM2>13 #2</A><DD>Tonsberg, Norway</DT>
<DT>Ruth Holzer:&nbsp;&nbsp;<A HREF=thn_issue.h13.html#POEM3>13 #3</A><DD>Herndon, Virginia</DT>
<DT>Aurora Antonovic:&nbsp;&nbsp;<A HREF=thn_issue.h13.html#POEM4>13 #4</A><DD>Ontario, Canada</DT>
<DT>Carolyn Hall:&nbsp;&nbsp;<A HREF=thn_issue.e1.html#POEM1>EC #1</A><DD>San Francisco, California</DT>
<DT>Tom Clausen:&nbsp;&nbsp;<A HREF=thn_issue.e1.html#POEM2>EC #2</A><DD>Ithaca, New York</DT>
<DT>Timothy Hawkes:&nbsp;&nbsp;<A HREF=thn_issue.e1.html#POEM3>EC #3</A><DD>Centerville, Utah</DT>
