<DT>John Stevenson:&nbsp;&nbsp;<A HREF=thn_issue.h1.html#POEM1>1 #1</A><DD>Nassau, New York</DT>
<DT>Marian Olson:&nbsp;&nbsp;<A HREF=thn_issue.h1.html#POEM2>1 #2</A><DD>Santa Fe, New Mexico</DT>
<DT>Yu Chang:&nbsp;&nbsp;<A HREF=thn_issue.h1.html#POEM3>1 #3</A><DD>Schenectady, New York</DT>
<DT>Lenard D. Moore:&nbsp;&nbsp;<A HREF=thn_issue.h1.html#POEM4>1 #4</A><DD>Raleigh, North Carolina</DT>
<DT>Marili Deandrea:&nbsp;&nbsp;<A HREF=thn_issue.h1.html#POEM5>1 #5</A><DD>Torino, Italy</DT>
<DT>Lynne Rees:&nbsp;&nbsp;<A HREF=thn_issue.h1.html#POEM6>1 #6</A><DD>Offham, Kent, England</DT>
<DT>Joan Zimmerman:&nbsp;&nbsp;<A HREF=thn_issue.h1.html#POEM7>1 #7</A><DD>Santa Cruz, California</DT>
<DT>Deborah P. Kolodji:&nbsp;&nbsp;<A HREF=thn_issue.h1.html#POEM8>1 #8</A><DD>Temple City, California</DT>
<DT>Maria Steyn:&nbsp;&nbsp;<A HREF=thn_issue.h1.html#POEM9>1 #9</A><DD>Johannesburg, South Africa</DT>
<DT>Bruce Kennedy:&nbsp;&nbsp;<A HREF=thn_issue.h1.html#POEM10>1 #10</A><DD>Brooklyn, New York</DT>
<DT>Michael McClintock:&nbsp;&nbsp;<A HREF=thn_issue.h2.html#POEM1>2 #1</A><DD>Fresno, California</DT>
<DT>Jeff Stillman:&nbsp;&nbsp;<A HREF=thn_issue.h2.html#POEM2>2 #2</A><DD>Norwich, New York</DT>
<DT>Allan Burns:&nbsp;&nbsp;<A HREF=thn_issue.h2.html#POEM3>2 #3</A><DD>Colorado Springs, Colorado</DT>
<DT>Brent Partridge:&nbsp;&nbsp;<A HREF=thn_issue.h2.html#POEM4>2 #4</A><DD>Orinda, California</DT>
<DT>Srinjay Chakravarti:&nbsp;&nbsp;<A HREF=thn_issue.h2.html#POEM5>2 #5</A><DD>New Delhi, India</DT>
<DT>Kala Ramesh:&nbsp;&nbsp;<A HREF=thn_issue.h2.html#POEM6>2 #6</A><DD>Pune, Maharashtra, India</DT>
<DT>Jasminka Nadaskic Diordievic:&nbsp;&nbsp;<A HREF=thn_issue.h2.html#POEM7>2 #7</A><DD>Smederevo, Yugoslavia</DT>
<DT>Jordi Climent:&nbsp;&nbsp;<A HREF=thn_issue.h2.html#POEM8>2 #8</A><DD>Barcelona, Spain</DT>
<DT>Jennie Townsend:&nbsp;&nbsp;<A HREF=thn_issue.h2.html#POEM9>2 #9</A><DD>O&#8212;Fallon, Missouri</DT>
<DT>Cindy Tebo:&nbsp;&nbsp;<A HREF=thn_issue.h2.html#POEM10>2 #10</A><DD>Catawissa, Missouri</DT>
<DT>Sasa Vazic:&nbsp;&nbsp;<A HREF=thn_issue.h3.html#POEM1>3 #1</A><DD>Beograd, Yugoslavia</DT>
<DT>Christopher Patchel:&nbsp;&nbsp;<A HREF=thn_issue.h3.html#POEM2>3 #2</A><DD>Chicago, Illinois</DT>
<DT>Janelle Barrera:&nbsp;&nbsp;<A HREF=thn_issue.h3.html#POEM3>3 #3</A><DD>Key West, Florida</DT>
<DT>Elizabeth Howard:&nbsp;&nbsp;<A HREF=thn_issue.h3.html#POEM4>3 #4</A><DD>Crossville, Tennessee</DT>
<DT>Yu Chang:&nbsp;&nbsp;<A HREF=thn_issue.h3.html#POEM5>3 #5</A><DD>Schenectady, New York</DT>
<DT>Tony A. Thompson:&nbsp;&nbsp;<A HREF=thn_issue.h3.html#POEM6>3 #6</A><DD>Lufkin, Texas</DT>
<DT>Lori Beresford:&nbsp;&nbsp;<A HREF=thn_issue.h3.html#POEM7>3 #7</A><DD>????????????????????????????</DT>
<DT>Nara Bauer:&nbsp;&nbsp;<A HREF=thn_issue.h3.html#POEM8>3 #8</A><DD>Big Wheeling Creek, West Virginia</DT>
<DT>Susan Mary Wade:&nbsp;&nbsp;<A HREF=thn_issue.h3.html#POEM9>3 #9</A><DD>???????????????????????????</DT>
<DT>K. Ramesh:&nbsp;&nbsp;<A HREF=thn_issue.h3.html#POEM10>3 #10</A><DD>Adyar, Chennai, India</DT>
<DT>paul m.:&nbsp;&nbsp;<A HREF=thn_issue.h4.html#POEM1>4 #1</A><DD>Bristol, Rhode Island</DT>
<DT>Carla Sari:&nbsp;&nbsp;<A HREF=thn_issue.h4.html#POEM2>4 #2</A><DD>North Carlton, Victoria, Australia</DT>
<DT>Don Miller:&nbsp;&nbsp;<A HREF=thn_issue.h4.html#POEM3>4 #3</A><DD>Las Cruces, New Mexico</DT>
<DT>Rosa Clement:&nbsp;&nbsp;<A HREF=thn_issue.h4.html#POEM4>4 #4</A><DD>Manaus, Amazonas, Brazil</DT>
<DT>Jack Barry:&nbsp;&nbsp;<A HREF=thn_issue.h4.html#POEM5>4 #5</A><DD>Chesterfield, Massachusetts</DT>
<DT>Edith Bartholomeusz:&nbsp;&nbsp;<A HREF=thn_issue.h4.html#POEM6>4 #6</A><DD>Fairport, New York</DT>
<DT>Beverly A. Tift:&nbsp;&nbsp;<A HREF=thn_issue.h4.html#POEM7>4 #7</A><DD>Hamden, Connecticut</DT>
<DT>Billie Wilson:&nbsp;&nbsp;<A HREF=thn_issue.h4.html#POEM8>4 #8</A><DD>Juneau, Alaska</DT>
<DT>an&#8217;ya:&nbsp;&nbsp;<A HREF=thn_issue.h4.html#POEM9>4 #9</A><DD>La Pine, Oregon</DT>
<DT>Chad Lee Robinson:&nbsp;&nbsp;<A HREF=thn_issue.h4.html#POEM10>4 #10</A><DD>Pierre, South Dakota</DT>
<DT>Beverley George:&nbsp;&nbsp;<A HREF=thn_issue.h5.html#POEM1>5 #1</A><DD>Pearl Beach, New South Wales, Australia</DT>
<DT>Jamie Edgecombe:&nbsp;&nbsp;<A HREF=thn_issue.h5.html#POEM2>5 #2</A><DD>Tavistock, Devon, England</DT>
<DT>C. Avery:&nbsp;&nbsp;<A HREF=thn_issue.h5.html#POEM3>5 #3</A><DD>Kailua, Kona, Hawaii</DT>
<DT>Dru Philippou:&nbsp;&nbsp;<A HREF=thn_issue.h5.html#POEM4>5 #4</A><DD>El Prado, New Mexico</DT>
<DT>Patricia Prime:&nbsp;&nbsp;<A HREF=thn_issue.h5.html#POEM5>5 #5</A><DD>Auckland, New Zealand</DT>
<DT>Matthew Paul:&nbsp;&nbsp;<A HREF=thn_issue.h5.html#POEM6>5 #6</A><DD>Kingston Upon Thames, Surrey, England</DT>
<DT>Lynne Steel:&nbsp;&nbsp;<A HREF=thn_issue.h5.html#POEM7>5 #7</A><DD>Hillsboro Beach, Florida</DT>
<DT>Paul Pfleuger, Jr.:&nbsp;&nbsp;<A HREF=thn_issue.h5.html#POEM8>5 #8</A><DD>Tainan, Taiwan</DT>
<DT>Tom Tico:&nbsp;&nbsp;<A HREF=thn_issue.h5.html#POEM9>5 #9</A><DD>San Francisco, California</DT>
<DT>Tony Beyer:&nbsp;&nbsp;<A HREF=thn_issue.h5.html#POEM10>5 #10</A><DD>Mt. Eden, Aukland, New Zealand</DT>
<DT>Collin Barber:&nbsp;&nbsp;<A HREF=thn_issue.h6.html#POEM1>6 #1</A><DD>Marion, Arkansas</DT>
<DT>Harriot West:&nbsp;&nbsp;<A HREF=thn_issue.h6.html#POEM2>6 #2</A><DD>Eugene, Oregon</DT>
<DT>Hilary Tann:&nbsp;&nbsp;<A HREF=thn_issue.h6.html#POEM3>6 #3</A><DD>Schuylerville, New York</DT>
<DT>Sanjukta Asopa:&nbsp;&nbsp;<A HREF=thn_issue.h6.html#POEM4>6 #4</A><DD>Karnataka, India</DT>
<DT>Carolyn Hall:&nbsp;&nbsp;<A HREF=thn_issue.h6.html#POEM5>6 #5</A><DD>San Francisco, California</DT>
<DT>Curtis Dunlap:&nbsp;&nbsp;<A HREF=thn_issue.h6.html#POEM6>6 #6</A><DD>Mayodan, North Carolina</DT>
<DT>Connie Donleycott:&nbsp;&nbsp;<A HREF=thn_issue.h6.html#POEM7>6 #7</A><DD>Bremerton, Washington</DT>
<DT>Laryalee Fraser:&nbsp;&nbsp;<A HREF=thn_issue.h6.html#POEM8>6 #8</A><DD>Salmon Arm, British Columbia, Canada</DT>
<DT>Stephen Peters:&nbsp;&nbsp;<A HREF=thn_issue.h6.html#POEM9>6 #9</A><DD>Bellingham, Washington</DT>
<DT>Ian Daw:&nbsp;&nbsp;<A HREF=thn_issue.h6.html#POEM10>6 #10</A><DD>Lancaster, Lancashire, England</DT>
<DT>Adelaide B. Shaw:&nbsp;&nbsp;<A HREF=thn_issue.h7.html#POEM1>7 #1</A><DD>Scarsdale, New York</DT>
<DT>Burnell Lippy:&nbsp;&nbsp;<A HREF=thn_issue.h7.html#POEM2>7 #2</A><DD>Mt. Tremper, New York</DT>
<DT>Agnes Eva Savich:&nbsp;&nbsp;<A HREF=thn_issue.h7.html#POEM3>7 #3</A><DD>Austin, Texas</DT>
<DT>Glenn Coats:&nbsp;&nbsp;<A HREF=thn_issue.h7.html#POEM4>7 #4</A><DD>Hellertown, Pennsylvania</DT>
<DT>Andrea Cecon:&nbsp;&nbsp;<A HREF=thn_issue.h7.html#POEM5>7 #5</A><DD>Udine, Italy</DT>
<DT>Rebecca Lilly:&nbsp;&nbsp;<A HREF=thn_issue.h7.html#POEM6>7 #6</A><DD>Port Repubic, Virginia</DT>
<DT>George Swede:&nbsp;&nbsp;<A HREF=thn_issue.h7.html#POEM7>7 #7</A><DD>Toronto, Ontario, Canada</DT>
<DT>Katrina Shepherd:&nbsp;&nbsp;<A HREF=thn_issue.h7.html#POEM8>7 #8</A><DD>Perthshire, Scotland</DT>
<DT>Kirsty Karkow:&nbsp;&nbsp;<A HREF=thn_issue.h7.html#POEM9>7 #9</A><DD>Waldoboro, Maine</DT>
<DT>John Barlow:&nbsp;&nbsp;<A HREF=thn_issue.h7.html#POEM10>7 #10</A><DD>Liverpool, Merseyside, England</DT>
<DT>Marianna Monaco:&nbsp;&nbsp;<A HREF=thn_issue.h8.html#POEM1>8 #1</A><DD>San Francisco, California</DT>
<DT>A. Thiagarajan:&nbsp;&nbsp;<A HREF=thn_issue.h8.html#POEM2>8 #2</A><DD>Mumbai, India</DT>
<DT>Jerry Foshee:&nbsp;&nbsp;<A HREF=thn_issue.h8.html#POEM3>8 #3</A><DD>????????????????????????????</DT>
<DT>Ruth Yarrow:&nbsp;&nbsp;<A HREF=thn_issue.h8.html#POEM4>8 #4</A><DD>Seattle, Washington</DT>
<DT>hortensia anderson:&nbsp;&nbsp;<A HREF=thn_issue.h8.html#POEM5>8 #5</A><DD>New York, New York</DT>
<DT>Ellen Compton:&nbsp;&nbsp;<A HREF=thn_issue.h8.html#POEM6>8 #6</A><DD>Washington, D.C.</DT>
<DT>Chad Lee Robinson:&nbsp;&nbsp;<A HREF=thn_issue.h8.html#POEM7>8 #7</A><DD>Pierre, South Dakota</DT>
<DT>Gary Hotham:&nbsp;&nbsp;<A HREF=thn_issue.h8.html#POEM8>8 #8</A><DD>Zwingenberg, Germany</DT>
<DT>Doris Horton Thurston:&nbsp;&nbsp;<A HREF=thn_issue.h8.html#POEM9>8 #9</A><DD>Port Townsend, Washington</DT>
<DT>LeRoy Gorman:&nbsp;&nbsp;<A HREF=thn_issue.h8.html#POEM10>8 #10</A><DD>Napanee, Ontario, Canada</DT>
<DT>Deb Baker:&nbsp;&nbsp;<A HREF=thn_issue.h9.html#POEM1>9 #1</A><DD>Americus, Georgia</DT>
<DT>Victor Ortiz:&nbsp;&nbsp;<A HREF=thn_issue.h9.html#POEM2>9 #2</A><DD>San Pedro, California</DT>
<DT>Alice Frampton:&nbsp;&nbsp;<A HREF=thn_issue.h9.html#POEM3>9 #3</A><DD>Creston, British Columbia, Canada</DT>
<DT>Ann K. Schwader:&nbsp;&nbsp;<A HREF=thn_issue.h9.html#POEM4>9 #4</A><DD>Westminster, Colorado</DT>
<DT>Connie Donleycott:&nbsp;&nbsp;<A HREF=thn_issue.h9.html#POEM5>9 #5</A><DD>Bremerton, Washington</DT>
<DT>Robert Bauer:&nbsp;&nbsp;<A HREF=thn_issue.h9.html#POEM6>9 #6</A><DD>Big Wheeling Creek, West Virginia</DT>
<DT>Lane Parker:&nbsp;&nbsp;<A HREF=thn_issue.h9.html#POEM7>9 #7</A><DD>San Francisco, California</DT>
<DT>Greg Piko:&nbsp;&nbsp;<A HREF=thn_issue.h9.html#POEM8>9 #8</A><DD>Canberra, Australia</DT>
<DT>Helen Russell:&nbsp;&nbsp;<A HREF=thn_issue.h9.html#POEM9>9 #9</A><DD>Issaquah, Washington</DT>
<DT>Michael Dylan Welch:&nbsp;&nbsp;<A HREF=thn_issue.h9.html#POEM10>9 #10</A><DD>Sammamish, Washington</DT>
<DT>D. Claire Gallagher:&nbsp;&nbsp;<A HREF=thn_issue.h10.html#POEM1>10 #1</A><DD>Sunnyvale, California</DT>
<DT>Charlie Close:&nbsp;&nbsp;<A HREF=thn_issue.h10.html#POEM2>10 #2</A><DD>Goodrich, Michigan</DT>
<DT>CarrieAnn Thunell:&nbsp;&nbsp;<A HREF=thn_issue.h10.html#POEM3>10 #3</A><DD>Olympia, Washington</DT>
<DT>Marcus Larsson:&nbsp;&nbsp;<A HREF=thn_issue.h10.html#POEM4>10 #4</A><DD>Vaxjo Sweden</DT>
<DT>Cindy Zackowitz:&nbsp;&nbsp;<A HREF=thn_issue.h10.html#POEM5>10 #5</A><DD>Anchorage, Alaska</DT>
<DT>Cherie Hunter Day:&nbsp;&nbsp;<A HREF=thn_issue.h10.html#POEM6>10 #6</A><DD>San Diego, California</DT>
<DT>Neil Moylan:&nbsp;&nbsp;<A HREF=thn_issue.h10.html#POEM7>10 #7</A><DD>Verona, New Jersey</DT>
<DT>Maureen Sexton:&nbsp;&nbsp;<A HREF=thn_issue.h10.html#POEM8>10 #8</A><DD>Kenmare, County Kerry, Ireland</DT>
<DT>Brenda J. Gannam:&nbsp;&nbsp;<A HREF=thn_issue.h10.html#POEM9>10 #9</A><DD>Brooklyn, New York</DT>
<DT>Angelee Deodhar:&nbsp;&nbsp;<A HREF=thn_issue.h10.html#POEM10>10 #10</A><DD>Chandigarh, India</DT>
<DT>Scott Metz:&nbsp;&nbsp;<A HREF=thn_issue.h11.html#POEM1>11 #1</A><DD>Allentown, Pennsylvania</DT>
<DT>Kay Grimnes:&nbsp;&nbsp;<A HREF=thn_issue.h11.html#POEM2>11 #2</A><DD>Alma, Michigan</DT>
<DT>Marilyn Appl Walker:&nbsp;&nbsp;<A HREF=thn_issue.h11.html#POEM3>11 #3</A><DD>Madison, Georgia</DT>
<DT>Francis Masat:&nbsp;&nbsp;<A HREF=thn_issue.h11.html#POEM4>11 #4</A><DD>Key West, Florida</DT>
<DT>Joann Klontz:&nbsp;&nbsp;<A HREF=thn_issue.h11.html#POEM5>11 #5</A><DD>Swedesboro, New Jersey</DT>
<DT>John Stevenson:&nbsp;&nbsp;<A HREF=thn_issue.h11.html#POEM6>11 #6</A><DD>Nassau, New York</DT>
<DT>Scott Mason:&nbsp;&nbsp;<A HREF=thn_issue.h11.html#POEM7>11 #7</A><DD>Chappaqua, New York</DT>
<DT>Lynn Edge:&nbsp;&nbsp;<A HREF=thn_issue.h11.html#POEM8>11 #8</A><DD>Tivoli, Texas</DT>
<DT>Emily Romano:&nbsp;&nbsp;<A HREF=thn_issue.h11.html#POEM9>11 #9</A><DD>Boonton, New Jersey</DT>
<DT>og aksnes:&nbsp;&nbsp;<A HREF=thn_issue.h11.html#POEM10>11 #10</A><DD>Tonsberg, Norway</DT>
<DT>John Kinory:&nbsp;&nbsp;<A HREF=thn_issue.h12.html#POEM1>12 #1</A><DD>Steeple Aston, Oxfordshire, England</DT>
<DT>Margarita Engle:&nbsp;&nbsp;<A HREF=thn_issue.h12.html#POEM2>12 #2</A><DD>Clovis, California</DT>
<DT>Grant Savage:&nbsp;&nbsp;<A HREF=thn_issue.h12.html#POEM3>12 #3</A><DD>Ottawa, Ontario, Canada</DT>
<DT>Sanjukta Asopa:&nbsp;&nbsp;<A HREF=thn_issue.h12.html#POEM4>12 #4</A><DD>Karnataka, India</DT>
<DT>Marianna Monaco:&nbsp;&nbsp;<A HREF=thn_issue.h12.html#POEM5>12 #5</A><DD>San Francisco, California</DT>
<DT>Burnell Lippy:&nbsp;&nbsp;<A HREF=thn_issue.e1.html#POEM1>EC #1</A><DD>Mt. Tremper, New York</DT>
<DT>Sandra Simpson:&nbsp;&nbsp;<A HREF=thn_issue.e1.html#POEM2>EC #2</A><DD>Tauranga, New Zealand</DT>
<DT>Peter Yovu:&nbsp;&nbsp;<A HREF=thn_issue.e1.html#POEM3>EC #3</A><DD>Middlesex, Vermont</DT>
