<DT>Christopher Patchel:&nbsp;&nbsp;<A HREF=thn_issue.h1.html#POEM1>1 #1</A><DD>Chicago, Illinois</DT>
<DT>Ken Hurm:&nbsp;&nbsp;<A HREF=thn_issue.h1.html#POEM2>1 #2</A><DD>Morganfield, Kentucky</DT>
<DT>Kirsty Karkow:&nbsp;&nbsp;<A HREF=thn_issue.h1.html#POEM3>1 #3</A><DD>Waldoboro, Maine</DT>
<DT>Deb Baker:&nbsp;&nbsp;<A HREF=thn_issue.h1.html#POEM4>1 #4</A><DD>Americus, Georgia</DT>
<DT>Connie Donleycott:&nbsp;&nbsp;<A HREF=thn_issue.h1.html#POEM5>1 #5</A><DD>Bremerton, Washington</DT>
<DT>Scott Mason:&nbsp;&nbsp;<A HREF=thn_issue.h1.html#POEM6>1 #6</A><DD>Chappaqua, New York</DT>
<DT>William Cullen, Jr.:&nbsp;&nbsp;<A HREF=thn_issue.h1.html#POEM7>1 #7</A><DD>Brooklyn, New York</DT>
<DT>Roger Jones:&nbsp;&nbsp;<A HREF=thn_issue.h1.html#POEM8>1 #8</A><DD>New Braunfels, Texas</DT>
<DT>Peter Yovu:&nbsp;&nbsp;<A HREF=thn_issue.h1.html#POEM9>1 #9</A><DD>Middlesex, Vermont</DT>
<DT>Cherie Hunter Day:&nbsp;&nbsp;<A HREF=thn_issue.h1.html#POEM10>1 #10</A><DD>San Diego, California</DT>
<DT>Ken Hurm:&nbsp;&nbsp;<A HREF=thn_issue.h2.html#POEM1>2 #1</A><DD>Morganfield, Kentucky</DT>
<DT>Cindy Zackowitz:&nbsp;&nbsp;<A HREF=thn_issue.h2.html#POEM2>2 #2</A><DD>Anchorage, Alaska</DT>
<DT>Patricia Prime:&nbsp;&nbsp;<A HREF=thn_issue.h2.html#POEM3>2 #3</A><DD>Auckland, New Zealand</DT>
<DT>Dana Duclo:&nbsp;&nbsp;<A HREF=thn_issue.h2.html#POEM4>2 #4</A><DD>Tuscon, Arizona</DT>
<DT>Mike Montreuil:&nbsp;&nbsp;<A HREF=thn_issue.h2.html#POEM5>2 #5</A><DD>Ottawa, Ontario, Canada</DT>
<DT>Michael McClintock:&nbsp;&nbsp;<A HREF=thn_issue.h2.html#POEM6>2 #6</A><DD>Fresno, California</DT>
<DT>Lorin Ford:&nbsp;&nbsp;<A HREF=thn_issue.h2.html#POEM7>2 #7</A><DD>Brunswick, Victoria, Australia</DT>
<DT>John Stevenson:&nbsp;&nbsp;<A HREF=thn_issue.h2.html#POEM8>2 #8</A><DD>Nassau, New York</DT>
<DT>Dietmar Tauchner:&nbsp;&nbsp;<A HREF=thn_issue.h2.html#POEM9>2 #9</A><DD>Puchberg, Austria</DT>
<DT>Jay Haskins:&nbsp;&nbsp;<A HREF=thn_issue.h2.html#POEM10>2 #10</A><DD>Port Townsend, Washington</DT>
<DT>Philip Miller:&nbsp;&nbsp;<A HREF=thn_issue.h3.html#POEM1>3 #1</A><DD>Mount Union, Pennsylvania</DT>
<DT>Marcus Larsson:&nbsp;&nbsp;<A HREF=thn_issue.h3.html#POEM2>3 #2</A><DD>Vaxjo, Sweden</DT>
<DT>Alice Frampton:&nbsp;&nbsp;<A HREF=thn_issue.h3.html#POEM3>3 #3</A><DD>Seabeck, Washington</DT>
<DT>Aurora Antonovic:&nbsp;&nbsp;<A HREF=thn_issue.h3.html#POEM4>3 #4</A><DD>Ontario, Canada</DT>
<DT>Joan Zimmermann:&nbsp;&nbsp;<A HREF=thn_issue.h3.html#POEM5>3 #5</A><DD>Santa Cruz, California</DT>
<DT>paul m.:&nbsp;&nbsp;<A HREF=thn_issue.h3.html#POEM6>3 #6</A><DD>Bristol, Rhode Island</DT>
<DT>Priscilla VanValkenburgh:&nbsp;&nbsp;<A HREF=thn_issue.h3.html#POEM7>3 #7</A><DD>Eden, Utah</DT>
<DT>Greg Piko:&nbsp;&nbsp;<A HREF=thn_issue.h3.html#POEM8>3 #8</A><DD>Dickson, ACT, Australia</DT>
<DT>Neil Muscott:&nbsp;&nbsp;<A HREF=thn_issue.h3.html#POEM9>3 #9</A><DD>Toronto, Ontario, Canada</DT>
<DT>Joan Murphy:&nbsp;&nbsp;<A HREF=thn_issue.h3.html#POEM10>3 #10</A><DD>West Hempstead, New York</DT>
<DT>Audrey Downey:&nbsp;&nbsp;<A HREF=thn_issue.h4.html#POEM1>4 #1</A><DD>New Haven, Connecticut</DT>
<DT>John Martell:&nbsp;&nbsp;<A HREF=thn_issue.h4.html#POEM2>4 #2</A><DD>Kalamazoo, Michigan</DT>
<DT>CarrieAnn Thunell:&nbsp;&nbsp;<A HREF=thn_issue.h4.html#POEM3>4 #3</A><DD>Olympia, Washington</DT>
<DT>Matthew Cariello:&nbsp;&nbsp;<A HREF=thn_issue.h4.html#POEM4>4 #4</A><DD>Columbus, Ohio</DT>
<DT>Angelee Deodhar:&nbsp;&nbsp;<A HREF=thn_issue.h4.html#POEM5>4 #5</A><DD>Chandigarh, India</DT>
<DT>Paul Pfleuger, Jr.:&nbsp;&nbsp;<A HREF=thn_issue.h4.html#POEM6>4 #6</A><DD>Tainan, Taiwan</DT>
<DT>Sandra Simpson:&nbsp;&nbsp;<A HREF=thn_issue.h4.html#POEM7>4 #7</A><DD>Tauranga, New Zealand</DT>
<DT>John Barlow:&nbsp;&nbsp;<A HREF=thn_issue.h4.html#POEM8>4 #8</A><DD>Liverpool, Merseyside, England</DT>
<DT>Glenn Coats:&nbsp;&nbsp;<A HREF=thn_issue.h4.html#POEM9>4 #9</A><DD>Hellertown, Pennsylvania</DT>
<DT>Kala Ramesh:&nbsp;&nbsp;<A HREF=thn_issue.h4.html#POEM10>4 #10</A><DD>Pune, Maharashtra, India</DT>
<DT>Liz Crane:&nbsp;&nbsp;<A HREF=thn_issue.h5.html#POEM1>5 #1</A><DD>La Honda, California</DT>
<DT>paul m.:&nbsp;&nbsp;<A HREF=thn_issue.h5.html#POEM2>5 #2</A><DD>Bristol, Rhode Island</DT>
<DT>Ruth Holzer:&nbsp;&nbsp;<A HREF=thn_issue.h5.html#POEM3>5 #3</A><DD>Herndon, Virginia</DT>
<DT>Ron Moss:&nbsp;&nbsp;<A HREF=thn_issue.h5.html#POEM4>5 #4</A><DD>Leslie Vale, Tasmania, Australia</DT>
<DT>Gary Hotham:&nbsp;&nbsp;<A HREF=thn_issue.h5.html#POEM5>5 #5</A><DD>Zwingenberg, Germany</DT>
<DT>Irene Golas:&nbsp;&nbsp;<A HREF=thn_issue.h5.html#POEM6>5 #6</A><DD>Sudbury, Ontario, Canada</DT>
<DT>Sherry Weaver-Smith:&nbsp;&nbsp;<A HREF=thn_issue.h5.html#POEM7>5 #7</A><DD>San Ramon, California</DT>
<DT>Sabine Miller:&nbsp;&nbsp;<A HREF=thn_issue.h5.html#POEM8>5 #8</A><DD>San Anselmo, California</DT>
<DT>Cindy Zackowitz:&nbsp;&nbsp;<A HREF=thn_issue.h5.html#POEM9>5 #9</A><DD>Anchorage, Alaska</DT>
<DT>Jo McInerney:&nbsp;&nbsp;<A HREF=thn_issue.h5.html#POEM10>5 #10</A><DD>Boolarra, Victoria, Australia</DT>
<DT>George Swede:&nbsp;&nbsp;<A HREF=thn_issue.h6.html#POEM1>6 #1</A><DD>Toronto, Ontario, Canada</DT>
<DT>Sandra Mooney Ellerbeck:&nbsp;&nbsp;<A HREF=thn_issue.h6.html#POEM2>6 #2</A><DD>???????????????????????????</DT>
<DT>Michele Root-Bernstein:&nbsp;&nbsp;<A HREF=thn_issue.h6.html#POEM3>6 #3</A><DD>Lansing, Michigan</DT>
<DT>Kay Grimnes:&nbsp;&nbsp;<A HREF=thn_issue.h6.html#POEM4>6 #4</A><DD>Alma, Michigan</DT>
<DT>Allan Burns:&nbsp;&nbsp;<A HREF=thn_issue.h6.html#POEM5>6 #5</A><DD>Colorado Springs, Colorada</DT>
<DT>Ruth Yarrow:&nbsp;&nbsp;<A HREF=thn_issue.h6.html#POEM6>6 #6</A><DD>Seattle, Washington</DT>
<DT>Bruce Ross:&nbsp;&nbsp;<A HREF=thn_issue.h6.html#POEM7>6 #7</A><DD>Orono, Maine</DT>
<DT>Ann K. Schwader:&nbsp;&nbsp;<A HREF=thn_issue.h6.html#POEM8>6 #8</A><DD>Westminster, Colorado</DT>
<DT>Tony Beyer:&nbsp;&nbsp;<A HREF=thn_issue.h6.html#POEM9>6 #9</A><DD>New Plymouth, New Zealand</DT>
<DT>Harriott West:&nbsp;&nbsp;<A HREF=thn_issue.h6.html#POEM10>6 #10</A><DD>Eugene, Oregon</DT>
<DT>Collin Barber:&nbsp;&nbsp;<A HREF=thn_issue.h7.html#POEM1>7 #1</A><DD>Marion, Arkansas</DT>
<DT>Marilyn Murphy:&nbsp;&nbsp;<A HREF=thn_issue.h7.html#POEM2>7 #2</A><DD>Providence, Rhode Island</DT>
<DT>Brent Partridge:&nbsp;&nbsp;<A HREF=thn_issue.h7.html#POEM3>7 #3</A><DD>Orinda, California</DT>
<DT>Elizabeth Kusuda:&nbsp;&nbsp;<A HREF=thn_issue.h7.html#POEM4>7 #4</A><DD>Issaquah, Washington</DT>
<DT>Katrina Shepherd:&nbsp;&nbsp;<A HREF=thn_issue.h7.html#POEM5>7 #5</A><DD>Perthshire, Scotland</DT>
<DT>William Cullen, Jr.:&nbsp;&nbsp;<A HREF=thn_issue.h7.html#POEM6>7 #6</A><DD>Brooklyn, New York</DT>
<DT>David Giacalone:&nbsp;&nbsp;<A HREF=thn_issue.h7.html#POEM7>7 #7</A><DD>Schenectady, New York</DT>
<DT>Michael Dylan Welch:&nbsp;&nbsp;<A HREF=thn_issue.h7.html#POEM8>7 #8</A><DD>Sammamish, Washington</DT>
<DT>Vladislav Vassiliev:&nbsp;&nbsp;<A HREF=thn_issue.h7.html#POEM9>7 #9</A><DD>London, England</DT>
<DT>Raquel D. Bailey:&nbsp;&nbsp;<A HREF=thn_issue.h7.html#POEM10>7 #10</A><DD>Tallahassie, Florida</DT>
<DT>Victor Ortiz:&nbsp;&nbsp;<A HREF=thn_issue.h8.html#POEM1>8 #1</A><DD>San Pedro, California</DT>
<DT>Barry George:&nbsp;&nbsp;<A HREF=thn_issue.h8.html#POEM2>8 #2</A><DD>Philadelphia, Pennsylvania</DT>
<DT>LeRoy Gorman:&nbsp;&nbsp;<A HREF=thn_issue.h8.html#POEM3>8 #3</A><DD>Napanee, Ontario, Canada</DT>
<DT>Carolyn Hall:&nbsp;&nbsp;<A HREF=thn_issue.h8.html#POEM4>8 #4</A><DD>San Francisco, California</DT>
<DT>Tom Tico:&nbsp;&nbsp;<A HREF=thn_issue.h8.html#POEM5>8 #5</A><DD>San Francisco, California</DT>
<DT>Elizabeth Nordeen:&nbsp;&nbsp;<A HREF=thn_issue.h8.html#POEM6>8 #6</A><DD>???????????????????????????</DT>
<DT>Burnell Lippy:&nbsp;&nbsp;<A HREF=thn_issue.h8.html#POEM7>8 #7</A><DD>Mt. Tremper, New York</DT>
<DT>Grant Savage:&nbsp;&nbsp;<A HREF=thn_issue.h8.html#POEM8>8 #8</A><DD>Ottawa, Ontario, Canada</DT>
<DT>Yvonne Cabalona:&nbsp;&nbsp;<A HREF=thn_issue.h8.html#POEM9>8 #9</A><DD>Modesto, California</DT>
<DT>Adelaide B. Shaw:&nbsp;&nbsp;<A HREF=thn_issue.h8.html#POEM10>8 #10</A><DD>Milbrook, New York</DT>
<DT>Harriott West:&nbsp;&nbsp;<A HREF=thn_issue.h9.html#POEM1>9 #1</A><DD>Eugene, Oregon</DT>
<DT>Susan Constable:&nbsp;&nbsp;<A HREF=thn_issue.h9.html#POEM2>9 #2</A><DD>Nanoose Bay, British Columbia, Canada</DT>
<DT>Karen Cesar:&nbsp;&nbsp;<A HREF=thn_issue.h9.html#POEM3>9 #3</A><DD>Tucson, Arizona</DT>
<DT>Deb Baker:&nbsp;&nbsp;<A HREF=thn_issue.h9.html#POEM4>9 #4</A><DD>Americus, Georgia</DT>
<DT>Elizabeth Howard:&nbsp;&nbsp;<A HREF=thn_issue.h9.html#POEM5>9 #5</A><DD>Crossville, Tennessee</DT>
<DT>Hortensia Anderson:&nbsp;&nbsp;<A HREF=thn_issue.h9.html#POEM6>9 #6</A><DD>New York, New York</DT>
<DT>Susan Constable:&nbsp;&nbsp;<A HREF=thn_issue.h9.html#POEM7>9 #7</A><DD>Nanoose Bay, British Columbia, Canada</DT>
<DT>Quendryth Young:&nbsp;&nbsp;<A HREF=thn_issue.h9.html#POEM8>9 #8</A><DD>Alstonvile, New South Wales, Australia</DT>
<DT>Audrey Downey:&nbsp;&nbsp;<A HREF=thn_issue.h9.html#POEM9>9 #9</A><DD>New Haven, Connecticut</DT>
<DT>Carmen Sterba:&nbsp;&nbsp;<A HREF=thn_issue.h9.html#POEM10>9 #10</A><DD>University Place, Washington</DT>
<DT>Marianna Monaco:&nbsp;&nbsp;<A HREF=thn_issue.h10.html#POEM1>10 #1</A><DD>San Francisco, California</DT>
<DT>Yu Chang:&nbsp;&nbsp;<A HREF=thn_issue.h10.html#POEM2>10 #2</A><DD>Schenectady, New York</DT>
<DT>Vanessa Proctor:&nbsp;&nbsp;<A HREF=thn_issue.h10.html#POEM3>10 #3</A><DD>Sydney, New South Wales, Australia</DT>
<DT>John Kinory:&nbsp;&nbsp;<A HREF=thn_issue.h10.html#POEM4>10 #4</A><DD>Steeple Aston, Oxfordshire, England</DT>
<DT>Carolyn Hall:&nbsp;&nbsp;<A HREF=thn_issue.h10.html#POEM5>10 #5</A><DD>San Francisco, California</DT>
<DT>Marilyn Appl Walker:&nbsp;&nbsp;<A HREF=thn_issue.h10.html#POEM6>10 #6</A><DD>Madison, Georgia</DT>
<DT>Nancy Nitrio:&nbsp;&nbsp;<A HREF=thn_issue.h10.html#POEM7>10 #7</A><DD>Orangedale, California</DT>
<DT>Helen Buckingham:&nbsp;&nbsp;<A HREF=thn_issue.h10.html#POEM8>10 #8</A><DD>Bristol, Avon, England</DT>
<DT>William Scott Galasso:&nbsp;&nbsp;<A HREF=thn_issue.h10.html#POEM9>10 #9</A><DD>Kirkland, Washington</DT>
<DT>Nathalie Buckland:&nbsp;&nbsp;<A HREF=thn_issue.h10.html#POEM10>10 #10</A><DD>Nimbin, New South Wales, Australia</DT>
<DT>Timothy Hawkes:&nbsp;&nbsp;<A HREF=thn_issue.h11.html#POEM1>11 #1</A><DD>Centerville, Utah</DT>
<DT>K. Ramesh:&nbsp;&nbsp;<A HREF=thn_issue.h11.html#POEM2>11 #2</A><DD>Adyar, Chennai, India</DT>
<DT>C. Avery:&nbsp;&nbsp;<A HREF=thn_issue.h11.html#POEM3>11 #3</A><DD>Kailua, Kona, Hawaii</DT>
<DT>George Swede:&nbsp;&nbsp;<A HREF=thn_issue.h11.html#POEM4>11 #4</A><DD>Toronto, Ontario, Canada</DT>
<DT>Yu Chang:&nbsp;&nbsp;<A HREF=thn_issue.h11.html#POEM5>11 #5</A><DD>Schenectady, New York</DT>
<DT>Margaret Chula:&nbsp;&nbsp;<A HREF=thn_issue.h11.html#POEM6>11 #6</A><DD>Portland, Oregon</DT>
<DT>Janelle Barrera:&nbsp;&nbsp;<A HREF=thn_issue.h11.html#POEM7>11 #7</A><DD>Key West, Florida</DT>
<DT>Hilary Tann:&nbsp;&nbsp;<A HREF=thn_issue.h11.html#POEM8>11 #8</A><DD>Schuylerville, New York</DT>
<DT>Margarita Engle:&nbsp;&nbsp;<A HREF=thn_issue.h11.html#POEM9>11 #9</A><DD>Clovis, California</DT>
<DT>Bob Lucky:&nbsp;&nbsp;<A HREF=thn_issue.h11.html#POEM10>11 #10</A><DD>Chiang Mai, Thailand</DT>
<DT>Traci M. Batchelder:&nbsp;&nbsp;<A HREF=thn_issue.h12.html#POEM1>12 #1</A><DD>Warrensburg, Illinois</DT>
<DT>Keiko Izawa:&nbsp;&nbsp;<A HREF=thn_issue.h12.html#POEM2>12 #2</A><DD>Yokohama, Japan</DT>
<DT>D. Claire Gallagher:&nbsp;&nbsp;<A HREF=thn_issue.h12.html#POEM3>12 #3</A><DD>Sunnyvale, California</DT>
<DT>Vladislav Vassiliev:&nbsp;&nbsp;<A HREF=thn_issue.h12.html#POEM4>12 #4</A><DD>London, England</DT>
<DT>Sean MacMathuna:&nbsp;&nbsp;<A HREF=thn_issue.h12.html#POEM5>12 #5</A><DD>Dublin, Ireland</DT>
<DT>George Dorsty:&nbsp;&nbsp;<A HREF=thn_issue.h12.html#POEM6>12 #6</A><DD>Yorktown, Virginia</DT>
<DT>Sandra Simpson:&nbsp;&nbsp;<A HREF=thn_issue.h12.html#POEM7>12 #7</A><DD>Tauranga, New Zealand</DT>
<DT>Bob Lucky:&nbsp;&nbsp;<A HREF=thn_issue.h12.html#POEM8>12 #8</A><DD>Chiang Mai, Thailand</DT>
<DT>Lenard D. Moore:&nbsp;&nbsp;<A HREF=thn_issue.h12.html#POEM9>12 #9</A><DD>Raleigh, North Carolina</DT>
<DT>Michael McClintock:&nbsp;&nbsp;<A HREF=thn_issue.h12.html#POEM10>12 #10</A><DD>Fresno, California</DT>
<DT>og aksnes:&nbsp;&nbsp;<A HREF=thn_issue.h13.html#POEM1>13 #1</A><DD>Tonsberg, Norway</DT>
<DT>Claudette Russell:&nbsp;&nbsp;<A HREF=thn_issue.h13.html#POEM2>13 #2</A><DD>???????????????????</DT>
<DT>Darrell Lindsey:&nbsp;&nbsp;<A HREF=thn_issue.h13.html#POEM3>13 #3</A><DD>Nacogdoches, Texas</DT>
<DT>Jay Haskins:&nbsp;&nbsp;<A HREF=thn_issue.h13.html#POEM4>13 #4</A><DD>Port Townsend, Washington</DT>
<DT>Ellen Compton:&nbsp;&nbsp;<A HREF=thn_issue.h13.html#POEM5>13 #5</A><DD>Washington, D. C.</DT>
<DT>Laryalee Fraser:&nbsp;&nbsp;<A HREF=thn_issue.h13.html#POEM6>13 #6</A><DD>Salmon Arm, British Columbia, Canada</DT>
<DT>Chad Lee Robinson:&nbsp;&nbsp;<A HREF=thn_issue.e1.html#POEM1>EC #1</A><DD>Pierre, South Dakota</DT>
<DT>Robert Bauer:&nbsp;&nbsp;<A HREF=thn_issue.e1.html#POEM2>EC #2</A><DD>Big Wheeling Creek, West Virginia</DT>
<DT>A. Thiagarajan:&nbsp;&nbsp;<A HREF=thn_issue.e1.html#POEM3>EC #3</A><DD>Dadar West, Mumbai, India</DT>
