<DT><B>Harriot West:</B>&nbsp;&nbsp;<A HREF=thn_issue.h1.html#POEM1>1 #1</A><DD>Eugene, Oregon</DT>
<DT><B>Collin Barber:</B>&nbsp;&nbsp;<A HREF=thn_issue.h1.html#POEM2>1 #2</A><DD>Marion, Arkansas</DT>
<DT><B>John Kinory:</B>&nbsp;&nbsp;<A HREF=thn_issue.h1.html#POEM3>1 #3</A><DD>Oxfordshire, England</DT>
<DT><B>Roberta Beary:</B>&nbsp;&nbsp;<A HREF=thn_issue.h1.html#POEM4>1 #4</A><DD>Bethesda, Maryland</DT>
<DT><B>Christopher Herold:</B>&nbsp;&nbsp;<A HREF=thn_issue.h1.html#POEM5>1 #5</A><DD>Port Townsend, Washington</DT>
<DT><B>Ian Daw:</B>&nbsp;&nbsp;<A HREF=thn_issue.h1.html#POEM6>1 #6</A><DD>Chorley, Lancashire, England</DT>
<DT><B>Tom Drescher:</B>&nbsp;&nbsp;<A HREF=thn_issue.h1.html#POEM7>1 #7</A><DD>San Francisco, California</DT>
<DT><B>Natalia L. Rudychev:</B>&nbsp;&nbsp;<A HREF=thn_issue.h1.html#POEM8>1 #8</A><DD>Des Plaines, Illinois</DT>
<DT><B>Lorin Ford:</B>&nbsp;&nbsp;<A HREF=thn_issue.h1.html#POEM9>1 #9</A><DD>Brunswick, Victoria, Australia</DT>
<DT><B>Scott Mason:</B>&nbsp;&nbsp;<A HREF=thn_issue.h1.html#POEM10>1 #10</A><DD>Chappaqua, New York</DT>
<DT><B>Curtis Dunlap:</B>&nbsp;&nbsp;<A HREF=thn_issue.h2.html#POEM1>2 #1</A><DD>Mayodan, North Carolina</DT>
<DT><B>Alice Frampton:</B>&nbsp;&nbsp;<A HREF=thn_issue.h2.html#POEM2>2 #2</A><DD>Seabeck, Washington</DT>
<DT><B>Michael McClintock:</B>&nbsp;&nbsp;<A HREF=thn_issue.h2.html#POEM3>2 #3</A><DD>Fresno, California</DT>
<DT><B>Brent Partridge:</B>&nbsp;&nbsp;<A HREF=thn_issue.h2.html#POEM4>2 #4</A><DD>Orinda, California</DT>
<DT><B>Jennifer Welch:</B>&nbsp;&nbsp;<A HREF=thn_issue.h2.html#POEM5>2 #5</A><DD>Lancaster, Massachusetts</DT>
<DT><B>Grant Savage:</B>&nbsp;&nbsp;<A HREF=thn_issue.h2.html#POEM6>2 #6</A><DD>Ottawa, Ontario, Canada</DT>
<DT><B>Christopher Herold:</B>&nbsp;&nbsp;<A HREF=thn_issue.h2.html#POEM7>2 #7</A><DD>Port Townsend, Washington</DT>
<DT><B>Naia:</B>&nbsp;&nbsp;<A HREF=thn_issue.h2.html#POEM8>2 #8</A><DD>Oceanside, California</DT>
<DT><B>Vladislav Vassiliev:</B>&nbsp;&nbsp;<A HREF=thn_issue.h2.html#POEM9>2 #9</A><DD>London, England</DT>
<DT><B>Andrea Cecon:</B>&nbsp;&nbsp;<A HREF=thn_issue.h2.html#POEM10>2 #10</A><DD>Udine, Italy</DT>
<DT><B>Andrea Grillo:</B>&nbsp;&nbsp;<A HREF=thn_issue.h3.html#POEM1>3 #1</A><DD>Randolph, New Jersey</DT>
<DT><B>Berenice Mortimer:</B>&nbsp;&nbsp;<A HREF=thn_issue.h3.html#POEM2>3 #2</A><DD>Westlock, Alberta, Canada</DT>
<DT><B>Johan Bergstad:</B>&nbsp;&nbsp;<A HREF=thn_issue.h3.html#POEM3>3 #3</A><DD>Stj&auml;rnsund, Sweden</DT>
<DT><B>Carolyn Hall:</B>&nbsp;&nbsp;<A HREF=thn_issue.h3.html#POEM4>3 #4</A><DD>San Francisco, California</DT>
<DT><B>Gary Hotham:</B>&nbsp;&nbsp;<A HREF=thn_issue.h3.html#POEM5>3 #5</A><DD>Zwingenberg, Germany</DT>
<DT><B>Hilary Tann:</B>&nbsp;&nbsp;<A HREF=thn_issue.h3.html#POEM6>3 #6</A><DD>Schuylerville, New York</DT>
<DT><B>Megan Arkenberg:</B>&nbsp;&nbsp;<A HREF=thn_issue.h3.html#POEM7>3 #7</A><DD>Milwaukee, Wisconsin</DT>
<DT><B>Ruth Yarrow:</B>&nbsp;&nbsp;<A HREF=thn_issue.h3.html#POEM8>3 #8</A><DD>Seattle, Washington</DT>
<DT><B>Chad Lee Robinson:</B>&nbsp;&nbsp;<A HREF=thn_issue.h3.html#POEM9>3 #9</A><DD>Pierre, South Dakota</DT>
<DT><B>Allan Burns:</B>&nbsp;&nbsp;<A HREF=thn_issue.h3.html#POEM10>3 #10</A><DD>Colorado Springs, Colorado</DT>
<DT><B>paul m.:</B>&nbsp;&nbsp;<A HREF=thn_issue.h4.html#POEM1>4 #1</A><DD>Bristol, Rhode Island</DT>
<DT><B>Francis Masat:</B>&nbsp;&nbsp;<A HREF=thn_issue.h4.html#POEM2>4 #2</A><DD>Key West, Florida</DT>
<DT><B>Jim Westenhaver:</B>&nbsp;&nbsp;<A HREF=thn_issue.h4.html#POEM3>4 #3</A><DD>Tacoma, Washington</DT>
<DT><B>Kirsty Karkow:</B>&nbsp;&nbsp;<A HREF=thn_issue.h4.html#POEM4>4 #4</A><DD>Waldoboro, Maine</DT>
<DT><B>Marilyn Appl Walker:</B>&nbsp;&nbsp;<A HREF=thn_issue.h4.html#POEM5>4 #5</A><DD>Madison, Georgia</DT>
<DT><B>Nancy Stewart Smith:</B>&nbsp;&nbsp;<A HREF=thn_issue.h4.html#POEM6>4 #6</A><DD>Athens, Georgia</DT>
<DT><B>LeRoy Gorman:</B>&nbsp;&nbsp;<A HREF=thn_issue.h4.html#POEM7>4 #7</A><DD>Napanee, Ontario, Canada</DT>
<DT><B>Bruce Ross :</B>&nbsp;&nbsp;<A HREF=thn_issue.h4.html#POEM8>4 #8</A><DD>Hampden, Maine</DT>
<DT><B>Aurora Antonovic:</B>&nbsp;&nbsp;<A HREF=thn_issue.h4.html#POEM9>4 #9</A><DD>Ontario, Canada</DT>
<DT><B>Peter Yovu:</B>&nbsp;&nbsp;<A HREF=thn_issue.h4.html#POEM10>4 #10</A><DD>Middlesex, Vermont</DT>
<DT><B>Christopher Patchel:</B>&nbsp;&nbsp;<A HREF=thn_issue.h5.html#POEM1>5 #1</A><DD>Chicago, Illinois</DT>
<DT><B>John Soules:</B>&nbsp;&nbsp;<A HREF=thn_issue.h5.html#POEM2>5 #2</A><DD>Wingham, Ontario, Canada</DT>
<DT><B>Helga H&auml;rle:</B>&nbsp;&nbsp;<A HREF=thn_issue.h5.html#POEM3>5 #3</A><DD>Nacka, Sweden</DT>
<DT><B>Deb Baker:</B>&nbsp;&nbsp;<A HREF=thn_issue.h5.html#POEM4>5 #4</A><DD>Americus, Georgia</DT>
<DT><B>Gautam Nadkarni:</B>&nbsp;&nbsp;<A HREF=thn_issue.h5.html#POEM5>5 #5</A><DD>Mumbai, India</DT>
<DT><B>Ruth Holzer:</B>&nbsp;&nbsp;<A HREF=thn_issue.h5.html#POEM6>5 #6</A><DD>Herndon, Virginia</DT>
<DT><B>Gene Murtha:</B>&nbsp;&nbsp;<A HREF=thn_issue.h5.html#POEM7>5 #7</A><DD>Buena, New Jersey</DT>
<DT><B>Connie Donleycott:</B>&nbsp;&nbsp;<A HREF=thn_issue.h5.html#POEM8>5 #8</A><DD>Bremerton, Washington</DT>
<DT><B>Barry George:</B>&nbsp;&nbsp;<A HREF=thn_issue.h5.html#POEM9>5 #9</A><DD>Philadelphia, Pennsylvania</DT>
<DT><B>Matthew Paul:</B>&nbsp;&nbsp;<A HREF=thn_issue.h5.html#POEM10>5 #10</A><DD>Kingston upon Thames, Surrey, England</DT>
<DT><B>Adelaide B. Shaw:</B>&nbsp;&nbsp;<A HREF=thn_issue.h6.html#POEM1>6 #1</A><DD>Millbrook, New York</DT>
<DT><B>Dru Philippou:</B>&nbsp;&nbsp;<A HREF=thn_issue.h6.html#POEM2>6 #2</A><DD>El Prado, New Mexico</DT>
<DT><B>Janelle Barrera:</B>&nbsp;&nbsp;<A HREF=thn_issue.h6.html#POEM3>6 #3</A><DD>Key West, Florida</DT>
<DT><B>Yvonne Cabalona:</B>&nbsp;&nbsp;<A HREF=thn_issue.h6.html#POEM4>6 #4</A><DD>Modesto, California</DT>
<DT><B>Alice Frampton:</B>&nbsp;&nbsp;<A HREF=thn_issue.h6.html#POEM5>6 #5</A><DD>Seabeck, Washington</DT>
<DT><B>Cherie Hunter Day:</B>&nbsp;&nbsp;<A HREF=thn_issue.h6.html#POEM6>6 #6</A><DD>San Diego, California</DT>
<DT><B>paul m.:</B>&nbsp;&nbsp;<A HREF=thn_issue.h6.html#POEM7>6 #7</A><DD>Bristol, Rhode Island</DT>
<DT><B>Laryalee Fraser:</B>&nbsp;&nbsp;<A HREF=thn_issue.h6.html#POEM8>6 #8</A><DD>Salmon Arm, British Columbia, Canada</DT>
<DT><B>Carolyne Rohrig:</B>&nbsp;&nbsp;<A HREF=thn_issue.h6.html#POEM9>6 #9</A><DD>Fremont, California</DT>
<DT><B>K. Ramesh:</B>&nbsp;&nbsp;<A HREF=thn_issue.h6.html#POEM10>6 #10</A><DD>Adyar, Chennai, India</DT>
<DT><B>Jo McInerney:</B>&nbsp;&nbsp;<A HREF=thn_issue.h7.html#POEM1>7 #1</A><DD>Boolarra, Victoria, Australia</DT>
<DT><B>Harriot West:</B>&nbsp;&nbsp;<A HREF=thn_issue.h7.html#POEM2>7 #2</A><DD>Eugene, Oregon</DT>
<DT><B>Victor Ortiz:</B>&nbsp;&nbsp;<A HREF=thn_issue.h7.html#POEM3>7 #3</A><DD>San Pedro, California</DT>
<DT><B>Paul Pfleuger, Jr.:</B>&nbsp;&nbsp;<A HREF=thn_issue.h7.html#POEM4>7 #4</A><DD>Tainan, Taiwan</DT>
<DT><B>Susan Constable:</B>&nbsp;&nbsp;<A HREF=thn_issue.h7.html#POEM5>7 #5</A><DD>Nanoose Bay, British Columbia, Canada</DT>
<DT><B>Tony Beyer:</B>&nbsp;&nbsp;<A HREF=thn_issue.h7.html#POEM6>7 #6</A><DD>New Plymouth, New Zealand</DT>
<DT><B>Ron Moss:</B>&nbsp;&nbsp;<A HREF=thn_issue.h7.html#POEM7>7 #7</A><DD>Tasmania, Australia</DT>
<DT><B>Cindy Zackowitz:</B>&nbsp;&nbsp;<A HREF=thn_issue.h7.html#POEM8>7 #8</A><DD>Anchorage, Alaska</DT>
<DT><B>George Swede:</B>&nbsp;&nbsp;<A HREF=thn_issue.h7.html#POEM9>7 #9</A><DD>Toronto, Ontario, Canada</DT>
<DT><B>Collin Barber:</B>&nbsp;&nbsp;<A HREF=thn_issue.h7.html#POEM10>7 #10</A><DD>Marion, Arkansas</DT>
<DT><B>Lenard D. Moore:</B>&nbsp;&nbsp;<A HREF=thn_issue.h8.html#POEM1>8 #1</A><DD>Raleigh, North Carolina</DT>
<DT><B>Matthew Cariello:</B>&nbsp;&nbsp;<A HREF=thn_issue.h8.html#POEM2>8 #2</A><DD>Columbus, Ohio</DT>
<DT><B>Carlos Colon:</B>&nbsp;&nbsp;<A HREF=thn_issue.h8.html#POEM3>8 #3</A><DD>Shreveport, Louisiana</DT>
<DT><B>Edith Bartholomeusz:</B>&nbsp;&nbsp;<A HREF=thn_issue.h8.html#POEM4>8 #4</A><DD>Phoenix, Arizona</DT>
<DT><B>Jennie Townsend:</B>&nbsp;&nbsp;<A HREF=thn_issue.h8.html#POEM5>8 #5</A><DD>O&#8217lFallon, Missouri</DT>
<DT><B>Chad Lee Robinson:</B>&nbsp;&nbsp;<A HREF=thn_issue.h8.html#POEM6>8 #6</A><DD>Pierre, South Dakota</DT>
<DT><B>C. Avery:</B>&nbsp;&nbsp;<A HREF=thn_issue.h8.html#POEM7>8 #7</A><DD>Kailua, Kona, Hawaii</DT>
<DT><B>Quendryth Young:</B>&nbsp;&nbsp;<A HREF=thn_issue.h8.html#POEM8>8 #8</A><DD>Alstonville, New South Wales, Australia</DT>
<DT><B>LeRoy Gorman:</B>&nbsp;&nbsp;<A HREF=thn_issue.h8.html#POEM9>8 #9</A><DD>Napanee, Ontario, Canada</DT>
<DT><B>Mike Montreuil:</B>&nbsp;&nbsp;<A HREF=thn_issue.h8.html#POEM10>8 #10</A><DD>Ottawa, Ontario, Canada</DT>
<DT><B>Mark Alan Osterhaus:</B>&nbsp;&nbsp;<A HREF=thn_issue.h9.html#POEM1>9 #1</A><DD>Richland Center, Wisconsin</DT>
<DT><B>Richard Straw:</B>&nbsp;&nbsp;<A HREF=thn_issue.h9.html#POEM2>9 #2</A><DD>Cary, North Carolina</DT>
<DT><B>Keith Jennings:</B>&nbsp;&nbsp;<A HREF=thn_issue.h9.html#POEM3>9 #3</A><DD>Kennesaw, Georgia</DT>
<DT><B>Jay Santini:</B>&nbsp;&nbsp;<A HREF=thn_issue.h9.html#POEM4>9 #4</A><DD>Rockland, Massachusetts</DT>
<DT><B>Ian Daw:</B>&nbsp;&nbsp;<A HREF=thn_issue.h9.html#POEM5>9 #5</A><DD>Chorley, Lancashire, England</DT>
<DT><B>Sandra Simpson:</B>&nbsp;&nbsp;<A HREF=thn_issue.h9.html#POEM6>9 #6</A><DD>Tauranga, New Zealand</DT>
<DT><B>Tyrone McDonald:</B>&nbsp;&nbsp;<A HREF=thn_issue.h9.html#POEM7>9 #7</A><DD>Brooklyn, New York</DT>
<DT><B>Yu Chang:</B>&nbsp;&nbsp;<A HREF=thn_issue.h9.html#POEM8>9 #8</A><DD>Schenectady, New York</DT>
<DT><B>Peter Yovu:</B>&nbsp;&nbsp;<A HREF=thn_issue.h9.html#POEM9>9 #9</A><DD>Middlesex, Vermont</DT>
<DT><B>Jeffrey Rabkin:</B>&nbsp;&nbsp;<A HREF=thn_issue.h9.html#POEM10>9 #10</A><DD>New York, New York</DT>
<DT><B>Kala Ramesh:</B>&nbsp;&nbsp;<A HREF=thn_issue.h10.html#POEM1>10 #1</A><DD>Pune, Mharashtra, India</DT>
<DT><B>Matthew Paul:</B>&nbsp;&nbsp;<A HREF=thn_issue.h10.html#POEM2>10 #2</A><DD>Kingston upon Thames, Surrey, England</DT>
<DT><B>Ruth Holzer:</B>&nbsp;&nbsp;<A HREF=thn_issue.h10.html#POEM3>10 #3</A><DD>Herndon, Virginia</DT>
<DT><B>Michael McClintock:</B>&nbsp;&nbsp;<A HREF=thn_issue.h10.html#POEM4>10 #4</A><DD>Fresno, California</DT>
<DT><B>Helen Buckingham:</B>&nbsp;&nbsp;<A HREF=thn_issue.h10.html#POEM5>10 #5</A><DD>Bristol, Avon, England</DT>
<DT><B>Jennifer Gomoll Popolis:</B>&nbsp;&nbsp;<A HREF=thn_issue.h10.html#POEM6>10 #6</A><DD>Springfield, Illinois</DT>
<DT><B>Jack Barry:</B>&nbsp;&nbsp;<A HREF=thn_issue.h10.html#POEM7>10 #7</A><DD>Chesterfield, Massachusetts</DT>
<DT><B>Catherine J. S. Lee:</B>&nbsp;&nbsp;<A HREF=thn_issue.h10.html#POEM8>10 #8</A><DD>Eastport, Maine</DT>
<DT><B>Richard Krawiec:</B>&nbsp;&nbsp;<A HREF=thn_issue.h10.html#POEM9>10 #9</A><DD>Raleigh, North Carolina</DT>
<DT><B>Jack Barry:</B>&nbsp;&nbsp;<A HREF=thn_issue.h10.html#POEM10>10 #10</A><DD>Chesterfield, Massachusetts</DT>
<DT><B>Bill Kenney:</B>&nbsp;&nbsp;<A HREF=thn_issue.h11.html#POEM1>11 #1</A><DD>New York, New York</DT>
<DT><B>Brent Partridge:</B>&nbsp;&nbsp;<A HREF=thn_issue.h11.html#POEM2>11 #2</A><DD>Orinda, Californa</DT>
<DT><B>John Barlow:</B>&nbsp;&nbsp;<A HREF=thn_issue.h11.html#POEM3>11 #3</A><DD>Liverpool, England</DT>
<DT><B>C. Avery:</B>&nbsp;&nbsp;<A HREF=thn_issue.h11.html#POEM4>11 #4</A><DD>Kailua, Kona, Hawaii</DT>
<DT><B>Mathew V. Spano:</B>&nbsp;&nbsp;<A HREF=thn_issue.h11.html#POEM5>11 #5</A><DD>Hillsborough, New Jersey</DT>
<DT><B>Ann Schwader:</B>&nbsp;&nbsp;<A HREF=thn_issue.h11.html#POEM6>11 #6</A><DD>Westminster, Colorado</DT>
<DT><B>John Barlow:</B>&nbsp;&nbsp;<A HREF=thn_issue.h11.html#POEM7>11 #7</A><DD>Liverpool, England</DT>
<DT><B>William Cullen Jr.:</B>&nbsp;&nbsp;<A HREF=thn_issue.h11.html#POEM8>11 #8</A><DD>Brooklyn, New York</DT>
<DT><B>Carolyn Hall:</B>&nbsp;&nbsp;<A HREF=thn_issue.h11.html#POEM9>11 #9</A><DD>San Francisco, California</DT>
<DT><B>Marcus Larsson:</B>&nbsp;&nbsp;<A HREF=thn_issue.h11.html#POEM10>11 #10</A><DD>V&auml;rj&ouml;, Sweden</DT>
<DT><B>Karen Cesar:</B>&nbsp;&nbsp;<A HREF=thn_issue.h12.html#POEM1>12 #1</A><DD>Tucson, Arizona</DT>
<DT><B>Lorin Ford:</B>&nbsp;&nbsp;<A HREF=thn_issue.h12.html#POEM2>12 #2</A><DD>Brunswick, Victoria, Australia</DT>
<DT><B>Lenard D. Moore:</B>&nbsp;&nbsp;<A HREF=thn_issue.h12.html#POEM3>12 #3</A><DD>Raleigh, North Carolina</DT>
<DT><B>og aksnes:</B>&nbsp;&nbsp;<A HREF=thn_issue.h12.html#POEM4>12 #4</A><DD>Tonsberg, Norway</DT>
<DT><B>Sandra Simpson:</B>&nbsp;&nbsp;<A HREF=thn_issue.h12.html#POEM5>12 #5</A><DD>Tauranga, New Zealand</DT>
<DT><B>Mark Arvid White:</B>&nbsp;&nbsp;<A HREF=thn_issue.e1.html#POEM1>EC #1</A><DD>Palmer, Alaska</DT>
<DT><B>Bob Lucky:</B>&nbsp;&nbsp;<A HREF=thn_issue.e1.html#POEM2>EC #2</A><DD>Hangzhou, China</DT>
<DT><B>Marilyn Appl Walker:</B>&nbsp;&nbsp;<A HREF=thn_issue.e1.html#POEM3>EC #3</A><DD>Madison, Georgia</DT>
