<dt>&nbsp;&#149;&nbsp;&nbsp;
Aksnes, Odd G. 
:&nbsp;&nbsp;</dt>
<dd>Nowhere, USA<br></br></dd>
<dt>&nbsp;&#149;&nbsp;&nbsp;
Alexander, Francis W.
:&nbsp;&nbsp;</dt>
<dd>Nowhere, USA<br></br></dd>
<dt>&nbsp;&#149;&nbsp;&nbsp;
Amor, Stephen
:&nbsp;&nbsp;</dt>
<dd>Nowhere, USA<br></br></dd>
<dt>&nbsp;&#149;&nbsp;&nbsp;
Anderson, Hortensia 
:&nbsp;&nbsp;</dt>
<dd>Nowhere, USA<br></br></dd>
<dt>&nbsp;&#149;&nbsp;&nbsp;
Anderson, Kay F. 
:&nbsp;&nbsp;</dt>
<dd>Nowhere, USA<br></br></dd>
<dt>&nbsp;&#149;&nbsp;&nbsp;
an'ya
:&nbsp;&nbsp;</dt>
<dd>Nowhere, USA<br></br></dd>
<dt>&nbsp;&#149;&nbsp;&nbsp;
Aoyagi, Fay 
:&nbsp;&nbsp;</dt>
<dd>Nowhere, USA<br></br></dd>
<dt>&nbsp;&#149;&nbsp;&nbsp;
Ball, Jerry
:&nbsp;&nbsp;</dt>
<dd>Nowhere, USA<br></br></dd>
<dt>&nbsp;&#149;&nbsp;&nbsp;
Baranski, Johnny 
:&nbsp;&nbsp;</dt>
<dd>Nowhere, USA<br></br></dd>
<dt>&nbsp;&#149;&nbsp;&nbsp;
Barnes, Gary
:&nbsp;&nbsp;</dt>
<dd>Nowhere, USA<br></br></dd>
<dt>&nbsp;&#149;&nbsp;&nbsp;
Bender, Debra Woolard
:&nbsp;&nbsp;</dt>
<dd>Nowhere, USA<br></br></dd>
<dt>&nbsp;&#149;&nbsp;&nbsp;
Better, Cathy Drinkwater 
:&nbsp;&nbsp;</dt>
<dd>Nowhere, USA<br></br></dd>
<dt>&nbsp;&#149;&nbsp;&nbsp;
Booth, Jeanne Marie 
:&nbsp;&nbsp;</dt>
<dd>Nowhere, USA<br></br></dd>
<dt>&nbsp;&#149;&nbsp;&nbsp;
Brooks, Mark 
:&nbsp;&nbsp;</dt>
<dd>Nowhere, USA<br></br></dd>
<dt>&nbsp;&#149;&nbsp;&nbsp;
Brown, Naomi Y. 
:&nbsp;&nbsp;</dt>
<dd>Nowhere, USA<br></br></dd>
<dt>&nbsp;&#149;&nbsp;&nbsp;
Bullock, Owen 
:&nbsp;&nbsp;</dt>
<dd>Nowhere, USA<br></br></dd>
<dt>&nbsp;&#149;&nbsp;&nbsp;
Byrd, Darrell 
:&nbsp;&nbsp;</dt>
<dd>Nowhere, USA<br></br></dd>
<dt>&nbsp;&#149;&nbsp;&nbsp;
Cabalona, Yvonne 
:&nbsp;&nbsp;</dt>
<dd>Nowhere, USA<br></br></dd>
<dt>&nbsp;&#149;&nbsp;&nbsp;
Cahayom, Shirley 
:&nbsp;&nbsp;</dt>
<dd>Nowhere, USA<br></br></dd>
<dt>&nbsp;&#149;&nbsp;&nbsp;
Cameron, Katie
:&nbsp;&nbsp;</dt>
<dd>Nowhere, USA<br></br></dd>
<dt>&nbsp;&#149;&nbsp;&nbsp;
Campitelli, Barbara
:&nbsp;&nbsp;</dt>
<dd>Nowhere, USA<br></br></dd>
<dt>&nbsp;&#149;&nbsp;&nbsp;
carmen
:&nbsp;&nbsp;</dt>
<dd>Nowhere, USA<br></br></dd>
<dt>&nbsp;&#149;&nbsp;&nbsp;
Chang, Ai-Ling 
:&nbsp;&nbsp;</dt>
<dd>Nowhere, USA<br></br></dd>
<dt>&nbsp;&#149;&nbsp;&nbsp;
Chang, Yu 
:&nbsp;&nbsp;</dt>
<dd>Nowhere, USA<br></br></dd>
<dt>&nbsp;&#149;&nbsp;&nbsp;
Chipot, Dominique
:&nbsp;&nbsp;</dt>
<dd>Nowhere, USA<br></br></dd>
<dt>&nbsp;&#149;&nbsp;&nbsp;
Chula, Margaret 
:&nbsp;&nbsp;</dt>
<dd>Nowhere, USA<br></br></dd>
<dt>&nbsp;&#149;&nbsp;&nbsp;
Cichon, Melchor 
:&nbsp;&nbsp;</dt>
<dd>Nowhere, USA<br></br></dd>
<dt>&nbsp;&#149;&nbsp;&nbsp;
Clausen, Tom
:&nbsp;&nbsp;</dt>
<dd>Nowhere, USA<br></br></dd>
<dt>&nbsp;&#149;&nbsp;&nbsp;
Clement, Rosa 
:&nbsp;&nbsp;</dt>
<dd>Nowhere, USA<br></br></dd>
<dt>&nbsp;&#149;&nbsp;&nbsp;
Cobb, Kathy Lippard
:&nbsp;&nbsp;</dt>
<dd>Nowhere, USA<br></br></dd>
<dt>&nbsp;&#149;&nbsp;&nbsp;
Codrescu, Ion
:&nbsp;&nbsp;</dt>
<dd>Nowhere, USA<br></br></dd>
<dt>&nbsp;&#149;&nbsp;&nbsp;
Coman, Sonia Cristina 
:&nbsp;&nbsp;</dt>
<dd>Nowhere, USA<br></br></dd>
<dt>&nbsp;&#149;&nbsp;&nbsp;
Cox, Gillena
:&nbsp;&nbsp;</dt>
<dd>Nowhere, USA<br></br></dd>
<dt>&nbsp;&#149;&nbsp;&nbsp;
Crook, Celia 
:&nbsp;&nbsp;</dt>
<dd>Nowhere, USA<br></br></dd>
<dt>&nbsp;&#149;&nbsp;&nbsp;
Cullen, William Jr.
:&nbsp;&nbsp;</dt>
<dd>Nowhere, USA<br></br></dd>
<dt>&nbsp;&#149;&nbsp;&nbsp;
Dahl, DeVar 
:&nbsp;&nbsp;</dt>
<dd>Nowhere, USA<br></br></dd>
<dt>&nbsp;&#149;&nbsp;&nbsp;
Darnell, Brian 
:&nbsp;&nbsp;</dt>
<dd>Nowhere, USA<br></br></dd>
<dt>&nbsp;&#149;&nbsp;&nbsp;
Day, Cherie Hunter 
:&nbsp;&nbsp;</dt>
<dd>Nowhere, USA<br></br></dd>
<dt>&nbsp;&#149;&nbsp;&nbsp;
Deborah P. Kolodji
:&nbsp;&nbsp;</dt>
<dd>Nowhere, USA<br></br></dd>
<dt>&nbsp;&#149;&nbsp;&nbsp;
de Gruttola, Raffael
:&nbsp;&nbsp;</dt>
<dd>Nowhere, USA<br></br></dd>
<dt>&nbsp;&#149;&nbsp;&nbsp;
Deodhar, Angelee 
:&nbsp;&nbsp;</dt>
<dd>Nowhere, USA<br></br></dd>
<dt>&nbsp;&#149;&nbsp;&nbsp;
Djordjevic, Jasminka Nadaskic
:&nbsp;&nbsp;</dt>
<dd>Nowhere, USA<br></br></dd>
<dt>&nbsp;&#149;&nbsp;&nbsp;
Donleycott, Connie  
:&nbsp;&nbsp;</dt>
<dd>Nowhere, USA<br></br></dd>
<dt>&nbsp;&#149;&nbsp;&nbsp;
Doughty, Del
:&nbsp;&nbsp;</dt>
<dd>Nowhere, USA<br></br></dd>
<dt>&nbsp;&#149;&nbsp;&nbsp;
Dunlap, Curtis 
:&nbsp;&nbsp;</dt>
<dd>Nowhere, USA<br></br></dd>
<dt>&nbsp;&#149;&nbsp;&nbsp;
Dunlap, Hank
:&nbsp;&nbsp;</dt>
<dd>Nowhere, USA<br></br></dd>
<dt>&nbsp;&#149;&nbsp;&nbsp;
Dyck, Marje A. 
:&nbsp;&nbsp;</dt>
<dd>Nowhere, USA<br></br></dd>
<dt>&nbsp;&#149;&nbsp;&nbsp;
Edwards, Cathy
:&nbsp;&nbsp;</dt>
<dd>Nowhere, USA<br></br></dd>
<dt>&nbsp;&#149;&nbsp;&nbsp;
Engleman, Stephen 
:&nbsp;&nbsp;</dt>
<dd>Nowhere, USA<br></br></dd>
<dt>&nbsp;&#149;&nbsp;&nbsp;
Etter, Carrie
:&nbsp;&nbsp;</dt>
<dd>Nowhere, USA<br></br></dd>
<dt>&nbsp;&#149;&nbsp;&nbsp;
Evans, Michael
:&nbsp;&nbsp;</dt>
<dd>Nowhere, USA<br></br></dd>
<dt>&nbsp;&#149;&nbsp;&nbsp;
Fernandes, Raoul 
:&nbsp;&nbsp;</dt>
<dd>Nowhere, USA<br></br></dd>
<dt>&nbsp;&#149;&nbsp;&nbsp;
Figgins, Ross
:&nbsp;&nbsp;</dt>
<dd>Nowhere, USA<br></br></dd>
<dt>&nbsp;&#149;&nbsp;&nbsp;
Flanagan, Patrick
:&nbsp;&nbsp;</dt>
<dd>Nowhere, USA<br></br></dd>
<dt>&nbsp;&#149;&nbsp;&nbsp;
Forrester, Stanford M.
:&nbsp;&nbsp;</dt>
<dd>Nowhere, USA<br></br></dd>
<dt>&nbsp;&#149;&nbsp;&nbsp;
Frampton, Alice
:&nbsp;&nbsp;</dt>
<dd>Nowhere, USA<br></br></dd>
<dt>&nbsp;&#149;&nbsp;&nbsp;
Galasso, William Scott
:&nbsp;&nbsp;</dt>
<dd>Nowhere, USA<br></br></dd>
<dt>&nbsp;&#149;&nbsp;&nbsp;
Gallagher, D. Claire 
:&nbsp;&nbsp;</dt>
<dd>Nowhere, USA<br></br></dd>
<dt>&nbsp;&#149;&nbsp;&nbsp;
Gendrano, Victor 
:&nbsp;&nbsp;</dt>
<dd>Nowhere, USA<br></br></dd>
<dt>&nbsp;&#149;&nbsp;&nbsp;
George, Barry  
:&nbsp;&nbsp;</dt>
<dd>Nowhere, USA<br></br></dd>
<dt>&nbsp;&#149;&nbsp;&nbsp;
Gonzales, Merrill Ann
:&nbsp;&nbsp;</dt>
<dd>Nowhere, USA<br></br></dd>
<dt>&nbsp;&#149;&nbsp;&nbsp;
Gorman, LeRoy
:&nbsp;&nbsp;</dt>
<dd>Nowhere, USA<br></br></dd>
<dt>&nbsp;&#149;&nbsp;&nbsp;
Greenwell, Penelope
:&nbsp;&nbsp;</dt>
<dd>Nowhere, USA<br></br></dd>
<dt>&nbsp;&#149;&nbsp;&nbsp;
Grimnes, Kay 
:&nbsp;&nbsp;</dt>
<dd>Nowhere, USA<br></br></dd>
<dt>&nbsp;&#149;&nbsp;&nbsp;
Gwaltney, Rosemary 
:&nbsp;&nbsp;</dt>
<dd>Nowhere, USA<br></br></dd>
<dt>&nbsp;&#149;&nbsp;&nbsp;
Hall, Carolyn 
:&nbsp;&nbsp;</dt>
<dd>Nowhere, USA<br></br></dd>
<dt>&nbsp;&#149;&nbsp;&nbsp;
Hardenbrook, Yvonne
:&nbsp;&nbsp;</dt>
<dd>Nowhere, USA<br></br></dd>
<dt>&nbsp;&#149;&nbsp;&nbsp;
Hawkes, Timothy 
:&nbsp;&nbsp;</dt>
<dd>Nowhere, USA<br></br></dd>
<dt>&nbsp;&#149;&nbsp;&nbsp;
Hermann, Evelyn 
:&nbsp;&nbsp;</dt>
<dd>Nowhere, USA<br></br></dd>
<dt>&nbsp;&#149;&nbsp;&nbsp;
Hinchee, Merle D.
:&nbsp;&nbsp;</dt>
<dd>Nowhere, USA<br></br></dd>
<dt>&nbsp;&#149;&nbsp;&nbsp;
Hotham, Gary 
:&nbsp;&nbsp;</dt>
<dd>Nowhere, USA<br></br></dd>
<dt>&nbsp;&#149;&nbsp;&nbsp;
Houck, Eric
:&nbsp;&nbsp;</dt>
<dd>Nowhere, USA<br></br></dd>
<dt>&nbsp;&#149;&nbsp;&nbsp;
Howard, Elizabeth 
:&nbsp;&nbsp;</dt>
<dd>Nowhere, USA<br></br></dd>
<dt>&nbsp;&#149;&nbsp;&nbsp;
Härle, Helga 
:&nbsp;&nbsp;</dt>
<dd>Nowhere, USA<br></br></dd>
<dt>&nbsp;&#149;&nbsp;&nbsp;
Kacian, Jim 
:&nbsp;&nbsp;</dt>
<dd>Nowhere, USA<br></br></dd>
<dt>&nbsp;&#149;&nbsp;&nbsp;
Karkow, Kirsty 
:&nbsp;&nbsp;</dt>
<dd>Nowhere, USA<br></br></dd>
<dt>&nbsp;&#149;&nbsp;&nbsp;
Kelly, Patrick 
:&nbsp;&nbsp;</dt>
<dd>Nowhere, USA<br></br></dd>
<dt>&nbsp;&#149;&nbsp;&nbsp;
Kent, Susan J.
:&nbsp;&nbsp;</dt>
<dd>Nowhere, USA<br></br></dd>
<dt>&nbsp;&#149;&nbsp;&nbsp;
Ketchek, Michael 
:&nbsp;&nbsp;</dt>
<dd>Nowhere, USA<br></br></dd>
<dt>&nbsp;&#149;&nbsp;&nbsp;
Khalsa, Noor Singh
:&nbsp;&nbsp;</dt>
<dd>Nowhere, USA<br></br></dd>
<dt>&nbsp;&#149;&nbsp;&nbsp;
Klontz, Joann 
:&nbsp;&nbsp;</dt>
<dd>Nowhere, USA<br></br></dd>
<dt>&nbsp;&#149;&nbsp;&nbsp;
Knell, Rob
:&nbsp;&nbsp;</dt>
<dd>Nowhere, USA<br></br></dd>
<dt>&nbsp;&#149;&nbsp;&nbsp;
Kocher, Philomene 
:&nbsp;&nbsp;</dt>
<dd>Nowhere, USA<br></br></dd>
<dt>&nbsp;&#149;&nbsp;&nbsp;
Kusiolek, Robert
:&nbsp;&nbsp;</dt>
<dd>Nowhere, USA<br></br></dd>
<dt>&nbsp;&#149;&nbsp;&nbsp;
Laliberte-Carey, Lori 
:&nbsp;&nbsp;</dt>
<dd>Nowhere, USA<br></br></dd>
<dt>&nbsp;&#149;&nbsp;&nbsp;
Lansdown, Andrew
:&nbsp;&nbsp;</dt>
<dd>Nowhere, USA<br></br></dd>
<dt>&nbsp;&#149;&nbsp;&nbsp;
Lanska, Donald J.
:&nbsp;&nbsp;</dt>
<dd>Nowhere, USA<br></br></dd>
<dt>&nbsp;&#149;&nbsp;&nbsp;
Lazar, Chaim 
:&nbsp;&nbsp;</dt>
<dd>Nowhere, USA<br></br></dd>
<dt>&nbsp;&#149;&nbsp;&nbsp;
Leong, J. B. 
:&nbsp;&nbsp;</dt>
<dd>Nowhere, USA<br></br></dd>
<dt>&nbsp;&#149;&nbsp;&nbsp;
Lilly, Rebecca 
:&nbsp;&nbsp;</dt>
<dd>Nowhere, USA<br></br></dd>
<dt>&nbsp;&#149;&nbsp;&nbsp;
Lippy, Burnell 
:&nbsp;&nbsp;</dt>
<dd>Nowhere, USA<br></br></dd>
<dt>&nbsp;&#149;&nbsp;&nbsp;
Lux, Ang&egrave;le
:&nbsp;&nbsp;</dt>
<dd>Nowhere, USA<br></br></dd>
<dt>&nbsp;&#149;&nbsp;&nbsp;
Lyles, Peggy
:&nbsp;&nbsp;</dt>
<dd>Nowhere, USA<br></br></dd>
<dt>&nbsp;&#149;&nbsp;&nbsp;
m., paul
:&nbsp;&nbsp;</dt>
<dd>Nowhere, USA<br></br></dd>
<dt>&nbsp;&#149;&nbsp;&nbsp;
MacMathuna, Sean
:&nbsp;&nbsp;</dt>
<dd>Nowhere, USA<br></br></dd>
<dt>&nbsp;&#149;&nbsp;&nbsp;
Macrow, Peter
:&nbsp;&nbsp;</dt>
<dd>Nowhere, USA<br></br></dd>
<dt>&nbsp;&#149;&nbsp;&nbsp;
Major, Robert 
:&nbsp;&nbsp;</dt>
<dd>Nowhere, USA<br></br></dd>
<dt>&nbsp;&#149;&nbsp;&nbsp;
Margaret Hehman-Smith
:&nbsp;&nbsp;</dt>
<dd>Nowhere, USA<br></br></dd>
<dt>&nbsp;&#149;&nbsp;&nbsp;
Markowski, Ed
:&nbsp;&nbsp;</dt>
<dd>Nowhere, USA<br></br></dd>
<dt>&nbsp;&#149;&nbsp;&nbsp;
Masat, Fran
:&nbsp;&nbsp;</dt>
<dd>Nowhere, USA<br></br></dd>
<dt>&nbsp;&#149;&nbsp;&nbsp;
Maya, Giselle
:&nbsp;&nbsp;</dt>
<dd>Nowhere, USA<br></br></dd>
<dt>&nbsp;&#149;&nbsp;&nbsp;
McClintock, Michael 
:&nbsp;&nbsp;</dt>
<dd>Nowhere, USA<br></br></dd>
<dt>&nbsp;&#149;&nbsp;&nbsp;
McClure, Mary Lee 
:&nbsp;&nbsp;</dt>
<dd>Nowhere, USA<br></br></dd>
<dt>&nbsp;&#149;&nbsp;&nbsp;
McCullough, Dan
:&nbsp;&nbsp;</dt>
<dd>Nowhere, USA<br></br></dd>
<dt>&nbsp;&#149;&nbsp;&nbsp;
McGill, Allen 
:&nbsp;&nbsp;</dt>
<dd>Nowhere, USA<br></br></dd>
<dt>&nbsp;&#149;&nbsp;&nbsp;
Mill, Sue
:&nbsp;&nbsp;</dt>
<dd>Nowhere, USA<br></br></dd>
<dt>&nbsp;&#149;&nbsp;&nbsp;
Miller, Sabine 
:&nbsp;&nbsp;</dt>
<dd>Nowhere, USA<br></br></dd>
<dt>&nbsp;&#149;&nbsp;&nbsp;
Missias, A. C.
:&nbsp;&nbsp;</dt>
<dd>Nowhere, USA<br></br></dd>
<dt>&nbsp;&#149;&nbsp;&nbsp;
Miyashita, Emiko
:&nbsp;&nbsp;</dt>
<dd>Nowhere, USA<br></br></dd>
<dt>&nbsp;&#149;&nbsp;&nbsp;
Moore, Lenard D. 
:&nbsp;&nbsp;</dt>
<dd>Nowhere, USA<br></br></dd>
<dt>&nbsp;&#149;&nbsp;&nbsp;
Morden, Matt
:&nbsp;&nbsp;</dt>
<dd>Nowhere, USA<br></br></dd>
<dt>&nbsp;&#149;&nbsp;&nbsp;
Moss, Ron 
:&nbsp;&nbsp;</dt>
<dd>Nowhere, USA<br></br></dd>
<dt>&nbsp;&#149;&nbsp;&nbsp;
Moura, Elizabeth
:&nbsp;&nbsp;</dt>
<dd>Nowhere, USA<br></br></dd>
<dt>&nbsp;&#149;&nbsp;&nbsp;
Mullins, Jim 
:&nbsp;&nbsp;</dt>
<dd>Nowhere, USA<br></br></dd>
<dt>&nbsp;&#149;&nbsp;&nbsp;
Murray, Jack 
:&nbsp;&nbsp;</dt>
<dd>Nowhere, USA<br></br></dd>
<dt>&nbsp;&#149;&nbsp;&nbsp;
Murtha, H. Gene 
:&nbsp;&nbsp;</dt>
<dd>Nowhere, USA<br></br></dd>
<dt>&nbsp;&#149;&nbsp;&nbsp;
naia
:&nbsp;&nbsp;</dt>
<dd>Nowhere, USA<br></br></dd>
<dt>&nbsp;&#149;&nbsp;&nbsp;
Ness, Pamela Miller
:&nbsp;&nbsp;</dt>
<dd>Nowhere, USA<br></br></dd>
<dt>&nbsp;&#149;&nbsp;&nbsp;
Neubauer, Patricia
:&nbsp;&nbsp;</dt>
<dd>Nowhere, USA<br></br></dd>
<dt>&nbsp;&#149;&nbsp;&nbsp;
Noyes, H. F. 
:&nbsp;&nbsp;</dt>
<dd>Nowhere, USA<br></br></dd>
<dt>&nbsp;&#149;&nbsp;&nbsp;
O&#146;Connor, John 
:&nbsp;&nbsp;</dt>
<dd>Nowhere, USA<br></br></dd>
<dt>&nbsp;&#149;&nbsp;&nbsp;
Olson, Marian 
:&nbsp;&nbsp;</dt>
<dd>Nowhere, USA<br></br></dd>
<dt>&nbsp;&#149;&nbsp;&nbsp;
Ortiz, Victor 
:&nbsp;&nbsp;</dt>
<dd>Nowhere, USA<br></br></dd>
<dt>&nbsp;&#149;&nbsp;&nbsp;
Ower, John 
:&nbsp;&nbsp;</dt>
<dd>Nowhere, USA<br></br></dd>
<dt>&nbsp;&#149;&nbsp;&nbsp;
Patchel, Christopher 
:&nbsp;&nbsp;</dt>
<dd>Nowhere, USA<br></br></dd>
<dt>&nbsp;&#149;&nbsp;&nbsp;
Paul, Matthew
:&nbsp;&nbsp;</dt>
<dd>Nowhere, USA<br></br></dd>
<dt>&nbsp;&#149;&nbsp;&nbsp;
Piper
:&nbsp;&nbsp;</dt>
<dd>Nowhere, USA<br></br></dd>
<dt>&nbsp;&#149;&nbsp;&nbsp;
Porad, Francine 
:&nbsp;&nbsp;</dt>
<dd>Nowhere, USA<br></br></dd>
<dt>&nbsp;&#149;&nbsp;&nbsp;
Purington, Carol 
:&nbsp;&nbsp;</dt>
<dd>Nowhere, USA<br></br></dd>
<dt>&nbsp;&#149;&nbsp;&nbsp;
Raisfeld, Carol
:&nbsp;&nbsp;</dt>
<dd>Nowhere, USA<br></br></dd>
<dt>&nbsp;&#149;&nbsp;&nbsp;
Ramesh, K. 
:&nbsp;&nbsp;</dt>
<dd>Nowhere, USA<br></br></dd>
<dt>&nbsp;&#149;&nbsp;&nbsp;
Renate Sander-Regier
:&nbsp;&nbsp;</dt>
<dd>Nowhere, USA<br></br></dd>
<dt>&nbsp;&#149;&nbsp;&nbsp;
Reng&egrave;, David Priebe
:&nbsp;&nbsp;</dt>
<dd>Nowhere, USA<br></br></dd>
<dt>&nbsp;&#149;&nbsp;&nbsp;
Robeck, Linda
:&nbsp;&nbsp;</dt>
<dd>Nowhere, USA<br></br></dd>
<dt>&nbsp;&#149;&nbsp;&nbsp;
Rohrig, Carolyne
:&nbsp;&nbsp;</dt>
<dd>Nowhere, USA<br></br></dd>
<dt>&nbsp;&#149;&nbsp;&nbsp;
Romano, Emily 
:&nbsp;&nbsp;</dt>
<dd>Nowhere, USA<br></br></dd>
<dt>&nbsp;&#149;&nbsp;&nbsp;
Rosenstock, Gabriel
:&nbsp;&nbsp;</dt>
<dd>Nowhere, USA<br></br></dd>
<dt>&nbsp;&#149;&nbsp;&nbsp;
Ross, Bruce
:&nbsp;&nbsp;</dt>
<dd>Nowhere, USA<br></br></dd>
<dt>&nbsp;&#149;&nbsp;&nbsp;
Russo, Dave
:&nbsp;&nbsp;</dt>
<dd>Nowhere, USA<br></br></dd>
<dt>&nbsp;&#149;&nbsp;&nbsp;
Sadowski, Catherine
:&nbsp;&nbsp;</dt>
<dd>Nowhere, USA<br></br></dd>
<dt>&nbsp;&#149;&nbsp;&nbsp;
Schwader, Ann K. 
:&nbsp;&nbsp;</dt>
<dd>Nowhere, USA<br></br></dd>
<dt>&nbsp;&#149;&nbsp;&nbsp;
Shaw, Adelaide 
:&nbsp;&nbsp;</dt>
<dd>Nowhere, USA<br></br></dd>
<dt>&nbsp;&#149;&nbsp;&nbsp;
Sherman, Amy Hartl
:&nbsp;&nbsp;</dt>
<dd>Nowhere, USA<br></br></dd>
<dt>&nbsp;&#149;&nbsp;&nbsp;
Shimizu, Kuniharu 
:&nbsp;&nbsp;</dt>
<dd>Nowhere, USA<br></br></dd>
<dt>&nbsp;&#149;&nbsp;&nbsp;
Simcha
:&nbsp;&nbsp;</dt>
<dd>Nowhere, USA<br></br></dd>
<dt>&nbsp;&#149;&nbsp;&nbsp;
Simpson, Sandra 
:&nbsp;&nbsp;</dt>
<dd>Nowhere, USA<br></br></dd>
<dt>&nbsp;&#149;&nbsp;&nbsp;
Smith, Nancy Stewart 
:&nbsp;&nbsp;</dt>
<dd>Nowhere, USA<br></br></dd>
<dt>&nbsp;&#149;&nbsp;&nbsp;
Steel, Lynne
:&nbsp;&nbsp;</dt>
<dd>Nowhere, USA<br></br></dd>
<dt>&nbsp;&#149;&nbsp;&nbsp;
Steinberg, Gary
:&nbsp;&nbsp;</dt>
<dd>Nowhere, USA<br></br></dd>
<dt>&nbsp;&#149;&nbsp;&nbsp;
Stevens, Rodney 
:&nbsp;&nbsp;</dt>
<dd>Nowhere, USA<br></br></dd>
<dt>&nbsp;&#149;&nbsp;&nbsp;
Stevenson, John 
:&nbsp;&nbsp;</dt>
<dd>Nowhere, USA<br></br></dd>
<dt>&nbsp;&#149;&nbsp;&nbsp;
Steyn, Maria 
:&nbsp;&nbsp;</dt>
<dd>Nowhere, USA<br></br></dd>
<dt>&nbsp;&#149;&nbsp;&nbsp;
Stoller, Neca 
:&nbsp;&nbsp;</dt>
<dd>Nowhere, USA<br></br></dd>
<dt>&nbsp;&#149;&nbsp;&nbsp;
Swede, George
:&nbsp;&nbsp;</dt>
<dd>Nowhere, USA<br></br></dd>
<dt>&nbsp;&#149;&nbsp;&nbsp;
Tambour, Anna 
:&nbsp;&nbsp;</dt>
<dd>Nowhere, USA<br></br></dd>
<dt>&nbsp;&#149;&nbsp;&nbsp;
Tann, Hilary 
:&nbsp;&nbsp;</dt>
<dd>Nowhere, USA<br></br></dd>
<dt>&nbsp;&#149;&nbsp;&nbsp;
Tarquinio, Rick 
:&nbsp;&nbsp;</dt>
<dd>Nowhere, USA<br></br></dd>
<dt>&nbsp;&#149;&nbsp;&nbsp;
Thurston, Doris 
:&nbsp;&nbsp;</dt>
<dd>Nowhere, USA<br></br></dd>
<dt>&nbsp;&#149;&nbsp;&nbsp;
Townsend, Jennie 
:&nbsp;&nbsp;</dt>
<dd>Nowhere, USA<br></br></dd>
<dt>&nbsp;&#149;&nbsp;&nbsp;
tripi, vince
:&nbsp;&nbsp;</dt>
<dd>Nowhere, USA<br></br></dd>
<dt>&nbsp;&#149;&nbsp;&nbsp;
Turner, Brenda
:&nbsp;&nbsp;</dt>
<dd>Nowhere, USA<br></br></dd>
<dt>&nbsp;&#149;&nbsp;&nbsp;
Turner, MaryJane
:&nbsp;&nbsp;</dt>
<dd>Nowhere, USA<br></br></dd>
<dt>&nbsp;&#149;&nbsp;&nbsp;
Vayman, Zinovy
:&nbsp;&nbsp;</dt>
<dd>Nowhere, USA<br></br></dd>
<dt>&nbsp;&#149;&nbsp;&nbsp;
Vest, Martin 
:&nbsp;&nbsp;</dt>
<dd>Nowhere, USA<br></br></dd>
<dt>&nbsp;&#149;&nbsp;&nbsp;
Vil&eacute;n, Florence
:&nbsp;&nbsp;</dt>
<dd>Nowhere, USA<br></br></dd>
<dt>&nbsp;&#149;&nbsp;&nbsp;
Villafania, Sonny 
:&nbsp;&nbsp;</dt>
<dd>Nowhere, USA<br></br></dd>
<dt>&nbsp;&#149;&nbsp;&nbsp;
Vilén, Florence
:&nbsp;&nbsp;</dt>
<dd>Nowhere, USA<br></br></dd>
<dt>&nbsp;&#149;&nbsp;&nbsp;
Virgil, Anita
:&nbsp;&nbsp;</dt>
<dd>Nowhere, USA<br></br></dd>
<dt>&nbsp;&#149;&nbsp;&nbsp;
Vujcic, Tomislav Z.
:&nbsp;&nbsp;</dt>
<dd>Nowhere, USA<br></br></dd>
<dt>&nbsp;&#149;&nbsp;&nbsp;
Watsky, Paul
:&nbsp;&nbsp;</dt>
<dd>Nowhere, USA<br></br></dd>
<dt>&nbsp;&#149;&nbsp;&nbsp;
Welch, Michael Dylan 
:&nbsp;&nbsp;</dt>
<dd>Nowhere, USA<br></br></dd>
<dt>&nbsp;&#149;&nbsp;&nbsp;
Wicker, Nina 
:&nbsp;&nbsp;</dt>
<dd>Nowhere, USA<br></br></dd>
<dt>&nbsp;&#149;&nbsp;&nbsp;
Wigelius, Paul 
:&nbsp;&nbsp;</dt>
<dd>Nowhere, USA<br></br></dd>
<dt>&nbsp;&#149;&nbsp;&nbsp;
Williams, Paul O. 
:&nbsp;&nbsp;</dt>
<dd>Nowhere, USA<br></br></dd>
<dt>&nbsp;&#149;&nbsp;&nbsp;
Williams, Peter 
:&nbsp;&nbsp;</dt>
<dd>Nowhere, USA<br></br></dd>
<dt>&nbsp;&#149;&nbsp;&nbsp;
Wilson, Billie 
:&nbsp;&nbsp;</dt>
<dd>Nowhere, USA<br></br></dd>
<dt>&nbsp;&#149;&nbsp;&nbsp;
Wisdom, John W. 
:&nbsp;&nbsp;</dt>
<dd>Nowhere, USA<br></br></dd>
<dt>&nbsp;&#149;&nbsp;&nbsp;
Wood, David
:&nbsp;&nbsp;</dt>
<dd>Nowhere, USA<br></br></dd>
<dt>&nbsp;&#149;&nbsp;&nbsp;
Yarrow, Ruth
:&nbsp;&nbsp;</dt>
<dd>Nowhere, USA<br></br></dd>
<dt>&nbsp;&#149;&nbsp;&nbsp;
Young, Karina 
:&nbsp;&nbsp;</dt>
<dd>Nowhere, USA<br></br></dd>
<dt>&nbsp;&#149;&nbsp;&nbsp;
Zackowitz, Cindy 
:&nbsp;&nbsp;</dt>
<dd>Nowhere, USA<br></br></dd>
