<dd>Tonsberg, Norway<br></br></dd>
<dd>Fremont, Ohio<br></br></dd>
<dd>New York, New York<br></br></dd>
<dd>Redwood Shores, California<br></br></dd>
<dd>Prineville, Oregon<br></br></dd>
<dd>San Francisco, California<br></br></dd>
<dd>Seal Beach, California<br></br></dd>
<dd>Liverpool, England<br></br></dd>
<dd>Fredericksburg, Virginia<br></br></dd>
<dd>Inyokern, California<br></br></dd>
<dd>Orlando, Florida<br></br></dd>
<dd>Mt. Eden, Auckland, New Zealand<br></br></dd>
<dd>Ottawa, Ontario, Canada<br></br></dd>
<dd>Pendleton, Oregon<br></br></dd>
<dd>El Centro, California<br></br></dd>
<dd>Temple, Texas<br></br></dd>
<dd>El Paso, Texas<br></br></dd>
<dd>El Centro, California<br></br></dd>
<dd>Minneapolis, Minnesota<br></br></dd>
<dd>Dyer, Indiana<br></br></dd>
<dd>El Centro, California<br></br></dd>
<dd>Modesto, California<br></br></dd>
<dd>Olympia, Washington<br></br></dd>
<dd>Foster City, California<br></br></dd>
<dd>Shaker Heights, Ohio<br></br></dd>
<dd>Schenectady, New York<br></br></dd>
<dd>Portland, Oregon<br></br></dd>
<dd>Somerset, New Jersey<br></br></dd>
<dd>Ithaca, New York<br></br></dd>
<dd>Manaus, Brazil<br></br></dd>
<dd>Bradenton, Florida<br></br></dd>
<dd>Shreveport, Louisiana<br></br></dd>
<dd>Constanta, Romania<br></br></dd>
<dd>District of Columbia<br></br></dd>
<dd>Loughborough, Leicestershire, England<br></br></dd>
<dd>Port of Spain, Trinidad<br></br></dd>
<dd>Bloxham, Oxfordshire, England<br></br></dd>
<dd>Bloxham, Oxfordshire, England<br></br></dd>
<dd>Brooklyn, New York<br></br></dd>
<dd>San Diego, California<br></br></dd>
<dd>Smederevo, Yugoslavia<br></br></dd>
<dd>Novi Sad, Yugoslavia<br></br></dd>
<dd>Eastleigh, Hampshire, England<br></br></dd>
<dd>Bremerton, Washington<br></br></dd>
<dd>Huntington, Indiana<br></br></dd>
<dd>Banja Luka, Bosnia & Hertzegovina<br></br></dd>
<dd>Prescott, Arizona<br></br></dd>
<dd>Owings Mills, Maryland<br></br></dd>
<dd>Port Townsend, Washington<br></br></dd>
<dd>Bushkill, Pennsylvania<br></br></dd>
<dd>Ithaca, New York<br></br></dd>
<dd>Montevideo, Uruguay<br></br></dd>
<dd>Weathersfield, Connecticut<br></br></dd>
<dd>Delta, British Columbia, Canada<br></br></dd>
<dd>Philadelphia, Pennsylvania<br></br></dd>
<dd>Lexington, Kentucky<br></br></dd>
<dd>Chicago, Illinois<br></br></dd>
<dd>Cork, Ireland<br></br></dd>
<dd>Bangkok, Thailand<br></br></dd>
<dd>Glendale, Arizona<br></br></dd>
<dd>Napanee, Ontario, Canada<br></br></dd>
<dd>Lexington, Kentucky<br></br></dd>
<dd>Alma, Michigan<br></br></dd>
<dd>Lincoln, Illinois<br></br></dd>
<dd>Puerto Eten, Peru<br></br></dd>
<dd>San Francisco, California<br></br></dd>
<dd>Columbus, Ohio<br></br></dd>
<dd>San Anselmo, California<br></br></dd>
<dd>Livermore, California<br></br></dd>
<dd>Laurel, Maryland<br></br></dd>
<dd>Crossville, Tennessee<br></br></dd>
<dd>Ainsdale, Lancashire, England<br></br></dd>
<dd>Kirkland, Washington<br></br></dd>
<dd>Edmonton, Alberta, Canada<br></br></dd>
<dd>Olympia, Washington<br></br></dd>
<dd>Edmonton, Alberta, Canada<br></br></dd>
<dd>Cincinnati, Ohio<br></br></dd>
<dd>Winchester, Virginia<br></br></dd>
<dd>Aventura, Florida<br></br></dd>
<dd>Waldoboro, Maine<br></br></dd>
<dd>Belleaire Bluffs, Florida<br></br></dd>
<dd>Bethany, West Virginia<br></br></dd>
<dd>New York, New York<br></br></dd>
<dd>Brooklyn, New York<br></br></dd>
<dd>Nassau, New York & Rensselaer, New York<br></br></dd>
<dd>Holly Springs, North Carolina<br></br></dd>
<dd>Rochester, New York<br></br></dd>
<dd>Los Alamos, New Mexico<br></br></dd>
<dd>Colrain, Massachusetts<br></br></dd>
<dd>Swedesboro, New Jersey<br></br></dd>
<dd>Tucker, Georgia<br></br></dd>
<dd>Keflavik, Iceland<br></br></dd>
<dd>Arkadelphia, Arkansas<br></br></dd>
<dd>Singapore<br></br></dd>
<dd>Pomona, New York<br></br></dd>
<dd>Port Republic, Virginia<br></br></dd>
<dd>Mt. Tremper, New York<br></br></dd>
<dd>Burlington, Iowa<br></br></dd>
<dd>Tucker, Georgia<br></br></dd>
<dd>Kew Gardens, New York<br></br></dd>
<dd>San Francisco, California<br></br></dd>
<dd>Dublin, Ireland<br></br></dd>
<dd>Decatur, Georgia<br></br></dd>
<dd>Poulsbo, Washington<br></br></dd>
<dd>Auburn Hills, Missouri<br></br></dd>
<dd>South Pasadena, California<br></br></dd>
<dd>Kokomo, Indiana<br></br></dd>
<dd>Somerville, Massachusetts<br></br></dd>
<dd>Bellevue, Washington<br></br></dd>
<dd>Dubuque, Iowa<br></br></dd>
<dd>Cochituate, Massachusetts<br></br></dd>
<dd>Nis, Yugoslavia<br></br></dd>
<dd>Mansfield, Queensland, Australia<br></br></dd>
<dd>Lagunitas, California<br></br></dd>
<dd>Oxfordshire, England<br></br></dd>
<dd>Kawasaki, Japan<br></br></dd>
<dd>Raleigh, North Carolina<br></br></dd>
<dd>Hermon, Wales<br></br></dd>
<dd>Lexington, Massachusetts<br></br></dd>
<dd>Houston, Texas<br></br></dd>
<dd>Fallbrook, California<br></br></dd>
<dd>New York, New York<br></br></dd>
<dd>Politia, Attikis, Greece<br></br></dd>
<dd>Port Townsend, Washington<br></br></dd>
<dd>Santa Fe, New Mexico<br></br></dd>
<dd>Athens, Georgia<br></br></dd>
<dd>Chicago, Illinois<br></br></dd>
<dd>Framingham, Massachusetts<br></br></dd>
<dd>Mercer Island, Washington<br></br></dd>
<dd>Colrain, Massachusetts<br></br></dd>
<dd>Atlantic Beach, New York<br></br></dd>
<dd>Adyar, Chennai, India<br></br></dd>
<dd>Florence, South Carolina<br></br></dd>
<dd>Nis, Yugoslavia<br></br></dd>
<dd>Amesbury, Massachusetts<br></br></dd>
<dd>Fremont, California<br></br></dd>
<dd>Boonton, New Jersey<br></br></dd>
<dd>Geann na gCaograch, Co Atha Cliath, Ireland<br></br></dd>
<dd>Red Deer, Alberta, Canada<br></br></dd>
<dd>Arnold, Maryland<br></br></dd>
<dd>Westminster, Colorado<br></br></dd>
<dd>Tenri, Japan<br></br></dd>
<dd>Tauranga, New Zealand<br></br></dd>
<dd>Athens, Georgia<br></br></dd>
<dd>Sault Ste. Marie, Ontario, Canada<br></br></dd>
<dd>Hillsboro Beach, Florida<br></br></dd>
<dd>Kamakura, Japan<br></br></dd>
<dd>Nassau, New York<br></br></dd>
<dd>Johannesburg, South Africa<br></br></dd>
<dd>Columbus, Georgia<br></br></dd>
<dd>Nowra, New South Wales, Australia<br></br></dd>
<dd>Rexford, New York<br></br></dd>
<dd>Woodruff, New Jersey<br></br></dd>
<dd>Catawissa, Missouri<br></br></dd>
<dd>Cathedral City, California<br></br></dd>
<dd>Port Townsend, Washington<br></br></dd>
<dd>Uzice, Serbia, Yugoslavia<br></br></dd>
<dd>Novato, California<br></br></dd>
<dd>Evanston, Illinois<br></br></dd>
<dd>Tucson, Arizona<br></br></dd>
<dd>Moscow, Russia<br></br></dd>
<dd>Beograd, Yugoslavia<br></br></dd>
<dd>Pocatello, Idaho<br></br></dd>
<dd>Saltsjš-Boo, Sweden<br></br></dd>
<dd>Gabriola Island, British Columbia, Canada<br></br></dd>
<dd>Sanford, North Carolina<br></br></dd>
<dd>Brooklyn, New York<br></br></dd>
<dd>South Hampton, Hampshire, England<br></br></dd>
<dd>Belmont, California<br></br></dd>
<dd>Watford, Hertfordshire, England<br></br></dd>
<dd>Juneau, Alaska<br></br></dd>
<dd>Richmond, Virginia<br></br></dd>
<dd>Stourport on Severn, Worcester, England<br></br></dd>
<dd>Sarasota, Florida<br></br></dd>
<dd>Seattle, Washington<br></br></dd>
<dd>Anchorage, Alaska<br></br></dd>
<dd>Tonsberg, Norway<br></br></dd>
<dd>Ann Arbor, Michigan<br></br></dd>
<dd>Fremont, Ohio<br></br></dd>
<dd>New York, New York<br></br></dd>
<dd>Redwood Shores, California<br></br></dd>
<dd>Prineville, Oregon <br></br></dd>
<dd>San Francisco, California<br></br></dd>
<dd>Seal Beach, California<br></br></dd>
<dd>Portland, Oregon<br></br></dd>
<dd>Fredericksburg, Virginia<br></br></dd>
<dd>Orlando, Florida<br></br></dd>
<dd>Eldersburg, Maryland<br></br></dd>
<dd>Dillard, Georgia<br></br></dd>
<dd>Austin, Texas<br></br></dd>
<dd>Sun City, Arizona<br></br></dd>
<dd>Wahili, New Zealand<br></br></dd>
<dd>El Centro, California<br></br></dd>
<dd>Modesto, California<br></br></dd>
<dd>Brooklyn, New York<br></br></dd>
<dd>Olympia, Washington<br></br></dd>
<dd>Foster City, California<br></br></dd>
<dd>Kamakura, Japan<br></br></dd>
<dd>Taiwan<br></br></dd>
<dd>Schenectady, New York<br></br></dd>
<dd>Seichamp, France<br></br></dd>
<dd>Portland, Oregon<br></br></dd>
<dd>Miagao, Panay Island, Philippines<br></br></dd>
<dd>Ithaca, New York <br></br></dd>
<dd>Manaus, Brazil<br></br></dd>
<dd>Bradenton, Florida<br></br></dd>
<dd>Constanta, Romania<br></br></dd>
<dd>Constanta, Romania<br></br></dd>
<dd>Port of Spain, Trinidad<br></br></dd>
<dd>Bloxham, Oxfordshire, England<br></br></dd>
<dd>Brooklyn, New York<br></br></dd>
<dd>Magrath, Alberta, Canada<br></br></dd>
<dd>Athens, Georgia<br></br></dd>
<dd>San Diego, California<br></br></dd>
<dd>Natick, Massachusetts<br></br></dd>
<dd>Chandigarh, India<br></br></dd>
<dd>Smederevo, Yugoslavia<br></br></dd>
<dd>Bremerton, Washington<br></br></dd>
<dd>Huntington, Indiana<br></br></dd>
<dd>Mayodan, North Carolina<br></br></dd>
<dd>Prescott, Arizona<br></br></dd>
<dd>Saskatoon, Saskatchewan, Canada<br></br></dd>
<dd>Port Townsend, Washington<br></br></dd>
<dd>Ithaca, New York<br></br></dd>
<dd>London, England<br></br></dd>
<dd>Olalla, Washington<br></br></dd>
<dd>Delta, British Columbia, Canada<br></br></dd>
<dd>Claremont, California<br></br></dd>
<dd>Iowa City, Iowa<br></br></dd>
<dd>Wethersfield, Connecticut<br></br></dd>
<dd>Delta, British Columbia, Canada<br></br></dd>
<dd>Kirkland, Washington<br></br></dd>
<dd>Sunnyvale, California<br></br></dd>
<dd>Carson, California<br></br></dd>
<dd>Philadelphia, Pennsylvania<br></br></dd>
<dd>Dayville, Connecticut<br></br></dd>
<dd>Napanee, Ontario, Canada<br></br></dd>
<dd>Lexington, Kentucky <br></br></dd>
<dd>Alma, Michigan<br></br></dd>
<dd>Idaho<br></br></dd>
<dd>San Francisco, California<br></br></dd>
<dd>Columbus, Ohio<br></br></dd>
<dd>Stockholm, Sweden<br></br></dd>
<dd>Tokyo, Japan<br></br></dd>
<dd>Hollydale, California<br></br></dd>
<dd>Mill Valley, California<br></br></dd>
<dd>Houma, Louisiana<br></br></dd>
<dd>Laurel, Maryland<br></br></dd>
<dd>Walton, New York<br></br></dd>
<dd>Crossville, Tennessee<br></br></dd>
<dd>Winchester, Virginia<br></br></dd>
<dd>Waldoboro, Maine<br></br></dd>
<dd>New York, New York<br></br></dd>
<dd>Holly Springs, North Carolina<br></br></dd>
<dd>Rochester, New York<br></br></dd>
<dd>Los Alamos, New Mexico<br></br></dd>
<dd>Swedesboro, New Jersey<br></br></dd>
<dd>Nowra, New South Wales, Australia<br></br></dd>
<dd>Kingston, Ontario, Canada<br></br></dd>
<dd>Temple City, California<br></br></dd>
<dd>Glendale Heights, Illinois<br></br></dd>
<dd>Tucker, Georgia<br></br></dd>
<dd>Perth, Australia<br></br></dd>
<dd>Keflavic, Iceland<br></br></dd>
<dd>Baltimore, Maryland<br></br></dd>
<dd>Singapore<br></br></dd>
<dd>Port Republic, Virginia<br></br></dd>
<dd>Mt. Tremper, New York<br></br></dd>
<dd>Gatineau, Quebec, Canada<br></br></dd>
<dd>Tucker, Georgia<br></br></dd>
<dd>San Francisco, California<br></br></dd>
<dd>Dublin, Ireland<br></br></dd>
<dd>Hobart, Tasmania, Australia<br></br></dd>
<dd>Poulsbo, Washington<br></br></dd>
<dd>Auburn Hills, Michigan<br></br></dd>
<dd>Key West, Florida<br></br></dd>
<dd>St-Martin de Castillon, France<br></br></dd>
<dd>South Pasadena, California<br></br></dd>
<dd>Kokomo, Indiana<br></br></dd>
<dd>Somerville, Massachusetts<br></br></dd>
<dd>San Miguel de Allende, Mexico<br></br></dd>
<dd>Mansfield, Queensland, Australia<br></br></dd>
<dd>Lagunitas, California<br></br></dd>
<dd>Philadelphia, Pennsylvania<br></br></dd>
<dd>Kawasaki, Japan<br></br></dd>
<dd>Raleigh, North Carolina<br></br></dd>
<dd>Hermon, Carmarthenshire, Wales<br></br></dd>
<dd>Tasmania, Australia<br></br></dd>
<dd>Bridgewater, Massachusetts<br></br></dd>
<dd>New York, New York<br></br></dd>
<dd>Red Hook, New York<br></br></dd>
<dd>Buena, New Jersey<br></br></dd>
<dd>Fallbrook, California<br></br></dd>
<dd>New York, New York<br></br></dd>
<dd>Philadelphia, Pennsylvania<br></br></dd>
<dd>Politia, Attikis, Greece<br></br></dd>
<dd>Chicago, Illinois<br></br></dd>
<dd>Santa Fe, New Mexico<br></br></dd>
<dd>San Pedro, California<br></br></dd>
<dd>Athens, Georgia<br></br></dd>
<dd>Chicago, Illinois<br></br></dd>
<dd>Kingston upon Thames, Surrey, England<br></br></dd>
<dd>Surrey, British Columbia, Canada<br></br></dd>
<dd>Mercer Island, Washington<br></br></dd>
<dd>Colrain, Massachusetts<br></br></dd>
<dd>Atlantic Beach, New York<br></br></dd>
<dd>Adyar, Chennai, India<br></br></dd>
<dd>Los Angeles, California<br></br></dd>
<dd>Amesbury, Massachusetts<br></br></dd>
<dd>Fremont, California<br></br></dd>
<dd>Boonton, New Jersey<br></br></dd>
<dd>Gleann na gCaorach, Co Atha Cliath, Ireland <br></br></dd>
<dd>Orono, Maine<br></br></dd>
<dd>Cary, North Carolina<br></br></dd>
<dd>Wheaton, Illinois<br></br></dd>
<dd>Quebec, Canada<br></br></dd>
<dd>Westminster, Colorado<br></br></dd>
<dd>Scarsdale, New York<br></br></dd>
<dd>Glen Ellyn, Illinois<br></br></dd>
<dd>Tenri, Japan<br></br></dd>
<dd>Thornhill, Ontario, Canada<br></br></dd>
<dd>Tauranga, New Zealand<br></br></dd>
<dd>Athens, Georgia<br></br></dd>
<dd>Hillsboro Beach, Florida<br></br></dd>
<dd>Mahwah, New Jersey<br></br></dd>
<dd>Columbia, South Carolina<br></br></dd>
<dd>Nassau, New York<br></br></dd>
<dd>Johannesburg, South Africa<br></br></dd>
<dd>Columbus, Georgia<br></br></dd>
<dd>Toronto, Ontario, Canada<br></br></dd>
<dd>Nowra, New South Wales, Australia<br></br></dd>
<dd>Schuylerville, New York<br></br></dd>
<dd>Bridgeton, New Jersey<br></br></dd>
<dd>Port Townsend, Washington<br></br></dd>
<dd>O'Fallon, Missouri<br></br></dd>
<dd>Novato, California<br></br></dd>
<dd>Canton, Ohio<br></br></dd>
<dd>Tucson, Arizona<br></br></dd>
<dd>Moscow, Russia<br></br></dd>
<dd>Pocatello, Idaho<br></br></dd>
<dd>Stockholm, Sweden<br></br></dd>
<dd>Manila, Philippines<br></br></dd>
<dd>Forest, Virginia<br></br></dd>
<dd>Petrovac, Serbia, Yugoslavia<br></br></dd>
<dd>San Francisco, California<br></br></dd>
<dd>Redmond, Washington<br></br></dd>
<dd>Sanford, North Carolina<br></br></dd>
<dd>Stockholm, Sweden<br></br></dd>
<dd>Belmont, California<br></br></dd>
<dd>Watford, Hertfordshire, England<br></br></dd>
<dd>Juneau, Alaska<br></br></dd>
<dd>Sarasota, Florida<br></br></dd>
<dd>Lyndhurst, Ohio<br></br></dd>
<dd>Seattle, Washington<br></br></dd>
<dd>Salinas, California<br></br></dd>
<dd>Anchorage, Alaska<br></br></dd>
<dd>Tonsberg, Norway<br></br></dd>
<dd>Fremont, Ohio<br></br></dd>
<dd>New York, New York<br></br></dd>
<dd>Redwood Shores, California<br></br></dd>
<dd>San Francisco, California<br></br></dd>
<dd>Americus, Georgia<br></br></dd>
<dd>Hermosa Beach, California<br></br></dd>
<dd>Chesterfield, Massachusetts<br></br></dd>
<dd>Picton, New Zealand<br></br></dd>
<dd>Mt. Eden, Auckland, New Zealand<br></br></dd>
<dd>Pendleton, Oregon<br></br></dd>
<dd>West Kill, New York<br></br></dd>
<dd>Austin, Texas<br></br></dd>
<dd>Decatur, Illinois<br></br></dd>
<dd>Sun City West, Arizona<br></br></dd>
<dd>Lula, Georgia<br></br></dd>
<dd>Bristol, Avon, England<br></br></dd>
<dd>Wahili, New Zealand<br></br></dd>
<dd>El Centro, California<br></br></dd>
<dd>Modesto, California<br></br></dd>
<dd>Foster City, California<br></br></dd>
<dd>Mississauga, Ontario, Canada<br></br></dd>
<dd>Schenectady, New York<br></br></dd>
<dd>Portland, Oregon<br></br></dd>
<dd>Sarawak, Maylaysia<br></br></dd>
<dd>Hellertown, Pennsylvania<br></br></dd>
<dd>Constanta, Romania<br></br></dd>
<dd>Port of Spain, Trinidad<br></br></dd>
<dd>Bloxham, Oxfordshire, England<br></br></dd>
<dd>Liberty, Tennessee<br></br></dd>
<dd>Brooklyn, New York<br></br></dd>
<dd>San Diego, California<br></br></dd>
<dd>Torino, Italy<br></br></dd>
<dd>Chandigarh, India<br></br></dd>
<dd>Smederevo, Yugoslavia<br></br></dd>
<dd>Victoria, British Columbia, Canada<br></br></dd>
<dd>Bremerton, Washington<br></br></dd>
<dd>Jamesport, New York<br></br></dd>
<dd>Banja Luka, Bosnia & Hertzegovina<br></br></dd>
<dd>Richmond, Ontario, Canada<br></br></dd>
<dd>Mayodan, North Carolina<br></br></dd>
<dd>Saskatoon, Saskatchewan, Canada<br></br></dd>
<dd>Clovis, California<br></br></dd>
<dd>Ithaca, New York<br></br></dd>
<dd>Olalla, Washington<br></br></dd>
<dd>Delta, British Columbia, Canada<br></br></dd>
<dd>Sunnyvale, California<br></br></dd>
<dd>Philadelphia, Pennsylvania<br></br></dd>
<dd>St. Thomas, Virgin Islands<br></br></dd>
<dd>Chicago, Illinois<br></br></dd>
<dd>Austin, Texas<br></br></dd>
<dd>Dayville, Connecticut<br></br></dd>
<dd>Napanee, Ontario, Canada<br></br></dd>
<dd>Alma, Michigan<br></br></dd>
<dd>Stockholm, Sweden<br></br></dd>
<dd>Wheaton, Illinois<br></br></dd>
<dd>San Francisco, California<br></br></dd>
<dd>Silver Spring, Maryland<br></br></dd>
<dd>Birmingham, Alabama<br></br></dd>
<dd>Houma, Louisiana<br></br></dd>
<dd>Laurel, Maryland<br></br></dd>
<dd>Crossville, Tennessee<br></br></dd>
<dd>Lidköping, Sweden<br></br></dd>
<dd>Ramsey, Illinois<br></br></dd>
<dd>Juffair, Kingdom of Bahrain<br></br></dd>
<dd>Edmonton, Alberta, Canada<br></br></dd>
<dd>Winchester, Virginia<br></br></dd>
<dd>Waldoboro, Maine<br></br></dd>
<dd>Brooklyn, New York<br></br></dd>
<dd>Rochester, New York<br></br></dd>
<dd>Sacramento, California<br></br></dd>
<dd>Marblehead, Massachusetts<br></br></dd>
<dd>Swedesboro, New Jersey<br></br></dd>
<dd>Nowra, New South Wales, Australia<br></br></dd>
<dd>Temple City, California<br></br></dd>
<dd>Santa Fe, New Mexico<br></br></dd>
<dd>Omaha, Nebraska<br></br></dd>
<dd>Dianella, Australia<br></br></dd>
<dd>Haryana, India<br></br></dd>
<dd>Singapore<br></br></dd>
<dd>Port Republic, Virginia<br></br></dd>
<dd>Mt. Tremper, New York<br></br></dd>
<dd>San Francisco, California<br></br></dd>
<dd>Torrin, Island of Skye, Scotland<br></br></dd>
<dd>Poulsbo, Washington<br></br></dd>
<dd>Key West, Florida<br></br></dd>
<dd>Chappaqua, New York<br></br></dd>
<dd>St-Martin de Castillon, France<br></br></dd>
<dd>South Pasadena, California<br></br></dd>
<dd>Kokomo, Indiana<br></br></dd>
<dd>San Miguel de Allende, Mexico<br></br></dd>
<dd>Scranton, Kansas<br></br></dd>
<dd>Bellevue, Washington<br></br></dd>
<dd>Coralville, Iowa<br></br></dd>
<dd>Mansfield, Queensland, Australia<br></br></dd>
<dd>Lagunitas, California<br></br></dd>
<dd>Kawasaki, Japan<br></br></dd>
<dd>Raleigh, North Carolina<br></br></dd>
<dd>Carregwen, Carmarthenshire, Wales<br></br></dd>
<dd>Lexington, Massachusetts<br></br></dd>
<dd>Buena, New Jersey<br></br></dd>
<dd>Oceanside, California<br></br></dd>
<dd>New York, New York<br></br></dd>
<dd>Politia, Attikis, Greece<br></br></dd>
<dd>Chicago, Illinois<br></br></dd>
<dd>Santa Fe, New Mexico<br></br></dd>
<dd>San Pedro, California<br></br></dd>
<dd>Athens, Georgia<br></br></dd>
<dd>Rochester, New York<br></br></dd>
<dd>Chicago, Illinois<br></br></dd>
<dd>Kingston upon Thames, Surrey, England<br></br></dd>
<dd>Chia-yi, Taiwan<br></br></dd>
<dd>Canberra, Australia<br></br></dd>
<dd>Surrey, British Columbia, Canada<br></br></dd>
<dd>Pocatello, Idaho<br></br></dd>
<dd>Bellevue, Washington<br></br></dd>
<dd>Sydney, New South Wales, Australia<br></br></dd>
<dd>Sarasota, Florida<br></br></dd>
<dd>Colrain, Massachusetts<br></br></dd>
<dd>Adyar, Chennai, India<br></br></dd>
<dd>Miami, Florida<br></br></dd>
<dd>Fremont, California<br></br></dd>
<dd>Boonton, New Jersey<br></br></dd>
<dd>Gleann na gCaorach, Co Atha Cliath, Ireland <br></br></dd>
<dd>Hampden, Maine<br></br></dd>
<dd>Issaquah, Washington<br></br></dd>
<dd>Westminster, Colorado<br></br></dd>
<dd>Scarsdale, New York<br></br></dd>
<dd>Tenri, Japan<br></br></dd>
<dd>Tauranga, New Zealand<br></br></dd>
<dd>Keyser, West Virginia<br></br></dd>
<dd>Athens, Georgia<br></br></dd>
<dd>Anderson, Indiana<br></br></dd>
<dd>Melbourne, Victoria, Australia<br></br></dd>
<dd>Hillsboro Beach, Florida<br></br></dd>
<dd>Mahwah, New Jersey<br></br></dd>
<dd>Nassau, New York<br></br></dd>
<dd>Johannesburg, South Africa<br></br></dd>
<dd>Toronto, Ontario, Canada<br></br></dd>
<dd>Misawashi, Japan<br></br></dd>
<dd>Nowra, New South Wales, Australia<br></br></dd>
<dd>Schuylerville, New York<br></br></dd>
<dd>Puchberg, Austria<br></br></dd>
<dd>Cathedral City, California<br></br></dd>
<dd>Port Townsend, Washington<br></br></dd>
<dd>Swansea, Wales<br></br></dd>
<dd>O&#146;Fallon, Missouri<br></br></dd>
<dd>Greenfield, Massachusetts<br></br></dd>
<dd>Evanston, Illinois<br></br></dd>
<dd>Moscow, Russia<br></br></dd>
<dd>Saltsj&ouml;-Boo, Sweden<br></br></dd>
<dd>Coinjock, North Carolina<br></br></dd>
<dd>Birmingham, Alabama<br></br></dd>
<dd>Sammamish, Washington<br></br></dd>
<dd>Sanford, North Carolina<br></br></dd>
<dd>Stockholm, Sweden<br></br></dd>
<dd>Watford, Hertfordshire, England<br></br></dd>
<dd>Juneau, Alaska<br></br></dd>
<dd>Milwaukee, Wisconsin<br></br></dd>
<dd>Idyllwild, California<br></br></dd>
<dd>Sarasota, Florida<br></br></dd>
<dd>Salinas, California<br></br></dd>
<dd>Anchorage, Alaska<br></br></dd>
