Alabama  : 3
Alaska  : 9
Arizona  : 10
Arkansas  : 2
California  : 95
Connecticut  : 6
Colorado  : 3
Delaware  : 0
Florida  : 22
Georgia  : 20
Hawaii  : 1
Idaho  : 5
Illinois  : 21
Indiana  : 9
Iowa  : 5
Kansas  : 1
Kentucky  : 4
Louisiana  : 5
Maine  : 5
Maryland  : 9
Massachusetts  : 23
Michigan  : 6
Minnesota  : 3
Mississippi  : 0
Missouri  : 5
Montana  : 0
Nebraska  : 1
Nevada  : 0
New Hampshire  : 0
New Jersey  : 18
New Mexico  : 9
New York  : 59
North Carolina  : 16
North Dakota  : 0
Ohio  : 13
Oklahoma  : 0
Oregon  : 12
Pennsylvania  : 8
Rhode Island  : 0
South Carolina  : 2
South Dakota  : 0
Tennessee  : 7
Texas  : 10
Utah  : 0
Vermont  : 1
Virginia  : 16
Washington  : 41
West Virginia  : 3
Wisconsin  : 1
Wyoming  : 0
