<DT><B>Melissa Allen:</B>&nbsp;&nbsp;<A HREF=thn_issue.h13.html#POEM4>13 #4</A><DD>Madison, Wisconsin</DT>
<DT><B>Motoko Amatsuji:</B>&nbsp;&nbsp;<A HREF=thn_issue.h7.html#POEM6>7 #6</A><DD>Takarazuka City, Hyogo, Japan</DT>
<DT><B>frances angela:</B>&nbsp;&nbsp;<A HREF=thn_issue.h4.html#POEM4>4 #4</A><DD>London, England</DT>
<DT><B>David Ash:</B>&nbsp;&nbsp;<A HREF=thn_issue.h13.html#POEM9>13 #9</A><DD>Mukilteo, Washington</DT>
<DT><B>Sanjukta Asopa:</B>&nbsp;&nbsp;<A HREF=thn_issue.h7.html#POEM4>7 #4</A><DD>Karnataka, India</DT>
<DT><B>Don Baird:</B>&nbsp;&nbsp;<A HREF=thn_issue.h6.html#POEM7>6 #7</A><DD>Rancho Vista, California</DT>
<DT><B>Jon Baldwin:</B>&nbsp;&nbsp;<A HREF=thn_issue.h9.html#POEM5>9 #5</A><DD>Ramsgate, England</DT>
<DT><B>Francine Banwarth:</B>&nbsp;&nbsp;<A HREF=thn_issue.h5.html#POEM6>5 #6</A><DD>Dubuque, Iowa</DT>
<DT><B>John Barlow:</B>&nbsp;&nbsp;<A HREF=thn_issue.h4.html#POEM5>4 #5</A>
,&nbsp;<A HREF=thn_issue.h7.html#POEM9>7 #9</A><DD>Ormskirk, England</DT>
<DT><B>Roberta Beary:</B>&nbsp;&nbsp;<A HREF=thn_issue.h7.html#POEM8>7 #8</A><DD>Washington, District of Columbia</DT>
<DT><B>Brad Bennett:</B>&nbsp;&nbsp;<A HREF=thn_issue.e1.html#POEM2>EC #2</A><DD>Arlington, Massachusetts</DT>
<DT><B>Alan S. Bridges:</B>&nbsp;&nbsp;<A HREF=thn_issue.h7.html#POEM3>7 #3</A>
,&nbsp;<A HREF=thn_issue.h14.html#POEM5>14 #5</A><DD>Littleton, Massachusetts</DT>
<DT><B>Helen Buckingham:</B>&nbsp;&nbsp;<A HREF=thn_issue.h4.html#POEM10>4 #10</A><DD>Bristol, Avon, England</DT>
<DT><B>Owen Bullock:</B>&nbsp;&nbsp;<A HREF=thn_issue.h7.html#POEM2>7 #2</A><DD>Katikati, New Zealand</DT>
<DT><B>Yu Chang:</B>&nbsp;&nbsp;<A HREF=thn_issue.h9.html#POEM6>9 #6</A><DD>Schenectady, New York</DT>
<DT><B>James Chessing:</B>&nbsp;&nbsp;<A HREF=thn_issue.h3.html#POEM3>3 #3</A><DD>San Ramon, California</DT>
<DT><B>Joyce Clement:</B>&nbsp;&nbsp;<A HREF=thn_issue.h13.html#POEM10>13 #10</A><DD>Bristol, Connecticut</DT>
<DT><B>Glenn G. Coats:</B>&nbsp;&nbsp;<A HREF=thn_issue.h6.html#POEM2>6 #2</A><DD>Prospect, Virginia</DT>
<DT><B>G W Colkitto:</B>&nbsp;&nbsp;<A HREF=thn_issue.h7.html#POEM7>7 #7</A><DD>Paisley, Renfrewshire, Scotland</DT>
<DT><B>Susan Constable:</B>&nbsp;&nbsp;<A HREF=thn_issue.h9.html#POEM9>9 #9</A><DD>Nanoose Bay, British Columbia, Canada</DT>
<DT><B>Amelia Cotter:</B>&nbsp;&nbsp;<A HREF=thn_issue.h13.html#POEM7>13 #7</A><DD>Chicago, Illinois</DT>
<DT><B>William Cullen, Jr.:</B>&nbsp;&nbsp;<A HREF=thn_issue.h10.html#POEM10>10 #10</A>
,&nbsp;<A HREF=thn_issue.h11.html#POEM3>11 #3</A><DD>Brooklyn, New York</DT>
<DT><B>Cherie Hunter Day:</B>&nbsp;&nbsp;<A HREF=thn_issue.h2.html#POEM4>2 #4</A><DD>Cupertino, California</DT>
<DT><B>Raffael de Gruttola:</B>&nbsp;&nbsp;<A HREF=thn_issue.h10.html#POEM6>10 #6</A><DD>Natick, Massachusetts</DT>
<DT><B>Wende Skidmore Duflon:</B>&nbsp;&nbsp;<A HREF=thn_issue.h8.html#POEM1>8 #1</A><DD>Antigua, Guatemala</DT>
<DT><B>Lynn Edge:</B>&nbsp;&nbsp;<A HREF=thn_issue.h4.html#POEM1>4 #1</A><DD>Tivoli, Texas</DT>
<DT><B>Michael L. Evans:</B>&nbsp;&nbsp;<A HREF=thn_issue.h3.html#POEM8>3 #8</A><DD>Port Orchard, Washington</DT>
<DT><B>Lorin Ford:</B>&nbsp;&nbsp;<A HREF=thn_issue.h1.html#POEM1>1 #1</A>
,&nbsp;<A HREF=thn_issue.h8.html#POEM2>8 #2</A><DD>Melbourne, Victoria, Australia</DT>
<DT><B>Terri L. French:</B>&nbsp;&nbsp;<A HREF=thn_issue.h6.html#POEM10>6 #10</A><DD>Huntsville, Alabama</DT>
<DT><B>Beverley George:</B>&nbsp;&nbsp;<A HREF=thn_issue.h12.html#POEM8>12 #8</A><DD>Pearl Beach, New South Wales, Australia</DT>
<DT><B>David Gershator:</B>&nbsp;&nbsp;<A HREF=thn_issue.h3.html#POEM1>3 #1</A><DD>St. Thomas, Virgin Islands</DT>
<DT><B>Merrill Ann Gonzales:</B>&nbsp;&nbsp;<A HREF=thn_issue.h12.html#POEM6>12 #6</A><DD>Dayville, Connecticut</DT>
<DT><B>LeRoy Gorman:</B>&nbsp;&nbsp;<A HREF=thn_issue.h6.html#POEM3>6 #3</A><DD>Napanee, Ontario, Canada</DT>
<DT><B>Dan Grace:</B>&nbsp;&nbsp;<A HREF=thn_issue.h8.html#POEM9>8 #9</A><DD>Sheffield, South Yorkshire, United Kingdom</DT>
<DT><B>Carolyn Hall:</B>&nbsp;&nbsp;<A HREF=thn_issue.h11.html#POEM4>11 #4</A>
,&nbsp;<A HREF=thn_issue.h12.html#POEM7>12 #7</A><DD>San Francisco, California</DT>
<DT><B>Mark F. Harris:</B>&nbsp;&nbsp;<A HREF=thn_issue.h6.html#POEM5>6 #5</A><DD>Princeton, New Jersey</DT>
<DT><B>John Hawk:</B>&nbsp;&nbsp;<A HREF=thn_issue.h8.html#POEM10>8 #10</A><DD>Columbus, Ohio</DT>
<DT><B>Christopher Herold:</B>&nbsp;&nbsp;<A HREF=thn_issue.h12.html#POEM1>12 #1</A><DD>Port Townsend, Washington</DT>
<DT><B>Jeff Hoagland:</B>&nbsp;&nbsp;<A HREF=thn_issue.h3.html#POEM4>3 #4</A><DD>Hopewell, New Jersey</DT>
<DT><B>Cara Holman:</B>&nbsp;&nbsp;<A HREF=thn_issue.h11.html#POEM9>11 #9</A><DD>Portland, Oregon</DT>
<DT><B>Ruth Holzer:</B>&nbsp;&nbsp;<A HREF=thn_issue.h5.html#POEM10>5 #10</A><DD>Herndon, Virginia</DT>
<DT><B>Gregory Hopkins:</B>&nbsp;&nbsp;<A HREF=thn_issue.h2.html#POEM9>2 #9</A>
,&nbsp;<A HREF=thn_issue.e1.html#POEM3>EC #3</A><DD>Weaver, Alabama</DT>
<DT><B>Gary Hotham:</B>&nbsp;&nbsp;<A HREF=thn_issue.h2.html#POEM5>2 #5</A><DD>Scaggsville, Maryland </DT>
<DT><B>Elizabeth Howard:</B>&nbsp;&nbsp;<A HREF=thn_issue.h14.html#POEM2>14 #2</A><DD>Crossville, Tennessee</DT>
<DT><B>Alegria Imperial:</B>&nbsp;&nbsp;<A HREF=thn_issue.h11.html#POEM10>11 #10</A><DD>Vancouver, British Columbia, Canada</DT>
<DT><B>E. Jones:</B>&nbsp;&nbsp;<A HREF=thn_issue.h13.html#POEM6>13 #6</A><DD>Stevens Point, Wisconsin</DT>
<DT><B>Frances Jones:</B>&nbsp;&nbsp;<A HREF=thn_issue.h2.html#POEM6>2 #6</A><DD>Bend, Oregon</DT>
<DT><B>Jim Kacian:</B>&nbsp;&nbsp;<A HREF=thn_issue.h1.html#POEM5>1 #5</A>
,&nbsp;<A HREF=thn_issue.h12.html#POEM5>12 #5</A><DD>Winchester, Virginia</DT>
<DT><B>Kirsty Karkow:</B>&nbsp;&nbsp;<A HREF=thn_issue.h4.html#POEM2>4 #2</A>
,&nbsp;<A HREF=thn_issue.h12.html#POEM9>12 #9</A><DD>Waldoboro, Maine</DT>
<DT><B>Bill Kenney:</B>&nbsp;&nbsp;<A HREF=thn_issue.h1.html#POEM9>1 #9</A><DD>New York, New York</DT>
<DT><B>Deborah P Kolodji:</B>&nbsp;&nbsp;<A HREF=thn_issue.h10.html#POEM4>10 #4</A><DD>Temple City, California</DT>
<DT><B>Snehith Kumbla:</B>&nbsp;&nbsp;<A HREF=thn_issue.h6.html#POEM9>6 #9</A><DD>Pune, Maharashtra , India</DT>
<DT><B>Marcus Larsson:</B>&nbsp;&nbsp;<A HREF=thn_issue.h3.html#POEM6>3 #6</A><DD>V&auml;xj&ouml;, Sweden</DT>
<DT><B>Ramona Linke:</B>&nbsp;&nbsp;<A HREF=thn_issue.h5.html#POEM9>5 #9</A><DD>Beesenstedt, Germany</DT>
<DT><B>Burnell Lippy:</B>&nbsp;&nbsp;<A HREF=thn_issue.h1.html#POEM2>1 #2</A><DD>Mt. Tremper, New York</DT>
<DT><B>Chen-ou Liu:</B>&nbsp;&nbsp;<A HREF=thn_issue.e1.html#POEM1>EC #1</A><DD>Ajax, Ontario, Canada</DT>
<DT><B>Bob Lucky:</B>&nbsp;&nbsp;<A HREF=thn_issue.h1.html#POEM4>1 #4</A>
,&nbsp;<A HREF=thn_issue.h11.html#POEM2>11 #2</A><DD>Addis Ababa, Ethiopia</DT>
<DT><B>pjm:</B>&nbsp;&nbsp;<A HREF=thn_issue.h9.html#POEM3>9 #3</A><DD>San Jose, CA</DT>
<DT><B>Giselle Maya:</B>&nbsp;&nbsp;<A HREF=thn_issue.h1.html#POEM7>1 #7</A><DD>St. Martin de Castillon, France</DT>
<DT><B>Lauren Mayhew:</B>&nbsp;&nbsp;<A HREF=thn_issue.h2.html#POEM8>2 #8</A><DD>Somerville, Massachusetts</DT>
<DT><B>Michael McClintock:</B>&nbsp;&nbsp;<A HREF=thn_issue.h1.html#POEM3>1 #3</A><DD>Clovis, California</DT>
<DT><B>Clare McCotter:</B>&nbsp;&nbsp;<A HREF=thn_issue.h6.html#POEM6>6 #6</A><DD>Kilrea, County Derry, N. Ireland</DT>
<DT><B>Tanya McDonald:</B>&nbsp;&nbsp;<A HREF=thn_issue.h12.html#POEM4>12 #4</A><DD>Woodinville, Washington</DT>
<DT><B>Jo McInerney:</B>&nbsp;&nbsp;<A HREF=thn_issue.h7.html#POEM10>7 #10</A><DD>Boolarra, Victoria, Australia</DT>
<DT><B>John McManus:</B>&nbsp;&nbsp;<A HREF=thn_issue.h10.html#POEM2>10 #2</A><DD>Carlisle, Cumbria, England</DT>
<DT><B>Berenice Mortimer:</B>&nbsp;&nbsp;<A HREF=thn_issue.h5.html#POEM8>5 #8</A><DD>Westlock, Alberta, Canada</DT>
<DT><B>Ron Moss:</B>&nbsp;&nbsp;<A HREF=thn_issue.h14.html#POEM3>14 #3</A><DD>Leslie Vale, Tasmania, Australia</DT>
<DT><B>Peter Newton:</B>&nbsp;&nbsp;<A HREF=thn_issue.h10.html#POEM9>10 #9</A><DD>Winchendon, Massachusetts</DT>
<DT><B>ayaz daryl nielsen:</B>&nbsp;&nbsp;<A HREF=thn_issue.h2.html#POEM1>2 #1</A><DD>Boulder, Colorado</DT>
<DT><B>Polona Oblak:</B>&nbsp;&nbsp;<A HREF=thn_issue.h14.html#POEM1>14 #1</A><DD>Ljubljana, Slovenia</DT>
<DT><B>Victor Ortiz:</B>&nbsp;&nbsp;<A HREF=thn_issue.h9.html#POEM8>9 #8</A><DD>San Pedro, California</DT>
<DT><B>Roland Packer:</B>&nbsp;&nbsp;<A HREF=thn_issue.h4.html#POEM9>4 #9</A><DD>Hamilton, Ontario, Canada</DT>
<DT><B>P K Padhy:</B>&nbsp;&nbsp;<A HREF=thn_issue.h12.html#POEM3>12 #3</A><DD>Rajahmundry, Andhra Pradesh, India</DT>
<DT><B>Tom Painting:</B>&nbsp;&nbsp;<A HREF=thn_issue.h9.html#POEM2>9 #2</A><DD>Rochester, New York</DT>
<DT><B>Brent Partridge:</B>&nbsp;&nbsp;<A HREF=thn_issue.h11.html#POEM7>11 #7</A><DD>Orinda, California</DT>
<DT><B>Christopher Patchel:</B>&nbsp;&nbsp;<A HREF=thn_issue.h10.html#POEM1>10 #1</A><DD>Chicago, Illinois</DT>
<DT><B>Matthew Paul:</B>&nbsp;&nbsp;<A HREF=thn_issue.h9.html#POEM7>9 #7</A><DD>Twickenham, England</DT>
<DT><B>Thomas Pescatore:</B>&nbsp;&nbsp;<A HREF=thn_issue.h4.html#POEM7>4 #7</A><DD>Secane, Pennsylvania</DT>
<DT><B>Dru Philippou:</B>&nbsp;&nbsp;<A HREF=thn_issue.h5.html#POEM3>5 #3</A><DD>Taos, New Mexico</DT>
<DT><B>Greg Piko:</B>&nbsp;&nbsp;<A HREF=thn_issue.h14.html#POEM4>14 #4</A><DD>Canberra, Australia</DT>
<DT><B>Kushal Poddar:</B>&nbsp;&nbsp;<A HREF=thn_issue.h13.html#POEM2>13 #2</A><DD>West Bengal, India</DT>
<DT><B>Jennifer Gomoll Popolis:</B>&nbsp;&nbsp;<A HREF=thn_issue.h2.html#POEM3>2 #3</A><DD>Springfield, Illinois</DT>
<DT><B>Thomas Powell:</B>&nbsp;&nbsp;<A HREF=thn_issue.h1.html#POEM10>1 #10</A><DD>Craigavon, County Armagh, Northern Ireland</DT>
<DT><B>Ellen Pratte:</B>&nbsp;&nbsp;<A HREF=thn_issue.h10.html#POEM7>10 #7</A><DD>Portsmouth, Rhode Island</DT>
<DT><B>Tyler Pruett:</B>&nbsp;&nbsp;<A HREF=thn_issue.h6.html#POEM8>6 #8</A><DD>Augusta, Maine</DT>
<DT><B>Dorota Pyra:</B>&nbsp;&nbsp;<A HREF=thn_issue.h3.html#POEM9>3 #9</A><DD>Gdansk, Poland</DT>
<DT><B>K. Ramesh:</B>&nbsp;&nbsp;<A HREF=thn_issue.h13.html#POEM1>13 #1</A><DD>Chennai, India</DT>
<DT><B>Kala Ramesh:</B>&nbsp;&nbsp;<A HREF=thn_issue.h10.html#POEM8>10 #8</A>
,&nbsp;<A HREF=thn_issue.h13.html#POEM8>13 #8</A><DD>Pune, Maharashtra, India</DT>
<DT><B>David Rodrigues:</B>&nbsp;&nbsp;<A HREF=thn_issue.h5.html#POEM2>5 #2</A><DD>Lisbon, Portugal</DT>
<DT><B>james rodriguez:</B>&nbsp;&nbsp;<A HREF=thn_issue.h9.html#POEM4>9 #4</A><DD>Washougal, Washington</DT>
<DT><B>Cynthia Rowe:</B>&nbsp;&nbsp;<A HREF=thn_issue.h2.html#POEM2>2 #2</A><DD>Woollahra, New South Wales, Australia</DT>
<DT><B>Philip Rowland:</B>&nbsp;&nbsp;<A HREF=thn_issue.h1.html#POEM6>1 #6</A>
,&nbsp;<A HREF=thn_issue.h1.html#POEM8>1 #8</A><DD>Tokyo, Japan</DT>
<DT><B>Liz Rule:</B>&nbsp;&nbsp;<A HREF=thn_issue.h5.html#POEM5>5 #5</A><DD>Olympia, Washington</DT>
<DT><B>Janet Ruth Heller:</B>&nbsp;&nbsp;<A HREF=thn_issue.h4.html#POEM6>4 #6</A><DD>Portage, Michigan</DT>
<DT><B>Miriam Sagan:</B>&nbsp;&nbsp;<A HREF=thn_issue.h3.html#POEM7>3 #7</A><DD>Santa Fe, New Mexico</DT>
<DT><B>Grant D. Savage:</B>&nbsp;&nbsp;<A HREF=thn_issue.h11.html#POEM6>11 #6</A><DD>Ottawa, Ontario, Canada</DT>
<DT><B>Ann K. Schwader:</B>&nbsp;&nbsp;<A HREF=thn_issue.h11.html#POEM5>11 #5</A><DD>Westminster, Colorado</DT>
<DT><B>Dan Schwerin:</B>&nbsp;&nbsp;<A HREF=thn_issue.h5.html#POEM7>5 #7</A><DD>Greendale, Wisconsin</DT>
<DT><B>Adelaide B. Shaw:</B>&nbsp;&nbsp;<A HREF=thn_issue.h7.html#POEM1>7 #1</A><DD>Millbrook, New York</DT>
<DT><B>Sandra Simpson:</B>&nbsp;&nbsp;<A HREF=thn_issue.h10.html#POEM3>10 #3</A><DD>Tauranga, New Zealand</DT>
<DT><B>John Soules:</B>&nbsp;&nbsp;<A HREF=thn_issue.h12.html#POEM2>12 #2</A><DD>Wingham, Ontario, Canada</DT>
<DT><B>Mathew V. Spano:</B>&nbsp;&nbsp;<A HREF=thn_issue.h8.html#POEM4>8 #4</A>
,&nbsp;<A HREF=thn_issue.h11.html#POEM1>11 #1</A><DD>Hillsborough, New Jersey</DT>
<DT><B>SR Spanyer:</B>&nbsp;&nbsp;<A HREF=thn_issue.h4.html#POEM8>4 #8</A><DD>Louisville, Kentucky</DT>
<DT><B>Melissa Spurr:</B>&nbsp;&nbsp;<A HREF=thn_issue.h3.html#POEM5>3 #5</A><DD>Joshua Tree, California</DT>
<DT><B>Lucas Stensland:</B>&nbsp;&nbsp;<A HREF=thn_issue.h2.html#POEM10>2 #10</A><DD>Minneapolis, Minnesota</DT>
<DT><B>Stevie Strang:</B>&nbsp;&nbsp;<A HREF=thn_issue.h3.html#POEM10>3 #10</A><DD>Laguna Niguel, California</DT>
<DT><B>Andr&eacute; Surridge:</B>&nbsp;&nbsp;<A HREF=thn_issue.h3.html#POEM2>3 #2</A>
,&nbsp;<A HREF=thn_issue.h10.html#POEM5>10 #5</A><DD>Hamilton, New Zealand</DT>
<DT><B>George Swede:</B>&nbsp;&nbsp;<A HREF=thn_issue.h13.html#POEM5>13 #5</A><DD>Toronto, Ontario, Canada</DT>
<DT><B>Patrick Sweeney:</B>&nbsp;&nbsp;<A HREF=thn_issue.h6.html#POEM4>6 #4</A>
,&nbsp;<A HREF=thn_issue.h12.html#POEM10>12 #10</A><DD>Misawashi, Aomori-ken, Japan</DT>
<DT><B>Hilary Tann:</B>&nbsp;&nbsp;<A HREF=thn_issue.h5.html#POEM1>5 #1</A><DD>Schuylerville, New York</DT>
<DT><B>Doris H. Thurston:</B>&nbsp;&nbsp;<A HREF=thn_issue.h9.html#POEM10>9 #10</A><DD>Port Townsend, Washington</DT>
<DT><B>Tom Tico:</B>&nbsp;&nbsp;<A HREF=thn_issue.h5.html#POEM4>5 #4</A><DD>San Francisco, California</DT>
<DT><B>Pat Tompkins:</B>&nbsp;&nbsp;<A HREF=thn_issue.h6.html#POEM1>6 #1</A>
,&nbsp;<A HREF=thn_issue.h8.html#POEM5>8 #5</A><DD>San Mateo, California</DT>
<DT><B>Charles Trumbull:</B>&nbsp;&nbsp;<A HREF=thn_issue.h8.html#POEM3>8 #3</A>
,&nbsp;<A HREF=thn_issue.h8.html#POEM8>8 #8</A><DD>Santa Fe, New Mexico</DT>
<DT><B>Marilyn Appl Walker:</B>&nbsp;&nbsp;<A HREF=thn_issue.h8.html#POEM7>8 #7</A><DD>Madison, Georgia</DT>
<DT><B>Neal Whitman:</B>&nbsp;&nbsp;<A HREF=thn_issue.h9.html#POEM1>9 #1</A><DD>Pacific Grove, California</DT>
<DT><B>Paul Wigelius:</B>&nbsp;&nbsp;<A HREF=thn_issue.h4.html#POEM3>4 #3</A><DD>&Aring;kersberga, Sweden</DT>
<DT><B>Ernest Wit:</B>&nbsp;&nbsp;<A HREF=thn_issue.h13.html#POEM3>13 #3</A><DD>Warsaw, Poland</DT>
<DT><B>Jeffrey Woodward:</B>&nbsp;&nbsp;<A HREF=thn_issue.h2.html#POEM7>2 #7</A><DD>Detroit, Michigan</DT>
<DT><B>Quendryth Young:</B>&nbsp;&nbsp;<A HREF=thn_issue.h8.html#POEM6>8 #6</A><DD>Alstonville, New South Wales, Australia</DT>
<DT><B>Joan Zimmerman:</B>&nbsp;&nbsp;<A HREF=thn_issue.h7.html#POEM5>7 #5</A>
,&nbsp;<A HREF=thn_issue.h11.html#POEM8>11 #8</A><DD>Santa Cruz, California</DT>
