<TR ALIGN=LEFT VALIGN=TOP><TD><P><FONT SIZE=+1>winter evening<br> a light is burning<br> in the back of the house</FONT></TD></TR> <TR ALIGN=RIGHT VALIGN=TOP><TD>Jerry Ball<P>&nbsp;</TD></TR>
<TR ALIGN=LEFT VALIGN=TOP><TD><P><FONT SIZE=+1>from the teahouse<br> the smell of must<br> fallen cherry blossoms</FONT></TD></TR> <TR ALIGN=RIGHT VALIGN=TOP><TD>Margaret Chula<P>&nbsp;</TD></TR>
<TR ALIGN=LEFT VALIGN=TOP><TD><P><FONT SIZE=+1>winter doldrums<br> my landlady enumerates<br> the perennials</FONT></TD></TR> <TR ALIGN=RIGHT VALIGN=TOP><TD>Christopher Patchel<P>&nbsp;</TD></TR>
<TR ALIGN=LEFT VALIGN=TOP><TD><P><FONT SIZE=+1>fallen leaves^×<br> a line of snails<br> in the bark fold</FONT></TD></TR> <TR ALIGN=RIGHT VALIGN=TOP><TD>John Barlow<P>&nbsp;</TD></TR>
<TR ALIGN=LEFT VALIGN=TOP><TD><P><FONT SIZE=+1>winter silence . . .<br>        another armload<br>                   of junk mail</FONT></TD></TR> <TR ALIGN=RIGHT VALIGN=TOP><TD>Ed Markowski<P>&nbsp;</TD></TR>
<TR ALIGN=LEFT VALIGN=TOP><TD><P><FONT SIZE=+1>swollen stream^×<br> my friend talks about<br> the cancer</FONT></TD></TR> <TR ALIGN=RIGHT VALIGN=TOP><TD>Gary Steinberg<P>&nbsp;</TD></TR>
<TR ALIGN=LEFT VALIGN=TOP><TD><P><FONT SIZE=+1>spring rain<br> the crumpled obituary<br> by my bed</FONT></TD></TR> <TR ALIGN=RIGHT VALIGN=TOP><TD>Aurora Antonovic<P>&nbsp;</TD></TR>
<TR ALIGN=LEFT VALIGN=TOP><TD><P><FONT SIZE=+1>Rain and wind^×<br> in the circle of mourners<br> one person smiling</FONT></TD></TR> <TR ALIGN=RIGHT VALIGN=TOP><TD>George Swede<P>&nbsp;</TD></TR>
<TR ALIGN=LEFT VALIGN=TOP><TD><P><FONT SIZE=+1>mausoleum^×<br> just passing<br> through</FONT></TD></TR> <TR ALIGN=RIGHT VALIGN=TOP><TD>Yu Chang<P>&nbsp;</TD></TR>
<TR ALIGN=LEFT VALIGN=TOP><TD><P><FONT SIZE=+1>Monday morning<br> ant on the coffee cup<br> going in circles</FONT></TD></TR> <TR ALIGN=RIGHT VALIGN=TOP><TD>Lane Parker<P>&nbsp;</TD></TR>
 
<TR ALIGN=LEFT VALIGN=TOP><TD><P><FONT SIZE=+1>country town<br> a railway station<br> without tracks</FONT></TD></TR> <TR ALIGN=RIGHT VALIGN=TOP><TD>Myron Lysenko<P>&nbsp;</TD></TR>
<TR ALIGN=LEFT VALIGN=TOP><TD><P><FONT SIZE=+1>for the second time<br> the mourning dove      feeding<br> without her mate</FONT></TD></TR> <TR ALIGN=RIGHT VALIGN=TOP><TD>Kathrine B. Steimann<P>&nbsp;</TD></TR>
<TR ALIGN=LEFT VALIGN=TOP><TD><P><FONT SIZE=+1>red-throated finch song<br> a hint of it in Beethoven^Òs<br> rhythm and angles</FONT></TD></TR> <TR ALIGN=RIGHT VALIGN=TOP><TD>Brent Partridge<P>&nbsp;</TD></TR>
<TR ALIGN=LEFT VALIGN=TOP><TD><P><FONT SIZE=+1>spring dawn<br> one at a time<br> the newborn^Òs eyes open</FONT></TD></TR> <TR ALIGN=RIGHT VALIGN=TOP><TD>Marcus Larsson<P>&nbsp;</TD></TR>
<TR ALIGN=LEFT VALIGN=TOP><TD><P><FONT SIZE=+1>no old habits^×<br> the newborn^Òs<br> cry</FONT></TD></TR> <TR ALIGN=RIGHT VALIGN=TOP><TD>Gary Hotham<P>&nbsp;</TD></TR>
<TR ALIGN=LEFT VALIGN=TOP><TD><P><FONT SIZE=+1>white handkerchief^×<br> my mother shoos<br> a cabbage moth</FONT></TD></TR> <TR ALIGN=RIGHT VALIGN=TOP><TD>George Dorsty<P>&nbsp;</TD></TR>
<TR ALIGN=LEFT VALIGN=TOP><TD><P><FONT SIZE=+1>evening rain^×<br> the screen door<br> covered with moths</FONT></TD></TR> <TR ALIGN=RIGHT VALIGN=TOP><TD>Collin Barber<P>&nbsp;</TD></TR>
<TR ALIGN=LEFT VALIGN=TOP><TD><P><FONT SIZE=+1>opening the window<br> after lovemaking<br> the earth^Òs fragrance</FONT></TD></TR> <TR ALIGN=RIGHT VALIGN=TOP><TD>Dietmar Tauchner<P>&nbsp;</TD></TR>
<TR ALIGN=LEFT VALIGN=TOP><TD><P><FONT SIZE=+1>bay shallows<br> a starfish moves its fingers<br> over mine</FONT></TD></TR> <TR ALIGN=RIGHT VALIGN=TOP><TD>Lorin Ford<P>&nbsp;</TD></TR>
<TR ALIGN=LEFT VALIGN=TOP><TD><P><FONT SIZE=+1>beached kelp^×<br> we examine each other^Òs<br> life lines</FONT></TD></TR> <TR ALIGN=RIGHT VALIGN=TOP><TD>Michael Dylan Welch<P>&nbsp;</TD></TR>
 
<TR ALIGN=LEFT VALIGN=TOP><TD><P><FONT SIZE=+1>a rainbow<br> horizon to horizon<br> the curved wings of gulls</FONT></TD></TR> <TR ALIGN=RIGHT VALIGN=TOP><TD>Grant D. Savage<P>&nbsp;</TD></TR>
<TR ALIGN=LEFT VALIGN=TOP><TD><P><FONT SIZE=+1>creek mouth<br> bathing the dog<br> in sunset</FONT></TD></TR> <TR ALIGN=RIGHT VALIGN=TOP><TD>Tony Beyer<P>&nbsp;</TD></TR>
<TR ALIGN=LEFT VALIGN=TOP><TD><P><FONT SIZE=+1>tomorrow I leave<br> cones high<br> in the old pine</FONT></TD></TR> <TR ALIGN=RIGHT VALIGN=TOP><TD>paul m.<P>&nbsp;</TD></TR>
<TR ALIGN=LEFT VALIGN=TOP><TD><P><FONT SIZE=+1>the ride<br> past the roadside fruit stand<br> ^×spring solitude</FONT></TD></TR> <TR ALIGN=RIGHT VALIGN=TOP><TD>Sabine Miller<P>&nbsp;</TD></TR>
<TR ALIGN=LEFT VALIGN=TOP><TD><P><FONT SIZE=+1>spring morning<br> a chained dog<br> settles in the dust</FONT></TD></TR> <TR ALIGN=RIGHT VALIGN=TOP><TD>Quendryth Young<P>&nbsp;</TD></TR>
<TR ALIGN=LEFT VALIGN=TOP><TD><P><FONT SIZE=+1>late spring<br> lamb^Òs play<br> in the slaughter yard</FONT></TD></TR> <TR ALIGN=RIGHT VALIGN=TOP><TD>Graham Nunn<P>&nbsp;</TD></TR>
<TR ALIGN=LEFT VALIGN=TOP><TD><P><FONT SIZE=+1>country road<br> no way home<br> without a detour</FONT></TD></TR> <TR ALIGN=RIGHT VALIGN=TOP><TD>Joann Klontz<P>&nbsp;</TD></TR>
<TR ALIGN=LEFT VALIGN=TOP><TD><P><FONT SIZE=+1>commute^×<br> carpooling with<br> the same fly</FONT></TD></TR> <TR ALIGN=RIGHT VALIGN=TOP><TD>Dave Bacharach<P>&nbsp;</TD></TR>
<TR ALIGN=LEFT VALIGN=TOP><TD><P><FONT SIZE=+1>summer rain<br> the back yeard hole filled<br> with tricycles</FONT></TD></TR> <TR ALIGN=RIGHT VALIGN=TOP><TD>richard krawiec<P>&nbsp;</TD></TR>
<TR ALIGN=LEFT VALIGN=TOP><TD><P><FONT SIZE=+1>first rain<br> the smell as dust<br> changes to mud</FONT></TD></TR> <TR ALIGN=RIGHT VALIGN=TOP><TD>Nathalie Buckland<P>&nbsp;</TD></TR>
 
<TR ALIGN=LEFT VALIGN=TOP><TD><P><FONT SIZE=+1>rainy morning^×<br> the old beggar not there<br> outside the tea shop</FONT></TD></TR> <TR ALIGN=RIGHT VALIGN=TOP><TD>K. Ramesh<P>&nbsp;</TD></TR>
<TR ALIGN=LEFT VALIGN=TOP><TD><P><FONT SIZE=+1>cool morning^×<br> the smell of garlic bread<br> reaches the street boy</FONT></TD></TR> <TR ALIGN=RIGHT VALIGN=TOP><TD>Melchor Chicon<P>&nbsp;</TD></TR>
<TR ALIGN=LEFT VALIGN=TOP><TD><P><FONT SIZE=+1>playground<br> searching the hubbub<br> for one voice</FONT></TD></TR> <TR ALIGN=RIGHT VALIGN=TOP><TD>Quendryth Young<P>&nbsp;</TD></TR>
<TR ALIGN=LEFT VALIGN=TOP><TD><P><FONT SIZE=+1>tongue out<br> the boy guides a new airplane<br> round and round</FONT></TD></TR> <TR ALIGN=RIGHT VALIGN=TOP><TD>Randy Brooks<P>&nbsp;</TD></TR>
<TR ALIGN=LEFT VALIGN=TOP><TD><P><FONT SIZE=+1>summer night<br> the strawberry stain<br> on a popsicle stick</FONT></TD></TR> <TR ALIGN=RIGHT VALIGN=TOP><TD>Harriot West<P>&nbsp;</TD></TR>
<TR ALIGN=LEFT VALIGN=TOP><TD><P><FONT SIZE=+1>bright morning<br> the smell of geraniums<br> on my fingers</FONT></TD></TR> <TR ALIGN=RIGHT VALIGN=TOP><TD>Allen McGill<P>&nbsp;</TD></TR>
<TR ALIGN=LEFT VALIGN=TOP><TD><P><FONT SIZE=+1>wild roses^×<br> the iron trellis<br> tilts to one side</FONT></TD></TR> <TR ALIGN=RIGHT VALIGN=TOP><TD>Adelaide Shaw<P>&nbsp;</TD></TR>
<TR ALIGN=LEFT VALIGN=TOP><TD><P><FONT SIZE=+1>looking up<br> rules of punctuation^×<br> the green hills</FONT></TD></TR> <TR ALIGN=RIGHT VALIGN=TOP><TD>Cherie Hunter Day<P>&nbsp;</TD></TR>
<TR ALIGN=LEFT VALIGN=TOP><TD><P><FONT SIZE=+1>origami<br> we fold the map into<br> a vacation</FONT></TD></TR> <TR ALIGN=RIGHT VALIGN=TOP><TD>Darrell Byrd<P>&nbsp;</TD></TR>
<TR ALIGN=LEFT VALIGN=TOP><TD><P><FONT SIZE=+1>Love-in-the-Mist^×<br> a Persian carpet<br> worn to warp threads</FONT></TD></TR> <TR ALIGN=RIGHT VALIGN=TOP><TD>D. Claire Gallagher<P>&nbsp;</TD></TR>
 
<TR ALIGN=LEFT VALIGN=TOP><TD><P><FONT SIZE=+1>garden path^×<br> the same weeds<br> in their country</FONT></TD></TR> <TR ALIGN=RIGHT VALIGN=TOP><TD>Gary Hotham<P>&nbsp;</TD></TR>
<TR ALIGN=LEFT VALIGN=TOP><TD><P><FONT SIZE=+1>wisp of a cloud<br> in a vast blue sky^×<br> my thoughts exactly</FONT></TD></TR> <TR ALIGN=RIGHT VALIGN=TOP><TD>Frank Critelli<P>&nbsp;</TD></TR>
<TR ALIGN=LEFT VALIGN=TOP><TD><P><FONT SIZE=+1>rain on the horizon<br> the inside of the nest<br> worn smooth</FONT></TD></TR> <TR ALIGN=RIGHT VALIGN=TOP><TD>Sabine Miller<P>&nbsp;</TD></TR>
<TR ALIGN=LEFT VALIGN=TOP><TD><P><FONT SIZE=+1>to the beat of rain<br> the builder darkens<br> with his wood</FONT></TD></TR> <TR ALIGN=RIGHT VALIGN=TOP><TD>LeRoy Gorman<P>&nbsp;</TD></TR>
<TR ALIGN=LEFT VALIGN=TOP><TD><P><FONT SIZE=+1>low tide<br> rain wets<br> the driftwood</FONT></TD></TR> <TR ALIGN=RIGHT VALIGN=TOP><TD>Tim Edwards<P>&nbsp;</TD></TR>
<TR ALIGN=LEFT VALIGN=TOP><TD><P><FONT SIZE=+1>jellyfish dance<br> breathing in<br> with a perfect stranger</FONT></TD></TR> <TR ALIGN=RIGHT VALIGN=TOP><TD>Sandra Simpson<P>&nbsp;</TD></TR>
<TR ALIGN=LEFT VALIGN=TOP><TD><P><FONT SIZE=+1>peonies^×<br> how earnestly we discuss<br> last night^Òs soap opera</FONT></TD></TR> <TR ALIGN=RIGHT VALIGN=TOP><TD>Carolyn Hall<P>&nbsp;</TD></TR>
<TR ALIGN=LEFT VALIGN=TOP><TD><P><FONT SIZE=+1>their love<br> now out in the open<br> night blooming jasmine</FONT></TD></TR> <TR ALIGN=RIGHT VALIGN=TOP><TD>Paul Pfleuger, Jr.<P>&nbsp;</TD></TR>
<TR ALIGN=LEFT VALIGN=TOP><TD><P><FONT SIZE=+1>cold tea<br> in the tea cup<br> no more to say</FONT></TD></TR> <TR ALIGN=RIGHT VALIGN=TOP><TD>Greg Piko<P>&nbsp;</TD></TR>
<TR ALIGN=LEFT VALIGN=TOP><TD><P><FONT SIZE=+1>summer breeze<br> taking down the wind chimes<br> you left</FONT></TD></TR> <TR ALIGN=RIGHT VALIGN=TOP><TD>Graham Nunn<P>&nbsp;</TD></TR>
 
<TR ALIGN=LEFT VALIGN=TOP><TD><P><FONT SIZE=+1>heat wave^×<br> a spider pokes a leg<br> from a curled leaf</FONT></TD></TR> <TR ALIGN=RIGHT VALIGN=TOP><TD>Cindy Zackowitz<P>&nbsp;</TD></TR>
<TR ALIGN=LEFT VALIGN=TOP><TD><P><FONT SIZE=+1>heat<br> the smell of ozone<br> before a storm</FONT></TD></TR> <TR ALIGN=RIGHT VALIGN=TOP><TD>Mark M. Bastian<P>&nbsp;</TD></TR>
<TR ALIGN=LEFT VALIGN=TOP><TD><P><FONT SIZE=+1>summer^Òs end<br> only dead grass<br> shows the circus was here</FONT></TD></TR> <TR ALIGN=RIGHT VALIGN=TOP><TD>Sandra Simpson<P>&nbsp;</TD></TR>
<TR ALIGN=LEFT VALIGN=TOP><TD><P><FONT SIZE=+1>litter<br> in the wildflowers<br> prisoners</FONT></TD></TR> <TR ALIGN=RIGHT VALIGN=TOP><TD>Marilyn Appl Walker<P>&nbsp;</TD></TR>
<TR ALIGN=LEFT VALIGN=TOP><TD><P><FONT SIZE=+1>the horse fly<br> attracted to my ear<br> . . . strike three</FONT></TD></TR> <TR ALIGN=RIGHT VALIGN=TOP><TD>Dustin Neal                                       <P>&nbsp;</TD></TR>
<TR ALIGN=LEFT VALIGN=TOP><TD><P><FONT SIZE=+1>day winding down<br> the pink flick<br> of a lizard^Òs tongue</FONT></TD></TR> <TR ALIGN=RIGHT VALIGN=TOP><TD>Carolyn Hall<P>&nbsp;</TD></TR>
<TR ALIGN=LEFT VALIGN=TOP><TD><P><FONT SIZE=+1>withering garden^×<br> ladybugs neatly wrapped<br> in spider silk</FONT></TD></TR> <TR ALIGN=RIGHT VALIGN=TOP><TD>Curtis Dunlap<P>&nbsp;</TD></TR>
<TR ALIGN=LEFT VALIGN=TOP><TD><P><FONT SIZE=+1>summer drought^×<br> deciding where<br> to cross the creek</FONT></TD></TR> <TR ALIGN=RIGHT VALIGN=TOP><TD>Rodney Stevens<P>&nbsp;</TD></TR>
<TR ALIGN=LEFT VALIGN=TOP><TD><P><FONT SIZE=+1>moonlight<br> on a white cactus blossom<br> end of summer</FONT></TD></TR> <TR ALIGN=RIGHT VALIGN=TOP><TD>Victor Ortiz<P>&nbsp;</TD></TR>
<TR ALIGN=LEFT VALIGN=TOP><TD><P><FONT SIZE=+1>summer moon^×<br> her eyelashes touch<br> the telescope lens</FONT></TD></TR> <TR ALIGN=RIGHT VALIGN=TOP><TD>Chad Lee Robinson<P>&nbsp;</TD></TR>
 
<TR ALIGN=LEFT VALIGN=TOP><TD><P><FONT SIZE=+1>summer^Òs end<br> loose-leaf notebook snaps<br> echo in the hall</FONT></TD></TR> <TR ALIGN=RIGHT VALIGN=TOP><TD>Sari Grandstaff<P>&nbsp;</TD></TR>
<TR ALIGN=LEFT VALIGN=TOP><TD><P><FONT SIZE=+1>early autumn park<br> the perfect circles<br> of a little girl</FONT></TD></TR> <TR ALIGN=RIGHT VALIGN=TOP><TD>Bruce Ross<P>&nbsp;</TD></TR>
<TR ALIGN=LEFT VALIGN=TOP><TD><P><FONT SIZE=+1>crisp blue sky<br> the fir tip<br> rests a crow</FONT></TD></TR> <TR ALIGN=RIGHT VALIGN=TOP><TD>Elizabeth Kusuda<P>&nbsp;</TD></TR>
<TR ALIGN=LEFT VALIGN=TOP><TD><P><FONT SIZE=+1>autumn walk<br> needles at the bottom<br> of the stream</FONT></TD></TR> <TR ALIGN=RIGHT VALIGN=TOP><TD>Odd G. Aksnes<P>&nbsp;</TD></TR>
<TR ALIGN=LEFT VALIGN=TOP><TD><P><FONT SIZE=+1>spawning salmon^×<br> a bubble rises between<br> the river stones</FONT></TD></TR> <TR ALIGN=RIGHT VALIGN=TOP><TD>Cindy Zackowitz<P>&nbsp;</TD></TR>
<TR ALIGN=LEFT VALIGN=TOP><TD><P><FONT SIZE=+1>autumn breeze<br>  pine cone waddles<br> toward the shore</FONT></TD></TR> <TR ALIGN=RIGHT VALIGN=TOP><TD>Allan Burns<P>&nbsp;</TD></TR>
<TR ALIGN=LEFT VALIGN=TOP><TD><P><FONT SIZE=+1>nameless stream<br> I vaguely remember<br> my father^Òs face</FONT></TD></TR> <TR ALIGN=RIGHT VALIGN=TOP><TD>Katherine Cudney<P>&nbsp;</TD></TR>
<TR ALIGN=LEFT VALIGN=TOP><TD><P><FONT SIZE=+1>windrows . . .<br> the undulating whistle<br> of pigeon wings</FONT></TD></TR> <TR ALIGN=RIGHT VALIGN=TOP><TD>John Barlow<P>&nbsp;</TD></TR>
<TR ALIGN=LEFT VALIGN=TOP><TD><P><FONT SIZE=+1>autumn wind<br> the sidelong glance<br> from a goose</FONT></TD></TR> <TR ALIGN=RIGHT VALIGN=TOP><TD>Robert Bauer<P>&nbsp;</TD></TR>
<TR ALIGN=LEFT VALIGN=TOP><TD><P><FONT SIZE=+1>Indian summer^×<br> a squirrel tips over<br> the bag of rock salt</FONT></TD></TR> <TR ALIGN=RIGHT VALIGN=TOP><TD>David Giacalone<P>&nbsp;</TD></TR>
 
<TR ALIGN=LEFT VALIGN=TOP><TD><P><FONT SIZE=+1>heat lightning<br> the skull of a deer<br> in the tall grass</FONT></TD></TR> <TR ALIGN=RIGHT VALIGN=TOP><TD>William Cullen, Jr.<P>&nbsp;</TD></TR>
<TR ALIGN=LEFT VALIGN=TOP><TD><P><FONT SIZE=+1>All Souls^Ò . . .<br>  wasp returns<br> to the lintel</FONT></TD></TR> <TR ALIGN=RIGHT VALIGN=TOP><TD>Helen Buckingham<P>&nbsp;</TD></TR>
<TR ALIGN=LEFT VALIGN=TOP><TD><P><FONT SIZE=+1>a cloud of dust<br> behind the tractor . . .<br> harvest moon rising</FONT></TD></TR> <TR ALIGN=RIGHT VALIGN=TOP><TD>Kay F. Anderson<P>&nbsp;</TD></TR>
<TR ALIGN=LEFT VALIGN=TOP><TD><P><FONT SIZE=+1>autumn dusk^×<br> the hill gradually slopes<br> toward city din</FONT></TD></TR> <TR ALIGN=RIGHT VALIGN=TOP><TD>Kala Ramesh<P>&nbsp;</TD></TR>
<TR ALIGN=LEFT VALIGN=TOP><TD><P><FONT SIZE=+1>evening shadows<br> white egrets fold<br> into their trees</FONT></TD></TR> <TR ALIGN=RIGHT VALIGN=TOP><TD>Lynne Steel<P>&nbsp;</TD></TR>
<TR ALIGN=LEFT VALIGN=TOP><TD><P><FONT SIZE=+1>scent of windfalls^×<br> the whisper<br> of solitaire cards</FONT></TD></TR> <TR ALIGN=RIGHT VALIGN=TOP><TD>D. Claire Gallagher<P>&nbsp;</TD></TR>
<TR ALIGN=LEFT VALIGN=TOP><TD><P><FONT SIZE=+1>barn for sale^×<br> between the rafter<br> a wedge of moon</FONT></TD></TR> <TR ALIGN=RIGHT VALIGN=TOP><TD>Edith Bartholomeusz<P>&nbsp;</TD></TR>
<TR ALIGN=LEFT VALIGN=TOP><TD><P><FONT SIZE=+1>old armchair . . .<br> its weight<br> this autumn night</FONT></TD></TR> <TR ALIGN=RIGHT VALIGN=TOP><TD>George Dorsty<P>&nbsp;</TD></TR>
<TR ALIGN=LEFT VALIGN=TOP><TD><P><FONT SIZE=+1>historic cabin<br> we nibble windfall apples<br> on the rotten porch</FONT></TD></TR> <TR ALIGN=RIGHT VALIGN=TOP><TD>Elizabeth Howard<P>&nbsp;</TD></TR>
<TR ALIGN=LEFT VALIGN=TOP><TD><P><FONT SIZE=+1>fall night heavens . . .<br> the sound of our bath<br> draining</FONT></TD></TR> <TR ALIGN=RIGHT VALIGN=TOP><TD>Scott Metz<P>&nbsp;</TD></TR>
 
<TR ALIGN=LEFT VALIGN=TOP><TD><P><FONT SIZE=+1>college photos<br> out of the shoe box<br> a dry apple core</FONT></TD></TR> <TR ALIGN=RIGHT VALIGN=TOP><TD>Yu Chang<P>&nbsp;</TD></TR>
<TR ALIGN=LEFT VALIGN=TOP><TD><P><FONT SIZE=+1>sweet grapes<br> the conversation passes<br> between friends</FONT></TD></TR> <TR ALIGN=RIGHT VALIGN=TOP><TD>Hilary Tann<P>&nbsp;</TD></TR>
<TR ALIGN=LEFT VALIGN=TOP><TD><P><FONT SIZE=+1>fall leaves<br> he tells me<br> I^Òve changed</FONT></TD></TR> <TR ALIGN=RIGHT VALIGN=TOP><TD>Katherine Cudney<P>&nbsp;</TD></TR>
<TR ALIGN=LEFT VALIGN=TOP><TD><P><FONT SIZE=+1>shortening flames<br> from the blacksmith^Òs coals<br> autumn sun</FONT></TD></TR> <TR ALIGN=RIGHT VALIGN=TOP><TD>Lenard D. Moore<P>&nbsp;</TD></TR>
<TR ALIGN=LEFT VALIGN=TOP><TD><P><FONT SIZE=+1>autumn sun<br> I follow the shadow<br> with the limp</FONT></TD></TR> <TR ALIGN=RIGHT VALIGN=TOP><TD>Jerry Ball<P>&nbsp;</TD></TR>
<TR ALIGN=LEFT VALIGN=TOP><TD><P><FONT SIZE=+1>autumn^Òs scent<br> in the pile of leaves . . .<br> I take the dare</FONT></TD></TR> <TR ALIGN=RIGHT VALIGN=TOP><TD>Connie Donleycott<P>&nbsp;</TD></TR>
<TR ALIGN=LEFT VALIGN=TOP><TD><P><FONT SIZE=+1>approaching winter<br> the fragrance of herbs<br> under sweet straw</FONT></TD></TR> <TR ALIGN=RIGHT VALIGN=TOP><TD>Hilary Tann<P>&nbsp;</TD></TR>
<TR ALIGN=LEFT VALIGN=TOP><TD><P><FONT SIZE=+1>bumper crop . . .<br> the pecan tree^Òs shadow<br> stippled in shells</FONT></TD></TR> <TR ALIGN=RIGHT VALIGN=TOP><TD>Nancy Stewart Smith<P>&nbsp;</TD></TR>
<TR ALIGN=LEFT VALIGN=TOP><TD><P><FONT SIZE=+1>autumn mist<br> the honey locust<br> holding light</FONT></TD></TR> <TR ALIGN=RIGHT VALIGN=TOP><TD>Ann K. Schwader<P>&nbsp;</TD></TR>
<TR ALIGN=LEFT VALIGN=TOP><TD><P><FONT SIZE=+1>late night^×<br> a waitress repeats<br> the list of pies</FONT></TD></TR> <TR ALIGN=RIGHT VALIGN=TOP><TD>John Stevenson<P>&nbsp;</TD></TR>
 
<TR ALIGN=LEFT VALIGN=TOP><TD><P><FONT SIZE=+1>at the funeral<br> his secret life<br> white chrysanthemum</FONT></TD></TR> <TR ALIGN=RIGHT VALIGN=TOP><TD>Anne Homan<P>&nbsp;</TD></TR>
<TR ALIGN=LEFT VALIGN=TOP><TD><P><FONT SIZE=+1>crescent moon<br> the smooth curves<br> of her headstone</FONT></TD></TR> <TR ALIGN=RIGHT VALIGN=TOP><TD>Marie Summers<P>&nbsp;</TD></TR>
<TR ALIGN=LEFT VALIGN=TOP><TD><P><FONT SIZE=+1>memorial tablet<br> copper letters push up<br> through the snow</FONT></TD></TR> <TR ALIGN=RIGHT VALIGN=TOP><TD>Kay Grimnes<P>&nbsp;</TD></TR>
<TR ALIGN=LEFT VALIGN=TOP><TD><P><FONT SIZE=+1>Shortest day<br> a sparrow chirps<br> in the dark</FONT></TD></TR> <TR ALIGN=RIGHT VALIGN=TOP><TD>George Swede<P>&nbsp;</TD></TR>
<TR ALIGN=LEFT VALIGN=TOP><TD><P><FONT SIZE=+1>his Christmas package . . .<br> the icy steps<br> of the post office</FONT></TD></TR> <TR ALIGN=RIGHT VALIGN=TOP><TD>Alice Frampton<P>&nbsp;</TD></TR>
<TR ALIGN=LEFT VALIGN=TOP><TD><P><FONT SIZE=+1>Nutcracker Suite^×<br> a star falls from<br> the ballerina^Òs hair.</FONT></TD></TR> <TR ALIGN=RIGHT VALIGN=TOP><TD>Alexis K. Rotella<P>&nbsp;</TD></TR>
<TR ALIGN=LEFT VALIGN=TOP><TD><P><FONT SIZE=+1>frost<br> everywhere I look^×<br> the Milky Way</FONT></TD></TR> <TR ALIGN=RIGHT VALIGN=TOP><TD>Jörgen Johansson<P>&nbsp;</TD></TR>
<TR ALIGN=LEFT VALIGN=TOP><TD><P><FONT SIZE=+1>cold night<br> the dashboard lights<br> of another car</FONT></TD></TR> <TR ALIGN=RIGHT VALIGN=TOP><TD>John Stevenson<P>&nbsp;</TD></TR>
<TR ALIGN=LEFT VALIGN=TOP><TD><P><FONT SIZE=+1>town tree^×<br> amongst the Christmas lights<br> a crow^Òs nest</FONT></TD></TR> <TR ALIGN=RIGHT VALIGN=TOP><TD>Colo Buchanan<P>&nbsp;</TD></TR>
<TR ALIGN=LEFT VALIGN=TOP><TD><P><FONT SIZE=+1>as I wait for you<br> the light of Venus<br> through falling leaves</FONT></TD></TR> <TR ALIGN=RIGHT VALIGN=TOP><TD>Kirsty Karkow<P>&nbsp;</TD></TR>
 
<TR ALIGN=LEFT VALIGN=TOP><TD><P><FONT SIZE=+1>falling leaves<br> we both speak<br> of living wills</FONT></TD></TR> <TR ALIGN=RIGHT VALIGN=TOP><TD>Tom Tico<P>&nbsp;</TD></TR>
<TR ALIGN=LEFT VALIGN=TOP><TD><P><FONT SIZE=+1>New Year^Òs Eve^×<br> sending prayer slips<br> with the ebb tide</FONT></TD></TR> <TR ALIGN=RIGHT VALIGN=TOP><TD>Nara Bauer<P>&nbsp;</TD></TR>
<TR ALIGN=LEFT VALIGN=TOP><TD><P><FONT SIZE=+1>watching the waves . . .<br> a stray dog settles<br> beside me</FONT></TD></TR> <TR ALIGN=RIGHT VALIGN=TOP><TD>K. Ramesh<P>&nbsp;</TD></TR>
<TR ALIGN=LEFT VALIGN=TOP><TD><P><FONT SIZE=+1>winter dusk<br> a grandchild draws<br> my weary smile</FONT></TD></TR> <TR ALIGN=RIGHT VALIGN=TOP><TD>Laryalee Fraser<P>&nbsp;</TD></TR>
<TR ALIGN=LEFT VALIGN=TOP><TD><P><FONT SIZE=+1>winter stars . . .<br> I learn to paint<br> empty spaces</FONT></TD></TR> <TR ALIGN=RIGHT VALIGN=TOP><TD>Andrea Grillo<P>&nbsp;</TD></TR>
<TR ALIGN=LEFT VALIGN=TOP><TD><P><FONT SIZE=+1>walking the dogs<br> over the snowy fields^×<br> Orion</FONT></TD></TR> <TR ALIGN=RIGHT VALIGN=TOP><TD>Tomislav Maretic<P>&nbsp;</TD></TR>
<TR ALIGN=LEFT VALIGN=TOP><TD><P><FONT SIZE=+1>cold morning<br> the soap bar<br> razor thin</FONT></TD></TR> <TR ALIGN=RIGHT VALIGN=TOP><TD>Scott Mason<P>&nbsp;</TD></TR>
<TR ALIGN=LEFT VALIGN=TOP><TD><P><FONT SIZE=+1>first snow^×<br> against my will<br> the beauty</FONT></TD></TR> <TR ALIGN=RIGHT VALIGN=TOP><TD>Mary Lee McClure<P>&nbsp;</TD></TR>
<TR ALIGN=LEFT VALIGN=TOP><TD><P><FONT SIZE=+1>snow day . . .<br> finding my first grade class<br> in a drawer</FONT></TD></TR> <TR ALIGN=RIGHT VALIGN=TOP><TD>Scott Mason<P>&nbsp;</TD></TR>
<TR ALIGN=LEFT VALIGN=TOP><TD><P><FONT SIZE=+1>leaf-fall<br> for a moment<br> the cat all kitten</FONT></TD></TR> <TR ALIGN=RIGHT VALIGN=TOP><TD>Yvonne Cabalona<P>&nbsp;</TD></TR>
 
<TR ALIGN=LEFT VALIGN=TOP><TD><P><FONT SIZE=+1>still a few leaves^×<br> dog hair<br> painted into the wall</FONT></TD></TR> <TR ALIGN=RIGHT VALIGN=TOP><TD>David Boyer<P>&nbsp;</TD></TR>
<TR ALIGN=LEFT VALIGN=TOP><TD><P><FONT SIZE=+1>winter light<br> flour, sugar, and the canister<br> that held dog biscuits</FONT></TD></TR> <TR ALIGN=RIGHT VALIGN=TOP><TD>paul m.<P>&nbsp;</TD></TR>
<TR ALIGN=LEFT VALIGN=TOP><TD><P><FONT SIZE=+1>first snowflakes<br> a cat whisker<br> in my hand</FONT></TD></TR> <TR ALIGN=RIGHT VALIGN=TOP><TD>Marili Deandrea<P>&nbsp;</TD></TR>
<TR ALIGN=LEFT VALIGN=TOP><TD><P><FONT SIZE=+1>deep winter<br> not knowing or certain<br> where the garden is</FONT></TD></TR> <TR ALIGN=RIGHT VALIGN=TOP><TD>Burnell Lippy<P>&nbsp;</TD></TR>
<TR ALIGN=LEFT VALIGN=TOP><TD><P><FONT SIZE=+1>snowman<br> one less carrot<br> in the pot</FONT></TD></TR> <TR ALIGN=RIGHT VALIGN=TOP><TD>Beverly Tift<P>&nbsp;</TD></TR>
<TR ALIGN=LEFT VALIGN=TOP><TD><P><FONT SIZE=+1>bare branch ridged with snow<br> a chickadee<br> powders my face</FONT></TD></TR> <TR ALIGN=RIGHT VALIGN=TOP><TD>Linda Jeannette Ward<P>&nbsp;</TD></TR>
<TR ALIGN=LEFT VALIGN=TOP><TD><P><FONT SIZE=+1>cold morning<br> the old horse gets up<br> and goes to work</FONT></TD></TR> <TR ALIGN=RIGHT VALIGN=TOP><TD>Ruth Holzer<P>&nbsp;</TD></TR>
