<p><a href=#POEM1>Christopher Patchel</a>
<p><a href=#POEM2>Ken Hurm</a>
<p><a href=#POEM3>Kirsty Karkow</a>
<p><a href=#POEM4>Deb Baker</a>
<p><a href=#POEM5>Connie Donleycott</a>
<p><a href=#POEM6>Scott Mason</a>
<p><a href=#POEM7>William Cullen, Jr.</a>
<p><a href=#POEM8>Roger Jones</a>
<p><a href=#POEM9>Peter Yovu</a>
<p><a href=#POEM10>Cherie Hunter Day</a>
 
<p><a href=#POEM1>Ken Hurm</a>
<p><a href=#POEM2>Cindy Zackowitz</a>
<p><a href=#POEM3>Patricia Prime</a>
<p><a href=#POEM4>Dana Duclo</a>
<p><a href=#POEM5>Mike Montreuil</a>
<p><a href=#POEM6>Michael McClintock</a>
<p><a href=#POEM7>Lorin Ford</a>
<p><a href=#POEM8>John Stevenson</a>
<p><a href=#POEM9>Dietmar Tauchner</a>
<p><a href=#POEM10>Jay Haskins</a>
 
<p><a href=#POEM1>Philip Miller</a>
<p><a href=#POEM2>Marcus Larsson</a>
<p><a href=#POEM3>Alice Frampton</a>
<p><a href=#POEM4>Aurora Antonovic</a>
<p><a href=#POEM5>Joan Zimmermann</a>
<p><a href=#POEM6>paul m.</a>
<p><a href=#POEM7>Priscilla VanValkenburgh</a>
<p><a href=#POEM8>Greg Piko</a>
<p><a href=#POEM9>Neil Muscott</a>
<p><a href=#POEM10>Joan Murphy</a>
 
<p><a href=#POEM1>Audrey Downey</a>
<p><a href=#POEM2>John Martell</a>
<p><a href=#POEM3>CarrieAnn Thunell</a>
<p><a href=#POEM4>Matthew Cariello</a>
<p><a href=#POEM5>Angelee Deodhar</a>
<p><a href=#POEM6>Paul Pfleuger, Jr.</a>
<p><a href=#POEM7>Sandra Simpson</a>
<p><a href=#POEM8>John Barlow</a>
<p><a href=#POEM9>Glenn Coats</a>
<p><a href=#POEM10>Kala Ramesh</a>
 
<p><a href=#POEM1>Liz Crane</a>
<p><a href=#POEM2>paul m.</a>
<p><a href=#POEM3>Ruth Holzer</a>
<p><a href=#POEM4>Ron Moss</a>
<p><a href=#POEM5>Gary Hotham</a>
<p><a href=#POEM6>Irene Golas</a>
<p><a href=#POEM7>Sherry Weaver-Smith</a>
<p><a href=#POEM8>Sabine Miller</a>
<p><a href=#POEM9>Cindy Zackowitz</a>
<p><a href=#POEM10>Jo McInerney</a>
 
<p><a href=#POEM1>George Swede</a>
<p><a href=#POEM2>Sandra Mooney Ellerbeck</a>
<p><a href=#POEM3>Michele Root-Bernstein</a>
<p><a href=#POEM4>Kay Grimnes</a>
<p><a href=#POEM5>Allan Burns</a>
<p><a href=#POEM6>Ruth Yarrow</a>
<p><a href=#POEM7>Bruce Ross</a>
<p><a href=#POEM8>Ann K. Schwader</a>
<p><a href=#POEM9>Tony Beyer</a>
<p><a href=#POEM10>Harriott West</a>
 
<p><a href=#POEM1>Collin Barber</a>
<p><a href=#POEM2>Marilyn Murphy</a>
<p><a href=#POEM3>Brent Partridge</a>
<p><a href=#POEM4>Elizabeth Kusuda</a>
<p><a href=#POEM5>Katrina Shepherd</a>
<p><a href=#POEM6>William Cullen, Jr.</a>
<p><a href=#POEM7>David Giacalone</a>
<p><a href=#POEM8>Michael Dylan Welch</a>
<p><a href=#POEM9>Vladislav Vassiliev</a>
<p><a href=#POEM10>Raquel D. Bailey</a>
 
<p><a href=#POEM1>Victor Ortiz</a>
<p><a href=#POEM2>Barry George</a>
<p><a href=#POEM3>LeRoy Gorman</a>
<p><a href=#POEM4>Carolyn Hall</a>
<p><a href=#POEM5>Tom Tico</a>
<p><a href=#POEM6>Elizabeth Nordeen</a>
<p><a href=#POEM7>Burnell Lippy</a>
<p><a href=#POEM8>Grant Savage</a>
<p><a href=#POEM9>Yvonne Cabalona</a>
<p><a href=#POEM10>Adelaide B. Shaw</a>
 
<p><a href=#POEM1>Harriott West</a>
<p><a href=#POEM2>Susan Constable</a>
<p><a href=#POEM3>Karen Cesar</a>
<p><a href=#POEM4>Deb Baker</a>
<p><a href=#POEM5>Elizabeth Howard</a>
<p><a href=#POEM6>Hortensia Anderson</a>
<p><a href=#POEM7>Susan Constable</a>
<p><a href=#POEM8>Quendryth Young</a>
<p><a href=#POEM9>Audrey Downey</a>
<p><a href=#POEM10>Carmen Sterba</a>
 
<p><a href=#POEM1>Marianna Monaco</a>
<p><a href=#POEM2>Yu Chang</a>
<p><a href=#POEM3>Vanessa Proctor</a>
<p><a href=#POEM4>John Kinory</a>
<p><a href=#POEM5>Carolyn Hall</a>
<p><a href=#POEM6>Marilyn Appl Walker</a>
<p><a href=#POEM7>Nancy Nitrio</a>
<p><a href=#POEM8>Helen Buckingham</a>
<p><a href=#POEM9>William Scott Galasso</a>
<p><a href=#POEM10>Nathalie Buckland</a>
 
<p><a href=#POEM1>Timothy Hawkes</a>
<p><a href=#POEM2>K. Ramesh</a>
<p><a href=#POEM3>C. Avery</a>
<p><a href=#POEM4>George Swede</a>
<p><a href=#POEM5>Yu Chang</a>
<p><a href=#POEM6>Margaret Chula</a>
<p><a href=#POEM7>Janelle Barrera</a>
<p><a href=#POEM8>Hilary Tann</a>
<p><a href=#POEM9>Margarita Engle</a>
<p><a href=#POEM10>Bob Lucky</a>
 
<p><a href=#POEM1>Traci M. Batchelder</a>
<p><a href=#POEM2>Keiko Izawa</a>
<p><a href=#POEM3>D. Claire Gallagher</a>
<p><a href=#POEM4>Vladislav Vassiliev</a>
<p><a href=#POEM5>Sean MacMathuna</a>
<p><a href=#POEM6>George Dorsty</a>
<p><a href=#POEM7>Sandra Simpson</a>
<p><a href=#POEM8>Bob Lucky</a>
<p><a href=#POEM9>Lenard D. Moore</a>
<p><a href=#POEM10>Michael McClintock</a>
 
<p><a href=#POEM1>og aksnes</a>
<p><a href=#POEM2>Claudette Russell</a>
<p><a href=#POEM3>Darrell Lindsey</a>
<p><a href=#POEM4>Jay Haskins</a>
<p><a href=#POEM5>Ellen Compton</a>
<p><a href=#POEM6>Laryalee Fraser</a>
