<TR ALIGN=LEFT VALIGN=TOP><TD><P><FONT SIZE=+1>fireflies<br> and I get to stay out<br> as long as I like</FONT></TD></TR> <TR ALIGN=RIGHT VALIGN=TOP><TD>Christopher Patchel<P>&nbsp;</TD></TR>
<TR ALIGN=LEFT VALIGN=TOP><TD><P><FONT SIZE=+1>late summer<br> chant of carnies<br> driving stakes</FONT></TD></TR> <TR ALIGN=RIGHT VALIGN=TOP><TD>Ken Hurm<P>&nbsp;</TD></TR>
<TR ALIGN=LEFT VALIGN=TOP><TD><P><FONT SIZE=+1>seaside cabin<br> a picture window<br> in every room</FONT></TD></TR> <TR ALIGN=RIGHT VALIGN=TOP><TD>Kirsty Karkow<P>&nbsp;</TD></TR>
<TR ALIGN=LEFT VALIGN=TOP><TD><P><FONT SIZE=+1>sea light<br> this year she wades<br> into the waves alone</FONT></TD></TR> <TR ALIGN=RIGHT VALIGN=TOP><TD>Deb Baker<P>&nbsp;</TD></TR>
<TR ALIGN=LEFT VALIGN=TOP><TD><P><FONT SIZE=+1>weekend getaway<br> we give a name<br> to the jetty cat</FONT></TD></TR> <TR ALIGN=RIGHT VALIGN=TOP><TD>Connie Donleycott<P>&nbsp;</TD></TR>
<TR ALIGN=LEFT VALIGN=TOP><TD><P><FONT SIZE=+1>end of summer&nbsp;&#8212;<br> the beachcomber palms<br> a cigarette</FONT></TD></TR> <TR ALIGN=RIGHT VALIGN=TOP><TD>Scott Mason<P>&nbsp;</TD></TR>
<TR ALIGN=LEFT VALIGN=TOP><TD><P><FONT SIZE=+1>ebb tide<br> a trail of jellyfish<br> out to the moon</FONT></TD></TR> <TR ALIGN=RIGHT VALIGN=TOP><TD>William Cullen, Jr.<P>&nbsp;</TD></TR>
<TR ALIGN=LEFT VALIGN=TOP><TD><P><FONT SIZE=+1>rumbling ocean<br> old stories<br> circle the campfire</FONT></TD></TR> <TR ALIGN=RIGHT VALIGN=TOP><TD>Roger Jones<P>&nbsp;</TD></TR>
<TR ALIGN=LEFT VALIGN=TOP><TD><P><FONT SIZE=+1>the city below&nbsp;&#8212;<br> in my hand traces of<br> a firefly I held too tight</FONT></TD></TR> <TR ALIGN=RIGHT VALIGN=TOP><TD>Peter Yovu<P>&nbsp;</TD></TR>
<TR ALIGN=LEFT VALIGN=TOP><TD><P><FONT SIZE=+1>river gorge<br> the long way<br> through yellow aspen</FONT></TD></TR> <TR ALIGN=RIGHT VALIGN=TOP><TD>Cherie Hunter Day<P>&nbsp;</TD></TR>
 
<TR ALIGN=LEFT VALIGN=TOP><TD><P><FONT SIZE=+1>autumn trail<br> cub scouts stomping<br> over the footbridge</FONT></TD></TR> <TR ALIGN=RIGHT VALIGN=TOP><TD>Ken Hurm<P>&nbsp;</TD></TR>
<TR ALIGN=LEFT VALIGN=TOP><TD><P><FONT SIZE=+1>new coolness&nbsp;&#8212;<br> a bird flies toward<br> a hole in the clouds</FONT></TD></TR> <TR ALIGN=RIGHT VALIGN=TOP><TD>Cindy Zackowitz<P>&nbsp;</TD></TR>
<TR ALIGN=LEFT VALIGN=TOP><TD><P><FONT SIZE=+1>shortening days<br> the neighbour&#8217;s dog<br> welcomes me home</FONT></TD></TR> <TR ALIGN=RIGHT VALIGN=TOP><TD>Patricia Prime<P>&nbsp;</TD></TR>
<TR ALIGN=LEFT VALIGN=TOP><TD><P><FONT SIZE=+1>disappearing sun&nbsp;&#8212;<br> the first bubble<br> in the pasta sauce</FONT></TD></TR> <TR ALIGN=RIGHT VALIGN=TOP><TD>Dana Duclo<P>&nbsp;</TD></TR>
<TR ALIGN=LEFT VALIGN=TOP><TD><P><FONT SIZE=+1>harvest moon<br> I find you dancing<br> with the scarecrows</FONT></TD></TR> <TR ALIGN=RIGHT VALIGN=TOP><TD>Mike Montreuil<P>&nbsp;</TD></TR>
<TR ALIGN=LEFT VALIGN=TOP><TD><P><FONT SIZE=+1>the old shoes<br> on my feet . . .<br> a path in the dark</FONT></TD></TR> <TR ALIGN=RIGHT VALIGN=TOP><TD>Michael McClintock<P>&nbsp;</TD></TR>
<TR ALIGN=LEFT VALIGN=TOP><TD><P><FONT SIZE=+1>Milky Way<br> the crunch of glass<br> along the bike path</FONT></TD></TR> <TR ALIGN=RIGHT VALIGN=TOP><TD>Lorin Ford<P>&nbsp;</TD></TR>
<TR ALIGN=LEFT VALIGN=TOP><TD><P><FONT SIZE=+1>this Halloween,<br> children born since<br> 9/11</FONT></TD></TR> <TR ALIGN=RIGHT VALIGN=TOP><TD>John Stevenson<P>&nbsp;</TD></TR>
<TR ALIGN=LEFT VALIGN=TOP><TD><P><FONT SIZE=+1>harvest moon<br> when will the stray dog<br> find its home?</FONT></TD></TR> <TR ALIGN=RIGHT VALIGN=TOP><TD>Dietmar Tauchner<P>&nbsp;</TD></TR>
<TR ALIGN=LEFT VALIGN=TOP><TD><P><FONT SIZE=+1>evening wind<br> everything in motion<br> but the moon</FONT></TD></TR> <TR ALIGN=RIGHT VALIGN=TOP><TD>Jay Haskins<P>&nbsp;</TD></TR>
 
<TR ALIGN=LEFT VALIGN=TOP><TD><P><FONT SIZE=+1>her auburn hair<br> still catches my eye&nbsp;&#8212;<br> autumn wind</FONT></TD></TR> <TR ALIGN=RIGHT VALIGN=TOP><TD>Philip Miller<P>&nbsp;</TD></TR>
<TR ALIGN=LEFT VALIGN=TOP><TD><P><FONT SIZE=+1>Indian summer<br> the drawing teacher draws<br> between classes</FONT></TD></TR> <TR ALIGN=RIGHT VALIGN=TOP><TD>Marcus Larsson<P>&nbsp;</TD></TR>
<TR ALIGN=LEFT VALIGN=TOP><TD><P><FONT SIZE=+1>mid-week<br> the crouch<br> of a grasshopper</FONT></TD></TR> <TR ALIGN=RIGHT VALIGN=TOP><TD>Alice Frampton<P>&nbsp;</TD></TR>
<TR ALIGN=LEFT VALIGN=TOP><TD><P><FONT SIZE=+1>clouded moon<br> I let the machine<br> pick up his call</FONT></TD></TR> <TR ALIGN=RIGHT VALIGN=TOP><TD>Aurora Antonovic<P>&nbsp;</TD></TR>
<TR ALIGN=LEFT VALIGN=TOP><TD><P><FONT SIZE=+1>Family quarrel<br> the breakfast tartness<br> of fresh quince jam</FONT></TD></TR> <TR ALIGN=RIGHT VALIGN=TOP><TD>Joan Zimmermann<P>&nbsp;</TD></TR>
<TR ALIGN=LEFT VALIGN=TOP><TD><P><FONT SIZE=+1>early to the station<br> ducks fly overhead<br> in pairs</FONT></TD></TR> <TR ALIGN=RIGHT VALIGN=TOP><TD>paul m.<P>&nbsp;</TD></TR>
<TR ALIGN=LEFT VALIGN=TOP><TD><P><FONT SIZE=+1>parking lot crow&nbsp;&#8212;<br> the same complaints<br> every morning</FONT></TD></TR> <TR ALIGN=RIGHT VALIGN=TOP><TD>Priscilla VanValkenburgh<P>&nbsp;</TD></TR>
<TR ALIGN=LEFT VALIGN=TOP><TD><P><FONT SIZE=+1>they speak again<br> if only of the weather<br> clearing sky</FONT></TD></TR> <TR ALIGN=RIGHT VALIGN=TOP><TD>Greg Piko<P>&nbsp;</TD></TR>
<TR ALIGN=LEFT VALIGN=TOP><TD><P><FONT SIZE=+1>autumn river<br> the old couple walks<br> not holding hands</FONT></TD></TR> <TR ALIGN=RIGHT VALIGN=TOP><TD>Neil Muscott<P>&nbsp;</TD></TR>
<TR ALIGN=LEFT VALIGN=TOP><TD><P><FONT SIZE=+1>ginko<br> to learn of the pine . . .<br> sticky fingers</FONT></TD></TR> <TR ALIGN=RIGHT VALIGN=TOP><TD>Joan Murphy<P>&nbsp;</TD></TR>
 
<TR ALIGN=LEFT VALIGN=TOP><TD><P><FONT SIZE=+1>full moon<br> I eat everything<br> including the orchid</FONT></TD></TR> <TR ALIGN=RIGHT VALIGN=TOP><TD>Audrey Downey<P>&nbsp;</TD></TR>
<TR ALIGN=LEFT VALIGN=TOP><TD><P><FONT SIZE=+1>we talked<br> until moonset&nbsp;&#8212;<br> crickets</FONT></TD></TR> <TR ALIGN=RIGHT VALIGN=TOP><TD>John Martell<P>&nbsp;</TD></TR>
<TR ALIGN=LEFT VALIGN=TOP><TD><P><FONT SIZE=+1>autumn rain&nbsp;&#8212;<br> only an earthenware<br> teapot will do</FONT></TD></TR> <TR ALIGN=RIGHT VALIGN=TOP><TD>CarrieAnn Thunell<P>&nbsp;</TD></TR>
<TR ALIGN=LEFT VALIGN=TOP><TD><P><FONT SIZE=+1>I stop looking<br> for the sunrise&nbsp;&#8212;<br> first sip of tea</FONT></TD></TR> <TR ALIGN=RIGHT VALIGN=TOP><TD>Matthew Cariello<P>&nbsp;</TD></TR>
<TR ALIGN=LEFT VALIGN=TOP><TD><P><FONT SIZE=+1>first rain<br> a child&#8217;s paper boat<br> caught in the drain cover</FONT></TD></TR> <TR ALIGN=RIGHT VALIGN=TOP><TD>Angelee Deodhar<P>&nbsp;</TD></TR>
<TR ALIGN=LEFT VALIGN=TOP><TD><P><FONT SIZE=+1>The boy<br> taught not to cry&nbsp;&#8212;<br> white chrysanthemums</FONT></TD></TR> <TR ALIGN=RIGHT VALIGN=TOP><TD>Paul Pfleuger, Jr.<P>&nbsp;</TD></TR>
<TR ALIGN=LEFT VALIGN=TOP><TD><P><FONT SIZE=+1>bird song<br> between blows<br> of the axe</FONT></TD></TR> <TR ALIGN=RIGHT VALIGN=TOP><TD>Sandra Simpson<P>&nbsp;</TD></TR>
<TR ALIGN=LEFT VALIGN=TOP><TD><P><FONT SIZE=+1>slow-moving river<br> a heron&#8217;s neck<br> enters the grey</FONT></TD></TR> <TR ALIGN=RIGHT VALIGN=TOP><TD>John Barlow<P>&nbsp;</TD></TR>
<TR ALIGN=LEFT VALIGN=TOP><TD><P><FONT SIZE=+1>deep creek<br> my father considers<br> retirement</FONT></TD></TR> <TR ALIGN=RIGHT VALIGN=TOP><TD>Glenn Coats<P>&nbsp;</TD></TR>
<TR ALIGN=LEFT VALIGN=TOP><TD><P><FONT SIZE=+1>cold moon . . .<br> a rising wave splashes<br> the taste of salt</FONT></TD></TR> <TR ALIGN=RIGHT VALIGN=TOP><TD>Kala Ramesh<P>&nbsp;</TD></TR>
 
<TR ALIGN=LEFT VALIGN=TOP><TD><P><FONT SIZE=+1>bare branches<br> a coyote howls<br> into the wind</FONT></TD></TR> <TR ALIGN=RIGHT VALIGN=TOP><TD>Liz Crane<P>&nbsp;</TD></TR>
<TR ALIGN=LEFT VALIGN=TOP><TD><P><FONT SIZE=+1>we pass<br> humming different tunes<br> winter moon</FONT></TD></TR> <TR ALIGN=RIGHT VALIGN=TOP><TD>paul m.<P>&nbsp;</TD></TR>
<TR ALIGN=LEFT VALIGN=TOP><TD><P><FONT SIZE=+1>waiting in the room<br> with the plaster skeleton&nbsp;&#8212;<br> early winter</FONT></TD></TR> <TR ALIGN=RIGHT VALIGN=TOP><TD>Ruth Holzer<P>&nbsp;</TD></TR>
<TR ALIGN=LEFT VALIGN=TOP><TD><P><FONT SIZE=+1>long illness<br> unfolding someone&#8217;s<br> dog-eared pages</FONT></TD></TR> <TR ALIGN=RIGHT VALIGN=TOP><TD>Ron Moss<P>&nbsp;</TD></TR>
<TR ALIGN=LEFT VALIGN=TOP><TD><P><FONT SIZE=+1>death watch&nbsp;&#8212;<br> clouds connect the sky<br> one end to the other</FONT></TD></TR> <TR ALIGN=RIGHT VALIGN=TOP><TD>Gary Hotham<P>&nbsp;</TD></TR>
<TR ALIGN=LEFT VALIGN=TOP><TD><P><FONT SIZE=+1>winter night . . .<br> father&#8217;s last words<br> never come</FONT></TD></TR> <TR ALIGN=RIGHT VALIGN=TOP><TD>Irene Golas<P>&nbsp;</TD></TR>
<TR ALIGN=LEFT VALIGN=TOP><TD><P><FONT SIZE=+1>cemetery garden<br> rain falls on<br> plastic leaves</FONT></TD></TR> <TR ALIGN=RIGHT VALIGN=TOP><TD>Sherry Weaver-Smith<P>&nbsp;</TD></TR>
<TR ALIGN=LEFT VALIGN=TOP><TD><P><FONT SIZE=+1>feather in the grass . . .<br> I grieve for a friend<br> I never met</FONT></TD></TR> <TR ALIGN=RIGHT VALIGN=TOP><TD>Sabine Miller<P>&nbsp;</TD></TR>
<TR ALIGN=LEFT VALIGN=TOP><TD><P><FONT SIZE=+1>biting cold&nbsp;&#8212;<br> moonlight on the nail heads<br> of the old fence</FONT></TD></TR> <TR ALIGN=RIGHT VALIGN=TOP><TD>Cindy Zackowitz<P>&nbsp;</TD></TR>
<TR ALIGN=LEFT VALIGN=TOP><TD><P><FONT SIZE=+1>hail melt<br> a lizard skin shimmers<br> on the broken wall</FONT></TD></TR> <TR ALIGN=RIGHT VALIGN=TOP><TD>Jo McInerney<P>&nbsp;</TD></TR>
 
<TR ALIGN=LEFT VALIGN=TOP><TD><P><FONT SIZE=+1>House for sale<br> a vine almost to the end<br> of the laundry line</FONT></TD></TR> <TR ALIGN=RIGHT VALIGN=TOP><TD>George Swede<P>&nbsp;</TD></TR>
<TR ALIGN=LEFT VALIGN=TOP><TD><P><FONT SIZE=+1>sold sign<br> the nest<br> in the leafless tree</FONT></TD></TR> <TR ALIGN=RIGHT VALIGN=TOP><TD>Sandra Mooney Ellerbeck<P>&nbsp;</TD></TR>
<TR ALIGN=LEFT VALIGN=TOP><TD><P><FONT SIZE=+1>spring frost<br> the wind-up toy stopped<br> in midstride</FONT></TD></TR> <TR ALIGN=RIGHT VALIGN=TOP><TD>Michele Root-Bernstein<P>&nbsp;</TD></TR>
<TR ALIGN=LEFT VALIGN=TOP><TD><P><FONT SIZE=+1>calving glacier<br> a mother whispers<br> to her child</FONT></TD></TR> <TR ALIGN=RIGHT VALIGN=TOP><TD>Kay Grimnes<P>&nbsp;</TD></TR>
<TR ALIGN=LEFT VALIGN=TOP><TD><P><FONT SIZE=+1>source of the creek<br> a kinglet&#8217;s<br> breeding song</FONT></TD></TR> <TR ALIGN=RIGHT VALIGN=TOP><TD>Allan Burns<P>&nbsp;</TD></TR>
<TR ALIGN=LEFT VALIGN=TOP><TD><P><FONT SIZE=+1>mountain torrent&nbsp;&#8212;<br> the water ouzel flicks<br> a white eyelid</FONT></TD></TR> <TR ALIGN=RIGHT VALIGN=TOP><TD>Ruth Yarrow<P>&nbsp;</TD></TR>
<TR ALIGN=LEFT VALIGN=TOP><TD><P><FONT SIZE=+1>early blossoms<br> the hummingbird&#8217;s throat<br> brighter still</FONT></TD></TR> <TR ALIGN=RIGHT VALIGN=TOP><TD>Bruce Ross<P>&nbsp;</TD></TR>
<TR ALIGN=LEFT VALIGN=TOP><TD><P><FONT SIZE=+1>the tips<br> of crabapple buds<br> April sunrise</FONT></TD></TR> <TR ALIGN=RIGHT VALIGN=TOP><TD>Ann K. Schwader<P>&nbsp;</TD></TR>
<TR ALIGN=LEFT VALIGN=TOP><TD><P><FONT SIZE=+1>two plovers<br> and their shadows<br> ploughed fields</FONT></TD></TR> <TR ALIGN=RIGHT VALIGN=TOP><TD>Tony Beyer<P>&nbsp;</TD></TR>
<TR ALIGN=LEFT VALIGN=TOP><TD><P><FONT SIZE=+1>lawn daisies<br> a boy tosses the ball<br> to himself</FONT></TD></TR> <TR ALIGN=RIGHT VALIGN=TOP><TD>Harriott West<P>&nbsp;</TD></TR>
 
<TR ALIGN=LEFT VALIGN=TOP><TD><P><FONT SIZE=+1>spring training&nbsp;&#8212;<br> a father catches<br> his breath</FONT></TD></TR> <TR ALIGN=RIGHT VALIGN=TOP><TD>Collin Barber<P>&nbsp;</TD></TR>
<TR ALIGN=LEFT VALIGN=TOP><TD><P><FONT SIZE=+1>misty rain<br> the clown painting<br> he meant to leave me</FONT></TD></TR> <TR ALIGN=RIGHT VALIGN=TOP><TD>Marilyn Murphy<P>&nbsp;</TD></TR>
<TR ALIGN=LEFT VALIGN=TOP><TD><P><FONT SIZE=+1>sun after rain<br> tadpoles in a circle<br> point inward</FONT></TD></TR> <TR ALIGN=RIGHT VALIGN=TOP><TD>Brent Partridge<P>&nbsp;</TD></TR>
<TR ALIGN=LEFT VALIGN=TOP><TD><P><FONT SIZE=+1>soft greens<br> and cherries full bloom&nbsp;&#8212;<br> but peace?</FONT></TD></TR> <TR ALIGN=RIGHT VALIGN=TOP><TD>Elizabeth Kusuda<P>&nbsp;</TD></TR>
<TR ALIGN=LEFT VALIGN=TOP><TD><P><FONT SIZE=+1>Good Friday<br> the sudden whiteness<br> of hawthorn</FONT></TD></TR> <TR ALIGN=RIGHT VALIGN=TOP><TD>Katrina Shepherd<P>&nbsp;</TD></TR>
<TR ALIGN=LEFT VALIGN=TOP><TD><P><FONT SIZE=+1>Earth Day<br> only a cherry petal<br> in the donation jar</FONT></TD></TR> <TR ALIGN=RIGHT VALIGN=TOP><TD>William Cullen, Jr.<P>&nbsp;</TD></TR>
<TR ALIGN=LEFT VALIGN=TOP><TD><P><FONT SIZE=+1>empty pan<br> on the radiator&nbsp;&#8212;<br> May begins</FONT></TD></TR> <TR ALIGN=RIGHT VALIGN=TOP><TD>David Giacalone<P>&nbsp;</TD></TR>
<TR ALIGN=LEFT VALIGN=TOP><TD><P><FONT SIZE=+1>the kite&#8217;s tail<br> ripped from knotty branches&nbsp;&#8212;<br> mockingbird song</FONT></TD></TR> <TR ALIGN=RIGHT VALIGN=TOP><TD>Michael Dylan Welch<P>&nbsp;</TD></TR>
<TR ALIGN=LEFT VALIGN=TOP><TD><P><FONT SIZE=+1>holding high ~Smi~T<br> on my air guitar&nbsp;&#8212;<br> spring morning</FONT></TD></TR> <TR ALIGN=RIGHT VALIGN=TOP><TD>Vladislav Vassiliev<P>&nbsp;</TD></TR>
<TR ALIGN=LEFT VALIGN=TOP><TD><P><FONT SIZE=+1>blue butterfly<br> a little girl whistling<br> to herself</FONT></TD></TR> <TR ALIGN=RIGHT VALIGN=TOP><TD>Raquel D. Bailey<P>&nbsp;</TD></TR>
 
<TR ALIGN=LEFT VALIGN=TOP><TD><P><FONT SIZE=+1>spring morning<br> green lights all the way<br> to the freeway</FONT></TD></TR> <TR ALIGN=RIGHT VALIGN=TOP><TD>Victor Ortiz<P>&nbsp;</TD></TR>
<TR ALIGN=LEFT VALIGN=TOP><TD><P><FONT SIZE=+1>choppy river&nbsp;&#8212;<br> bursts of the coxswain&#8217;s orders<br> on the wind</FONT></TD></TR> <TR ALIGN=RIGHT VALIGN=TOP><TD>Barry George<P>&nbsp;</TD></TR>
<TR ALIGN=LEFT VALIGN=TOP><TD><P><FONT SIZE=+1>lost in apple blossoms<br> the man with dementia<br> knows where he&#8217;s going</FONT></TD></TR> <TR ALIGN=RIGHT VALIGN=TOP><TD>LeRoy Gorman<P>&nbsp;</TD></TR>
<TR ALIGN=LEFT VALIGN=TOP><TD><P><FONT SIZE=+1>Mother&#8217;s Day<br> filling the bare spots<br> with nasturtiums</FONT></TD></TR> <TR ALIGN=RIGHT VALIGN=TOP><TD>Carolyn Hall<P>&nbsp;</TD></TR>
<TR ALIGN=LEFT VALIGN=TOP><TD><P><FONT SIZE=+1>hanging<br> over the backyard fence<br> twilight and wisteria</FONT></TD></TR> <TR ALIGN=RIGHT VALIGN=TOP><TD>Tom Tico<P>&nbsp;</TD></TR>
<TR ALIGN=LEFT VALIGN=TOP><TD><P><FONT SIZE=+1>after the stars<br> trout bones<br> on a white plate</FONT></TD></TR> <TR ALIGN=RIGHT VALIGN=TOP><TD>Elizabeth Nordeen<P>&nbsp;</TD></TR>
<TR ALIGN=LEFT VALIGN=TOP><TD><P><FONT SIZE=+1>loosening magnolias<br> I linger<br> in the darkness</FONT></TD></TR> <TR ALIGN=RIGHT VALIGN=TOP><TD>Burnell Lippy<P>&nbsp;</TD></TR>
<TR ALIGN=LEFT VALIGN=TOP><TD><P><FONT SIZE=+1>lilac scent<br> the sound of hair<br> through her brush</FONT></TD></TR> <TR ALIGN=RIGHT VALIGN=TOP><TD>Grant Savage<P>&nbsp;</TD></TR>
<TR ALIGN=LEFT VALIGN=TOP><TD><P><FONT SIZE=+1>early rising<br> the door&#8217;s peek hole<br> streams sunshine</FONT></TD></TR> <TR ALIGN=RIGHT VALIGN=TOP><TD>Yvonne Cabalona<P>&nbsp;</TD></TR>
<TR ALIGN=LEFT VALIGN=TOP><TD><P><FONT SIZE=+1>freshly painted door&nbsp;&#8212;<br> a bumblebee explores<br> the color black</FONT></TD></TR> <TR ALIGN=RIGHT VALIGN=TOP><TD>Adelaide B. Shaw<P>&nbsp;</TD></TR>
 
<TR ALIGN=LEFT VALIGN=TOP><TD><P><FONT SIZE=+1>the pulse<br> in a knot of spiderlings<br> warm breeze</FONT></TD></TR> <TR ALIGN=RIGHT VALIGN=TOP><TD>Harriott West<P>&nbsp;</TD></TR>
<TR ALIGN=LEFT VALIGN=TOP><TD><P><FONT SIZE=+1>blossom wind<br> the sun on my side<br> of the waves</FONT></TD></TR> <TR ALIGN=RIGHT VALIGN=TOP><TD>Susan Constable<P>&nbsp;</TD></TR>
<TR ALIGN=LEFT VALIGN=TOP><TD><P><FONT SIZE=+1>the movement<br> of clouds between<br> the hound&#8217;s yawns</FONT></TD></TR> <TR ALIGN=RIGHT VALIGN=TOP><TD>Karen Cesar<P>&nbsp;</TD></TR>
<TR ALIGN=LEFT VALIGN=TOP><TD><P><FONT SIZE=+1>whelk egg case<br> my father and my child,<br> heads just touching</FONT></TD></TR> <TR ALIGN=RIGHT VALIGN=TOP><TD>Deb Baker<P>&nbsp;</TD></TR>
<TR ALIGN=LEFT VALIGN=TOP><TD><P><FONT SIZE=+1>pond path<br> bubble eyes<br> follow my footsteps</FONT></TD></TR> <TR ALIGN=RIGHT VALIGN=TOP><TD>Elizabeth Howard<P>&nbsp;</TD></TR>
<TR ALIGN=LEFT VALIGN=TOP><TD><P><FONT SIZE=+1>spring rain&nbsp;&#8212;<br> my stone&#8217;s circle<br> lost in the pond</FONT></TD></TR> <TR ALIGN=RIGHT VALIGN=TOP><TD>Hortensia Anderson<P>&nbsp;</TD></TR>
<TR ALIGN=LEFT VALIGN=TOP><TD><P><FONT SIZE=+1>a butterfly<br> wavers in the heat<br> dead-end road</FONT></TD></TR> <TR ALIGN=RIGHT VALIGN=TOP><TD>Susan Constable<P>&nbsp;</TD></TR>
<TR ALIGN=LEFT VALIGN=TOP><TD><P><FONT SIZE=+1>deformed horn<br> the cattle egrets<br> gather anyway</FONT></TD></TR> <TR ALIGN=RIGHT VALIGN=TOP><TD>Quendryth Young<P>&nbsp;</TD></TR>
<TR ALIGN=LEFT VALIGN=TOP><TD><P><FONT SIZE=+1>clover field in bloom<br> a dent<br> where the dog was</FONT></TD></TR> <TR ALIGN=RIGHT VALIGN=TOP><TD>Audrey Downey<P>&nbsp;</TD></TR>
<TR ALIGN=LEFT VALIGN=TOP><TD><P><FONT SIZE=+1>scent of sweet clover&nbsp;&#8212;<br> settling into the place<br> I used to belong</FONT></TD></TR> <TR ALIGN=RIGHT VALIGN=TOP><TD>Carmen Sterba<P>&nbsp;</TD></TR>
 
<TR ALIGN=LEFT VALIGN=TOP><TD><P><FONT SIZE=+1>longest day&nbsp;&#8212;<br> it seems I will be lonely<br> forever</FONT></TD></TR> <TR ALIGN=RIGHT VALIGN=TOP><TD>Marianna Monaco<P>&nbsp;</TD></TR>
<TR ALIGN=LEFT VALIGN=TOP><TD><P><FONT SIZE=+1>loon call<br> a kayak emerges<br> from the fog</FONT></TD></TR> <TR ALIGN=RIGHT VALIGN=TOP><TD>Yu Chang<P>&nbsp;</TD></TR>
<TR ALIGN=LEFT VALIGN=TOP><TD><P><FONT SIZE=+1>paddling the shallows<br> the little boy stops<br> for every shell</FONT></TD></TR> <TR ALIGN=RIGHT VALIGN=TOP><TD>Vanessa Proctor<P>&nbsp;</TD></TR>
<TR ALIGN=LEFT VALIGN=TOP><TD><P><FONT SIZE=+1>summer clouds<br> a kite&#8217;s shadow<br> crosses the path</FONT></TD></TR> <TR ALIGN=RIGHT VALIGN=TOP><TD>John Kinory<P>&nbsp;</TD></TR>
<TR ALIGN=LEFT VALIGN=TOP><TD><P><FONT SIZE=+1>scudding clouds&nbsp;&#8212;<br> the creak of wagon wheels<br> through Grandfather&#8217;s journal</FONT></TD></TR> <TR ALIGN=RIGHT VALIGN=TOP><TD>Carolyn Hall<P>&nbsp;</TD></TR>
<TR ALIGN=LEFT VALIGN=TOP><TD><P><FONT SIZE=+1>thunder . . .<br> a bag lets loose<br> in the teacup</FONT></TD></TR> <TR ALIGN=RIGHT VALIGN=TOP><TD>Marilyn Appl Walker<P>&nbsp;</TD></TR>
<TR ALIGN=LEFT VALIGN=TOP><TD><P><FONT SIZE=+1>rustling leaves<br> scent of gardenia<br> on my cat&#8217;s fur</FONT></TD></TR> <TR ALIGN=RIGHT VALIGN=TOP><TD>Nancy Nitrio<P>&nbsp;</TD></TR>
<TR ALIGN=LEFT VALIGN=TOP><TD><P><FONT SIZE=+1>weeding the borders . . .<br> I strain to remember<br> my new neighbour&#8217;s name</FONT></TD></TR> <TR ALIGN=RIGHT VALIGN=TOP><TD>Helen Buckingham<P>&nbsp;</TD></TR>
<TR ALIGN=LEFT VALIGN=TOP><TD><P><FONT SIZE=+1>In her sun hat<br> gardening, she hums<br> our song</FONT></TD></TR> <TR ALIGN=RIGHT VALIGN=TOP><TD>William Scott Galasso<P>&nbsp;</TD></TR>
<TR ALIGN=LEFT VALIGN=TOP><TD><P><FONT SIZE=+1>jasmine tendrils&nbsp;&#8212;<br> waiting<br> for my daughter&#8217;s call</FONT></TD></TR> <TR ALIGN=RIGHT VALIGN=TOP><TD>Nathalie Buckland<P>&nbsp;</TD></TR>
 
<TR ALIGN=LEFT VALIGN=TOP><TD><P><FONT SIZE=+1>a raven&#8217;s cry . . .<br> the fading lines<br> of the petroglyph</FONT></TD></TR> <TR ALIGN=RIGHT VALIGN=TOP><TD>Timothy Hawkes<P>&nbsp;</TD></TR>
<TR ALIGN=LEFT VALIGN=TOP><TD><P><FONT SIZE=+1>dawn . . .<br> the rooster for sacrifice<br> calls in the temple</FONT></TD></TR> <TR ALIGN=RIGHT VALIGN=TOP><TD>K. Ramesh<P>&nbsp;</TD></TR>
<TR ALIGN=LEFT VALIGN=TOP><TD><P><FONT SIZE=+1>left on the shrine<br> the stone that tumbled<br> from the cliff</FONT></TD></TR> <TR ALIGN=RIGHT VALIGN=TOP><TD>C. Avery<P>&nbsp;</TD></TR>
<TR ALIGN=LEFT VALIGN=TOP><TD><P><FONT SIZE=+1>Dry creek bed<br> the seven stepping stones<br> to the other side</FONT></TD></TR> <TR ALIGN=RIGHT VALIGN=TOP><TD>George Swede<P>&nbsp;</TD></TR>
<TR ALIGN=LEFT VALIGN=TOP><TD><P><FONT SIZE=+1>stepping stones<br> she moves<br> a little closer</FONT></TD></TR> <TR ALIGN=RIGHT VALIGN=TOP><TD>Yu Chang<P>&nbsp;</TD></TR>
<TR ALIGN=LEFT VALIGN=TOP><TD><P><FONT SIZE=+1>licking raspberry stains<br> from my palm--<br> the heat</FONT></TD></TR> <TR ALIGN=RIGHT VALIGN=TOP><TD>Margaret Chula<P>&nbsp;</TD></TR>
<TR ALIGN=LEFT VALIGN=TOP><TD><P><FONT SIZE=+1>blue summer morning . . .<br> the egret returns<br> to the guppies&#8217; pond</FONT></TD></TR> <TR ALIGN=RIGHT VALIGN=TOP><TD>Janelle Barrera<P>&nbsp;</TD></TR>
<TR ALIGN=LEFT VALIGN=TOP><TD><P><FONT SIZE=+1>clear day . . .<br> a painted turtle<br> takes the plunge</FONT></TD></TR> <TR ALIGN=RIGHT VALIGN=TOP><TD>Hilary Tann<P>&nbsp;</TD></TR>
<TR ALIGN=LEFT VALIGN=TOP><TD><P><FONT SIZE=+1>summer sky<br> a damselfly stirs<br> the blue air</FONT></TD></TR> <TR ALIGN=RIGHT VALIGN=TOP><TD>Margarita Engle<P>&nbsp;</TD></TR>
<TR ALIGN=LEFT VALIGN=TOP><TD><P><FONT SIZE=+1>heat wave<br> the mailman fans himself<br> with my bills</FONT></TD></TR> <TR ALIGN=RIGHT VALIGN=TOP><TD>Bob Lucky<P>&nbsp;</TD></TR>
 
<TR ALIGN=LEFT VALIGN=TOP><TD><P><FONT SIZE=+1>warm Sunday afternoon<br> mom and daughter ponytails<br> chatting in the kitchen</FONT></TD></TR> <TR ALIGN=RIGHT VALIGN=TOP><TD>Traci M. Batchelder<P>&nbsp;</TD></TR>
<TR ALIGN=LEFT VALIGN=TOP><TD><P><FONT SIZE=+1>reddening plums . . .<br> the shy daughter&#8217;s<br> first date</FONT></TD></TR> <TR ALIGN=RIGHT VALIGN=TOP><TD>Keiko Izawa<P>&nbsp;</TD></TR>
<TR ALIGN=LEFT VALIGN=TOP><TD><P><FONT SIZE=+1>mercury beads rolling<br> on the bathroom floor&nbsp;&#8212;<br> earthquake weather</FONT></TD></TR> <TR ALIGN=RIGHT VALIGN=TOP><TD>D. Claire Gallagher<P>&nbsp;</TD></TR>
<TR ALIGN=LEFT VALIGN=TOP><TD><P><FONT SIZE=+1>noon heat<br> statue mime&#8217;s hair<br> stirring</FONT></TD></TR> <TR ALIGN=RIGHT VALIGN=TOP><TD>Vladislav Vassiliev<P>&nbsp;</TD></TR>
<TR ALIGN=LEFT VALIGN=TOP><TD><P><FONT SIZE=+1>city horse tethered<br> the ancient grassland<br> in both eyes</FONT></TD></TR> <TR ALIGN=RIGHT VALIGN=TOP><TD>Sean MacMathuna<P>&nbsp;</TD></TR>
<TR ALIGN=LEFT VALIGN=TOP><TD><P><FONT SIZE=+1>historic battlefield&nbsp;&#8212;<br> beyond the trenches<br> the mole&#8217;s earthworks</FONT></TD></TR> <TR ALIGN=RIGHT VALIGN=TOP><TD>George Dorsty<P>&nbsp;</TD></TR>
<TR ALIGN=LEFT VALIGN=TOP><TD><P><FONT SIZE=+1>afternoon thunder<br> the softness<br> of my mother&#8217;s touch</FONT></TD></TR> <TR ALIGN=RIGHT VALIGN=TOP><TD>Sandra Simpson<P>&nbsp;</TD></TR>
<TR ALIGN=LEFT VALIGN=TOP><TD><P><FONT SIZE=+1>sheet lightning<br> the first strands of gray<br> in her hair</FONT></TD></TR> <TR ALIGN=RIGHT VALIGN=TOP><TD>Bob Lucky<P>&nbsp;</TD></TR>
<TR ALIGN=LEFT VALIGN=TOP><TD><P><FONT SIZE=+1>dispersing clouds . . .<br> bails of hay scattered<br> in the fenced field</FONT></TD></TR> <TR ALIGN=RIGHT VALIGN=TOP><TD>Lenard D. Moore<P>&nbsp;</TD></TR>
<TR ALIGN=LEFT VALIGN=TOP><TD><P><FONT SIZE=+1>a one-window shack<br> and sunflowers that sway . . .<br> the short twilight</FONT></TD></TR> <TR ALIGN=RIGHT VALIGN=TOP><TD>Michael McClintock<P>&nbsp;</TD></TR>
 
<TR ALIGN=LEFT VALIGN=TOP><TD><P><FONT SIZE=+1>dying<br> in birdsong<br> day</FONT></TD></TR> <TR ALIGN=RIGHT VALIGN=TOP><TD>og aksnes<P>&nbsp;</TD></TR>
<TR ALIGN=LEFT VALIGN=TOP><TD><P><FONT SIZE=+1>warm evening breeze<br> the cemetery gate<br> still open</FONT></TD></TR> <TR ALIGN=RIGHT VALIGN=TOP><TD>Claudette Russell<P>&nbsp;</TD></TR>
<TR ALIGN=LEFT VALIGN=TOP><TD><P><FONT SIZE=+1>sultry night<br> a passing train<br> shakes the shack</FONT></TD></TR> <TR ALIGN=RIGHT VALIGN=TOP><TD>Darrell Lindsey<P>&nbsp;</TD></TR>
<TR ALIGN=LEFT VALIGN=TOP><TD><P><FONT SIZE=+1>a monitor<br> measures my heartbeat<br> the sound of rain</FONT></TD></TR> <TR ALIGN=RIGHT VALIGN=TOP><TD>Jay Haskins<P>&nbsp;</TD></TR>
<TR ALIGN=LEFT VALIGN=TOP><TD><P><FONT SIZE=+1>warm rain&nbsp;&#8212;<br> nevertheless<br> fireflies</FONT></TD></TR> <TR ALIGN=RIGHT VALIGN=TOP><TD>Ellen Compton<P>&nbsp;</TD></TR>
<TR ALIGN=LEFT VALIGN=TOP><TD><P><FONT SIZE=+1>tug of her hand&nbsp;&#8212;<br> a heron one breath away<br> from the sky</FONT></TD></TR> <TR ALIGN=RIGHT VALIGN=TOP><TD>Laryalee Fraser<P>&nbsp;</TD></TR>
