<P><A HREF=thn_issue.h2.html#POEM00>
Celia Crook
</A>
<P><A HREF=thn_issue.h2.html#POEM01>
Kirsty Karkow
</A>
<P><A HREF=thn_issue.h2.html#POEM02>
Sabine Miller
</A>
<P><A HREF=thn_issue.h2.html#POEM03>
Mary Lee McClure
</A>
<P><A HREF=thn_issue.h2.html#POEM04>
Elizabeth Howard
</A>
<P><A HREF=thn_issue.h2.html#POEM05>
Jennie Townsend
</A>
<P><A HREF=thn_issue.h2.html#POEM06>
J. B. Leong
</A>
<P><A HREF=thn_issue.h2.html#POEM07>
Pamela Miller Ness
</A>
<P><A HREF=thn_issue.h2.html#POEM08>
Cindy Zackowitz
</A>
<P><A HREF=thn_issue.h2.html#POEM09>
Kay F. Anderson
</A>
</TD>
 
<TD ALIGN=LEFT VALIGN=TOP WIDTH=380>
<TABLE>
 
<TR ALIGN=LEFT VALIGN=TOP>
<TD><A NAME=POEM00></A>
<P><FONT SIZE=+1>
 
crowing cockerel
<BR>
the black cat takes
<BR>
her morning wash
</FONT></TD></TR>
<TR ALIGN=RIGHT VALIGN=TOP><TD>
Celia Crook
<P>&nbsp;</TD></TR>
<TR ALIGN=LEFT VALIGN=TOP>
<TD><A NAME=POEM02></A>
<P><FONT SIZE=+1>
 
pieces
<BR>
of a robin^Òs egg . . .
<BR>
I look up
</FONT></TD></TR>
<TR ALIGN=RIGHT VALIGN=TOP><TD>
Sabine Miller
<P>&nbsp;</TD></TR>
<TR ALIGN=LEFT VALIGN=TOP>
<TD><A NAME=POEM04></A>
<P><FONT SIZE=+1>
 
green tips of jonquils
<BR>
grandpa changes the oil
<BR>
in the lawn mower
</FONT></TD></TR>
<TR ALIGN=RIGHT VALIGN=TOP><TD>
Elizabeth Howard
<P>&nbsp;</TD></TR>
<TR ALIGN=LEFT VALIGN=TOP>
<TD><A NAME=POEM06></A>
<P><FONT SIZE=+1>
 
Memorial Day ...
<BR>
the light blue sky
<BR>
crowded with clouds
</FONT></TD></TR>
<TR ALIGN=RIGHT VALIGN=TOP><TD>
J. B. Leong
<P>&nbsp;</TD></TR>
<TR ALIGN=LEFT VALIGN=TOP>
<TD><A NAME=POEM08></A>
<P><FONT SIZE=+1>
 
baby spiders
<BR>
swarm around a knothole ^×
<BR>
summer drizzle
</FONT></TD></TR>
<TR ALIGN=RIGHT VALIGN=TOP><TD>
Cindy Zackowitz
<P>&nbsp;</TD></TR>
 
</TABLE></TD>
 
<TD ALIGN=LEFT VALIGN=TOP WIDTH=380>
<TABLE><TR ALIGN=LEFT VALIGN=TOP>
<TD><FONT SIZE=-2>&nbsp;</FONT></TD>
</TR>
 
<TR ALIGN=RIGHT VALIGN=TOP>
<TD>&nbsp;</TD>
</TR>
<TR ALIGN=LEFT VALIGN=TOP>
<TD><A NAME=POEM01></A>
<P><FONT SIZE=+1>
 
tai chi class^×
<BR>
breathing deeply
<BR>
downwind of the narcissus
</FONT></TD></TR>
<TR ALIGN=RIGHT VALIGN=TOP><TD>
Kirsty Karkow
<P>&nbsp;</TD></TR>
<TR ALIGN=LEFT VALIGN=TOP>
<TD><A NAME=POEM03></A>
<P><FONT SIZE=+1>
 
gentle rain^×
<BR>
pigeons murmuring
<BR>
under the eaves
</FONT></TD></TR>
<TR ALIGN=RIGHT VALIGN=TOP><TD>
Mary Lee McClure
<P>&nbsp;</TD></TR>
<TR ALIGN=LEFT VALIGN=TOP>
<TD><A NAME=POEM05></A>
<P><FONT SIZE=+1>
 
day^Òs end
<BR>
a bit of clover
<BR>
floats in the bath
</FONT></TD></TR>
<TR ALIGN=RIGHT VALIGN=TOP><TD>
Jennie Townsend
<P>&nbsp;</TD></TR>
<TR ALIGN=LEFT VALIGN=TOP>
<TD><A NAME=POEM07></A>
<P><FONT SIZE=+1>
 
glacial stream
<BR>
shadows of dragonflies
<BR>
pass over the bridge
</FONT></TD></TR>
<TR ALIGN=RIGHT VALIGN=TOP><TD>
Pamela Miller Ness
<P>&nbsp;</TD></TR>
<TR ALIGN=LEFT VALIGN=TOP>
<TD><A NAME=POEM09></A>
<P><FONT SIZE=+1>
 
a doe and two fawns
<BR>
mid-street^×
<BR>
my hand motions "go ahead"
</FONT></TD></TR>
<TR ALIGN=RIGHT VALIGN=TOP><TD>
Kay F. Anderson
<P>&nbsp;</TD></TR>
