<P><A HREF=thn_issue.h4.html#POEM00>
Joann Klontz
</A>
<P><A HREF=thn_issue.h4.html#POEM01>
Curtis Dunlap
</A>
<P><A HREF=thn_issue.h4.html#POEM02>
Carolyn Hall
</A>
<P><A HREF=thn_issue.h4.html#POEM03>
Paul Wigelius
</A>
<P><A HREF=thn_issue.h4.html#POEM04>
Lenard D. Moore
</A>
<P><A HREF=thn_issue.h4.html#POEM05>
Ai-Ling Chang
</A>
<P><A HREF=thn_issue.h4.html#POEM06>
D. Claire Gallagher
</A>
<P><A HREF=thn_issue.h4.html#POEM07>
Rodney Stevens
</A>
<P><A HREF=thn_issue.h4.html#POEM08>
Yvonne Cabalona
</A>
<P><A HREF=thn_issue.h4.html#POEM09>
Darrell Byrd
</A>
</TD>
 
<TD ALIGN=LEFT VALIGN=TOP WIDTH=380>
<TABLE>
 
<TR ALIGN=LEFT VALIGN=TOP>
<TD><A NAME=POEM00></A>
<P><FONT SIZE=+1>
 
home from the funeral
<BR>
the cat
<BR>
in with his shoes
</FONT></TD></TR>
<TR ALIGN=RIGHT VALIGN=TOP><TD>
Joann Klontz
<P>&nbsp;</TD></TR>
<TR ALIGN=LEFT VALIGN=TOP>
<TD><A NAME=POEM02></A>
<P><FONT SIZE=+1>
 
defunct nursery
<BR>
every dead flower
<BR>
with a marker
</FONT></TD></TR>
<TR ALIGN=RIGHT VALIGN=TOP><TD>
Carolyn Hall
<P>&nbsp;</TD></TR>
<TR ALIGN=LEFT VALIGN=TOP>
<TD><A NAME=POEM04></A>
<P><FONT SIZE=+1>
 
twilight breeze^×
<BR>
stench from the horse
<BR>
that pulls the carriage
</FONT></TD></TR>
<TR ALIGN=RIGHT VALIGN=TOP><TD>
Lenard D. Moore
<P>&nbsp;</TD></TR>
<TR ALIGN=LEFT VALIGN=TOP>
<TD><A NAME=POEM06></A>
<P><FONT SIZE=+1>
 
getting to know the pine . . .
<BR>
clotted resin
<BR>
on the seat of my pants
</FONT></TD></TR>
<TR ALIGN=RIGHT VALIGN=TOP><TD>
D. Claire Gallagher
<P>&nbsp;</TD></TR>
<TR ALIGN=LEFT VALIGN=TOP>
<TD><A NAME=POEM08></A>
<P><FONT SIZE=+1>
 
late afternoon ^×
<BR>
a breeze sweeping
<BR>
home plate
</FONT></TD></TR>
<TR ALIGN=RIGHT VALIGN=TOP><TD>
Yvonne Cabalona
<P>&nbsp;</TD></TR>
 
</TABLE></TD>
 
<TD ALIGN=LEFT VALIGN=TOP WIDTH=380>
<TABLE><TR ALIGN=LEFT VALIGN=TOP>
<TD><FONT SIZE=-2>&nbsp;</FONT></TD>
</TR>
 
<TR ALIGN=RIGHT VALIGN=TOP>
<TD>&nbsp;</TD>
</TR>
<TR ALIGN=LEFT VALIGN=TOP>
<TD><A NAME=POEM01></A>
<P><FONT SIZE=+1>
 
fallen rose petals^×
<BR>
a Japanese beetle tries
<BR>
to right itself
</FONT></TD></TR>
<TR ALIGN=RIGHT VALIGN=TOP><TD>
Curtis Dunlap
<P>&nbsp;</TD></TR>
<TR ALIGN=LEFT VALIGN=TOP>
<TD><A NAME=POEM03></A>
<P><FONT SIZE=+1>
 
medieval washbasins
<BR>
hollows in the rock
<BR>
where their knees were
</FONT></TD></TR>
<TR ALIGN=RIGHT VALIGN=TOP><TD>
Paul Wigelius
<P>&nbsp;</TD></TR>
<TR ALIGN=LEFT VALIGN=TOP>
<TD><A NAME=POEM05></A>
<P><FONT SIZE=+1>
 
outdoor concert
<BR>
the smell of grass
<BR>
by candlelight
</FONT></TD></TR>
<TR ALIGN=RIGHT VALIGN=TOP><TD>
Ai-Ling Chang
<P>&nbsp;</TD></TR>
<TR ALIGN=LEFT VALIGN=TOP>
<TD><A NAME=POEM07></A>
<P><FONT SIZE=+1>
 
one hundred degrees
<BR>
the neighbor I don^Òt know
<BR>
offers me a ride
</FONT></TD></TR>
<TR ALIGN=RIGHT VALIGN=TOP><TD>
Rodney Stevens
<P>&nbsp;</TD></TR>
<TR ALIGN=LEFT VALIGN=TOP>
<TD><A NAME=POEM09></A>
<P><FONT SIZE=+1>
 
cicada din
<BR>
a cell phone rings
<BR>
in the willows
</FONT></TD></TR>
<TR ALIGN=RIGHT VALIGN=TOP><TD>
Darrell Byrd
<P>&nbsp;</TD></TR>
