<P><A HREF=thn_issue.h5.html#POEM00>
Allen McGill
</A>
<P><A HREF=thn_issue.h5.html#POEM01>
Helga Härle
</A>
<P><A HREF=thn_issue.h5.html#POEM02>
Fay Ayoyagi
</A>
<P><A HREF=thn_issue.h5.html#POEM03>
William Cullen Jr.
</A>
<P><A HREF=thn_issue.h5.html#POEM04>
K. Ramesh
</A>
<P><A HREF=thn_issue.h5.html#POEM05>
Elizabeth Howard
</A>
<P><A HREF=thn_issue.h5.html#POEM06>
Mark Brooks
</A>
<P><A HREF=thn_issue.h5.html#POEM07>
Maria Steyn
</A>
<P><A HREF=thn_issue.h5.html#POEM08>
Gary Hotham
</A>
<P><A HREF=thn_issue.h5.html#POEM09>
Emily Romano
</A>
</TD>
 
<TD ALIGN=LEFT VALIGN=TOP WIDTH=380>
<TABLE>
 
<TR ALIGN=LEFT VALIGN=TOP>
<TD><A NAME=POEM00></A>
<P><FONT SIZE=+1>
 
rustle of bamboo
<BR>
the steady pace of oxen
<BR>
hauling fruit
</FONT></TD></TR>
<TR ALIGN=RIGHT VALIGN=TOP><TD>
Allen McGill
<P>&nbsp;</TD></TR>
<TR ALIGN=LEFT VALIGN=TOP>
<TD><A NAME=POEM02></A>
<P><FONT SIZE=+1>
 
Hiroshima Day^×
<BR>
a cat pokes and pokes
<BR>
a cicada shell
</FONT></TD></TR>
<TR ALIGN=RIGHT VALIGN=TOP><TD>
Fay Ayoyagi
<P>&nbsp;</TD></TR>
<TR ALIGN=LEFT VALIGN=TOP>
<TD><A NAME=POEM04></A>
<P><FONT SIZE=+1>
 
cloudy afternoon^×
<BR>
a chrysanthemum blooms
<BR>
in the paper-folder^Òs hand
</FONT></TD></TR>
<TR ALIGN=RIGHT VALIGN=TOP><TD>
K. Ramesh
<P>&nbsp;</TD></TR>
<TR ALIGN=LEFT VALIGN=TOP>
<TD><A NAME=POEM06></A>
<P><FONT SIZE=+1>
 
wet summer night
<BR>
one neighbor^Òs cigarette
<BR>
joins another
</FONT></TD></TR>
<TR ALIGN=RIGHT VALIGN=TOP><TD>
Mark Brooks
<P>&nbsp;</TD></TR>
<TR ALIGN=LEFT VALIGN=TOP>
<TD><A NAME=POEM08></A>
<P><FONT SIZE=+1>
 
apple peelings^×
<BR>
a slow drip
<BR>
the rain left
</FONT></TD></TR>
<TR ALIGN=RIGHT VALIGN=TOP><TD>
Gary Hotham
<P>&nbsp;</TD></TR>
 
</TABLE></TD>
 
<TD ALIGN=LEFT VALIGN=TOP WIDTH=380>
<TABLE><TR ALIGN=LEFT VALIGN=TOP>
<TD><FONT SIZE=-2>&nbsp;</FONT></TD>
</TR>
 
<TR ALIGN=RIGHT VALIGN=TOP>
<TD>&nbsp;</TD>
</TR>
<TR ALIGN=LEFT VALIGN=TOP>
<TD><A NAME=POEM01></A>
<P><FONT SIZE=+1>
 
summer veranda^×
<BR>
into an open notebook
<BR>
a few unknown seeds
</FONT></TD></TR>
<TR ALIGN=RIGHT VALIGN=TOP><TD>
Helga Härle
<P>&nbsp;</TD></TR>
<TR ALIGN=LEFT VALIGN=TOP>
<TD><A NAME=POEM03></A>
<P><FONT SIZE=+1>
 
chemo again ^×
<BR>
trying not to notice
<BR>
the lawn^Òs brown spots
</FONT></TD></TR>
<TR ALIGN=RIGHT VALIGN=TOP><TD>
William Cullen Jr.
<P>&nbsp;</TD></TR>
<TR ALIGN=LEFT VALIGN=TOP>
<TD><A NAME=POEM05></A>
<P><FONT SIZE=+1>
 
afterglow
<BR>
a white heron vanishes
<BR>
in the rising fog
</FONT></TD></TR>
<TR ALIGN=RIGHT VALIGN=TOP><TD>
Elizabeth Howard
<P>&nbsp;</TD></TR>
<TR ALIGN=LEFT VALIGN=TOP>
<TD><A NAME=POEM07></A>
<P><FONT SIZE=+1>
 
rain on the roof
<BR>
my breath stirs a cobweb
<BR>
in the corner
</FONT></TD></TR>
<TR ALIGN=RIGHT VALIGN=TOP><TD>
Maria Steyn
<P>&nbsp;</TD></TR>
<TR ALIGN=LEFT VALIGN=TOP>
<TD><A NAME=POEM09></A>
<P><FONT SIZE=+1>
 
Autumn rain . . .
<BR>
a face in a window
<BR>
behind rivulets
</FONT></TD></TR>
<TR ALIGN=RIGHT VALIGN=TOP><TD>
Emily Romano
<P>&nbsp;</TD></TR>
