<DT>Deborah Baker:&nbsp;&nbsp;<A HREF=thn_issue.h3.html#POEM1>3 #1</A><DD>Americus, Georgia</DT>
<DT>Nara Bauer:&nbsp;&nbsp;<A HREF=thn_issue.h3.html#POEM6>3 #6</A><DD>Big Wheeling Creek, West Virginia</DT>
<DT>Janice M. Bostok:&nbsp;&nbsp;<A HREF=thn_issue.h6.html#POEM7>6 #7</A><DD>Dungay, New South Wales, Australia</DT>
<DT>Jason Sanford Brown:&nbsp;&nbsp;<A HREF=thn_issue.h2.html#POEM9>2 #9</A><DD>Tucson, Arizona</DT>
<DT>Helen Buckingham:&nbsp;&nbsp;<A HREF=thn_issue.h5.html#POEM4>5 #4</A><DD>Bristol, England</DT>
<DT>Darrell Byrd:&nbsp;&nbsp;<A HREF=thn_issue.h1.html#POEM7>1 #7</A><DD>El Centro, California</DT>
<DT>James Chessing:&nbsp;&nbsp;<A HREF=thn_issue.h6.html#POEM4>6 #4</A><DD>San Ramon, California</DT>
<DT>Charlie Close:&nbsp;&nbsp;<A HREF=thn_issue.h2.html#POEM7>2 #7</A><DD>Goodrich, Michigan</DT>
<DT>William Cullen, Jr.:&nbsp;&nbsp;<A HREF=thn_issue.h1.html#POEM8>1 #8</A><DD>Brooklyn, New York</DT>
<DT>Cherie Hunter Day:&nbsp;&nbsp;<A HREF=thn_issue.h1.html#POEM3>1 #3</A><DD>San Diego, California</DT>
<DT>Marili Deandrea:&nbsp;&nbsp;<A HREF=thn_issue.h5.html#POEM7>5 #7</A><DD>Torino, Italy</DT>
<DT>Angelee Deodhar:&nbsp;&nbsp;<A HREF=thn_issue.h4.html#POEM4>4 #4</A><DD>Chandigarh, India</DT>
<DT>Connie Donleycott:&nbsp;&nbsp;<A HREF=thn_issue.h4.html#POEM8>4 #8</A><DD>Bremerton, Washington</DT>
<DT>Curtis Dunlap:&nbsp;&nbsp;<A HREF=thn_issue.h6.html#POEM8>6 #8</A><DD>Mayodan, North Carolina</DT>
<DT>Laryalee Fraser:&nbsp;&nbsp;<A HREF=thn_issue.h1.html#POEM5>1 #5</A><DD>Salmon Arm, British Columbia, Canada</DT>
<DT>Joshua Gage:&nbsp;&nbsp;<A HREF=thn_issue.h5.html#POEM8>5 #8</A><DD>Pepper Pike, Ohio</DT>
<DT>D. Claire Gallagher:&nbsp;&nbsp;<A HREF=thn_issue.h4.html#POEM6>4 #6</A><DD>Sunnyvale, California</DT>
<DT>Beverley George:&nbsp;&nbsp;<A HREF=thn_issue.h3.html#POEM9>3 #9</A><DD>Pearl Beach, New South Wales, Australia</DT>
<DT>Ferris Gilli:&nbsp;&nbsp;<A HREF=thn_issue.h1.html#POEM4>1 #4</A><DD>Orlando, Florida</DT>
<DT>Robert Gilliland:&nbsp;&nbsp;<A HREF=thn_issue.h6.html#POEM2>6 #2</A><DD>Austin, Texas</DT>
<DT>Nate Haken:&nbsp;&nbsp;<A HREF=thn_issue.h3.html#POEM7>3 #7</A><DD>Tumbes, Peru</DT>
<DT>Carolyn Hall:&nbsp;&nbsp;<A HREF=thn_issue.h3.html#POEM4>3 #4</A><DD>San Francisco, California</DT>
<DT>Christopher Herold:&nbsp;&nbsp;<A HREF=thn_issue.h1.html#POEM9>1 #9</A><DD>Port Townsend, Washington</DT>
<DT>William J. Higginson:&nbsp;&nbsp;<A HREF=thn_issue.h6.html#POEM5>6 #5</A><DD>Summit, New Jersey</DT>
<DT>Gary Hotham:&nbsp;&nbsp;<A HREF=thn_issue.h1.html#POEM2>1 #2</A><DD>Laurel, Maryland</DT>
<DT>Kirsty Karkow:&nbsp;&nbsp;<A HREF=thn_issue.h5.html#POEM1>5 #1</A><DD>Waldoboro, Maine</DT>
<DT>Mary King:&nbsp;&nbsp;<A HREF=thn_issue.h6.html#POEM6>6 #6</A><DD>Marblehead, Massachusetts</DT>
<DT>Joann Klontz:&nbsp;&nbsp;<A HREF=thn_issue.e1.html#POEM1>EC #1</A>,
&nbsp;<A HREF=thn_issue.h3.html#POEM2>3 #2</A><DD>Swedesboro, New Jersey</DT>
<DT>Ariel Lambert:&nbsp;&nbsp;<A HREF=thn_issue.h4.html#POEM5>4 #5</A><DD>Kenosha, Wisconsin</DT>
<DT>Marcus Larsson:&nbsp;&nbsp;<A HREF=thn_issue.h2.html#POEM6>2 #6</A><DD>Vaxjo, Sweden</DT>
<DT>Burnell Lippy:&nbsp;&nbsp;<A HREF=thn_issue.h2.html#POEM5>2 #5</A><DD>Mt. Tremper, New York</DT>
<DT>Peggy Willis Lyles:&nbsp;&nbsp;<A HREF=thn_issue.h6.html#POEM10>6 #10</A><DD>Tucker, Georgia</DT>
<DT>Myron Lysenko:&nbsp;&nbsp;<A HREF=thn_issue.h3.html#POEM8>3 #8</A><DD>Brunswick, East Victoria, Australia</DT>
<DT>paul m.:&nbsp;&nbsp;<A HREF=thn_issue.h1.html#POEM10>1 #10</A><DD>Bristol, Rhode Island</DT>
<DT>Paul MacNeil:&nbsp;&nbsp;<A HREF=thn_issue.h5.html#POEM9>5 #9</A><DD>Ocala, Florida</DT>
<DT>Francis Masat:&nbsp;&nbsp;<A HREF=thn_issue.h3.html#POEM10>3 #10</A><DD>Key West, Florida</DT>
<DT>Allen McGill:&nbsp;&nbsp;<A HREF=thn_issue.h4.html#POEM2>4 #2</A><DD>San Miguel de Allende, Mexico</DT>
<DT>Paul David Mena:&nbsp;&nbsp;<A HREF=thn_issue.h4.html#POEM10>4 #10</A><DD>Chochituate, Massachusetts</DT>
<DT>Scott Metz:&nbsp;&nbsp;<A HREF=thn_issue.h2.html#POEM10>2 #10</A><DD>Tsuyama, Japan</DT>
<DT>Sabine Miller:&nbsp;&nbsp;<A HREF=thn_issue.h3.html#POEM3>3 #3</A><DD>Lagunitas, California</DT>
<DT>Lenard D. Moore:&nbsp;&nbsp;<A HREF=thn_issue.h5.html#POEM5>5 #5</A><DD>Raleigh, North Carolina</DT>
<DT>H. Gene Murtha:&nbsp;&nbsp;<A HREF=thn_issue.h6.html#POEM9>6 #9</A><DD>Buena, New Jersey</DT>
<DT>Pamela Miller Ness:&nbsp;&nbsp;<A HREF=thn_issue.h4.html#POEM9>4 #9</A><DD>New York, New York</DT>
<DT>Victor Ortiz:&nbsp;&nbsp;<A HREF=thn_issue.h2.html#POEM2>2 #2</A><DD>San Pedro, California</DT>
<DT>Tom Painting:&nbsp;&nbsp;<A HREF=thn_issue.h2.html#POEM1>2 #1</A><DD>Rochester, New York</DT>
<DT>Lane Parker:&nbsp;&nbsp;<A HREF=thn_issue.h2.html#POEM3>2 #3</A><DD>San Francisco, California</DT>
<DT>K. Ramesh:&nbsp;&nbsp;<A HREF=thn_issue.h2.html#POEM8>2 #8</A><DD>Adyar, Chennai, India</DT>
<DT>Chad Lee Robinson:&nbsp;&nbsp;<A HREF=thn_issue.h4.html#POEM3>4 #3</A><DD>Pierre, South Dakota</DT>
<DT>Emily Romano:&nbsp;&nbsp;<A HREF=thn_issue.h4.html#POEM1>4 #1</A><DD>Boonton, New Jersey</DT>
<DT>Grant D. Savage:&nbsp;&nbsp;<A HREF=thn_issue.h2.html#POEM4>2 #4</A><DD>Ottawa, Ontario, Canada</DT>
<DT>Sandra Simpson:&nbsp;&nbsp;<A HREF=thn_issue.h5.html#POEM6>5 #6</A><DD>Tauranga, New Zealand</DT>
<DT>Grzegorz Sionkowski:&nbsp;&nbsp;<A HREF=thn_issue.h5.html#POEM3>5 #3</A><DD>Torun, Poland</DT>
<DT>Nancy Stewart Smith:&nbsp;&nbsp;<A HREF=thn_issue.h6.html#POEM1>6 #1</A><DD>Athens, Georgia</DT>
<DT>John Stevenson:&nbsp;&nbsp;<A HREF=thn_issue.h1.html#POEM6>1 #6</A>,
&nbsp;<A HREF=thn_issue.h6.html#POEM3>6 #3</A><DD>Nassau, New York</DT>
<DT>George Swede:&nbsp;&nbsp;<A HREF=thn_issue.e1.html#POEM3>EC #3</A><DD>Toronto, Ontario, Canada</DT>
<DT>Rick Tarquinio:&nbsp;&nbsp;<A HREF=thn_issue.h3.html#POEM5>3 #5</A><DD>Bridgeton, New Jersey</DT>
<DT>vincent tripi:&nbsp;&nbsp;<A HREF=thn_issue.h1.html#POEM1>1 #1</A><DD>Greenfield, Massachusetts</DT>
<DT>Marilyn Appl Walker:&nbsp;&nbsp;<A HREF=thn_issue.h4.html#POEM7>4 #7</A><DD>Madison, Georgia</DT>
<DT>Michael Dylan Welch:&nbsp;&nbsp;<A HREF=thn_issue.e1.html#POEM2>EC #2</A><DD>Samammish, Washington</DT>
<DT>Cindy Zackowitz:&nbsp;&nbsp;<A HREF=thn_issue.h5.html#POEM10>5 #10</A>,
&nbsp;<A HREF=thn_issue.h5.html#POEM2>5 #2</A><DD>Anchorage, Alaska</DT>
