<DT>Kay F. Anderson:&nbsp;&nbsp;<A HREF=thn_issue.h12.html#POEM10>12 #10</A><DD>Redwood Shores, California</DT>
<DT>Frances Angela:&nbsp;&nbsp;<A HREF=thn_issue.h9.html#POEM6>9 #6</A>,
&nbsp;<A HREF=thn_issue.h6.html#POEM5>6 #5</A><DD>London, England</DT>
<DT>Collin Barber:&nbsp;&nbsp;<A HREF=thn_issue.h10.html#POEM7>10 #7</A><DD>Marion, Arkansas</DT>
<DT>John Barlow:&nbsp;&nbsp;<A HREF=thn_issue.h1.html#POEM8>1 #8</A>,
&nbsp;<A HREF=thn_issue.h5.html#POEM6>5 #6</A><DD>Liverpool, Merseyside, England</DT>
<DT>Janelle Barrera:&nbsp;&nbsp;<A HREF=thn_issue.h9.html#POEM2>9 #2</A><DD>Key West, Florida</DT>
<DT>Jack Barry:&nbsp;&nbsp;<A HREF=thn_issue.h4.html#POEM10>4 #10</A>,
&nbsp;<A HREF=thn_issue.h4.html#POEM4>4 #4</A><DD>Chesterfield, Massachusetts</DT>
<DT>Edith Bartholomeusz:&nbsp;&nbsp;<A HREF=thn_issue.h6.html#POEM9>6 #9</A><DD>Fairport, New York</DT>
<DT>Nara Bauer:&nbsp;&nbsp;<A HREF=thn_issue.h11.html#POEM5>11 #5</A><DD>Big Wheeling Creek, West Virginia</DT>
<DT>Robert Bauer:&nbsp;&nbsp;<A HREF=thn_issue.h12.html#POEM7>12 #7</A><DD>Big Wheeling Creek, West Virginia</DT>
<DT>Roberta Beary:&nbsp;&nbsp;<A HREF=thn_issue.h2.html#POEM10>2 #10</A><DD>Bethesda, Maryland</DT>
<DT>Tony Beyer:&nbsp;&nbsp;<A HREF=thn_issue.h3.html#POEM5>3 #5</A><DD>New Plymouth, New Zealand</DT>
<DT>David Boyer:&nbsp;&nbsp;<A HREF=thn_issue.h12.html#POEM1>12 #1</A><DD>Stamford, Connecticut</DT>
<DT>Colo Buchanan:&nbsp;&nbsp;<A HREF=thn_issue.h3.html#POEM6>3 #6</A><DD>Lisburn, Antrim, North Ireland</DT>
<DT>Helen Buckingham:&nbsp;&nbsp;<A HREF=thn_issue.h1.html#POEM3>1 #3</A><DD>Bristol, Avon, England</DT>
<DT>Allan Burns:&nbsp;&nbsp;<A HREF=thn_issue.h1.html#POEM9>1 #9</A><DD>Colorado Springs, Colorado</DT>
<DT>Andrea Cecon:&nbsp;&nbsp;<A HREF=thn_issue.h7.html#POEM9>7 #9</A><DD>Udine, Italy</DT>
<DT>Yu Chang:&nbsp;&nbsp;<A HREF=thn_issue.h12.html#POEM3>12 #3</A>,
&nbsp;<A HREF=thn_issue.h7.html#POEM3>7 #3</A><DD>Schenectady, New York</DT>
<DT>James Chessing:&nbsp;&nbsp;<A HREF=thn_issue.h11.html#POEM2>11 #2</A>,
&nbsp;<A HREF=thn_issue.h9.html#POEM1>9 #1</A><DD>San Ramon, California</DT>
<DT>Tom Clausen:&nbsp;&nbsp;<A HREF=thn_issue.h5.html#POEM4>5 #4</A><DD>Ithaca, New York</DT>
<DT>William Cullen, Jr.:&nbsp;&nbsp;<A HREF=thn_issue.h12.html#POEM4>12 #4</A><DD>Brooklyn, New York</DT>
<DT>Cherie Hunter Day:&nbsp;&nbsp;<A HREF=thn_issue.h4.html#POEM3>4 #3</A><DD>San Diego, California</DT>
<DT>Marili Deandrea:&nbsp;&nbsp;<A HREF=thn_issue.h7.html#POEM10>7 #10</A><DD>Torino, Italy</DT>
<DT>Angelee Deodhar:&nbsp;&nbsp;<A HREF=thn_issue.h5.html#POEM2>5 #2</A><DD>Chandigarh, India</DT>
<DT>Connie Donleycott:&nbsp;&nbsp;<A HREF=thn_issue.h10.html#POEM9>10 #9</A>,
&nbsp;<A HREF=thn_issue.h7.html#POEM7>7 #7</A><DD>Bremerton, Washington</DT>
<DT>Curtis Dunlap:&nbsp;&nbsp;<A HREF=thn_issue.e1.html#POEM2>EC #2</A><DD>Mayodan, North Carolina</DT>
<DT>Tim Edwards:&nbsp;&nbsp;<A HREF=thn_issue.h4.html#POEM6>4 #6</A><DD>Jakarta, Java, Indonesia</DT>
<DT>Margarita Engle:&nbsp;&nbsp;<A HREF=thn_issue.h9.html#POEM10>9 #10</A><DD>Clovis, California</DT>
<DT>Robert Epstein:&nbsp;&nbsp;<A HREF=thn_issue.h2.html#POEM1>2 #1</A><DD>El Cerrito, California</DT>
<DT>Eileen Evans:&nbsp;&nbsp;<A HREF=thn_issue.h8.html#POEM6>8 #6</A><DD>Chilliwack, British Columbia, Canada</DT>
<DT>D. Claire Gallagher:&nbsp;&nbsp;<A HREF=thn_issue.h9.html#POEM4>9 #4</A><DD>Sunnyvale, California</DT>
<DT>Barry George:&nbsp;&nbsp;<A HREF=thn_issue.h11.html#POEM6>11 #6</A><DD>Philadelphia, Pennsylvania</DT>
<DT>Beverley George:&nbsp;&nbsp;<A HREF=thn_issue.h6.html#POEM8>6 #8</A><DD>Pearl Beach, New South Wales, Australia</DT>
<DT>David Gershator:&nbsp;&nbsp;<A HREF=thn_issue.h2.html#POEM9>2 #9</A><DD>St. Thomas, U.S. Virgin Islands</DT>
<DT>David Giacalone:&nbsp;&nbsp;<A HREF=thn_issue.h8.html#POEM5>8 #5</A><DD>Schenectady, New York</DT>
<DT>Irene Golas:&nbsp;&nbsp;<A HREF=thn_issue.h1.html#POEM6>1 #6</A><DD>Sudbury, Ontario, Canada</DT>
<DT>Andrea Grillo:&nbsp;&nbsp;<A HREF=thn_issue.h7.html#POEM6>7 #6</A><DD>Randolph, New Jersey</DT>
<DT>Kay Grimnes:&nbsp;&nbsp;<A HREF=thn_issue.h12.html#POEM6>12 #6</A><DD>Alma, Michigan</DT>
<DT>Carolyn Hall:&nbsp;&nbsp;<A HREF=thn_issue.h2.html#POEM8>2 #8</A>,
&nbsp;<A HREF=thn_issue.h3.html#POEM2>3 #2</A><DD>San Francisco, California</DT>
<DT>Timothy Hawkes:&nbsp;&nbsp;<A HREF=thn_issue.h10.html#POEM5>10 #5</A>,
&nbsp;<A HREF=thn_issue.h7.html#POEM2>7 #2</A><DD>Centerville, Utah</DT>
<DT>Ruth Holzer:&nbsp;&nbsp;<A HREF=thn_issue.h1.html#POEM5>1 #5</A><DD>Herndon, Virginia</DT>
<DT>Gary Hotham:&nbsp;&nbsp;<A HREF=thn_issue.h4.html#POEM1>4 #1</A><DD>Zwingenberg, Germany</DT>
<DT>Elizabeth Howard:&nbsp;&nbsp;<A HREF=thn_issue.h1.html#POEM10>1 #10</A><DD>Crossville, Tennessee</DT>
<DT>Kevin James:&nbsp;&nbsp;<A HREF=thn_issue.h2.html#POEM3>2 #3</A><DD>Woolwich Township, New Jersey</DT>
<DT>Kirsty Karkow:&nbsp;&nbsp;<A HREF=thn_issue.h7.html#POEM5>7 #5</A><DD>Waldoboro, Maine</DT>
<DT>John Kinory:&nbsp;&nbsp;<A HREF=thn_issue.h11.html#POEM7>11 #7</A><DD>Steeple Aston, Oxfordshire, England</DT>
<DT>Elizabeth F. Kusuda:&nbsp;&nbsp;<A HREF=thn_issue.h6.html#POEM7>6 #7</A><DD>Issaquah, Washington</DT>
<DT>Ariel Lambert:&nbsp;&nbsp;<A HREF=thn_issue.h3.html#POEM9>3 #9</A><DD>Kenosha, Wisconsin</DT>
<DT>Marcus Larrson:&nbsp;&nbsp;<A HREF=thn_issue.h3.html#POEM3>3 #3</A>,
&nbsp;<A HREF=thn_issue.h12.html#POEM2>12 #2</A><DD>Vaxjo, Sweden</DT>
<DT>Natasha Levi:&nbsp;&nbsp;<A HREF=thn_issue.h5.html#POEM1>5 #1</A>,
&nbsp;<A HREF=thn_issue.h8.html#POEM4>8 #4</A><DD>Moscow, Russia</DT>
<DT>Darrell Lindsey:&nbsp;&nbsp;<A HREF=thn_issue.e1.html#POEM1>EC #1</A><DD>Nacogdoches, Texas</DT>
<DT>Burnell Lippy:&nbsp;&nbsp;<A HREF=thn_issue.h8.html#POEM9>8 #9</A><DD>Mt. Tremper, New York</DT>
<DT>paul m.:&nbsp;&nbsp;<A HREF=thn_issue.h5.html#POEM5>5 #5</A><DD>Bristol, Rhode Island</DT>
<DT>Ed Markowski:&nbsp;&nbsp;<A HREF=thn_issue.h9.html#POEM8>9 #8</A><DD>Auburn Hills, Michigan</DT>
<DT>Scott Mason:&nbsp;&nbsp;<A HREF=thn_issue.h2.html#POEM7>2 #7</A><DD>Chappaqua, New York</DT>
<DT>Kay McLain:&nbsp;&nbsp;<A HREF=thn_issue.h3.html#POEM8>3 #8</A><DD>Pacific Palisades, California</DT>
<DT>Scott Metz:&nbsp;&nbsp;<A HREF=thn_issue.h11.html#POEM4>11 #4</A><DD>Tsuyama, Japan</DT>
<DT>Sabine Miller:&nbsp;&nbsp;<A HREF=thn_issue.h10.html#POEM8>10 #8</A><DD>Lagunitas, California</DT>
<DT>Lenard D. Moore:&nbsp;&nbsp;<A HREF=thn_issue.h4.html#POEM9>4 #9</A><DD>Raleigh, North Carolina</DT>
<DT>Elizabeth Moura:&nbsp;&nbsp;<A HREF=thn_issue.h11.html#POEM10>11 #10</A><DD>Taunton, Massachusetts</DT>
<DT>H. Gene Murtha:&nbsp;&nbsp;<A HREF=thn_issue.h3.html#POEM10>3 #10</A><DD>Buena, New Jersey</DT>
<DT>David Noble:&nbsp;&nbsp;<A HREF=thn_issue.h12.html#POEM9>12 #9</A><DD>Tokyo, Japan</DT>
<DT>Graham Nunn:&nbsp;&nbsp;<A HREF=thn_issue.h6.html#POEM4>6 #4</A><DD>Brisbane, Queensland, Australia</DT>
<DT>Marian Olson:&nbsp;&nbsp;<A HREF=thn_issue.h1.html#POEM2>1 #2</A><DD>Santa Fe, New Mexico</DT>
<DT>Laura Orabone:&nbsp;&nbsp;<A HREF=thn_issue.h3.html#POEM7>3 #7</A><DD>Tucson, Arizona</DT>
<DT>Victor Ortiz:&nbsp;&nbsp;<A HREF=thn_issue.h10.html#POEM6>10 #6</A><DD>San Pedro, California</DT>
<DT>Clive Oseman:&nbsp;&nbsp;<A HREF=thn_issue.h11.html#POEM8>11 #8</A><DD>Swindon, Wiltshire, England</DT>
<DT>Lane Parker:&nbsp;&nbsp;<A HREF=thn_issue.h8.html#POEM2>8 #2</A><DD>San Francisco, California</DT>
<DT>Brent Partridge:&nbsp;&nbsp;<A HREF=thn_issue.h8.html#POEM10>8 #10</A><DD>Orinda, California</DT>
<DT>Christopher Patchel:&nbsp;&nbsp;<A HREF=thn_issue.h11.html#POEM1>11 #1</A>,
&nbsp;<A HREF=thn_issue.h6.html#POEM1>6 #1</A><DD>Chicago, Illinois</DT>
<DT>Paul Pfleuger, Jr.:&nbsp;&nbsp;<A HREF=thn_issue.h8.html#POEM7>8 #7</A><DD>Taiwan</DT>
<DT>Francine Porad:&nbsp;&nbsp;<A HREF=thn_issue.h7.html#POEM8>7 #8</A><DD>Bellevue, Washington</DT>
<DT>Patricia Prime:&nbsp;&nbsp;<A HREF=thn_issue.h4.html#POEM7>4 #7</A><DD>Te Atatu South, Auckland, New Zealand</DT>
<DT>Vanessa Proctor:&nbsp;&nbsp;<A HREF=thn_issue.h2.html#POEM5>2 #5</A><DD>Sydney, New South Wales, Australia</DT>
<DT>K. Ramesh:&nbsp;&nbsp;<A HREF=thn_issue.h8.html#POEM3>8 #3</A><DD>Adyar, Chennai, India</DT>
<DT>Chad Lee Robinson:&nbsp;&nbsp;<A HREF=thn_issue.h6.html#POEM6>6 #6</A><DD>Pierre, South Dakota</DT>
<DT>Michelle Root-Bernstein:&nbsp;&nbsp;<A HREF=thn_issue.h3.html#POEM4>3 #4</A><DD>East Lansing, Michigan</DT>
<DT>David Rosen:&nbsp;&nbsp;<A HREF=thn_issue.h9.html#POEM9>9 #9</A><DD>College Station, Texas</DT>
<DT>Bruce Ross:&nbsp;&nbsp;<A HREF=thn_issue.h4.html#POEM8>4 #8</A><DD>Orono, Maine</DT>
<DT>Grant Savage:&nbsp;&nbsp;<A HREF=thn_issue.h10.html#POEM4>10 #4</A><DD>Ottawa, Ontario, Canada</DT>
<DT>Ann K. Schwader:&nbsp;&nbsp;<A HREF=thn_issue.h5.html#POEM9>5 #9</A><DD>Westminster, Colorado</DT>
<DT>Adelaide B. Shaw:&nbsp;&nbsp;<A HREF=thn_issue.h6.html#POEM10>6 #10</A><DD>Scarsdale, New York</DT>
<DT>Bronislawa Sibiga:&nbsp;&nbsp;<A HREF=thn_issue.h5.html#POEM10>5 #10</A><DD>Tychy, Poland</DT>
<DT>Valeria Simonova:&nbsp;&nbsp;<A HREF=thn_issue.h2.html#POEM2>2 #2</A><DD>Moscow, Russia</DT>
<DT>Sandra Simpson:&nbsp;&nbsp;<A HREF=thn_issue.h6.html#POEM2>6 #2</A><DD>Tauranga, New Zealand</DT>
<DT>S. R. Spanyer:&nbsp;&nbsp;<A HREF=thn_issue.h5.html#POEM7>5 #7</A><DD>Louisville, Kentucky</DT>
<DT>John Stevenson:&nbsp;&nbsp;<A HREF=thn_issue.e.html#POEM3>EC #3</A>,
&nbsp;<A HREF=thn_issue.h10.html#POEM10>10 #10</A><DD>Nassau, New York</DT>
<DT>George Swede:&nbsp;&nbsp;<A HREF=thn_issue.h10.html#POEM2>10 #2</A>,
&nbsp;<A HREF=thn_issue.h4.html#POEM5>4 #5</A><DD>Toronto, Ontario, Canada</DT>
<DT>Anna Tambour:&nbsp;&nbsp;<A HREF=thn_issue.h11.html#POEM3>11 #3</A><DD>Nowra, New South Wales, Australia</DT>
<DT>Hilary Tann:&nbsp;&nbsp;<A HREF=thn_issue.h2.html#POEM6>2 #6</A>,
&nbsp;<A HREF=thn_issue.h7.html#POEM1>7 #1</A><DD>Shuylerville, New York</DT>
<DT>Rick Tarquinio:&nbsp;&nbsp;<A HREF=thn_issue.h10.html#POEM3>10 #3</A>,
&nbsp;<A HREF=thn_issue.h12.html#POEM8>12 #8</A><DD>Woodruff, New Jersey</DT>
<DT>Dietmar Tauchner:&nbsp;&nbsp;<A HREF=thn_issue.h4.html#POEM2>4 #2</A><DD>Puchberg, Austria</DT>
<DT>Tom Tico:&nbsp;&nbsp;<A HREF=thn_issue.h7.html#POEM4>7 #4</A><DD>San Francisco, California</DT>
<DT>Beverly Tift:&nbsp;&nbsp;<A HREF=thn_issue.h10.html#POEM1>10 #1</A>,
&nbsp;<A HREF=thn_issue.h2.html#POEM4>2 #4</A><DD>Hamden, Connecticut</DT>
<DT>Stephen Toft:&nbsp;&nbsp;<A HREF=thn_issue.h1.html#POEM1>1 #1</A>,
&nbsp;<A HREF=thn_issue.h5.html#POEM3>5 #3</A><DD>Swansea, Wales</DT>
<DT>vincent tripi:&nbsp;&nbsp;<A HREF=thn_issue.h9.html#POEM3>9 #3</A><DD>Greenfield, Massachusetts</DT>
<DT>Mitzi Trout:&nbsp;&nbsp;<A HREF=thn_issue.h1.html#POEM7>1 #7</A><DD>Roswell, Georgia</DT>
<DT>Marilyn Appl Walker:&nbsp;&nbsp;<A HREF=thn_issue.h5.html#POEM8>5 #8</A><DD>Madison, Georgia</DT>
<DT>Linda Jeannette Ward:&nbsp;&nbsp;<A HREF=thn_issue.h6.html#POEM3>6 #3</A><DD>Coinjock, North Carolina</DT>
<DT>Bill Waters:&nbsp;&nbsp;<A HREF=thn_issue.h1.html#POEM4>1 #4</A><DD>Pennington, New Jersey</DT>
<DT>Paul Watsky:&nbsp;&nbsp;<A HREF=thn_issue.h8.html#POEM1>8 #1</A><DD>San Francisco, California</DT>
<DT>Michael Dylan Welch:&nbsp;&nbsp;<A HREF=thn_issue.h11.html#POEM9>11 #9</A><DD>Sammamish, Washington</DT>
<DT>Paul Wigelius:&nbsp;&nbsp;<A HREF=thn_issue.h12.html#POEM5>12 #5</A><DD>Stockholm, Sweden</DT>
<DT>Billie Wilson:&nbsp;&nbsp;<A HREF=thn_issue.h3.html#POEM1>3 #1</A><DD>Juneau, Alaska</DT>
<DT>Quendryth Young:&nbsp;&nbsp;<A HREF=thn_issue.h8.html#POEM8>8 #8</A><DD>Alstonville, New South Wales, Australia</DT>
<DT>Peter Yovu:&nbsp;&nbsp;<A HREF=thn_issue.h9.html#POEM5>9 #5</A><DD>Middlesex, Vermont</DT>
<DT>Cindy Zackowitz:&nbsp;&nbsp;<A HREF=thn_issue.h9.html#POEM7>9 #7</A><DD>Anchorage, Alaska</DT>
