<P><A HREF=thn_issue.h1.html#POEM00>
Barry A. George
</A>
<P><A HREF=thn_issue.h1.html#POEM01>
Michael Dylan Welch
</A>
<P><A HREF=thn_issue.h1.html#POEM02>
an^Òya
</A>
<P><A HREF=thn_issue.h1.html#POEM03>
Michael Ketchek
</A>
<P><A HREF=thn_issue.h1.html#POEM04>
Kay Grimnes
</A>
<P><A HREF=thn_issue.h1.html#POEM05>
Christopher Patchel
</A>
<P><A HREF=thn_issue.h1.html#POEM06>
Cherie Hunter Day
</A>
<P><A HREF=thn_issue.h1.html#POEM07>
Rebecca Lilly
</A>
<P><A HREF=thn_issue.h1.html#POEM08>
John Ower
</A>
<P><A HREF=thn_issue.h1.html#POEM09>
Adelaide Shaw
</A>
</TD>
 
<TD ALIGN=LEFT VALIGN=TOP WIDTH=380>
<TABLE>
 
<TR ALIGN=LEFT VALIGN=TOP>
<TD><A NAME=POEM00></A>
<P><FONT SIZE=+1>
 
extended drought
<BR>
the wake of a goose
<BR>
drifts toward shore
</FONT></TD></TR>
<TR ALIGN=RIGHT VALIGN=TOP><TD>
Barry A. George
<P>&nbsp;</TD></TR>
<TR ALIGN=LEFT VALIGN=TOP>
<TD><A NAME=POEM02></A>
<P><FONT SIZE=+1>
 
summer^Òs end ^×
<BR>
the falling ashes
<BR>
from a distant wildfire
</FONT></TD></TR>
<TR ALIGN=RIGHT VALIGN=TOP><TD>
an^Òya
<P>&nbsp;</TD></TR>
<TR ALIGN=LEFT VALIGN=TOP>
<TD><A NAME=POEM04></A>
<P><FONT SIZE=+1>
 
retirement party
<BR>
maple seeds spin slowly
<BR>
to the driveway
</FONT></TD></TR>
<TR ALIGN=RIGHT VALIGN=TOP><TD>
Kay Grimnes
<P>&nbsp;</TD></TR>
<TR ALIGN=LEFT VALIGN=TOP>
<TD><A NAME=POEM06></A>
<P><FONT SIZE=+1>
 
dewdrops
<BR>
magnify a leaf vein^×
<BR>
my heartbeat
</FONT></TD></TR>
<TR ALIGN=RIGHT VALIGN=TOP><TD>
Cherie Hunter Day
<P>&nbsp;</TD></TR>
<TR ALIGN=LEFT VALIGN=TOP>
<TD><A NAME=POEM08></A>
<P><FONT SIZE=+1>
 
first light^×
<BR>
the cows are browsing
<BR>
frost
</FONT></TD></TR>
<TR ALIGN=RIGHT VALIGN=TOP><TD>
John Ower
<P>&nbsp;</TD></TR>
 
</TABLE></TD>
 
<TD ALIGN=LEFT VALIGN=TOP WIDTH=380>
<TABLE><TR ALIGN=LEFT VALIGN=TOP>
<TD><FONT SIZE=-2>&nbsp;</FONT></TD>
</TR>
 
<TR ALIGN=RIGHT VALIGN=TOP>
<TD>&nbsp;</TD>
</TR>
<TR ALIGN=LEFT VALIGN=TOP>
<TD><A NAME=POEM01></A>
<P><FONT SIZE=+1>
 
twilight lingers . . .
<BR>
    from the wrecking yard
<BR>
    flash of a blow torch
</FONT></TD></TR>
<TR ALIGN=RIGHT VALIGN=TOP><TD>
Michael Dylan Welch
<P>&nbsp;</TD></TR>
<TR ALIGN=LEFT VALIGN=TOP>
<TD><A NAME=POEM03></A>
<P><FONT SIZE=+1>
 
autumn afternoon
<BR>
wind blown leaves
<BR>
caught by the brush pile
</FONT></TD></TR>
<TR ALIGN=RIGHT VALIGN=TOP><TD>
Michael Ketchek
<P>&nbsp;</TD></TR>
<TR ALIGN=LEFT VALIGN=TOP>
<TD><A NAME=POEM05></A>
<P><FONT SIZE=+1>
 
a wobbly wheel
<BR>
on the shopping cart^×
<BR>
autumn night
</FONT></TD></TR>
<TR ALIGN=RIGHT VALIGN=TOP><TD>
Christopher Patchel
<P>&nbsp;</TD></TR>
<TR ALIGN=LEFT VALIGN=TOP>
<TD><A NAME=POEM07></A>
<P><FONT SIZE=+1>
 
an owl hoots
<BR>
deep in the hollow^×
<BR>
coolness along the stream
</FONT></TD></TR>
<TR ALIGN=RIGHT VALIGN=TOP><TD>
Rebecca Lilly
<P>&nbsp;</TD></TR>
<TR ALIGN=LEFT VALIGN=TOP>
<TD><A NAME=POEM09></A>
<P><FONT SIZE=+1>
 
morning mist
<BR>
the tick . . . tick
<BR>
of leaves falling
</FONT></TD></TR>
<TR ALIGN=RIGHT VALIGN=TOP><TD>
Adelaide Shaw
<P>&nbsp;</TD></TR>
