<P><A HREF=thn_issue.h3.html#POEM00>
Yu Chang
</A>
<P><A HREF=thn_issue.h3.html#POEM01>
carmen
</A>
<P><A HREF=thn_issue.h3.html#POEM02>
paul m.
</A>
<P><A HREF=thn_issue.h3.html#POEM03>
Odd G. Aksnes
</A>
<P><A HREF=thn_issue.h3.html#POEM04>
Peter Williams
</A>
<P><A HREF=thn_issue.h3.html#POEM05>
Rick Tarquinio
</A>
<P><A HREF=thn_issue.h3.html#POEM06>
H. Gene Murtha
</A>
<P><A HREF=thn_issue.h3.html#POEM07>
Shirley Cahayom
</A>
<P><A HREF=thn_issue.h3.html#POEM08>
Kuniharu Shimizu
</A>
<P><A HREF=thn_issue.h3.html#POEM09>
Victor Ortiz
</A>
</TD>
 
<TD ALIGN=LEFT VALIGN=TOP WIDTH=380>
<TABLE>
 
<TR ALIGN=LEFT VALIGN=TOP>
<TD><A NAME=POEM00></A>
<P><FONT SIZE=+1>
 
summer solstice
<BR>
a climbing rose
<BR>
bent with blossoms
</FONT></TD></TR>
<TR ALIGN=RIGHT VALIGN=TOP><TD>
Yu Chang
<P>&nbsp;</TD></TR>
<TR ALIGN=LEFT VALIGN=TOP>
<TD><A NAME=POEM02></A>
<P><FONT SIZE=+1>
 
trailhead poppies -
<BR>
but today
<BR>
with butterflies
</FONT></TD></TR>
<TR ALIGN=RIGHT VALIGN=TOP><TD>
paul m.
<P>&nbsp;</TD></TR>
<TR ALIGN=LEFT VALIGN=TOP>
<TD><A NAME=POEM04></A>
<P><FONT SIZE=+1>
 
a reed hangs
<BR>
from the swan^Òs beak
<BR>
hot afternoon
</FONT></TD></TR>
<TR ALIGN=RIGHT VALIGN=TOP><TD>
Peter Williams
<P>&nbsp;</TD></TR>
<TR ALIGN=LEFT VALIGN=TOP>
<TD><A NAME=POEM06></A>
<P><FONT SIZE=+1>
 
Gettysburg^×
<BR>
the children pause
<BR>
to watch a dove
</FONT></TD></TR>
<TR ALIGN=RIGHT VALIGN=TOP><TD>
H. Gene Murtha
<P>&nbsp;</TD></TR>
<TR ALIGN=LEFT VALIGN=TOP>
<TD><A NAME=POEM08></A>
<P><FONT SIZE=+1>
 
summer afternoon
<BR>
nuns giggle
<BR>
in a dim corridor
</FONT></TD></TR>
<TR ALIGN=RIGHT VALIGN=TOP><TD>
Kuniharu Shimizu
<P>&nbsp;</TD></TR>
 
</TABLE></TD>
 
<TD ALIGN=LEFT VALIGN=TOP WIDTH=380>
<TABLE><TR ALIGN=LEFT VALIGN=TOP>
<TD><FONT SIZE=-2>&nbsp;</FONT></TD>
</TR>
 
<TR ALIGN=RIGHT VALIGN=TOP>
<TD>&nbsp;</TD>
</TR>
<TR ALIGN=LEFT VALIGN=TOP>
<TD><A NAME=POEM01></A>
<P><FONT SIZE=+1>
 
early sunrise -
<BR>
pink bindweed curled
<BR>
around barley stalks
</FONT></TD></TR>
<TR ALIGN=RIGHT VALIGN=TOP><TD>
carmen
<P>&nbsp;</TD></TR>
<TR ALIGN=LEFT VALIGN=TOP>
<TD><A NAME=POEM03></A>
<P><FONT SIZE=+1>
 
river bend
<BR>
the slow move
<BR>
of an eddy
</FONT></TD></TR>
<TR ALIGN=RIGHT VALIGN=TOP><TD>
Odd G. Aksnes
<P>&nbsp;</TD></TR>
<TR ALIGN=LEFT VALIGN=TOP>
<TD><A NAME=POEM05></A>
<P><FONT SIZE=+1>
 
Independence Day
<BR>
    slowly the clouds
<BR>
drift upstream
</FONT></TD></TR>
<TR ALIGN=RIGHT VALIGN=TOP><TD>
Rick Tarquinio
<P>&nbsp;</TD></TR>
<TR ALIGN=LEFT VALIGN=TOP>
<TD><A NAME=POEM07></A>
<P><FONT SIZE=+1>
 
blazing sun
<BR>
the shape of her legs
<BR>
through a thin summer dress
</FONT></TD></TR>
<TR ALIGN=RIGHT VALIGN=TOP><TD>
Shirley Cahayom
<P>&nbsp;</TD></TR>
<TR ALIGN=LEFT VALIGN=TOP>
<TD><A NAME=POEM09></A>
<P><FONT SIZE=+1>
 
summer school^×
<BR>
papier-mâché pigs
<BR>
sunning on the deck
</FONT></TD></TR>
<TR ALIGN=RIGHT VALIGN=TOP><TD>
Victor Ortiz
<P>&nbsp;</TD></TR>
