<DT>Frances Angela:&nbsp;&nbsp;<A HREF=thn_issue.h3.html#POEM9>3 #9</A><DD>London, England</DT>
<DT>Jack Barry:&nbsp;&nbsp;<A HREF=thn_issue.h3.html#POEM7>3 #7</A><DD>Chesterfield, Massachusetts</DT>
<DT>Robert Bauer:&nbsp;&nbsp;<A HREF=thn_issue.h1.html#POEM10>1 #10</A><DD>Big Wheeling Creek, WV</DT>
<DT>Darrell Byrd:&nbsp;&nbsp;<A HREF=thn_issue.h3.html#POEM1>3 #1</A><DD>El Centro, California</DT>
<DT>Yvonne Cabalona:&nbsp;&nbsp;<A HREF=thn_issue.h4.html#POEM10>4 #10</A><DD>Modesto, California</DT>
<DT>Katherine Cudney:&nbsp;&nbsp;<A HREF=thn_issue.e1.html#POEM1>EC #1</A><dd>Liberty, Tennessee</dt>
<DT>William Cullen, Jr.:&nbsp;&nbsp;<A HREF=thn_issue.h4.html#POEM3>4 #3</A><DD>Brooklyn, New York</DT>
<DT>Cherie Hunter Day:&nbsp;&nbsp;<A HREF=thn_issue.h5.html#POEM6>5 #6</A><DD>San Diego, California</DT>
<DT>Angelee Deodhar:&nbsp;&nbsp;<A HREF=thn_issue.h2.html#POEM1>2 #1</A><DD>Chandigarh, India</DT>
<DT>Connie Donleycott:&nbsp;&nbsp;<A HREF=thn_issue.h5.html#POEM2>5 #2</A><DD>Bremerton, Washington</DT>
<DT>George Dorsty:&nbsp;&nbsp;<A HREF=thn_issue.h5.html#POEM1>5 #1</A><DD>Jamesport, New York</DT>
<DT>Curtis Dunlap:&nbsp;&nbsp;<A HREF=thn_issue.h3.html#POEM10>3 #10</A><DD>Mayodan, North Carolina</DT>
<DT>D. Claire Gallagher:&nbsp;&nbsp;<A HREF=thn_issue.h2.html#POEM3>2 #3</A><DD>Sunnyvale, California</DT>
<DT>Beverley George:&nbsp;&nbsp;<A HREF=thn_issue.h5.html#POEM9>5 #9</A><DD>Pearl Beach, New South Wales, Australia</DT>
<DT>Robert Gilliland:&nbsp;&nbsp;<A HREF=thn_issue.h4.html#POEM8>4 #8</A>,
&nbsp;<A HREF=thn_issue.h5.html#POEM3>5 #3</A><DD>Austin, Texas</DT>
<DT>Carolyn Hall:&nbsp;&nbsp;<A HREF=thn_issue.h5.html#POEM5>5 #5</A><DD>San Francisco, California</DT>
<DT>Yvonne Hardenbrook:&nbsp;&nbsp;<A HREF=thn_issue.h2.html#POEM10>2 #10</A><DD>Columbus, Ohio</DT>
<DT>Timothy Hawkes:&nbsp;&nbsp;<A HREF=thn_issue.h3.html#POEM3>3 #3</A><DD>Silver Spring, Maryland</DT>
<DT>Gary Hotham:&nbsp;&nbsp;<A HREF=thn_issue.h4.html#POEM5>4 #5</A><DD>Laurel, Maryland</DT>
<DT>Elizabeth Howard:&nbsp;&nbsp;<A HREF=thn_issue.h2.html#POEM2>2 #2</A><DD>Crossville, Tennessee</DT>
<DT>Helga Härle:&nbsp;&nbsp;<A HREF=thn_issue.h5.html#POEM10>5 #10</A><DD>Stockholm, Sweden</DT>
<DT>Joann Klontz:&nbsp;&nbsp;<A HREF=thn_issue.h4.html#POEM2>4 #2</A><DD>Swedesboro, New Jersey</DT>
<DT>Marcus Larsson:&nbsp;&nbsp;<A HREF=thn_issue.h4.html#POEM6>4 #6</A><DD>Växjö, Sweden</DT>
<DT>Burnell Lippy:&nbsp;&nbsp;<A HREF=thn_issue.h3.html#POEM5>3 #5</A><DD>Mt. Tremper, New York</DT>
<DT>paul m.:&nbsp;&nbsp;<A HREF=thn_issue.h5.html#POEM8>5 #8</A><DD>Bristol, Rhode Island</DT>
<DT>Tomislav Maretic:&nbsp;&nbsp;<A HREF=thn_issue.h2.html#POEM9>2 #9</A><DD>Vrapche, Croatia</DT>
<DT>Michael McClintock:&nbsp;&nbsp;<A HREF=thn_issue.h5.html#POEM4>5 #4</A><DD>South Pasadena, California</DT>
<DT>Allen McGill:&nbsp;&nbsp;<A HREF=thn_issue.h1.html#POEM9>1 #9</A><DD>San Miguel de Allende, Mexico</DT>
<DT>Lenard D. Moore:&nbsp;&nbsp;<A HREF=thn_issue.h2.html#POEM6>2 #6</A><DD>Raleigh, North Carolina</DT>
<DT>Pamela Miller Ness:&nbsp;&nbsp;<A HREF=thn_issue.h4.html#POEM4>4 #4</A><DD>New York, New York</DT>
<DT>Marian Olson:&nbsp;&nbsp;<A HREF=thn_issue.h2.html#POEM5>2 #5</A><DD>Santa Fe, New Mexico</DT>
<DT>Tom Painting:&nbsp;&nbsp;<A HREF=thn_issue.h5.html#POEM7>5 #7</A><DD>Rochester, New York</DT>
<DT>Paul Pfleuger, Jr.:&nbsp;&nbsp;<A HREF=thn_issue.h1.html#POEM1>1 #1</A><DD>Chia-Yi, Taiwan</DT>
<DT>Vanessa Proctor:&nbsp;&nbsp;<A HREF=thn_issue.h2.html#POEM7>2 #7</A><DD>Sydney, New South Wales, Australia</DT>
<DT>Chad Lee Robinson:&nbsp;&nbsp;<A HREF=thn_issue.h1.html#POEM3>1 #3</A><DD>Pierre, South Dakota</DT>
<DT>Dave Russo:&nbsp;&nbsp;<A HREF=thn_issue.h2.html#POEM4>2 #4</A><DD>Cary, North Carolina</DT>
<DT>Kuniharu Shimizu:&nbsp;&nbsp;<A HREF=thn_issue.h1.html#POEM4>1 #4</A><DD>Tenri, Japan</DT>
<DT>Sue Stanford:&nbsp;&nbsp;<A HREF=thn_issue.h1.html#POEM5>1 #5</A><DD>Melbourne, Victoria, Australia</DT>
<DT>Ann K. Schwader:&nbsp;&nbsp;<A HREF=thn_issue.h2.html#POEM8>2 #8</A><DD>Westminster, Colorado</DT>
<DT>Gary Steinberg:&nbsp;&nbsp;<A HREF=thn_issue.h4.html#POEM1>4 #1</A><DD>Mahwah, New Jersey</DT>
<DT>John Stevenson:&nbsp;&nbsp;<A HREF=thn_issue.h3.html#POEM2>3 #2</A><DD>Nassau, New York</DT>
<DT>George Swede:&nbsp;&nbsp;<A HREF=thn_issue.h1.html#POEM2>1 #2</A><DD>Toronto, Ontario, Canada</DT>
<DT>vincent tripi:&nbsp;&nbsp;<A HREF=thn_issue.e1.html#POEM2>EC #2</A><dd>Greenfield, Massachusetts</dt>
<DT>Linda Jeannette Ward:&nbsp;&nbsp;<A HREF=thn_issue.h1.html#POEM7>1 #7</A>,
&nbsp;<A HREF=thn_issue.h3.html#POEM6>3 #6</A><DD>Coinjock, North Carolina</DT>
<DT>Paul Watsky:&nbsp;&nbsp;<A HREF=thn_issue.h4.html#POEM9>4 #9</A><DD>San Francisco, California</DT>
<DT>Michael Dylan Welch:&nbsp;&nbsp;<A HREF=thn_issue.h1.html#POEM6>1 #6</A><DD>Sammamish, Washington</DT>
<DT>Nina Wicker:&nbsp;&nbsp;<A HREF=thn_issue.h1.html#POEM8>1 #8</A><DD>Sanford, North Carolina</DT>
<DT>Billie Wilson:&nbsp;&nbsp;<A HREF=thn_issue.e1.html#POEM3>EC #3</A><dd>Juneau, Alaska</dt>
<DT>Nancy S. Young:&nbsp;&nbsp;<A HREF=thn_issue.h3.html#POEM8>3 #8</A><DD>Honolulu, Hawaii</DT>
<DT>Peter Yovu:&nbsp;&nbsp;<A HREF=thn_issue.h4.html#POEM7>4 #7</A><DD>Middlesex, Vermont</DT>
<DT>Cindy Zackowitz:&nbsp;&nbsp;<A HREF=thn_issue.h3.html#POEM4>3 #4</A><DD>Anchorage, Alaska</DT>
