<DT>Robert Major:&nbsp;&nbsp;<A HREF=thn_issue.h1.html#POEM00>1 #0</A><DD>Poulsbo, Washington</DT> 
<DT>Gary Hotham:&nbsp;&nbsp;<A HREF=thn_issue.h1.html#POEM01>1 #1</A><DD>Laurel, Maryland</DT> 
<DT>Kuniharu Shimizu:&nbsp;&nbsp;<A HREF=thn_issue.h1.html#POEM02>1 #2</A><DD>Tenri, Japan</DT> 
<DT>Adelaide Shaw:&nbsp;&nbsp;<A HREF=thn_issue.h1.html#POEM03>1 #3</A><DD>Scarsdale, New York</DT> 
<DT>Neca Stoller:&nbsp;&nbsp;<A HREF=thn_issue.h1.html#POEM04>1 #4</A><DD>Columbus, Georgia</DT> 
<DT>Owen Bullock:&nbsp;&nbsp;<A HREF=thn_issue.h1.html#POEM05>1 #5</A><DD>Wahili, New Zealand</DT> 
<DT>Naomi Y. Brown:&nbsp;&nbsp;<A HREF=thn_issue.h1.html#POEM06>1 #6</A><DD>Sun City West, Arizona</DT> 
<DT>Christopher Patchel:&nbsp;&nbsp;<A HREF=thn_issue.h1.html#POEM07>1 #7</A><DD>Chicago, Illinois</DT> 
<DT>Raoul Fernandes:&nbsp;&nbsp;<A HREF=thn_issue.h1.html#POEM08>1 #8</A><DD>Delta, British Columbia, Canada</DT> 
<DT>Marian Olson:&nbsp;&nbsp;<A HREF=thn_issue.h1.html#POEM09>1 #9</A><DD>Santa Fe, New Mexico</DT> 
<DT>Paul Wigelius:&nbsp;&nbsp;<A HREF=thn_issue.h2.html#POEM00>2 #0</A><DD>Stockholm, Sweden</DT> 
<DT>Sonia Cristina Coman:&nbsp;&nbsp;<A HREF=thn_issue.h2.html#POEM01>2 #1</A><DD>Constanta, Romania</DT> 
<DT>Mark Brooks:&nbsp;&nbsp;<A HREF=thn_issue.h2.html#POEM02>2 #2</A><DD>Austin, Texas</DT> 
<DT>Emily Romano:&nbsp;&nbsp;<A HREF=thn_issue.h2.html#POEM03>2 #3</A><DD>Boonton, New Jersey</DT> 
<DT>Philomene Kocher:&nbsp;&nbsp;<A HREF=thn_issue.h2.html#POEM04>2 #4</A><DD>Kingston, Ontario, Canada</DT> 
<DT>Jim Kacian:&nbsp;&nbsp;<A HREF=thn_issue.h2.html#POEM05>2 #5</A><DD>Winchester, Virginia</DT> 
<DT>Hilary Tann:&nbsp;&nbsp;<A HREF=thn_issue.h2.html#POEM06>2 #6</A><DD>Rexford, New York</DT> 
<DT>J. B. Leong:&nbsp;&nbsp;<A HREF=thn_issue.h2.html#POEM07>2 #7</A><DD>Singapore</DT> 
<DT>Pamela Miller Ness:&nbsp;&nbsp;<A HREF=thn_issue.h2.html#POEM08>2 #8</A><DD>New York, New York</DT> 
<DT>Burnell Lippy:&nbsp;&nbsp;<A HREF=thn_issue.h2.html#POEM09>2 #9</A><DD>Mt. Tremper, New York</DT> 
<DT>Gary Hotham:&nbsp;&nbsp;<A HREF=thn_issue.h3.html#POEM00>3 #0</A><DD>Laurel, Maryland</DT> 
<DT>Melchor Cichon:&nbsp;&nbsp;<A HREF=thn_issue.h3.html#POEM01>3 #1</A><DD>Miagao, Panay Island, Philippines</DT> 
<DT>Elizabeth Howard:&nbsp;&nbsp;<A HREF=thn_issue.h3.html#POEM02>3 #2</A><DD>Crossville, Tennessee</DT> 
<DT>Connie Donleycott:&nbsp;&nbsp;<A HREF=thn_issue.h3.html#POEM03>3 #3</A><DD>Bremerton, Washington</DT> 
<DT>Sandra Simpson:&nbsp;&nbsp;<A HREF=thn_issue.h3.html#POEM04>3 #4</A><DD>Tauranga, New Zealand</DT> 
<DT>Carolyn Hall:&nbsp;&nbsp;<A HREF=thn_issue.h3.html#POEM05>3 #5</A><DD>San Francisco, California</DT> 
<DT>Francine Porad:&nbsp;&nbsp;<A HREF=thn_issue.h3.html#POEM06>3 #6</A><DD>Mercer Island, Washington</DT> 
<DT>Sonny Villafania:&nbsp;&nbsp;<A HREF=thn_issue.h3.html#POEM07>3 #7</A><DD>Manila, Philippines</DT> 
<DT>Victor Ortiz:&nbsp;&nbsp;<A HREF=thn_issue.h3.html#POEM08>3 #8</A><DD>San Pedro, California</DT> 
<DT>Cindy Zackowitz:&nbsp;&nbsp;<A HREF=thn_issue.h3.html#POEM09>3 #9</A><DD>Anchorage, Alaska</DT> 
<DT>Elizabeth Howard:&nbsp;&nbsp;<A HREF=thn_issue.h4.html#POEM00>4 #0</A><DD>Crossville, Tennessee</DT> 
<DT>Barry George:&nbsp;&nbsp;<A HREF=thn_issue.h4.html#POEM01>4 #1</A><DD>Philadelphia, Pennsylvania</DT> 
<DT>Rosa Clement:&nbsp;&nbsp;<A HREF=thn_issue.h4.html#POEM02>4 #2</A><DD>Manaus, Brazil</DT> 
<DT>John Stevenson:&nbsp;&nbsp;<A HREF=thn_issue.h4.html#POEM03>4 #3</A><DD>Nassau, New York</DT> 
<DT>Lenard D. Moore:&nbsp;&nbsp;<A HREF=thn_issue.h4.html#POEM04>4 #4</A><DD>Raleigh, North Carolina</DT> 
<DT>Odd G. Aksnes:&nbsp;&nbsp;<A HREF=thn_issue.h4.html#POEM05>4 #5</A><DD>Tonsberg, Norway</DT> 
<DT>paul m.:&nbsp;&nbsp;<A HREF=thn_issue.h4.html#POEM06>4 #6</A><DD>San Francisco, California</DT> 
<DT>Yvonne Cabalona:&nbsp;&nbsp;<A HREF=thn_issue.h4.html#POEM07>4 #7</A><DD>Modesto, California</DT> 
<DT>John W. Wisdom:&nbsp;&nbsp;<A HREF=thn_issue.h4.html#POEM08>4 #8</A><DD>Sarasota, Florida</DT> 
<DT>Patrick Kelly:&nbsp;&nbsp;<A HREF=thn_issue.h4.html#POEM09>4 #9</A><DD>New York, New York</DT> 
<DT>Kay F. Anderson:&nbsp;&nbsp;<A HREF=thn_issue.h5.html#POEM00>5 #0</A><DD>Redwood Shores, California</DT> 
<DT>Chaim Lazar:&nbsp;&nbsp;<A HREF=thn_issue.h5.html#POEM01>5 #1</A><DD>Baltimore, Maryland</DT> 
<DT>John Stevenson:&nbsp;&nbsp;<A HREF=thn_issue.h5.html#POEM02>5 #2</A><DD>Nassau, New York</DT> 
<DT>Cathy Drinkwater Better:&nbsp;&nbsp;<A HREF=thn_issue.h5.html#POEM03>5 #3</A><DD>Eldersburg, Maryland</DT> 
<DT>Nina Wicker:&nbsp;&nbsp;<A HREF=thn_issue.h5.html#POEM04>5 #4</A><DD>Sanford, North Carolina</DT> 
<DT>William Cullen, Jr.:&nbsp;&nbsp;<A HREF=thn_issue.h5.html#POEM05>5 #5</A><DD>Brooklyn, New York</DT> 
<DT>Michael McClintock:&nbsp;&nbsp;<A HREF=thn_issue.h5.html#POEM06>5 #6</A><DD>South Pasadena, California</DT> 
<DT>Jack Murray:&nbsp;&nbsp;<A HREF=thn_issue.h5.html#POEM07>5 #7</A><DD>Red Hook, New York</DT> 
<DT>Maria Steyn:&nbsp;&nbsp;<A HREF=thn_issue.h5.html#POEM08>5 #8</A><DD>Johannesburg, South Africa</DT> 
<DT>Yu Chang:&nbsp;&nbsp;<A HREF=thn_issue.h5.html#POEM09>5 #9</A><DD>Schenectady, New York</DT> 
