<P><A HREF=thn_issue.h1.html#POEM00>
Robert Major
</A>
<P><A HREF=thn_issue.h1.html#POEM01>
Gary Hotham
</A>
<P><A HREF=thn_issue.h1.html#POEM02>
Kuniharu Shimizu
</A>
<P><A HREF=thn_issue.h1.html#POEM03>
Adelaide Shaw
</A>
<P><A HREF=thn_issue.h1.html#POEM04>
Neca Stoller
</A>
<P><A HREF=thn_issue.h1.html#POEM05>
Owen Bullock
</A>
<P><A HREF=thn_issue.h1.html#POEM06>
Naomi Y. Brown
</A>
<P><A HREF=thn_issue.h1.html#POEM07>
Christopher Patchel
</A>
<P><A HREF=thn_issue.h1.html#POEM08>
Raoul Fernandes
</A>
<P><A HREF=thn_issue.h1.html#POEM09>
Marian Olson
</A>
</TD>
 
<TD ALIGN=LEFT VALIGN=TOP WIDTH=380>
<TABLE>
 
<TR ALIGN=LEFT VALIGN=TOP>
<TD><A NAME=POEM00></A>
<P><FONT SIZE=+1>
 
for the fragrance
<BR>
brushing tomato leaves
<BR>
warm August sun
</FONT></TD></TR>
<TR ALIGN=RIGHT VALIGN=TOP><TD>
Robert Major
<P>&nbsp;</TD></TR>
<TR ALIGN=LEFT VALIGN=TOP>
<TD><A NAME=POEM02></A>
<P><FONT SIZE=+1>
 
studio window&#150;
<BR>
a fly walks
<BR>
from cloud to cloud
</FONT></TD></TR>
<TR ALIGN=RIGHT VALIGN=TOP><TD>
Kuniharu Shimizu
<P>&nbsp;</TD></TR>
<TR ALIGN=LEFT VALIGN=TOP>
<TD><A NAME=POEM04></A>
<P><FONT SIZE=+1>
 
summer heat
<BR>
the sticky touch
<BR>
of blue-eyed grass
</FONT></TD></TR>
<TR ALIGN=RIGHT VALIGN=TOP><TD>
Neca Stoller
<P>&nbsp;</TD></TR>
<TR ALIGN=LEFT VALIGN=TOP>
<TD><A NAME=POEM06></A>
<P><FONT SIZE=+1>
 
the warbler
<BR>
in a mockingbird's song
<BR>
summer dusk
</FONT></TD></TR>
<TR ALIGN=RIGHT VALIGN=TOP><TD>
Naomi Y. Brown
<P>&nbsp;</TD></TR>
<TR ALIGN=LEFT VALIGN=TOP>
<TD><A NAME=POEM08></A>
<P><FONT SIZE=+1>
 
late-summer party
<BR>
her few dance steps
<BR>
after the song ends
</FONT></TD></TR>
<TR ALIGN=RIGHT VALIGN=TOP><TD>
Raoul Fernandes
<P>&nbsp;</TD></TR>
 
</TABLE></TD>
 
<TD ALIGN=LEFT VALIGN=TOP WIDTH=380>
<TABLE><TR ALIGN=LEFT VALIGN=TOP>
<TD><FONT SIZE=-2>&nbsp;</FONT></TD>
</TR>
 
<TR ALIGN=RIGHT VALIGN=TOP>
<TD>&nbsp;</TD>
</TR>
<TR ALIGN=LEFT VALIGN=TOP>
<TD><A NAME=POEM01></A>
<P><FONT SIZE=+1>
 
the sun's warmth
<BR>
part of the house
<BR>
we seldom use
</FONT></TD></TR>
<TR ALIGN=RIGHT VALIGN=TOP><TD>
Gary Hotham
<P>&nbsp;</TD></TR>
<TR ALIGN=LEFT VALIGN=TOP>
<TD><A NAME=POEM03></A>
<P><FONT SIZE=+1>
 
a hawk rising
<BR>
between canyon walls
<BR>
layers of heat
</FONT></TD></TR>
<TR ALIGN=RIGHT VALIGN=TOP><TD>
Adelaide Shaw
<P>&nbsp;</TD></TR>
<TR ALIGN=LEFT VALIGN=TOP>
<TD><A NAME=POEM05></A>
<P><FONT SIZE=+1>
 
bird bath&#150;
<BR>
miles of sky
<BR>
reflected
</FONT></TD></TR>
<TR ALIGN=RIGHT VALIGN=TOP><TD>
Owen Bullock
<P>&nbsp;</TD></TR>
<TR ALIGN=LEFT VALIGN=TOP>
<TD><A NAME=POEM07></A>
<P><FONT SIZE=+1>
 
a circle of teens
<BR>
playing hacky sack&#150;
<BR>
summer twilight
</FONT></TD></TR>
<TR ALIGN=RIGHT VALIGN=TOP><TD>
Christopher Patchel
<P>&nbsp;</TD></TR>
<TR ALIGN=LEFT VALIGN=TOP>
<TD><A NAME=POEM09></A>
<P><FONT SIZE=+1>
 
September morning
<BR>
the teacher writes her name
<BR>
on the blackboard
</FONT></TD></TR>
<TR ALIGN=RIGHT VALIGN=TOP><TD>
Marian Olson
<P>&nbsp;</TD></TR>
