<P><A HREF=thn_issue.h3.html#POEM00>
Gary Hotham
</A>
<P><A HREF=thn_issue.h3.html#POEM01>
Melchor Cichon
</A>
<P><A HREF=thn_issue.h3.html#POEM02>
Elizabeth Howard
</A>
<P><A HREF=thn_issue.h3.html#POEM03>
Connie Donleycott
</A>
<P><A HREF=thn_issue.h3.html#POEM04>
Sandra Simpson
</A>
<P><A HREF=thn_issue.h3.html#POEM05>
Carolyn Hall
</A>
<P><A HREF=thn_issue.h3.html#POEM06>
Francine Porad
</A>
<P><A HREF=thn_issue.h3.html#POEM07>
Sonny Villafania
</A>
<P><A HREF=thn_issue.h3.html#POEM08>
Victor Ortiz
</A>
<P><A HREF=thn_issue.h3.html#POEM09>
Cindy Zackowitz
</A>
</TD>
 
<TD ALIGN=LEFT VALIGN=TOP WIDTH=380>
<TABLE>
 
<TR ALIGN=LEFT VALIGN=TOP>
<TD><A NAME=POEM00></A>
<P><FONT SIZE=+1>
 
chain-link fences&#150;
<BR>
the snowsotrm melting
<BR>
where it fell
</FONT></TD></TR>
<TR ALIGN=RIGHT VALIGN=TOP><TD>
Gary Hotham
<P>&nbsp;</TD></TR>
<TR ALIGN=LEFT VALIGN=TOP>
<TD><A NAME=POEM02></A>
<P><FONT SIZE=+1>
 
root cellar
<BR>
white sprouts reach for
<BR>
the slit of light
</FONT></TD></TR>
<TR ALIGN=RIGHT VALIGN=TOP><TD>
Elizabeth Howard
<P>&nbsp;</TD></TR>
<TR ALIGN=LEFT VALIGN=TOP>
<TD><A NAME=POEM04></A>
<P><FONT SIZE=+1>
 
wrapping tulips&#150;
<BR>
her fingertips smudged
<BR>
with yesterday's news
</FONT></TD></TR>
<TR ALIGN=RIGHT VALIGN=TOP><TD>
Sandra Simpson
<P>&nbsp;</TD></TR>
<TR ALIGN=LEFT VALIGN=TOP>
<TD><A NAME=POEM06></A>
<P><FONT SIZE=+1>
 
at odds today&#150;
<BR>
     crow-pecked plums
<BR>
     in the leafy tree
</FONT></TD></TR>
<TR ALIGN=RIGHT VALIGN=TOP><TD>
Francine Porad
<P>&nbsp;</TD></TR>
<TR ALIGN=LEFT VALIGN=TOP>
<TD><A NAME=POEM08></A>
<P><FONT SIZE=+1>
 
one year gone&#150;
<BR>
crushed rose petals on the soles
<BR>
of his garden boots
</FONT></TD></TR>
<TR ALIGN=RIGHT VALIGN=TOP><TD>
Victor Ortiz
<P>&nbsp;</TD></TR>
 
</TABLE></TD>
 
<TD ALIGN=LEFT VALIGN=TOP WIDTH=380>
<TABLE><TR ALIGN=LEFT VALIGN=TOP>
<TD><FONT SIZE=-2>&nbsp;</FONT></TD>
</TR>
 
<TR ALIGN=RIGHT VALIGN=TOP>
<TD>&nbsp;</TD>
</TR>
<TR ALIGN=LEFT VALIGN=TOP>
<TD><A NAME=POEM01></A>
<P><FONT SIZE=+1>
 
Sunday morning&#150;
<BR>
a boy digs in the mud
<BR>
that buried a cathedral
</FONT></TD></TR>
<TR ALIGN=RIGHT VALIGN=TOP><TD>
Melchor Cichon
<P>&nbsp;</TD></TR>
<TR ALIGN=LEFT VALIGN=TOP>
<TD><A NAME=POEM03></A>
<P><FONT SIZE=+1>
 
old garden shed&#150;
<BR>
clumps of dirt
<BR>
shaped like pots
</FONT></TD></TR>
<TR ALIGN=RIGHT VALIGN=TOP><TD>
Connie Donleycott
<P>&nbsp;</TD></TR>
<TR ALIGN=LEFT VALIGN=TOP>
<TD><A NAME=POEM05></A>
<P><FONT SIZE=+1>
 
the jockey's silks
<BR>
the yellow of a swallowtail&#150;
<BR>
I place my bet
</FONT></TD></TR>
<TR ALIGN=RIGHT VALIGN=TOP><TD>
Carolyn Hall
<P>&nbsp;</TD></TR>
<TR ALIGN=LEFT VALIGN=TOP>
<TD><A NAME=POEM07></A>
<P><FONT SIZE=+1>
 
soft rain
<BR>
a frog leaps from
<BR>
one leaf to another
</FONT></TD></TR>
<TR ALIGN=RIGHT VALIGN=TOP><TD>
Sonny Villafania
<P>&nbsp;</TD></TR>
<TR ALIGN=LEFT VALIGN=TOP>
<TD><A NAME=POEM09></A>
<P><FONT SIZE=+1>
 
start of a journey&#150;
<BR>
petals stuck
<BR>
in the tire treads
</FONT></TD></TR>
<TR ALIGN=RIGHT VALIGN=TOP><TD>
Cindy Zackowitz
<P>&nbsp;</TD></TR>
