<DT>Kay F. Anderson:&nbsp;&nbsp;<A HREF=thn_issue.h1.html#POEM05>1 #5</A><DD>Redwood Shores, California</DT> 
<DT>John Barksdale:&nbsp;&nbsp;<A HREF=thn_issue.h1.html#POEM09>1 #9</A><DD>Hermosa Beach, California</DT> 
<DT>Randy M. Brooks:&nbsp;&nbsp;<A HREF=thn_issue.h3.html#POEM06>3 #6</A><DD>Decatur, Illinois</DT> 
<DT>Naomi Y. Brown:&nbsp;&nbsp;<A HREF=thn_issue.h3.html#POEM02>3 #2</A><DD>Sun City West, Arizona</DT> 
<DT>Catherine Bullock:&nbsp;&nbsp;<A HREF=thn_issue.h1.html#POEM07>1 #7</A><DD>Wahili, New Zealand</DT> 
<DT>Yu Chang:&nbsp;&nbsp;<A HREF=thn_issue.h2.html#POEM02>2 #2</A><DD>Schenectady, New York</DT> 
<DT>Cherie Hunter Day:&nbsp;&nbsp;<A HREF=thn_issue.h3.html#POEM08>3 #8</A>,
&nbsp;<A HREF=thn_issue.h5.html#POEM06>5 #6</A><DD>San Diego, California</DT> 
<DT>Connie Donleycott:&nbsp;&nbsp;<A HREF=thn_issue.h4.html#POEM04>4 #4</A><DD>Bremerton, Washington</DT> 
<DT>Curtis Dunlap:&nbsp;&nbsp;<A HREF=thn_issue.h4.html#POEM06>4 #6</A><DD>Mayodan, North Carolina</DT> 
<DT>Stephen Engleman:&nbsp;&nbsp;<A HREF=thn_issue.h2.html#POEM09>2 #9</A><DD>Ithaca, New York</DT> 
<DT>D. Claire Gallagher:&nbsp;&nbsp;<A HREF=thn_issue.h5.html#POEM04>5 #4</A><DD>Sunnyvale, California</DT> 
<DT>Merrill Ann Gonzales:&nbsp;&nbsp;<A HREF=thn_issue.h4.html#POEM08>4 #8</A><DD>Dayville, Connecticut</DT> 
<DT>LeRoy Gorman:&nbsp;&nbsp;<A HREF=thn_issue.h5.html#POEM09>5 #9</A><DD>Napanee, Ontario, Canada</DT> 
<DT>Timothy Hawkes:&nbsp;&nbsp;<A HREF=thn_issue.h1.html#POEM06>1 #6</A><DD>Tokyo, Japan</DT> 
<DT>Gary Hotham:&nbsp;&nbsp;<A HREF=thn_issue.h3.html#POEM09>3 #9</A><DD>Laurel, Maryland</DT> 
<DT>Elizabeth Howard:&nbsp;&nbsp;<A HREF=thn_issue.h1.html#POEM08>1 #8</A><DD>Crossville, Tennessee</DT> 
<DT>Jean Jorgensen:&nbsp;&nbsp;<A HREF=thn_issue.h1.html#POEM01>1 #1</A><DD>Edmonton, Alberta, Canada</DT> 
<DT>Kirsty Karkow:&nbsp;&nbsp;<A HREF=thn_issue.h2.html#POEM07>2 #7</A><DD>Waldoboro, Maine</DT> 
<DT>Michael Ketchek:&nbsp;&nbsp;<A HREF=thn_issue.h4.html#POEM00>4 #0</A><DD>Rochester, New York</DT> 
<DT>Rob Knell:&nbsp;&nbsp;<A HREF=thn_issue.h2.html#POEM05>2 #5</A><DD>Nowra, New South Wales, Australia</DT> 
<DT>Aruna Lakshmanan:&nbsp;&nbsp;<A HREF=thn_issue.h4.html#POEM09>4 #9</A>,
&nbsp;<A HREF=thn_issue.h5.html#POEM00>5 #0</A><DD>Omaha, Nebraska</DT> 
<DT>Rajiv Lather:&nbsp;&nbsp;<A HREF=thn_issue.h4.html#POEM02>4 #2</A><DD>Haryana, India</DT> 
<DT>Rebecca Lilly:&nbsp;&nbsp;<A HREF=thn_issue.h3.html#POEM07>3 #7</A><DD>Port Republic, Virginia</DT> 
<DT>Burnell Lippy:&nbsp;&nbsp;<A HREF=thn_issue.h3.html#POEM04>3 #4</A><DD>Mt. Tremper, New York</DT> 
<DT>paul m.:&nbsp;&nbsp;<A HREF=thn_issue.h1.html#POEM04>1 #4</A><DD>San Francisco, California</DT> 
<DT>Allen McGill:&nbsp;&nbsp;<A HREF=thn_issue.h2.html#POEM03>2 #3</A><DD>San Miguel de Allende, Mexico</DT> 
<DT>Sabine Miller:&nbsp;&nbsp;<A HREF=thn_issue.h3.html#POEM05>3 #5</A><DD>Lagunitas, California</DT> 
<DT>Emiko Miyashita:&nbsp;&nbsp;<A HREF=thn_issue.h1.html#POEM02>1 #2</A><DD>Kawasaki, Japan</DT> 
<DT>Lenard D. Moore:&nbsp;&nbsp;<A HREF=thn_issue.h3.html#POEM03>3 #3</A><DD>Raleigh, North Carolina</DT> 
<DT>Gene H. Murtha:&nbsp;&nbsp;<A HREF=thn_issue.h2.html#POEM00>2 #0</A><DD>Buena, New Jersey</DT> 
<DT>Jasminka Nadaskic Diordievic:&nbsp;&nbsp;<A HREF=thn_issue.h2.html#POEM06>2 #6</A><DD>Smederevo, Yugoslavia</DT> 
<DT>Naia:&nbsp;&nbsp;<A HREF=thn_issue.h4.html#POEM01>4 #1</A><DD>Oceanside, California</DT> 
<DT>Marian Olson:&nbsp;&nbsp;<A HREF=thn_issue.h5.html#POEM08>5 #8</A><DD>Santa Fe, New Mexico</DT> 
<DT>Victor Ortiz:&nbsp;&nbsp;<A HREF=thn_issue.h4.html#POEM07>4 #7</A><DD>San Pedro, California</DT> 
<DT>Tom Painting:&nbsp;&nbsp;<A HREF=thn_issue.h1.html#POEM03>1 #3</A><DD>Rochester, New York</DT> 
<DT>K. Ramesh:&nbsp;&nbsp;<A HREF=thn_issue.h4.html#POEM03>4 #3</A><DD>Adyar, Chennai, India</DT> 
<DT>Emily Romano:&nbsp;&nbsp;<A HREF=thn_issue.h3.html#POEM01>3 #1</A><DD>Boonton, New Jersey</DT> 
<DT>Bruce Ross:&nbsp;&nbsp;<A HREF=thn_issue.h3.html#POEM00>3 #0</A><DD>Bangor, Maine</DT> 
<DT>Lynne Steel:&nbsp;&nbsp;<A HREF=thn_issue.h2.html#POEM04>2 #4</A><DD>Hillsboro Beach, Florida</DT> 
<DT>John Stevenson:&nbsp;&nbsp;<A HREF=thn_issue.h5.html#POEM03>5 #3</A><DD>Nassau, New York</DT> 
<DT>Anna Tambour:&nbsp;&nbsp;<A HREF=thn_issue.h4.html#POEM05>4 #5</A><DD>,
&nbsp;<A HREF=thn_issue.h5.html#POEM02>5 #2</A><DD>Nowra, New South Wales, Australia</DT> 
<DT>Paul Wigelius:&nbsp;&nbsp;<A HREF=thn_issue.h5.html#POEM01>5 #1</A><DD>Stockholm, Sweden</DT> 
<DT>Peter Williams:&nbsp;&nbsp;<A HREF=thn_issue.h5.html#POEM07>5 #7</A><DD>Watford, Hertfordshire, England</DT> 
<DT>John W. Wisdom:&nbsp;&nbsp;<A HREF=thn_issue.h2.html#POEM08>2 #8</A><DD>Sarasota, Florida</DT> 
<DT>Karina Young:&nbsp;&nbsp;<A HREF=thn_issue.h2.html#POEM01>2 #1</A><DD>Salinas, California</DT> 
<DT>Cindy Zackowitz:&nbsp;&nbsp;<A HREF=thn_issue.h1.html#POEM00>1 #0</A>,
&nbsp;<A HREF=thn_issue.h5.html#POEM05>5 #5</A><DD>Anchorage, Alaska</DT> 
