<P><A HREF=thn_issue.h2.html#POEM00>
Marian Olson
</A>
<P><A HREF=thn_issue.h2.html#POEM01>
D. Claire Gallagher
</A>
<P><A HREF=thn_issue.h2.html#POEM02>
Victor Gendrano
</A>
<P><A HREF=thn_issue.h2.html#POEM03>
Michael Ketchek
</A>
<P><A HREF=thn_issue.h2.html#POEM04>
Barry George
</A>
<P><A HREF=thn_issue.h2.html#POEM05>
H. Gene Murtha
</A>
<P><A HREF=thn_issue.h2.html#POEM06>
H. F. Noyes
</A>
<P><A HREF=thn_issue.h2.html#POEM07>
Jennie Townsend
</A>
<P><A HREF=thn_issue.h2.html#POEM08>
Brian Darnell
</A>
<P><A HREF=thn_issue.h2.html#POEM09>
John Stevenson
</A>
</TD>
 
<TD ALIGN=LEFT VALIGN=TOP WIDTH=380>
<TABLE>
 
<TR ALIGN=LEFT VALIGN=TOP>
<TD><A NAME=POEM00></A>
<P><FONT SIZE=+1>
 
wintering field
<BR>
cranes as one
<BR>
face the coyote
</FONT></TD></TR>
<TR ALIGN=RIGHT VALIGN=TOP><TD>
Marian Olson
<P>&nbsp;</TD></TR>
<TR ALIGN=LEFT VALIGN=TOP>
<TD><A NAME=POEM02></A>
<P><FONT SIZE=+1>
 
graffiti wall
<BR>
the rain uncovers
<BR>
a poem
</FONT></TD></TR>
<TR ALIGN=RIGHT VALIGN=TOP><TD>
Victor Gendrano
<P>&nbsp;</TD></TR>
<TR ALIGN=LEFT VALIGN=TOP>
<TD><A NAME=POEM04></A>
<P><FONT SIZE=+1>
 
mountain sunrise
<BR>
the silhouette
<BR>
of distant firs
</FONT></TD></TR>
<TR ALIGN=RIGHT VALIGN=TOP><TD>
Barry George
<P>&nbsp;</TD></TR>
<TR ALIGN=LEFT VALIGN=TOP>
<TD><A NAME=POEM06></A>
<P><FONT SIZE=+1>
 
stopping here
<BR>
while all around us moves -
<BR>
wind in the mist
</FONT></TD></TR>
<TR ALIGN=RIGHT VALIGN=TOP><TD>
H. F. Noyes
<P>&nbsp;</TD></TR>
<TR ALIGN=LEFT VALIGN=TOP>
<TD><A NAME=POEM08></A>
<P><FONT SIZE=+1>
 
Father's silhouette
<BR>
at the pier's end -
<BR>
departing geese
</FONT></TD></TR>
<TR ALIGN=RIGHT VALIGN=TOP><TD>
Brian Darnell
<P>&nbsp;</TD></TR>
 
</TABLE></TD>
 
<TD ALIGN=LEFT VALIGN=TOP WIDTH=380>
<TABLE><TR ALIGN=LEFT VALIGN=TOP>
<TD><FONT SIZE=-2>&nbsp;</FONT></TD>
</TR>
 
<TR ALIGN=RIGHT VALIGN=TOP>
<TD>&nbsp;</TD>
</TR>
<TR ALIGN=LEFT VALIGN=TOP>
<TD><A NAME=POEM01></A>
<P><FONT SIZE=+1>
 
west-bound train
<BR>
the winter sunset
<BR>
lasts a while
</FONT></TD></TR>
<TR ALIGN=RIGHT VALIGN=TOP><TD>
D. Claire Gallagher
<P>&nbsp;</TD></TR>
<TR ALIGN=LEFT VALIGN=TOP>
<TD><A NAME=POEM03></A>
<P><FONT SIZE=+1>
 
chilly dawn
<BR>
rain-bent briars
<BR>
block the trail
</FONT></TD></TR>
<TR ALIGN=RIGHT VALIGN=TOP><TD>
Michael Ketchek
<P>&nbsp;</TD></TR>
<TR ALIGN=LEFT VALIGN=TOP>
<TD><A NAME=POEM05></A>
<P><FONT SIZE=+1>
 
spring mist -
<BR>
a mallard paddles
<BR>
through our stillborn's ashes
</FONT></TD></TR>
<TR ALIGN=RIGHT VALIGN=TOP><TD>
H. Gene Murtha
<P>&nbsp;</TD></TR>
<TR ALIGN=LEFT VALIGN=TOP>
<TD><A NAME=POEM07></A>
<P><FONT SIZE=+1>
 
evening haze
<BR>
geese come up from the pond
<BR>
in two's and three's
</FONT></TD></TR>
<TR ALIGN=RIGHT VALIGN=TOP><TD>
Jennie Townsend
<P>&nbsp;</TD></TR>
<TR ALIGN=LEFT VALIGN=TOP>
<TD><A NAME=POEM09></A>
<P><FONT SIZE=+1>
 
a change in their voices . . .
<BR>
   children finding
<BR>
       a fledgling
</FONT></TD></TR>
<TR ALIGN=RIGHT VALIGN=TOP><TD>
John Stevenson
<P>&nbsp;</TD></TR>
