<P><A HREF=thn_issue.h3.html#POEM00>
Evelyn Hermann
</A>
<P><A HREF=thn_issue.h3.html#POEM01>
Elizabeth Howard
</A>
<P><A HREF=thn_issue.h3.html#POEM02>
Angelee Deodhar
</A>
<P><A HREF=thn_issue.h3.html#POEM03>
K. Ramesh
</A>
<P><A HREF=thn_issue.h3.html#POEM04>
Burnell Lippy
</A>
<P><A HREF=thn_issue.h3.html#POEM05>
Darrell Byrd
</A>
<P><A HREF=thn_issue.h3.html#POEM06>
Cherie Hunter Day
</A>
<P><A HREF=thn_issue.h3.html#POEM07>
DeVar Dahl
</A>
<P><A HREF=thn_issue.h3.html#POEM08>
Stephen Engleman
</A>
<P><A HREF=thn_issue.h3.html#POEM09>
Fay Aoyagi
</A>
</TD>
 
<TD ALIGN=LEFT VALIGN=TOP WIDTH=380>
<TABLE>
 
<TR ALIGN=LEFT VALIGN=TOP>
<TD><A NAME=POEM00></A>
<P><FONT SIZE=+1>
 
feather beds airing
<BR>
on a balcony -
<BR>
cumulus clouds
</FONT></TD></TR>
<TR ALIGN=RIGHT VALIGN=TOP><TD>
Evelyn Hermann
<P>&nbsp;</TD></TR>
<TR ALIGN=LEFT VALIGN=TOP>
<TD><A NAME=POEM02></A>
<P><FONT SIZE=+1>
 
summer dusk -
<BR>
the Babel of mynahs
<BR>
in a banyan
</FONT></TD></TR>
<TR ALIGN=RIGHT VALIGN=TOP><TD>
Angelee Deodhar
<P>&nbsp;</TD></TR>
<TR ALIGN=LEFT VALIGN=TOP>
<TD><A NAME=POEM04></A>
<P><FONT SIZE=+1>
 
the long segments
<BR>
of the Big Dipper's handle
<BR>
summer fields
</FONT></TD></TR>
<TR ALIGN=RIGHT VALIGN=TOP><TD>
Burnell Lippy
<P>&nbsp;</TD></TR>
<TR ALIGN=LEFT VALIGN=TOP>
<TD><A NAME=POEM06></A>
<P><FONT SIZE=+1>
 
haying -
<BR>
swallows widen
<BR>
the summer sky
</FONT></TD></TR>
<TR ALIGN=RIGHT VALIGN=TOP><TD>
Cherie Hunter Day
<P>&nbsp;</TD></TR>
<TR ALIGN=LEFT VALIGN=TOP>
<TD><A NAME=POEM08></A>
<P><FONT SIZE=+1>
 
dry season
<BR>
the infant in the stroller
<BR>
sucks his toes
</FONT></TD></TR>
<TR ALIGN=RIGHT VALIGN=TOP><TD>
Stephen Engleman
<P>&nbsp;</TD></TR>
 
</TABLE></TD>
 
<TD ALIGN=LEFT VALIGN=TOP WIDTH=380>
<TABLE><TR ALIGN=LEFT VALIGN=TOP>
<TD><FONT SIZE=-2>&nbsp;</FONT></TD>
</TR>
 
<TR ALIGN=RIGHT VALIGN=TOP>
<TD>&nbsp;</TD>
</TR>
<TR ALIGN=LEFT VALIGN=TOP>
<TD><A NAME=POEM01></A>
<P><FONT SIZE=+1>
 
heat lightning
<BR>
a siren
<BR>
nearer and nearer
</FONT></TD></TR>
<TR ALIGN=RIGHT VALIGN=TOP><TD>
Elizabeth Howard
<P>&nbsp;</TD></TR>
<TR ALIGN=LEFT VALIGN=TOP>
<TD><A NAME=POEM03></A>
<P><FONT SIZE=+1>
 
summer evening -
<BR>
the scent of fresh loaves
<BR>
as I pass the bakery
</FONT></TD></TR>
<TR ALIGN=RIGHT VALIGN=TOP><TD>
K. Ramesh
<P>&nbsp;</TD></TR>
<TR ALIGN=LEFT VALIGN=TOP>
<TD><A NAME=POEM05></A>
<P><FONT SIZE=+1>
 
first locust
<BR>
a breeze curls across
<BR>
the ripe wheat
</FONT></TD></TR>
<TR ALIGN=RIGHT VALIGN=TOP><TD>
Darrell Byrd
<P>&nbsp;</TD></TR>
<TR ALIGN=LEFT VALIGN=TOP>
<TD><A NAME=POEM07></A>
<P><FONT SIZE=+1>
 
the farmer's spit
<BR>
catches on a thistle -
<BR>
still no rain
</FONT></TD></TR>
<TR ALIGN=RIGHT VALIGN=TOP><TD>
DeVar Dahl
<P>&nbsp;</TD></TR>
<TR ALIGN=LEFT VALIGN=TOP>
<TD><A NAME=POEM09></A>
<P><FONT SIZE=+1>
 
embroidered dresses
<BR>
showcased in the window
<BR>
eyebrow moon
</FONT></TD></TR>
<TR ALIGN=RIGHT VALIGN=TOP><TD>
Fay Aoyagi
<P>&nbsp;</TD></TR>
