<P><A HREF=thn_issue.h1.html#POEM00>
Cindy Zackowitz
</A>
<P><A HREF=thn_issue.h1.html#POEM01>
Jean Jorgensen
</A>
<P><A HREF=thn_issue.h1.html#POEM02>
Emiko Miyashita
</A>
<P><A HREF=thn_issue.h1.html#POEM03>
Tom Painting
</A>
<P><A HREF=thn_issue.h1.html#POEM04>
paul m.
</A>
<P><A HREF=thn_issue.h1.html#POEM05>
Kay F. Anderson
</A>
<P><A HREF=thn_issue.h1.html#POEM06>
Timothy Hawkes
</A>
<P><A HREF=thn_issue.h1.html#POEM07>
Catherine Bullock
</A>
<P><A HREF=thn_issue.h1.html#POEM08>
Elizabeth Howard
</A>
<P><A HREF=thn_issue.h1.html#POEM09>
John Barksdale
</A>
</TD>
 
<TD ALIGN=LEFT VALIGN=TOP WIDTH=380>
<TABLE>
 
<TR ALIGN=LEFT VALIGN=TOP>
<TD><A NAME=POEM00></A>
<P><FONT SIZE=+1>
 
daybreak &#150;
<BR>
a white dog
<BR>
crosses the snow
</FONT></TD></TR>
<TR ALIGN=RIGHT VALIGN=TOP><TD>
Cindy Zackowitz
<P>&nbsp;</TD></TR>
<TR ALIGN=LEFT VALIGN=TOP>
<TD><A NAME=POEM02></A>
<P><FONT SIZE=+1>
 
winter sunset &#150;
<BR>
a taxi cab
<BR>
stops in front of me
</FONT></TD></TR>
<TR ALIGN=RIGHT VALIGN=TOP><TD>
Emiko Miyashita
<P>&nbsp;</TD></TR>
<TR ALIGN=LEFT VALIGN=TOP>
<TD><A NAME=POEM04></A>
<P><FONT SIZE=+1>
 
the road home
<BR>
a star too bright
<BR>
to be a star
</FONT></TD></TR>
<TR ALIGN=RIGHT VALIGN=TOP><TD>
paul m.
<P>&nbsp;</TD></TR>
<TR ALIGN=LEFT VALIGN=TOP>
<TD><A NAME=POEM06></A>
<P><FONT SIZE=+1>
 
meltwater &#150;
<BR>
a trout leaps
<BR>
the falls
</FONT></TD></TR>
<TR ALIGN=RIGHT VALIGN=TOP><TD>
Timothy Hawkes
<P>&nbsp;</TD></TR>
<TR ALIGN=LEFT VALIGN=TOP>
<TD><A NAME=POEM08></A>
<P><FONT SIZE=+1>
 
iris garden
<BR>
the golden spider's
<BR>
giant egg case
</FONT></TD></TR>
<TR ALIGN=RIGHT VALIGN=TOP><TD>
Elizabeth Howard
<P>&nbsp;</TD></TR>
 
</TABLE></TD>
 
<TD ALIGN=LEFT VALIGN=TOP WIDTH=380>
<TABLE><TR ALIGN=LEFT VALIGN=TOP>
<TD><FONT SIZE=-2>&nbsp;</FONT></TD>
</TR>
 
<TR ALIGN=RIGHT VALIGN=TOP>
<TD>&nbsp;</TD>
</TR>
<TR ALIGN=LEFT VALIGN=TOP>
<TD><A NAME=POEM01></A>
<P><FONT SIZE=+1>
 
empty birdfeeder
<BR>
the shimmer of falling snow
<BR>
as a sparrow lands
</FONT></TD></TR>
<TR ALIGN=RIGHT VALIGN=TOP><TD>
Jean Jorgensen
<P>&nbsp;</TD></TR>
<TR ALIGN=LEFT VALIGN=TOP>
<TD><A NAME=POEM03></A>
<P><FONT SIZE=+1>
 
winter dusk
<BR>
she paints her nails
<BR>
deeper red
</FONT></TD></TR>
<TR ALIGN=RIGHT VALIGN=TOP><TD>
Tom Painting
<P>&nbsp;</TD></TR>
<TR ALIGN=LEFT VALIGN=TOP>
<TD><A NAME=POEM05></A>
<P><FONT SIZE=+1>
 
roar of snowmelt
<BR>
beneath the footbridge &#150;
<BR>
first dogwood blossom
</FONT></TD></TR>
<TR ALIGN=RIGHT VALIGN=TOP><TD>
Kay F. Anderson
<P>&nbsp;</TD></TR>
<TR ALIGN=LEFT VALIGN=TOP>
<TD><A NAME=POEM07></A>
<P><FONT SIZE=+1>
 
birdsong &#150;
<BR>
the shimmer of rain
<BR>
on the lake
</FONT></TD></TR>
<TR ALIGN=RIGHT VALIGN=TOP><TD>
Catherine Bullock
<P>&nbsp;</TD></TR>
<TR ALIGN=LEFT VALIGN=TOP>
<TD><A NAME=POEM09></A>
<P><FONT SIZE=+1>
 
a child's smile
<BR>
ringed with dirt &#150;
<BR>
spring planting
</FONT></TD></TR>
<TR ALIGN=RIGHT VALIGN=TOP><TD>
John Barksdale
<P>&nbsp;</TD></TR>
