<P><A HREF=thn_issue.h5.html#POEM00>
Aruna Lakshmanan
</A>
<P><A HREF=thn_issue.h5.html#POEM01>
Paul Wigelius
</A>
<P><A HREF=thn_issue.h5.html#POEM02>
Anna Tambour
</A>
<P><A HREF=thn_issue.h5.html#POEM03>
John Stevenson
</A>
<P><A HREF=thn_issue.h5.html#POEM04>
D. Claire Gallagher
</A>
<P><A HREF=thn_issue.h5.html#POEM05>
Cindy Zackowitz
</A>
<P><A HREF=thn_issue.h5.html#POEM06>
Cherie Hunter Day
</A>
<P><A HREF=thn_issue.h5.html#POEM07>
Peter Williams
</A>
<P><A HREF=thn_issue.h5.html#POEM08>
Marian Olson
</A>
<P><A HREF=thn_issue.h5.html#POEM09>
LeRoy Gorman
</A>
</TD>
 
<TD ALIGN=LEFT VALIGN=TOP WIDTH=380>
<TABLE>
 
<TR ALIGN=LEFT VALIGN=TOP>
<TD><A NAME=POEM00></A>
<P><FONT SIZE=+1>
 
last berries &#150;
<BR>
the weight of a squirrel
<BR>
on the branch end
</FONT></TD></TR>
<TR ALIGN=RIGHT VALIGN=TOP><TD>
Aruna Lakshmanan
<P>&nbsp;</TD></TR>
<TR ALIGN=LEFT VALIGN=TOP>
<TD><A NAME=POEM02></A>
<P><FONT SIZE=+1>
 
dead tree
<BR>
the last leaf
<BR>
chirps
</FONT></TD></TR>
<TR ALIGN=RIGHT VALIGN=TOP><TD>
Anna Tambour
<P>&nbsp;</TD></TR>
<TR ALIGN=LEFT VALIGN=TOP>
<TD><A NAME=POEM04></A>
<P><FONT SIZE=+1>
 
alpine air &#150;
<BR>
losing the few stars I know
<BR>
to the skyful
</FONT></TD></TR>
<TR ALIGN=RIGHT VALIGN=TOP><TD>
D. Claire Gallagher
<P>&nbsp;</TD></TR>
<TR ALIGN=LEFT VALIGN=TOP>
<TD><A NAME=POEM06></A>
<P><FONT SIZE=+1>
 
the jaw ache
<BR>
from a temporary crown &#150;
<BR>
winter rain
</FONT></TD></TR>
<TR ALIGN=RIGHT VALIGN=TOP><TD>
Cherie Hunter Day
<P>&nbsp;</TD></TR>
<TR ALIGN=LEFT VALIGN=TOP>
<TD><A NAME=POEM08></A>
<P><FONT SIZE=+1>
 
winter sun
<BR>
the blur of stones
<BR>
beneath river ice
</FONT></TD></TR>
<TR ALIGN=RIGHT VALIGN=TOP><TD>
Marian Olson
<P>&nbsp;</TD></TR>
 
</TABLE></TD>
 
<TD ALIGN=LEFT VALIGN=TOP WIDTH=380>
<TABLE><TR ALIGN=LEFT VALIGN=TOP>
<TD><FONT SIZE=-2>&nbsp;</FONT></TD>
</TR>
 
<TR ALIGN=RIGHT VALIGN=TOP>
<TD>&nbsp;</TD>
</TR>
<TR ALIGN=LEFT VALIGN=TOP>
<TD><A NAME=POEM01></A>
<P><FONT SIZE=+1>
 
morning frost &#150;
<BR>
broken Venetian blinds
<BR>
in the house of the murder
</FONT></TD></TR>
<TR ALIGN=RIGHT VALIGN=TOP><TD>
Paul Wigelius
<P>&nbsp;</TD></TR>
<TR ALIGN=LEFT VALIGN=TOP>
<TD><A NAME=POEM03></A>
<P><FONT SIZE=+1>
 
hope
<BR>
without knowing what for
<BR>
autumn colors
</FONT></TD></TR>
<TR ALIGN=RIGHT VALIGN=TOP><TD>
John Stevenson
<P>&nbsp;</TD></TR>
<TR ALIGN=LEFT VALIGN=TOP>
<TD><A NAME=POEM05></A>
<P><FONT SIZE=+1>
 
winter sunrise &#150;
<BR>
the random tilt
<BR>
of beaver-chewed trees
</FONT></TD></TR>
<TR ALIGN=RIGHT VALIGN=TOP><TD>
Cindy Zackowitz
<P>&nbsp;</TD></TR>
<TR ALIGN=LEFT VALIGN=TOP>
<TD><A NAME=POEM07></A>
<P><FONT SIZE=+1>
 
rugby scrum
<BR>
a cloud of breath
<BR>
floats above
</FONT></TD></TR>
<TR ALIGN=RIGHT VALIGN=TOP><TD>
Peter Williams
<P>&nbsp;</TD></TR>
<TR ALIGN=LEFT VALIGN=TOP>
<TD><A NAME=POEM09></A>
<P><FONT SIZE=+1>
 
evening visitation
<BR>
the smell of winter
<BR>
on coats
</FONT></TD></TR>
<TR ALIGN=RIGHT VALIGN=TOP><TD>
LeRoy Gorman
<P>&nbsp;</TD></TR>
