<DT>Kay F. Anderson:&nbsp;&nbsp;<A HREF=thn_issue.h5.html#POEM1>5 #1</A><DD>Redwood Shores, California</DT>
<DT>Fay Aoyagi:&nbsp;&nbsp;<A HREF=thn_issue.h4.html#POEM8>4 #8</A><DD>San Francisco, California</DT>
<DT>Naomi Y. Brown:&nbsp;&nbsp;<A HREF=thn_issue.h5.html#POEM5>5 #5</A><DD>Sun City West, Arizona</DT>
<DT>Jerry M. Bryant:&nbsp;&nbsp;<A HREF=thn_issue.h3.html#POEM10>3 #10</A><DD>Lula, Georgia</DT>
<DT>Helen Buckingham:&nbsp;&nbsp;<A HREF=thn_issue.h3.html#POEM8>3 #8</A><DD>Bristol, Avon, England</DT>
<DT>Yu Chang:&nbsp;&nbsp;<A HREF=thn_issue.h1.html#POEM8>1 #8</A><DD>Schenectady, New York</DT>
<DT>John Tiong Chunghoo:&nbsp;&nbsp;<A HREF=thn_issue.h5.html#POEM10>5 #10</A><DD>Sarawak, Malaysia</DT>
<DT>Sonia Cristina Coman:&nbsp;&nbsp;<A HREF=thn_issue.h3.html#POEM6>3 #6</A><DD>Constanta, Romania</DT>
<DT>Katherine Cudney:&nbsp;&nbsp;<A HREF=thn_issue.h3.html#POEM7>3 #7</A><DD>Liberty, Tennessee</DT>
<DT>William Cullen, Jr.:&nbsp;&nbsp;<A HREF=thn_issue.h1.html#POEM6>1 #6</A><DD>Brooklyn, New York</DT>
<DT>Cherie Hunter Day:&nbsp;&nbsp;<A HREF=thn_issue.h3.html#POEM5>3 #5</A><DD>San Diego, California</DT>
<DT>Angelee Deodhar:&nbsp;&nbsp;<A HREF=thn_issue.h5.html#POEM9>5 #9</A><DD>Chandigarh, India</DT>
<DT>Jasminka Nadaskic Diordievic:&nbsp;&nbsp;<A HREF=thn_issue.h2.html#POEM4>2 #4</A><DD>Smederevo, Yugoslavia</DT>
<DT>Connie Donleycott:&nbsp;&nbsp;<A HREF=thn_issue.h4.html#POEM4>4 #4</A><DD>Bremerton, Washington</DT>
<DT>George Dorsty:&nbsp;&nbsp;<A HREF=thn_issue.h2.html#POEM3>2 #3</A><DD>Jamesport, New York</DT>
<DT>Michael Dudley:&nbsp;&nbsp;<A HREF=thn_issue.h4.html#POEM3>4 #3</A><DD>Garrie, Ontario, Canada</DT>
<DT>Alice Frampton:&nbsp;&nbsp;<A HREF=thn_issue.h2.html#POEM7>2 #7</A><DD>Delta, British Columbia, Canada</DT>
<DT>D. Claire Gallagher:&nbsp;&nbsp;<A HREF=thn_issue.h2.html#POEM10>2 #10</A><DD>Sunnyvale, California</DT>
<DT>Barry George:&nbsp;&nbsp;<A HREF=thn_issue.h5.html#POEM4>5 #4</A><DD>Philadelphia, Pennsylvania</DT>
<DT>Robert Gilliland:&nbsp;&nbsp;<A HREF=thn_issue.h3.html#POEM2>3 #2</A><DD>Austin, Texas</DT>
<DT>Kay Grimnes:&nbsp;&nbsp;<A HREF=thn_issue.h4.html#POEM5>4 #5</A><DD>Alma, Michigan</DT>
<DT>Helga Haerle:&nbsp;&nbsp;<A HREF=thn_issue.h3.html#POEM4>3 #4</A><DD>Stockholm, Sweden</DT>
<DT>Carolyn Hall:&nbsp;&nbsp;<A HREF=thn_issue.h4.html#POEM1>4 #1</A><DD>San Francisco, California</DT>
<DT>Timothy Hawkes:&nbsp;&nbsp;<A HREF=thn_issue.e1.html#POEM1>EC #1</A><DD>Silver Spring, Maryland</DT>
<DT>Gary Hotham:&nbsp;&nbsp;<A HREF=thn_issue.h3.html#POEM3>3 #3</A><DD>Laurel, Maryland</DT>
<DT>Elizabeth Howard:&nbsp;&nbsp;<A HREF=thn_issue.h2.html#POEM9>2 #9</A><DD>Crossville, Tennessee</DT>
<DT>Jerry Kilbride:&nbsp;&nbsp;<A HREF=thn_issue.h2.html#POEM5>2 #5</A><DD>Sacramento, California</DT>
<DT>paul m.:&nbsp;&nbsp;<A HREF=thn_issue.h1.html#POEM9>1 #9</A>,
&nbsp;<A HREF=thn_issue.h4.html#POEM7>4 #7</A><DD>San Francisco, California</DT>
<DT>Tomislav Maretic:&nbsp;&nbsp;<A HREF=thn_issue.h5.html#POEM7>5 #7</A><DD>Vrapce, Croatia</DT>
<DT>Michael McClintock:&nbsp;&nbsp;<A HREF=thn_issue.h2.html#POEM2>2 #2</A><DD>South Pasadena, California</DT>
<DT>Allen McGill:&nbsp;&nbsp;<A HREF=thn_issue.h1.html#POEM1>1 #1</A><DD>San Miguel de Allende, Mexico</DT>
<DT>Sabine Miller:&nbsp;&nbsp;<A HREF=thn_issue.h3.html#POEM9>3 #9</A><DD>Lagunitas, California</DT>
<DT>Lenard D. Moore:&nbsp;&nbsp;<A HREF=thn_issue.h1.html#POEM10>1 #10</A><DD>Raleigh, North Carolina</DT>
<DT>H. Gene Murtha:&nbsp;&nbsp;<A HREF=thn_issue.h5.html#POEM3>5 #3</A><DD>Buena, New Jersey</DT>
<DT>Pamela Miller Ness:&nbsp;&nbsp;<A HREF=thn_issue.h5.html#POEM2>5 #2</A><DD>New York, New York</DT>
<DT>H. F. Noyes:&nbsp;&nbsp;<A HREF=thn_issue.h1.html#POEM5>1 #5</A><DD>Politia, Attikis, Greece</DT>
<DT>Tom Painting:&nbsp;&nbsp;<A HREF=thn_issue.h2.html#POEM6>2 #6</A><DD>Rochester, New York</DT>
<DT>Paul Pfleuger, Jr.:&nbsp;&nbsp;<A HREF=thn_issue.h5.html#POEM8>5 #8</A><DD>Chia-yi, Taiwan</DT>
<DT>Francine Porad:&nbsp;&nbsp;<A HREF=thn_issue.h1.html#POEM3>1 #3</A><DD>Bellevue, Washington</DT>
<DT>Vanessa Proctor:&nbsp;&nbsp;<A HREF=thn_issue.h1.html#POEM2>1 #2</A><DD>Sydney, New South Wales, Australia</DT>
<DT>K. Ramesh:&nbsp;&nbsp;<A HREF=thn_issue.h4.html#POEM10>4 #10</A><DD>Adyar, Chennai, India</DT>
<DT>Gabriel Rosenstock:&nbsp;&nbsp;<A HREF=thn_issue.e1.html#POEM3>EC #3</A><DD>Gleann na gCaorach, Atha Cliath, Ireland</DT>
<DT>Sandra Simpson:&nbsp;&nbsp;<A HREF=thn_issue.h2.html#POEM8>2 #8</A><DD>Tauranga, New Zealand</DT>
<DT>Sue Stanford:&nbsp;&nbsp;<A HREF=thn_issue.h3.html#POEM1>3 #1</A><DD>Melbourne, Victoria, Australia</DT>
<DT>Lynne Steel:&nbsp;&nbsp;<A HREF=thn_issue.h4.html#POEM6>4 #6</A><DD>Hillsboro Beach, Florida</DT>
<DT>Gary Steinberg:&nbsp;&nbsp;<A HREF=thn_issue.h1.html#POEM7>1 #7</A><DD>Mahwah, New Jersey</DT>
<DT>John Stevenson:&nbsp;&nbsp;<A HREF=thn_issue.h4.html#POEM9>4 #9</A><DD>Nassau, New York</DT>
<DT>Dietmar Tauchner:&nbsp;&nbsp;<A HREF=thn_issue.h2.html#POEM1>2 #1</A><DD>Puchberg, Austria</DT>
<DT>Linda Jeannette Ward:&nbsp;&nbsp;<A HREF=thn_issue.e1.html#POEM2>EC #2</A><DD>Coinjock, North Carolina</DT>
<DT>Michael Dylan Welch:&nbsp;&nbsp;<A HREF=thn_issue.h4.html#POEM2>4 #2</A><DD>Sammamish, Washington</DT>
<DT>Cindy Zackowitz:&nbsp;&nbsp;<A HREF=thn_issue.h1.html#POEM4>1 #4</A>,
&nbsp;<A HREF=thn_issue.h5.html#POEM6>5 #6</A><DD>Anchorage, Alaska</DT>
