<DT>Billie Wilson:&nbsp;&nbsp;<A HREF=thn_issue.h1.html#POEM1>1 #1</A><DD>Juneau, Alaska</DT>
<DT>Zinovy Vayman:&nbsp;&nbsp;<A HREF=thn_issue.h1.html#POEM2>1 #2</A><DD>Moscow, Russia</DT>
<DT>Francis Masat:&nbsp;&nbsp;<A HREF=thn_issue.h1.html#POEM3>1 #3</A><DD>Key West, Florida</DT>
<DT>Cherie Hunter Day:&nbsp;&nbsp;<A HREF=thn_issue.h1.html#POEM4>1 #4</A><DD>San Diego, California</DT>
<DT>Lynne Steel:&nbsp;&nbsp;<A HREF=thn_issue.h1.html#POEM5>1 #5</A><DD>Hillsboro Beach, Florida</DT>
<DT>naia:&nbsp;&nbsp;<A HREF=thn_issue.h1.html#POEM6>1 #6</A><DD>Oceanside, California</DT>
<DT>Charles Trumbull:&nbsp;&nbsp;<A HREF=thn_issue.h1.html#POEM7>1 #7</A><DD>Evanston, Illinois</DT>
<DT>Sabine Miller:&nbsp;&nbsp;<A HREF=thn_issue.h1.html#POEM8>1 #8</A><DD>Lagunitas, California</DT>
<DT>Ljubomir Dragovic:&nbsp;&nbsp;<A HREF=thn_issue.h1.html#POEM9>1 #9</A><DD>Banja Luka, Bosnia & Hertzegovina</DT>
<DT>Celia Crook:&nbsp;&nbsp;<A HREF=thn_issue.h1.html#POEM10>1 #10</A><DD>Bloxham, Oxfordshire, England</DT>
<DT>Giselle Maya:&nbsp;&nbsp;<A HREF=thn_issue.h2.html#POEM1>2 #1</A><DD>St-Martin de Castillon, France</DT>
<DT>Stacy Smith:&nbsp;&nbsp;<A HREF=thn_issue.h2.html#POEM2>2 #2</A><DD>Anderson, Indiana</DT>
<DT>David Gershator:&nbsp;&nbsp;<A HREF=thn_issue.h2.html#POEM3>2 #3</A><DD>St. Thomas, Virgin Islands</DT>
<DT>Helga Haerle:&nbsp;&nbsp;<A HREF=thn_issue.h2.html#POEM4>2 #4</A><DD>Stockholm, Sweden</DT>
<DT>Francine Porad:&nbsp;&nbsp;<A HREF=thn_issue.h2.html#POEM5>2 #5</A><DD>Bellevue, Washington</DT>
<DT>Emily Romano:&nbsp;&nbsp;<A HREF=thn_issue.h2.html#POEM6>2 #6</A><DD>Boonton, New Jersey</DT>
<DT>Angelee Deodhar:&nbsp;&nbsp;<A HREF=thn_issue.h2.html#POEM7>2 #7</A><DD>Chandigarh, India</DT>
<DT>H. Gene Murtha:&nbsp;&nbsp;<A HREF=thn_issue.h2.html#POEM8>2 #8</A><DD>Buena, New Jersey</DT>
<DT>K. Ramesh:&nbsp;&nbsp;<A HREF=thn_issue.h2.html#POEM9>2 #9</A><DD>Adyar, Chennai, India</DT>
<DT>H. F. Noyes:&nbsp;&nbsp;<A HREF=thn_issue.h2.html#POEM10>2 #10</A><DD>Politia, Attikis, Greece</DT>
<DT>Rebecca Lilly:&nbsp;&nbsp;<A HREF=thn_issue.h3.html#POEM1>3 #1</A><DD>Port Republic, Virginia</DT>
<DT>Lynne Steel:&nbsp;&nbsp;<A HREF=thn_issue.h3.html#POEM2>3 #2</A><DD>Hillsboro Beach, Florida</DT>
<DT>Carolyn Hall:&nbsp;&nbsp;<A HREF=thn_issue.h3.html#POEM3>3 #3</A><DD>San Francisco, California</DT>
<DT>Anna Tambour:&nbsp;&nbsp;<A HREF=thn_issue.h3.html#POEM4>3 #4</A><DD>Nowra, New South Wales, Australia</DT>
<DT>John Ower:&nbsp;&nbsp;<A HREF=thn_issue.h3.html#POEM5>3 #5</A><DD>Athens, Georgia</DT>
<DT>Timothy Hawkes:&nbsp;&nbsp;<A HREF=thn_issue.h3.html#POEM6>3 #6</A><DD>Silver Spring, Maryland</DT>
<DT>Hilary Tann:&nbsp;&nbsp;<A HREF=thn_issue.h3.html#POEM7>3 #7</A><DD>Schuylerville, New York</DT>
<DT>Tom Painting:&nbsp;&nbsp;<A HREF=thn_issue.h3.html#POEM8>3 #8</A><DD>Rochester, New York</DT>
<DT>Ray MacKenzie:&nbsp;&nbsp;<A HREF=thn_issue.h3.html#POEM9>3 #9</A><DD>Torrin, Island of Skye, Scotland</DT>
<DT>Jack Barry:&nbsp;&nbsp;<A HREF=thn_issue.h3.html#POEM10>3 #10</A><DD>Chesterfield, Massachusetts</DT>
<DT>paul m.:&nbsp;&nbsp;<A HREF=thn_issue.h4.html#POEM1>4 #1</A><DD>San Francisco, California</DT>
<DT>Gary Warner:&nbsp;&nbsp;<A HREF=thn_issue.h4.html#POEM2>4 #2</A><DD>Birmingham, Alabama</DT>
<DT>George Swede:&nbsp;&nbsp;<A HREF=thn_issue.h4.html#POEM3>4 #3</A><DD>Toronto, Ontario, Canada</DT>
<DT>John Stevenson:&nbsp;&nbsp;<A HREF=thn_issue.h4.html#POEM4>4 #4</A><DD>Nassau, New York</DT>
<DT>Paul Wigelius:&nbsp;&nbsp;<A HREF=thn_issue.h4.html#POEM5>4 #5</A><DD>Stockholm, Sweden</DT>
<DT>Gary Hotham:&nbsp;&nbsp;<A HREF=thn_issue.h4.html#POEM6>4 #6</A><DD>Laurel, Maryland</DT>
<DT>Connie Donleycott:&nbsp;&nbsp;<A HREF=thn_issue.h4.html#POEM7>4 #7</A><DD>Bremerton, Washington</DT>
<DT>John S. O^ÒConnor:&nbsp;&nbsp;<A HREF=thn_issue.h4.html#POEM8>4 #8</A><DD>Chicago, Illinois</DT>
<DT>Jasminka Nadaskic Diordievic:&nbsp;&nbsp;<A HREF=thn_issue.h4.html#POEM9>4 #9</A><DD>Smederevo, Yugoslavia</DT>
<DT>George Dorsty:&nbsp;&nbsp;<A HREF=thn_issue.h4.html#POEM10>4 #10</A><DD>Jamesport, New York</DT>
<DT>Paul Wigelius:&nbsp;&nbsp;<A HREF=thn_issue.h5.html#POEM1>5 #1</A><DD>Stockholm, Sweden</DT>
<DT>John Stevenson:&nbsp;&nbsp;<A HREF=thn_issue.h5.html#POEM2>5 #2</A><DD>Nassau, New York</DT>
<DT>Carmen Sterba:&nbsp;&nbsp;<A HREF=thn_issue.h5.html#POEM3>5 #3</A><DD>Kamakura, Japan</DT>
<DT>Barbara Campitelli:&nbsp;&nbsp;<A HREF=thn_issue.h5.html#POEM4>5 #4</A><DD>Foster City, California</DT>
<DT>Sabine Miller:&nbsp;&nbsp;<A HREF=thn_issue.h5.html#POEM5>5 #5</A><DD>Lagunitas, California</DT>
<DT>Gary Steinberg:&nbsp;&nbsp;<A HREF=thn_issue.h5.html#POEM6>5 #6</A><DD>Mahwah, New Jersey</DT>
<DT>Cindy Zackowitz:&nbsp;&nbsp;<A HREF=thn_issue.h5.html#POEM7>5 #7</A><DD>Anchorage, Alaska</DT>
<DT>Fay Aoyagi:&nbsp;&nbsp;<A HREF=thn_issue.h5.html#POEM8>5 #8</A><DD>San Francisco, California</DT>
<DT>William Cullen, Jr.:&nbsp;&nbsp;<A HREF=thn_issue.h5.html#POEM9>5 #9</A><DD>Brooklyn, New York</DT>
<DT>Kirsty Karkow:&nbsp;&nbsp;<A HREF=thn_issue.h5.html#POEM10>5 #10</A><DD>Waldoboro, Maine</DT>
<DT>Elizabeth Searle Lamb:&nbsp;&nbsp;<A HREF=thn_issue.e1.html#POEM1>EC #1</A><DD>Santa Fe, New Mexico</DT>
<DT>vincent tripi:&nbsp;&nbsp;<A HREF=thn_issue.e1.html#POEM2>EC #2</A><DD>Greenfield, Massachusetts</DT>
<DT>Yvonne Cabalona:&nbsp;&nbsp;<A HREF=thn_issue.e1.html#POEM3>EC #3</A><DD>Modesto, California</DT>
