1
<p><a href=#POEM1>paul m.</a>
<p><a href=#POEM2>Nara Bauer</a>
<p><a href=#POEM3>Collin Barber</a>
<p><a href=#POEM4>Lynne Steel</a>
<p><a href=#POEM5>H. Gene Murtha</a>
<p><a href=#POEM6>Sabine Miller</a>
<p><a href=#POEM7>Carolyn Hall</a>
<p><a href=#POEM8>Stephen Engleman</a>
<p><a href=#POEM9>Edith Bartholomeusz</a>
<p><a href=#POEM10>Gary Hotham</a>
 
2
<p><a href=#POEM1>paul m.</a>
<p><a href=#POEM2>Margaret Hehman-Smith</a>
<p><a href=#POEM3>Yu Chang</a>
<p><a href=#POEM4>Charishma Ramchandani</a>
<p><a href=#POEM5>Hilary Tann</a>
<p><a href=#POEM6>Martin Gottlieb Cohen</a>
<p><a href=#POEM7>Jeff Winke</a>
<p><a href=#POEM8>Marilyn Appl Walker</a>
<p><a href=#POEM9>Adelaide B. Shaw</a>
<p><a href=#POEM10>Chad Lee Robinson</a>
 
3
<p><a href=#POEM1>Jonny Colley</a>
<p><a href=#POEM2>Timothy Hawkes</a>
<p><a href=#POEM3>Laryalee Fraser</a>
<p><a href=#POEM4>Kala Ramesh</a>
<p><a href=#POEM5>James Deahl</a>
<p><a href=#POEM6>Angelee Deodhar</a>
<p><a href=#POEM7>Scott Mason</a>
<p><a href=#POEM8>K. Ramesh</a>
<p><a href=#POEM9>Kirsty Karkow</a>
<p><a href=#POEM10>David Gershator</a>
 
4
<p><a href=#POEM1>John S. O^ÒConnor</a>
<p><a href=#POEM2>Ruth Yarrow</a>
<p><a href=#POEM3>Deb Baker</a>
<p><a href=#POEM4>Vladislav Vassiliev</a>
<p><a href=#POEM5>C. Avery</a>
<p><a href=#POEM6>Mike Montreuil </a>
<p><a href=#POEM7>John Kinory</a>
<p><a href=#POEM8>Matt Morden</a>
<p><a href=#POEM9>George Dorsty</a>
<p><a href=#POEM10>Patricia Prime</a>
 
5
<p><a href=#POEM1>Tony Beyer</a>
<p><a href=#POEM2>Jason Sanford Brown</a>
<p><a href=#POEM3>Myron Lysenko</a>
<p><a href=#POEM4>Natalia L. Rudychev</a>
<p><a href=#POEM5>Harriot West</a>
<p><a href=#POEM6>D. Claire Gallagher</a>
<p><a href=#POEM7>Ruth Holzer</a>
<p><a href=#POEM8>Timothy Hawkes</a>
<p><a href=#POEM9>Billie Wilson</a>
<p><a href=#POEM10>Marcus Larsson</a>
 
6
<p><a href=#POEM1>Nancy Stewart Smith</a>
<p><a href=#POEM2>ron moss </a>
<p><a href=#POEM3>frances angela</a>
<p><a href=#POEM4>William Cullen, Jr.</a>
<p><a href=#POEM5>Tom Tico</a>
<p><a href=#POEM6>Nathalie Buckland</a>
<p><a href=#POEM7>Jerry Ball</a>
<p><a href=#POEM8>Dietmar Tauchner</a>
<p><a href=#POEM9>Alice Frampton</a>
<p><a href=#POEM10>Shane Robitaille</a>
 
7
<p><a href=#POEM1>John Barlow</a>
<p><a href=#POEM2>Lane Parker</a>
<p><a href=#POEM3>Patricia Benedict</a>
<p><a href=#POEM4>Allan Burns</a>
<p><a href=#POEM5>Colin Stewart Jones</a>
<p><a href=#POEM6>Helen Buckingham </a>
<p><a href=#POEM7>Helen Ruggieri</a>
<p><a href=#POEM8>Elizabeth Howard</a>
<p><a href=#POEM9>Greg Piko</a>
<p><a href=#POEM10>Agnes Eva Savich</a>
 
8
<p><a href=#POEM1>Merrill Ann Gonzales</a>
<p><a href=#POEM2>Michael McClintock</a>
<p><a href=#POEM3>Ellen Compton</a>
<p><a href=#POEM4>Jay Santini</a>
<p><a href=#POEM5>Victor Ortiz</a>
<p><a href=#POEM6>Lenard D. Moore</a>
<p><a href=#POEM7>Marilyn Appl Walker</a>
<p><a href=#POEM8>Cindy Zackowitz</a>
<p><a href=#POEM9>Jennie Townsend</a>
<p><a href=#POEM10>Scott Metz</a>
 
9
<p><a href=#POEM1>Jack Barry </a>
<p><a href=#POEM2>Valeria Cecon</a>
<p><a href=#POEM3>Susan Constable</a>
<p><a href=#POEM4>Kate MacQueen</a>
<p><a href=#POEM5>Francis Masat</a>
<p><a href=#POEM6>Helen Buckingham </a>
<p><a href=#POEM7>Marili Deandrea</a>
<p><a href=#POEM8>Matthew Paul</a>
<p><a href=#POEM9>Ann k. Schwader</a>
<p><a href=#POEM10>D. Claire Gallagher</a>
 
10
<p><a href=#POEM1>Francis W. Alexander</a>
<p><a href=#POEM2>Paul Pfleuger, Jr.</a>
<p><a href=#POEM3>Carolyn Hall</a>
<p><a href=#POEM4>Kay F. Anderson</a>
<p><a href=#POEM5>Carlos Colon</a>
<p><a href=#POEM6>Janelle Barrera</a>
<p><a href=#POEM7>Michele Root-Bernstein</a>
<p><a href=#POEM8>Darrell Lindsey</a>
<p><a href=#POEM9>Graham Nunn</a>
<p><a href=#POEM10>Yvonne Cabalona</a>
 
11
<p><a href=#POEM1>Darrell Byrd</a>
<p><a href=#POEM2>Quendryth Young</a>
<p><a href=#POEM3>Gillena Cox</a>
<p><a href=#POEM4>Rebecca Lilly</a>
<p><a href=#POEM5>Connie Donleycott</a>
<p><a href=#POEM6>Yu Chang</a>
<p><a href=#POEM7>Hilary Tann</a>
<p><a href=#POEM8>Andrea Cecon</a>
<p><a href=#POEM9>Barry George</a>
<p><a href=#POEM10>Margarita Engle</a>
 
12
<p><a href=#POEM1>Robert Bauer</a>
<p><a href=#POEM2>Robert Bauer</a>
<p><a href=#POEM3>Karma Tenzing Wangchuk</a>
<p><a href=#POEM4>William Palmer</a>
<p><a href=#POEM5>Keith Jennings</a>
<p><a href=#POEM6>Sandra Simpson</a>
<p><a href=#POEM7>K. Ramesh</a>
<p><a href=#POEM8>Andrea Grillo</a>
<p><a href=#POEM9>Roberta Beary</a>
<p><a href=#POEM10>Brenda J. Gannam</a>
 
13
<p><a href=#POEM1>Burnell Lippy</a>
<p><a href=#POEM2>Kay Grimnes</a>
<p><a href=#POEM3>Paula Fisher</a>
<p><a href=#POEM4>Joann Klontz</a>
<p><a href=#POEM5>Cherie Hunter Day</a>
<p><a href=#POEM6>Linda Jeannette Ward</a>
<p><a href=#POEM7>og aksnes</a>
<p><a href=#POEM8>Carmen Sterba</a>
<p><a href=#POEM9>Emily Romano</a>
<p><a href=#POEM10>Chad Lee Robinson</a>
 
14
<p><a href=#POEM1>Brent Partridge</a>
<p><a href=#POEM2>Don Miller</a>
<p><a href=#POEM3>S.R. Spanyer</a>
<p><a href=#POEM4>Curtis Dunlap</a>
<p><a href=#POEM5>Mary Lee McClure</a>
<p><a href=#POEM6>Allan Burns</a>
<p><a href=#POEM7>Christopher Patchel</a>
