<TR ALIGN=LEFT VALIGN=TOP><TD><P><FONT SIZE=+1>home for the weekend<br> a water lily^Òs root<br> trailing out of sight</FONT></TD></TR> <TR ALIGN=RIGHT VALIGN=TOP><TD>paul m.<P>&nbsp;</TD></TR>
<TR ALIGN=LEFT VALIGN=TOP><TD><P><FONT SIZE=+1>moonflowers--<br> I weave a wreath<br> for my sister's urn</FONT></TD></TR> <TR ALIGN=RIGHT VALIGN=TOP><TD>Nara Bauer<P>&nbsp;</TD></TR>
<TR ALIGN=LEFT VALIGN=TOP><TD><P><FONT SIZE=+1>summer clouds<br> she talks about death<br> hypothetically</FONT></TD></TR> <TR ALIGN=RIGHT VALIGN=TOP><TD>Collin Barber<P>&nbsp;</TD></TR>
<TR ALIGN=LEFT VALIGN=TOP><TD><P><FONT SIZE=+1>mountain sunset<br> the mockingbird's song<br> unanswered</FONT></TD></TR> <TR ALIGN=RIGHT VALIGN=TOP><TD>Lynne Steel<P>&nbsp;</TD></TR>
<TR ALIGN=LEFT VALIGN=TOP><TD><P><FONT SIZE=+1>fishing <br> where my brother stood--<br> twilight chill</FONT></TD></TR> <TR ALIGN=RIGHT VALIGN=TOP><TD>H. Gene Murtha<P>&nbsp;</TD></TR>
<TR ALIGN=LEFT VALIGN=TOP><TD><P><FONT SIZE=+1>fallen tree<br> on the river <br> I've yet to cross</FONT></TD></TR> <TR ALIGN=RIGHT VALIGN=TOP><TD>Sabine Miller<P>&nbsp;</TD></TR>
<TR ALIGN=LEFT VALIGN=TOP><TD><P><FONT SIZE=+1>cicada song<br> just enough embers<br> to rekindle the fire</FONT></TD></TR> <TR ALIGN=RIGHT VALIGN=TOP><TD>Carolyn Hall<P>&nbsp;</TD></TR>
<TR ALIGN=LEFT VALIGN=TOP><TD><P><FONT SIZE=+1>sunrise--<br> goldenrod<br> in the first frost</FONT></TD></TR> <TR ALIGN=RIGHT VALIGN=TOP><TD>Stephen Engleman<P>&nbsp;</TD></TR>
<TR ALIGN=LEFT VALIGN=TOP><TD><P><FONT SIZE=+1>sale pending--<br> crunched apples scent<br> the sidewalk</FONT></TD></TR> <TR ALIGN=RIGHT VALIGN=TOP><TD>Edith Bartholomeusz<P>&nbsp;</TD></TR>
<TR ALIGN=LEFT VALIGN=TOP><TD><P><FONT SIZE=+1>no rain for days--<br> a half-eaten apple taken away<br> from the fruit flies</FONT></TD></TR> <TR ALIGN=RIGHT VALIGN=TOP><TD>Gary Hotham<P>&nbsp;</TD></TR>
 
<TR ALIGN=LEFT VALIGN=TOP><TD><P><FONT SIZE=+1>a wasp nest<br> out of reach of the hose<br> autumn begins</FONT></TD></TR> <TR ALIGN=RIGHT VALIGN=TOP><TD>paul m.<P>&nbsp;</TD></TR>
<TR ALIGN=LEFT VALIGN=TOP><TD><P><FONT SIZE=+1>early evening<br> I wait for sunset<br> to touch the birches</FONT></TD></TR> <TR ALIGN=RIGHT VALIGN=TOP><TD>Margaret Hehman-Smith<P>&nbsp;</TD></TR>
<TR ALIGN=LEFT VALIGN=TOP><TD><P><FONT SIZE=+1>filigreed moon<br> the soft edges<br> of her lingerie</FONT></TD></TR> <TR ALIGN=RIGHT VALIGN=TOP><TD>Yu Chang<P>&nbsp;</TD></TR>
<TR ALIGN=LEFT VALIGN=TOP><TD><P><FONT SIZE=+1>between the toes<br> of two lovers--<br> the moon</FONT></TD></TR> <TR ALIGN=RIGHT VALIGN=TOP><TD>Charishma Ramchandani<P>&nbsp;</TD></TR>
<TR ALIGN=LEFT VALIGN=TOP><TD><P><FONT SIZE=+1>morning fog<br> the music<br> between headlines</FONT></TD></TR> <TR ALIGN=RIGHT VALIGN=TOP><TD>Hilary Tann<P>&nbsp;</TD></TR>
<TR ALIGN=LEFT VALIGN=TOP><TD><P><FONT SIZE=+1>fall morning<br> marsh mud glistens<br> in the rowboat </FONT></TD></TR> <TR ALIGN=RIGHT VALIGN=TOP><TD>Martin Gottlieb Cohen<P>&nbsp;</TD></TR>
<TR ALIGN=LEFT VALIGN=TOP><TD><P><FONT SIZE=+1>the deep hues <br> of worn ricing sticks<br> Ojibwe harvest</FONT></TD></TR> <TR ALIGN=RIGHT VALIGN=TOP><TD>Jeff Winke<P>&nbsp;</TD></TR>
<TR ALIGN=LEFT VALIGN=TOP><TD><P><FONT SIZE=+1>prairie sunshine<br> a tiny flower<br> with an Indian name</FONT></TD></TR> <TR ALIGN=RIGHT VALIGN=TOP><TD>Marilyn Appl Walker<P>&nbsp;</TD></TR>
<TR ALIGN=LEFT VALIGN=TOP><TD><P><FONT SIZE=+1>farm stand--<br> a pie in each basket<br> of apples</FONT></TD></TR> <TR ALIGN=RIGHT VALIGN=TOP><TD>Adelaide B. Shaw<P>&nbsp;</TD></TR>
<TR ALIGN=LEFT VALIGN=TOP><TD><P><FONT SIZE=+1>autumn evening<br> the clink of carnival rings<br> on empty bottles</FONT></TD></TR> <TR ALIGN=RIGHT VALIGN=TOP><TD>Chad Lee Robinson<P>&nbsp;</TD></TR>
 
<TR ALIGN=LEFT VALIGN=TOP><TD><P><FONT SIZE=+1>rearview mirror--<br> yellowing leaves<br> and my gray hair</FONT></TD></TR> <TR ALIGN=RIGHT VALIGN=TOP><TD>Jonny Colley<P>&nbsp;</TD></TR>
<TR ALIGN=LEFT VALIGN=TOP><TD><P><FONT SIZE=+1>grandfather's house . . .<br> light of the moon<br> on an unpruned tree</FONT></TD></TR> <TR ALIGN=RIGHT VALIGN=TOP><TD>Timothy Hawkes<P>&nbsp;</TD></TR>
<TR ALIGN=LEFT VALIGN=TOP><TD><P><FONT SIZE=+1>faded recipe . . .<br> peeling apples<br> with grandma</FONT></TD></TR> <TR ALIGN=RIGHT VALIGN=TOP><TD>Laryalee Fraser<P>&nbsp;</TD></TR>
<TR ALIGN=LEFT VALIGN=TOP><TD><P><FONT SIZE=+1>the smile<br> lost in her wrinkles--<br> deep autumn</FONT></TD></TR> <TR ALIGN=RIGHT VALIGN=TOP><TD>Kala Ramesh<P>&nbsp;</TD></TR>
<TR ALIGN=LEFT VALIGN=TOP><TD><P><FONT SIZE=+1>          Allhallows Eve <br> the last leaves fall<br>           from the wild grape</FONT></TD></TR> <TR ALIGN=RIGHT VALIGN=TOP><TD>James Deahl<P>&nbsp;</TD></TR>
<TR ALIGN=LEFT VALIGN=TOP><TD><P><FONT SIZE=+1>cooler now<br> street children sniff glue<br> in the twilight</FONT></TD></TR> <TR ALIGN=RIGHT VALIGN=TOP><TD>Angelee Deodhar<P>&nbsp;</TD></TR>
<TR ALIGN=LEFT VALIGN=TOP><TD><P><FONT SIZE=+1>fading light<br> a red rubber ball<br> on the grate</FONT></TD></TR> <TR ALIGN=RIGHT VALIGN=TOP><TD>Scott Mason<P>&nbsp;</TD></TR>
<TR ALIGN=LEFT VALIGN=TOP><TD><P><FONT SIZE=+1>evening breeze--<br> hundreds of lamp flames <br> sway in the temple</FONT></TD></TR> <TR ALIGN=RIGHT VALIGN=TOP><TD>K. Ramesh<P>&nbsp;</TD></TR>
<TR ALIGN=LEFT VALIGN=TOP><TD><P><FONT SIZE=+1>thorn by thorn<br> pale moonlight down          <br> a century plant</FONT></TD></TR> <TR ALIGN=RIGHT VALIGN=TOP><TD>Kirsty Karkow<P>&nbsp;</TD></TR>
<TR ALIGN=LEFT VALIGN=TOP><TD><P><FONT SIZE=+1>autumn wind<br>          grocery flyers<br>                                 flying</FONT></TD></TR> <TR ALIGN=RIGHT VALIGN=TOP><TD>David Gershator<P>&nbsp;</TD></TR>
 
<TR ALIGN=LEFT VALIGN=TOP><TD><P><FONT SIZE=+1>Thanksgiving<br> my brother and I catch up<br> at halftime</FONT></TD></TR> <TR ALIGN=RIGHT VALIGN=TOP><TD>John S. O^ÒConnor<P>&nbsp;</TD></TR>
<TR ALIGN=LEFT VALIGN=TOP><TD><P><FONT SIZE=+1>slant of light<br> through autumn woods--<br> whitethroat's minor whistle</FONT></TD></TR> <TR ALIGN=RIGHT VALIGN=TOP><TD>Ruth Yarrow<P>&nbsp;</TD></TR>
<TR ALIGN=LEFT VALIGN=TOP><TD><P><FONT SIZE=+1>open windows<br> I switch off a concerto<br> to hear the trees</FONT></TD></TR> <TR ALIGN=RIGHT VALIGN=TOP><TD>Deb Baker<P>&nbsp;</TD></TR>
<TR ALIGN=LEFT VALIGN=TOP><TD><P><FONT SIZE=+1>full moon-- <br> the baby monitor<br> sighs</FONT></TD></TR> <TR ALIGN=RIGHT VALIGN=TOP><TD>Vladislav Vassiliev<P>&nbsp;</TD></TR>
<TR ALIGN=LEFT VALIGN=TOP><TD><P><FONT SIZE=+1>sweet tea steam<br> dissolving<br> the man in the moon</FONT></TD></TR> <TR ALIGN=RIGHT VALIGN=TOP><TD>C. Avery<P>&nbsp;</TD></TR>
<TR ALIGN=LEFT VALIGN=TOP><TD><P><FONT SIZE=+1>pine scent in the air--<br> a memory of Memère<br> cleaning house</FONT></TD></TR> <TR ALIGN=RIGHT VALIGN=TOP><TD>Mike Montreuil <P>&nbsp;</TD></TR>
<TR ALIGN=LEFT VALIGN=TOP><TD><P><FONT SIZE=+1>turning the page . . .<br> these photographs<br> mother never pasted in</FONT></TD></TR> <TR ALIGN=RIGHT VALIGN=TOP><TD>John Kinory<P>&nbsp;</TD></TR>
<TR ALIGN=LEFT VALIGN=TOP><TD><P><FONT SIZE=+1>winter dawn<br> a tub of washing<br> all run blue</FONT></TD></TR> <TR ALIGN=RIGHT VALIGN=TOP><TD>Matt Morden<P>&nbsp;</TD></TR>
<TR ALIGN=LEFT VALIGN=TOP><TD><P><FONT SIZE=+1>empty clothesline--<br> the mockingbird<br> begins his song</FONT></TD></TR> <TR ALIGN=RIGHT VALIGN=TOP><TD>George Dorsty<P>&nbsp;</TD></TR>
<TR ALIGN=LEFT VALIGN=TOP><TD><P><FONT SIZE=+1>frosty morning<br> steam rises<br> from the horses' blankets</FONT></TD></TR> <TR ALIGN=RIGHT VALIGN=TOP><TD>Patricia Prime<P>&nbsp;</TD></TR>
 
<TR ALIGN=LEFT VALIGN=TOP><TD><P><FONT SIZE=+1>snow country<br> every word<br> you say</FONT></TD></TR> <TR ALIGN=RIGHT VALIGN=TOP><TD>Tony Beyer<P>&nbsp;</TD></TR>
<TR ALIGN=LEFT VALIGN=TOP><TD><P><FONT SIZE=+1>Pearl Harbor Day--<br> the clerk validates<br> my parking stub</FONT></TD></TR> <TR ALIGN=RIGHT VALIGN=TOP><TD>Jason Sanford Brown<P>&nbsp;</TD></TR>
<TR ALIGN=LEFT VALIGN=TOP><TD><P><FONT SIZE=+1>she finds<br> her great grandmother--<br> lichen on the stone</FONT></TD></TR> <TR ALIGN=RIGHT VALIGN=TOP><TD>Myron Lysenko<P>&nbsp;</TD></TR>
<TR ALIGN=LEFT VALIGN=TOP><TD><P><FONT SIZE=+1>grandma's birthday<br> snowflakes fill the letters<br> carved into the stone</FONT></TD></TR> <TR ALIGN=RIGHT VALIGN=TOP><TD>Natalia L. Rudychev<P>&nbsp;</TD></TR>
<TR ALIGN=LEFT VALIGN=TOP><TD><P><FONT SIZE=+1>fresh snow<br> the cat's paws deep<br> in eiderdown</FONT></TD></TR> <TR ALIGN=RIGHT VALIGN=TOP><TD>Harriot West<P>&nbsp;</TD></TR>
<TR ALIGN=LEFT VALIGN=TOP><TD><P><FONT SIZE=+1>New Year's morning--<br> a toothbrush color<br> I've never used</FONT></TD></TR> <TR ALIGN=RIGHT VALIGN=TOP><TD>D. Claire Gallagher<P>&nbsp;</TD></TR>
<TR ALIGN=LEFT VALIGN=TOP><TD><P><FONT SIZE=+1>raking leaves--<br> the two of us together<br> until dark</FONT></TD></TR> <TR ALIGN=RIGHT VALIGN=TOP><TD>Ruth Holzer<P>&nbsp;</TD></TR>
<TR ALIGN=LEFT VALIGN=TOP><TD><P><FONT SIZE=+1>north wind-- <br> a new edge<br> on the old axe</FONT></TD></TR> <TR ALIGN=RIGHT VALIGN=TOP><TD>Timothy Hawkes<P>&nbsp;</TD></TR>
<TR ALIGN=LEFT VALIGN=TOP><TD><P><FONT SIZE=+1>cold moon--<br> a stray dog roams<br> the village street</FONT></TD></TR> <TR ALIGN=RIGHT VALIGN=TOP><TD>Billie Wilson<P>&nbsp;</TD></TR>
<TR ALIGN=LEFT VALIGN=TOP><TD><P><FONT SIZE=+1>calls from listeners<br> who^Òve been through the same<br> winter stars</FONT></TD></TR> <TR ALIGN=RIGHT VALIGN=TOP><TD>Marcus Larsson<P>&nbsp;</TD></TR>
 
<TR ALIGN=LEFT VALIGN=TOP><TD><P><FONT SIZE=+1>winter morning--<br> dad's  butter  in a  cup<br> atop the toaster</FONT></TD></TR> <TR ALIGN=RIGHT VALIGN=TOP><TD>Nancy Stewart Smith<P>&nbsp;</TD></TR>
<TR ALIGN=LEFT VALIGN=TOP><TD><P><FONT SIZE=+1>children's laughter--<br> a weekend father <br> with sticks in his hair </FONT></TD></TR> <TR ALIGN=RIGHT VALIGN=TOP><TD>ron moss <P>&nbsp;</TD></TR>
<TR ALIGN=LEFT VALIGN=TOP><TD><P><FONT SIZE=+1>winter morning<br> her perfume scents<br> the river path</FONT></TD></TR> <TR ALIGN=RIGHT VALIGN=TOP><TD>frances angela<P>&nbsp;</TD></TR>
<TR ALIGN=LEFT VALIGN=TOP><TD><P><FONT SIZE=+1>church bells<br> tree roots have cracked<br> the sidewalk</FONT></TD></TR> <TR ALIGN=RIGHT VALIGN=TOP><TD>William Cullen, Jr.<P>&nbsp;</TD></TR>
<TR ALIGN=LEFT VALIGN=TOP><TD><P><FONT SIZE=+1>the last of winter<br> the crucifix covered<br> with a purple shroud</FONT></TD></TR> <TR ALIGN=RIGHT VALIGN=TOP><TD>Tom Tico<P>&nbsp;</TD></TR>
<TR ALIGN=LEFT VALIGN=TOP><TD><P><FONT SIZE=+1>clearing sky<br> a hailstone melts<br> on the fallen flower</FONT></TD></TR> <TR ALIGN=RIGHT VALIGN=TOP><TD>Nathalie Buckland<P>&nbsp;</TD></TR>
<TR ALIGN=LEFT VALIGN=TOP><TD><P><FONT SIZE=+1>March wind<br> the story of a couple<br> who separate</FONT></TD></TR> <TR ALIGN=RIGHT VALIGN=TOP><TD>Jerry Ball<P>&nbsp;</TD></TR>
<TR ALIGN=LEFT VALIGN=TOP><TD><P><FONT SIZE=+1>the void she leaves . . .<br> a honeybee enters<br> an apple blossom</FONT></TD></TR> <TR ALIGN=RIGHT VALIGN=TOP><TD>Dietmar Tauchner<P>&nbsp;</TD></TR>
<TR ALIGN=LEFT VALIGN=TOP><TD><P><FONT SIZE=+1>mating robins<br> the broken yellow<br> of the centerline</FONT></TD></TR> <TR ALIGN=RIGHT VALIGN=TOP><TD>Alice Frampton<P>&nbsp;</TD></TR>
<TR ALIGN=LEFT VALIGN=TOP><TD><P><FONT SIZE=+1>first buds<br> she only counts<br> the green cars</FONT></TD></TR> <TR ALIGN=RIGHT VALIGN=TOP><TD>Shane Robitaille<P>&nbsp;</TD></TR>
 
<TR ALIGN=LEFT VALIGN=TOP><TD><P><FONT SIZE=+1>goat bells . . .<br> a light wind lifts<br> the butterfly wing</FONT></TD></TR> <TR ALIGN=RIGHT VALIGN=TOP><TD>John Barlow<P>&nbsp;</TD></TR>
<TR ALIGN=LEFT VALIGN=TOP><TD><P><FONT SIZE=+1>early spring--<br> when the rain stops<br> I close the door</FONT></TD></TR> <TR ALIGN=RIGHT VALIGN=TOP><TD>Lane Parker<P>&nbsp;</TD></TR>
<TR ALIGN=LEFT VALIGN=TOP><TD><P><FONT SIZE=+1>old tractor seat<br> filled with rain--<br> and birdsong</FONT></TD></TR> <TR ALIGN=RIGHT VALIGN=TOP><TD>Patricia Benedict<P>&nbsp;</TD></TR>
<TR ALIGN=LEFT VALIGN=TOP><TD><P><FONT SIZE=+1>distant virga<br> the ranch dog's eyes<br> two different colors</FONT></TD></TR> <TR ALIGN=RIGHT VALIGN=TOP><TD>Allan Burns<P>&nbsp;</TD></TR>
<TR ALIGN=LEFT VALIGN=TOP><TD><P><FONT SIZE=+1>spring afternoon<br> her buttocks peek out<br> from my shirt</FONT></TD></TR> <TR ALIGN=RIGHT VALIGN=TOP><TD>Colin Stewart Jones<P>&nbsp;</TD></TR>
<TR ALIGN=LEFT VALIGN=TOP><TD><P><FONT SIZE=+1>spring break . . .<br>   rival shirts flying<br> together on the line</FONT></TD></TR> <TR ALIGN=RIGHT VALIGN=TOP><TD>Helen Buckingham  <P>&nbsp;</TD></TR>
<TR ALIGN=LEFT VALIGN=TOP><TD><P><FONT SIZE=+1>Sunday morning--<br> picking empties<br> off the lawn</FONT></TD></TR> <TR ALIGN=RIGHT VALIGN=TOP><TD>Helen Ruggieri<P>&nbsp;</TD></TR>
<TR ALIGN=LEFT VALIGN=TOP><TD><P><FONT SIZE=+1>the neighbors' tiff <br> envelops the valley<br> bees in the cherry tree</FONT></TD></TR> <TR ALIGN=RIGHT VALIGN=TOP><TD>Elizabeth Howard<P>&nbsp;</TD></TR>
<TR ALIGN=LEFT VALIGN=TOP><TD><P><FONT SIZE=+1>someone at the gate<br> the blue wren rounds up<br> all his hens</FONT></TD></TR> <TR ALIGN=RIGHT VALIGN=TOP><TD>Greg Piko<P>&nbsp;</TD></TR>
<TR ALIGN=LEFT VALIGN=TOP><TD><P><FONT SIZE=+1>a sea of blossoms--<br> will every bird <br> find its mate?</FONT></TD></TR> <TR ALIGN=RIGHT VALIGN=TOP><TD>Agnes Eva Savich<P>&nbsp;</TD></TR>
 
<TR ALIGN=LEFT VALIGN=TOP><TD><P><FONT SIZE=+1>new path--<br> the throat<br> of a violet</FONT></TD></TR> <TR ALIGN=RIGHT VALIGN=TOP><TD>Merrill Ann Gonzales<P>&nbsp;</TD></TR>
<TR ALIGN=LEFT VALIGN=TOP><TD><P><FONT SIZE=+1>done for the day<br> my dad brings to supper<br> the smell of turned earth</FONT></TD></TR> <TR ALIGN=RIGHT VALIGN=TOP><TD>Michael McClintock<P>&nbsp;</TD></TR>
<TR ALIGN=LEFT VALIGN=TOP><TD><P><FONT SIZE=+1>Mother's Day<br> this year<br> the white carnation</FONT></TD></TR> <TR ALIGN=RIGHT VALIGN=TOP><TD>Ellen Compton<P>&nbsp;</TD></TR>
<TR ALIGN=LEFT VALIGN=TOP><TD><P><FONT SIZE=+1>cold spring rain . . .<br> the depth<br> of her yawn</FONT></TD></TR> <TR ALIGN=RIGHT VALIGN=TOP><TD>Jay Santini<P>&nbsp;</TD></TR>
<TR ALIGN=LEFT VALIGN=TOP><TD><P><FONT SIZE=+1>Mother's Day<br> a hummingbird drinks<br> between breezes</FONT></TD></TR> <TR ALIGN=RIGHT VALIGN=TOP><TD>Victor Ortiz<P>&nbsp;</TD></TR>
<TR ALIGN=LEFT VALIGN=TOP><TD><P><FONT SIZE=+1>her long skirt<br> trembles<br> and tulip leaf too</FONT></TD></TR> <TR ALIGN=RIGHT VALIGN=TOP><TD>Lenard D. Moore<P>&nbsp;</TD></TR>
<TR ALIGN=LEFT VALIGN=TOP><TD><P><FONT SIZE=+1>high noon<br> a carpenter bee busy<br> in the hoe handle</FONT></TD></TR> <TR ALIGN=RIGHT VALIGN=TOP><TD>Marilyn Appl Walker<P>&nbsp;</TD></TR>
<TR ALIGN=LEFT VALIGN=TOP><TD><P><FONT SIZE=+1>a pair of hens <br> peer through the fence--<br> apple blossoms</FONT></TD></TR> <TR ALIGN=RIGHT VALIGN=TOP><TD>Cindy Zackowitz<P>&nbsp;</TD></TR>
<TR ALIGN=LEFT VALIGN=TOP><TD><P><FONT SIZE=+1>daisy chain--<br> a tick<br> already gorged</FONT></TD></TR> <TR ALIGN=RIGHT VALIGN=TOP><TD>Jennie Townsend<P>&nbsp;</TD></TR>
<TR ALIGN=LEFT VALIGN=TOP><TD><P><FONT SIZE=+1>glass shards<br> in a circle of stones<br> spring sunset</FONT></TD></TR> <TR ALIGN=RIGHT VALIGN=TOP><TD>Scott Metz<P>&nbsp;</TD></TR>
 
<TR ALIGN=LEFT VALIGN=TOP><TD><P><FONT SIZE=+1>glowing coals<br> buried in the ashes--<br> peepers at dawn</FONT></TD></TR> <TR ALIGN=RIGHT VALIGN=TOP><TD>Jack Barry <P>&nbsp;</TD></TR>
<TR ALIGN=LEFT VALIGN=TOP><TD><P><FONT SIZE=+1>moonlight<br> on the sapling's branch<br> an unexpected flower </FONT></TD></TR> <TR ALIGN=RIGHT VALIGN=TOP><TD>Valeria Cecon<P>&nbsp;</TD></TR>
<TR ALIGN=LEFT VALIGN=TOP><TD><P><FONT SIZE=+1>first light--<br> not enough words<br> for green</FONT></TD></TR> <TR ALIGN=RIGHT VALIGN=TOP><TD>Susan Constable<P>&nbsp;</TD></TR>
<TR ALIGN=LEFT VALIGN=TOP><TD><P><FONT SIZE=+1>pulled from sleep<br> by the solstice moon . . .<br> cowbells</FONT></TD></TR> <TR ALIGN=RIGHT VALIGN=TOP><TD>Kate MacQueen<P>&nbsp;</TD></TR>
<TR ALIGN=LEFT VALIGN=TOP><TD><P><FONT SIZE=+1>dawn yoga^×<br> forms change<br> with a rooster's call</FONT></TD></TR> <TR ALIGN=RIGHT VALIGN=TOP><TD>Francis Masat<P>&nbsp;</TD></TR>
<TR ALIGN=LEFT VALIGN=TOP><TD><P><FONT SIZE=+1>Ascension Day . . .<br>   pastry crumbs<br> for the bird-table                   </FONT></TD></TR> <TR ALIGN=RIGHT VALIGN=TOP><TD>Helen Buckingham        <P>&nbsp;</TD></TR>
<TR ALIGN=LEFT VALIGN=TOP><TD><P><FONT SIZE=+1>funeral<br> her long hair follows<br> the wind</FONT></TD></TR> <TR ALIGN=RIGHT VALIGN=TOP><TD>Marili Deandrea<P>&nbsp;</TD></TR>
<TR ALIGN=LEFT VALIGN=TOP><TD><P><FONT SIZE=+1>cathedral shade--<br> a bee deep inside<br> the bearded iris</FONT></TD></TR> <TR ALIGN=RIGHT VALIGN=TOP><TD>Matthew Paul<P>&nbsp;</TD></TR>
<TR ALIGN=LEFT VALIGN=TOP><TD><P><FONT SIZE=+1>turning the corner<br> a breath of laundry<br> and lilacs</FONT></TD></TR> <TR ALIGN=RIGHT VALIGN=TOP><TD>Ann k. Schwader<P>&nbsp;</TD></TR>
<TR ALIGN=LEFT VALIGN=TOP><TD><P><FONT SIZE=+1>the laughter<br> of elderly friends<br> magnolia rain</FONT></TD></TR> <TR ALIGN=RIGHT VALIGN=TOP><TD>D. Claire Gallagher<P>&nbsp;</TD></TR>
 
<TR ALIGN=LEFT VALIGN=TOP><TD><P><FONT SIZE=+1>spring shower  <br> dark hands skinning catfish <br> in the kitchen sink </FONT></TD></TR> <TR ALIGN=RIGHT VALIGN=TOP><TD>Francis W. Alexander<P>&nbsp;</TD></TR>
<TR ALIGN=LEFT VALIGN=TOP><TD><P><FONT SIZE=+1>rainy season . . .<br> a smile on everything<br> the child draws</FONT></TD></TR> <TR ALIGN=RIGHT VALIGN=TOP><TD>Paul Pfleuger, Jr.<P>&nbsp;</TD></TR>
<TR ALIGN=LEFT VALIGN=TOP><TD><P><FONT SIZE=+1>leaf buds<br> the flycatcher<br> varies his call</FONT></TD></TR> <TR ALIGN=RIGHT VALIGN=TOP><TD>Carolyn Hall<P>&nbsp;</TD></TR>
<TR ALIGN=LEFT VALIGN=TOP><TD><P><FONT SIZE=+1>searching willow wands<br>    for the purple phoebe<br> my water bottle     flutes </FONT></TD></TR> <TR ALIGN=RIGHT VALIGN=TOP><TD>Kay F. Anderson<P>&nbsp;</TD></TR>
<TR ALIGN=LEFT VALIGN=TOP><TD><P><FONT SIZE=+1>almost no<br> cards to buy<br> Father's Day</FONT></TD></TR> <TR ALIGN=RIGHT VALIGN=TOP><TD>Carlos Colon<P>&nbsp;</TD></TR>
<TR ALIGN=LEFT VALIGN=TOP><TD><P><FONT SIZE=+1>his parting gift:<br> origami swans<br> lasting this long</FONT></TD></TR> <TR ALIGN=RIGHT VALIGN=TOP><TD>Janelle Barrera<P>&nbsp;</TD></TR>
<TR ALIGN=LEFT VALIGN=TOP><TD><P><FONT SIZE=+1>dawn<br> the broken edge<br> of a blue shell</FONT></TD></TR> <TR ALIGN=RIGHT VALIGN=TOP><TD>Michele Root-Bernstein<P>&nbsp;</TD></TR>
<TR ALIGN=LEFT VALIGN=TOP><TD><P><FONT SIZE=+1>day moon<br>  a girl with dog tags<br>  skipping rope</FONT></TD></TR> <TR ALIGN=RIGHT VALIGN=TOP><TD>Darrell Lindsey<P>&nbsp;</TD></TR>
<TR ALIGN=LEFT VALIGN=TOP><TD><P><FONT SIZE=+1>Sunday morning--<br> gathered ibis<br> drown out the prayer</FONT></TD></TR> <TR ALIGN=RIGHT VALIGN=TOP><TD>Graham Nunn<P>&nbsp;</TD></TR>
<TR ALIGN=LEFT VALIGN=TOP><TD><P><FONT SIZE=+1>gardenia<br> just knowing<br> its scent</FONT></TD></TR> <TR ALIGN=RIGHT VALIGN=TOP><TD>Yvonne Cabalona<P>&nbsp;</TD></TR>
 
<TR ALIGN=LEFT VALIGN=TOP><TD><P><FONT SIZE=+1>morning rush hour--<br> an osprey points a fish <br> into the wind</FONT></TD></TR> <TR ALIGN=RIGHT VALIGN=TOP><TD>Darrell Byrd<P>&nbsp;</TD></TR>
<TR ALIGN=LEFT VALIGN=TOP><TD><P><FONT SIZE=+1>salt spray<br> a taste of peat<br> in my whisky</FONT></TD></TR> <TR ALIGN=RIGHT VALIGN=TOP><TD>Quendryth Young<P>&nbsp;</TD></TR>
<TR ALIGN=LEFT VALIGN=TOP><TD><P><FONT SIZE=+1>the still cumulus<br> a hum of voices<br> before the workshop</FONT></TD></TR> <TR ALIGN=RIGHT VALIGN=TOP><TD>Gillena Cox<P>&nbsp;</TD></TR>
<TR ALIGN=LEFT VALIGN=TOP><TD><P><FONT SIZE=+1>evening warmth--<br> latchkey kids play rummy<br> in the doorway</FONT></TD></TR> <TR ALIGN=RIGHT VALIGN=TOP><TD>Rebecca Lilly<P>&nbsp;</TD></TR>
<TR ALIGN=LEFT VALIGN=TOP><TD><P><FONT SIZE=+1>muggy night<br> our room fan ruffles<br> the front page</FONT></TD></TR> <TR ALIGN=RIGHT VALIGN=TOP><TD>Connie Donleycott<P>&nbsp;</TD></TR>
<TR ALIGN=LEFT VALIGN=TOP><TD><P><FONT SIZE=+1>sunrise<br> we lower<br> the blinds</FONT></TD></TR> <TR ALIGN=RIGHT VALIGN=TOP><TD>Yu Chang<P>&nbsp;</TD></TR>
<TR ALIGN=LEFT VALIGN=TOP><TD><P><FONT SIZE=+1>bright morning-^Ö <br> walking the pain<br> from my heart</FONT></TD></TR> <TR ALIGN=RIGHT VALIGN=TOP><TD>Hilary Tann<P>&nbsp;</TD></TR>
<TR ALIGN=LEFT VALIGN=TOP><TD><P><FONT SIZE=+1>crowded square--<br> a mime's glance<br> crosses mine</FONT></TD></TR> <TR ALIGN=RIGHT VALIGN=TOP><TD>Andrea Cecon<P>&nbsp;</TD></TR>
<TR ALIGN=LEFT VALIGN=TOP><TD><P><FONT SIZE=+1>wandering <br> from birdsong to birdsong<br> city morning</FONT></TD></TR> <TR ALIGN=RIGHT VALIGN=TOP><TD>Barry George<P>&nbsp;</TD></TR>
<TR ALIGN=LEFT VALIGN=TOP><TD><P><FONT SIZE=+1>merry-go-round<br> no one wants to ride<br> the wolf</FONT></TD></TR> <TR ALIGN=RIGHT VALIGN=TOP><TD>Margarita Engle<P>&nbsp;</TD></TR>
 
<TR ALIGN=LEFT VALIGN=TOP><TD><P><FONT SIZE=+1>grease oozes<br> from a Ferris wheel<br> the long day</FONT></TD></TR> <TR ALIGN=RIGHT VALIGN=TOP><TD>Robert Bauer<P>&nbsp;</TD></TR>
<TR ALIGN=LEFT VALIGN=TOP><TD><P><FONT SIZE=+1>midsummer--<br> the uneven whirl<br> of a hula hoop</FONT></TD></TR> <TR ALIGN=RIGHT VALIGN=TOP><TD>Robert Bauer<P>&nbsp;</TD></TR>
<TR ALIGN=LEFT VALIGN=TOP><TD><P><FONT SIZE=+1>farmers' market--<br> fruitflies pointing out<br> the ripe ones</FONT></TD></TR> <TR ALIGN=RIGHT VALIGN=TOP><TD>Karma Tenzing Wangchuk<P>&nbsp;</TD></TR>
<TR ALIGN=LEFT VALIGN=TOP><TD><P><FONT SIZE=+1>girl fiddler last to play<br>       sugar at the bottom<br>            of the lemonade cup</FONT></TD></TR> <TR ALIGN=RIGHT VALIGN=TOP><TD>William Palmer<P>&nbsp;</TD></TR>
<TR ALIGN=LEFT VALIGN=TOP><TD><P><FONT SIZE=+1>the coolness<br> of evening grass . . .<br> our first time</FONT></TD></TR> <TR ALIGN=RIGHT VALIGN=TOP><TD>Keith Jennings<P>&nbsp;</TD></TR>
<TR ALIGN=LEFT VALIGN=TOP><TD><P><FONT SIZE=+1>biting into the fig<br> how red<br> his heart tattoo</FONT></TD></TR> <TR ALIGN=RIGHT VALIGN=TOP><TD>Sandra Simpson<P>&nbsp;</TD></TR>
<TR ALIGN=LEFT VALIGN=TOP><TD><P><FONT SIZE=+1>sunny morning--<br> the rooster challenges<br> the bull again</FONT></TD></TR> <TR ALIGN=RIGHT VALIGN=TOP><TD>K. Ramesh<P>&nbsp;</TD></TR>
<TR ALIGN=LEFT VALIGN=TOP><TD><P><FONT SIZE=+1>power outage--<br> forced outside to read<br> I put down my book</FONT></TD></TR> <TR ALIGN=RIGHT VALIGN=TOP><TD>Andrea Grillo<P>&nbsp;</TD></TR>
<TR ALIGN=LEFT VALIGN=TOP><TD><P><FONT SIZE=+1>back at work--<br> the mosquito bite<br> blossoms</FONT></TD></TR> <TR ALIGN=RIGHT VALIGN=TOP><TD>Roberta Beary<P>&nbsp;</TD></TR>
<TR ALIGN=LEFT VALIGN=TOP><TD><P><FONT SIZE=+1>city sidewalk<br> colors swirl in a bubble<br> of spit</FONT></TD></TR> <TR ALIGN=RIGHT VALIGN=TOP><TD>Brenda J. Gannam<P>&nbsp;</TD></TR>
 
<TR ALIGN=LEFT VALIGN=TOP><TD><P><FONT SIZE=+1>heat lightning<br> places where the mower<br> cut too low</FONT></TD></TR> <TR ALIGN=RIGHT VALIGN=TOP><TD>Burnell Lippy<P>&nbsp;</TD></TR>
<TR ALIGN=LEFT VALIGN=TOP><TD><P><FONT SIZE=+1>thunderhead<br> a snake's path <br> slicing up the dune</FONT></TD></TR> <TR ALIGN=RIGHT VALIGN=TOP><TD>Kay Grimnes<P>&nbsp;</TD></TR>
<TR ALIGN=LEFT VALIGN=TOP><TD><P><FONT SIZE=+1>Key West sunset--<br> trading one shell<br> for another</FONT></TD></TR> <TR ALIGN=RIGHT VALIGN=TOP><TD>Paula Fisher<P>&nbsp;</TD></TR>
<TR ALIGN=LEFT VALIGN=TOP><TD><P><FONT SIZE=+1>warm rain<br> his childhood memories<br> about the beach</FONT></TD></TR> <TR ALIGN=RIGHT VALIGN=TOP><TD>Joann Klontz<P>&nbsp;</TD></TR>
<TR ALIGN=LEFT VALIGN=TOP><TD><P><FONT SIZE=+1>the faded blue<br> of a lifeguard station--<br> empty shells in my pocket</FONT></TD></TR> <TR ALIGN=RIGHT VALIGN=TOP><TD>Cherie Hunter Day<P>&nbsp;</TD></TR>
<TR ALIGN=LEFT VALIGN=TOP><TD><P><FONT SIZE=+1>soft-shell crabs--<br> the toddler shows off<br> her belly button</FONT></TD></TR> <TR ALIGN=RIGHT VALIGN=TOP><TD>Linda Jeannette Ward<P>&nbsp;</TD></TR>
<TR ALIGN=LEFT VALIGN=TOP><TD><P><FONT SIZE=+1>a beach ball<br> the gentle slap<br> of the moon</FONT></TD></TR> <TR ALIGN=RIGHT VALIGN=TOP><TD>og aksnes<P>&nbsp;</TD></TR>
<TR ALIGN=LEFT VALIGN=TOP><TD><P><FONT SIZE=+1>weathered dock--<br> a child reaches out<br> to smooth a wave</FONT></TD></TR> <TR ALIGN=RIGHT VALIGN=TOP><TD>Carmen Sterba<P>&nbsp;</TD></TR>
<TR ALIGN=LEFT VALIGN=TOP><TD><P><FONT SIZE=+1>where the boys sat<br> a semi-circle<br> of watermelon seeds</FONT></TD></TR> <TR ALIGN=RIGHT VALIGN=TOP><TD>Emily Romano<P>&nbsp;</TD></TR>
<TR ALIGN=LEFT VALIGN=TOP><TD><P><FONT SIZE=+1>wind in the tall grass . . .<br> an old blue car<br> almost in motion</FONT></TD></TR> <TR ALIGN=RIGHT VALIGN=TOP><TD>Chad Lee Robinson<P>&nbsp;</TD></TR>
 
<TR ALIGN=LEFT VALIGN=TOP><TD><P><FONT SIZE=+1>tarweed in bloom--<br> a ground squirrel^Òs     <br> puff of dust</FONT></TD></TR> <TR ALIGN=RIGHT VALIGN=TOP><TD>Brent Partridge<P>&nbsp;</TD></TR>
<TR ALIGN=LEFT VALIGN=TOP><TD><P><FONT SIZE=+1>oasis . . .<br> a cactus wren<br> sips from the end of a hose</FONT></TD></TR> <TR ALIGN=RIGHT VALIGN=TOP><TD>Don Miller<P>&nbsp;</TD></TR>
<TR ALIGN=LEFT VALIGN=TOP><TD><P><FONT SIZE=+1>windfall tomatoes:<br> a rabbit zigzags<br> the garden row</FONT></TD></TR> <TR ALIGN=RIGHT VALIGN=TOP><TD>S.R. Spanyer<P>&nbsp;</TD></TR>
<TR ALIGN=LEFT VALIGN=TOP><TD><P><FONT SIZE=+1>the last crop planted--<br> changing the tire<br> on the tree swing</FONT></TD></TR> <TR ALIGN=RIGHT VALIGN=TOP><TD>Curtis Dunlap<P>&nbsp;</TD></TR>
<TR ALIGN=LEFT VALIGN=TOP><TD><P><FONT SIZE=+1>wheat wheat wheat wheat--<br> a flash of red<br> in the pine tree</FONT></TD></TR> <TR ALIGN=RIGHT VALIGN=TOP><TD>Mary Lee McClure<P>&nbsp;</TD></TR>
<TR ALIGN=LEFT VALIGN=TOP><TD><P><FONT SIZE=+1>the flycatcher's wheeep<br> last sliver of sun<br> on the ridge</FONT></TD></TR> <TR ALIGN=RIGHT VALIGN=TOP><TD>Allan Burns<P>&nbsp;</TD></TR>
<TR ALIGN=LEFT VALIGN=TOP><TD><P><FONT SIZE=+1>katydid chorus<br> nothing that can't wait<br> until tomorrow</FONT></TD></TR> <TR ALIGN=RIGHT VALIGN=TOP><TD>Christopher Patchel<P>&nbsp;</TD></TR>
