<DT>Dietmar Tauchner:&nbsp;&nbsp;<A HREF=thn_issue.h1.html#POEM1>1 #1</A><DD>Puchberg, Austria</DT>
<DT>Laryalee Fraser:&nbsp;&nbsp;<A HREF=thn_issue.h1.html#POEM2>1 #2</A><DD>Salmon Arm, British Colubia, Canada</DT>
<DT>Tom Tico:&nbsp;&nbsp;<A HREF=thn_issue.h1.html#POEM3>1 #3</A><DD>San Francisco, California</DT>
<DT>George Dorsty:&nbsp;&nbsp;<A HREF=thn_issue.h1.html#POEM4>1 #4</A><DD>Poquoson, Virginia</DT>
<DT>Michele Root-Bernstein:&nbsp;&nbsp;<A HREF=thn_issue.h1.html#POEM5>1 #5</A><DD>East Lansing, Michigan</DT>
<DT>Kay Grimnes:&nbsp;&nbsp;<A HREF=thn_issue.h1.html#POEM6>1 #6</A><DD>Alma, Michigan</DT>
<DT>Cherie Hunter Day:&nbsp;&nbsp;<A HREF=thn_issue.h1.html#POEM7>1 #7</A><DD>San Diego, California</DT>
<DT>Barry George:&nbsp;&nbsp;<A HREF=thn_issue.h1.html#POEM8>1 #8</A><DD>Philadelphia, Pennsylvania</DT>
<DT>Paul Watsky:&nbsp;&nbsp;<A HREF=thn_issue.h1.html#POEM9>1 #9</A><DD>San Francisco, California</DT>
<DT>Ed Markowski:&nbsp;&nbsp;<A HREF=thn_issue.h1.html#POEM10>1 #10</A><DD>Auburn Hills, Michigan</DT>
<DT>Nara Bauer:&nbsp;&nbsp;<A HREF=thn_issue.h2.html#POEM1>2 #1</A><DD>Big Wheeling Creek, West Virginia</DT>
<DT>Joan Zimmerman:&nbsp;&nbsp;<A HREF=thn_issue.h2.html#POEM2>2 #2</A><DD>Santa Cruz, California</DT>
<DT>C. Avery:&nbsp;&nbsp;<A HREF=thn_issue.h2.html#POEM3>2 #3</A><DD>Kailua, Kona, Hawaii</DT>
<DT>Robbie Gamble:&nbsp;&nbsp;<A HREF=thn_issue.h2.html#POEM4>2 #4</A><DD>Jamaica Plain, Massachusetts</DT>
<DT>Paul Pfleuger, Jr.:&nbsp;&nbsp;<A HREF=thn_issue.h2.html#POEM5>2 #5</A><DD>Tainan, Taiwan</DT>
<DT>Kay F. Anderson:&nbsp;&nbsp;<A HREF=thn_issue.h2.html#POEM6>2 #6</A><DD>Redwood Shores, California</DT>
<DT>Marianna Monaco:&nbsp;&nbsp;<A HREF=thn_issue.h2.html#POEM7>2 #7</A><DD>San Francisco, California</DT>
<DT>D. Claire Gallagher:&nbsp;&nbsp;<A HREF=thn_issue.h2.html#POEM8>2 #8</A><DD>Sunnyvale, California</DT>
<DT>Brent Partridge:&nbsp;&nbsp;<A HREF=thn_issue.h2.html#POEM9>2 #9</A><DD>Orinda, California</DT>
<DT>Nara Bauer:&nbsp;&nbsp;<A HREF=thn_issue.h2.html#POEM10>2 #10</A><DD>Big Wheeling Creek, West Virginia</DT>
<DT>Ernest Berry:&nbsp;&nbsp;<A HREF=thn_issue.h3.html#POEM1>3 #1</A><DD>Picton, New Zealand</DT>
<DT>Darrell Lindsey:&nbsp;&nbsp;<A HREF=thn_issue.h3.html#POEM2>3 #2</A><DD>Nacognoches, Texas</DT>
<DT>Cathy Drinkwater Better:&nbsp;&nbsp;<A HREF=thn_issue.h3.html#POEM3>3 #3</A><DD>Eldersbury, Maryland</DT>
<DT>Nancy Stewart Smith:&nbsp;&nbsp;<A HREF=thn_issue.h3.html#POEM4>3 #4</A><DD>Athens, Georgia</DT>
<DT>Cindy Zackowitz:&nbsp;&nbsp;<A HREF=thn_issue.h3.html#POEM5>3 #5</A><DD>Anchorage, Alaska</DT>
<DT>Keiko Izawa:&nbsp;&nbsp;<A HREF=thn_issue.h3.html#POEM6>3 #6</A><DD>Yokohama, Japan</DT>
<DT>Sandra Simpson:&nbsp;&nbsp;<A HREF=thn_issue.h3.html#POEM7>3 #7</A><DD>Tauranga, New Zealand</DT>
<DT>Joshua Gage:&nbsp;&nbsp;<A HREF=thn_issue.h3.html#POEM8>3 #8</A><DD>Cleveland, Ohio</DT>
<DT>Matthew Paul:&nbsp;&nbsp;<A HREF=thn_issue.h3.html#POEM9>3 #9</A><DD>Kingston upon Thames, Surrey, England</DT>
<DT>K. Ramesh:&nbsp;&nbsp;<A HREF=thn_issue.h3.html#POEM10>3 #10</A><DD>Adyar, Chennai, India</DT>
<DT>Andrea Grillo:&nbsp;&nbsp;<A HREF=thn_issue.h4.html#POEM1>4 #1</A><DD>Randolph, New Jersey</DT>
<DT>Lorin Ford:&nbsp;&nbsp;<A HREF=thn_issue.h4.html#POEM2>4 #2</A><DD>Brunswick, Victoria, Australia</DT>
<DT>George Swede:&nbsp;&nbsp;<A HREF=thn_issue.h4.html#POEM3>4 #3</A><DD>Toronto, Ontario, Canada</DT>
<DT>Vanessa Proctor:&nbsp;&nbsp;<A HREF=thn_issue.h4.html#POEM4>4 #4</A><DD>Sydney, New South Wales, Australia</DT>
<DT>Marilyn Appl Walker:&nbsp;&nbsp;<A HREF=thn_issue.h4.html#POEM5>4 #5</A><DD>Madison, Georgia</DT>
<DT>K. Ramesh:&nbsp;&nbsp;<A HREF=thn_issue.h4.html#POEM6>4 #6</A><DD>Adyar, Chennai, India</DT>
<DT>Cindy Zackowitz:&nbsp;&nbsp;<A HREF=thn_issue.h4.html#POEM7>4 #7</A><DD>Anchorage, Alaska</DT>
<DT>Graham Nunn:&nbsp;&nbsp;<A HREF=thn_issue.h4.html#POEM8>4 #8</A><DD>Brisbane, Queensland, Australia</DT>
<DT>Linda Jeannette Ward:&nbsp;&nbsp;<A HREF=thn_issue.h4.html#POEM9>4 #9</A><DD>Coinjock, North Carolina</DT>
<DT>Patrick Sweeney:&nbsp;&nbsp;<A HREF=thn_issue.h4.html#POEM10>4 #10</A><DD>Misawashi, Japan</DT>
<DT>Chitra Rajappa:&nbsp;&nbsp;<A HREF=thn_issue.h5.html#POEM1>5 #1</A><DD>Bangalore, India</DT>
<DT>Margarita Engle:&nbsp;&nbsp;<A HREF=thn_issue.h5.html#POEM2>5 #2</A><DD>Clovis, California</DT>
<DT>Giselle Maya:&nbsp;&nbsp;<A HREF=thn_issue.h5.html#POEM3>5 #3</A><DD>St-Martin de Castillon, France</DT>
<DT>Burnell Lippy:&nbsp;&nbsp;<A HREF=thn_issue.h5.html#POEM4>5 #4</A><DD>Mt. Tremper, New York</DT>
<DT>Dawn Bruce:&nbsp;&nbsp;<A HREF=thn_issue.h5.html#POEM5>5 #5</A><DD>St. Leonards, New South Wales, Australia</DT>
<DT>Chad Lee Robinson:&nbsp;&nbsp;<A HREF=thn_issue.h5.html#POEM6>5 #6</A><DD>Pierre, South Dakota</DT>
<DT>Irene Golas:&nbsp;&nbsp;<A HREF=thn_issue.h5.html#POEM7>5 #7</A><DD>Sudbury, Ontario, Canada</DT>
<DT>Nathalie Buckland:&nbsp;&nbsp;<A HREF=thn_issue.h5.html#POEM8>5 #8</A><DD>Nimbin, New South Wales, Australia</DT>
<DT>Laryalee Fraser:&nbsp;&nbsp;<A HREF=thn_issue.h5.html#POEM9>5 #9</A><DD>Salmon Arm, British Columbia, Canada</DT>
<DT>Patricia Prime:&nbsp;&nbsp;<A HREF=thn_issue.h5.html#POEM10>5 #10</A><DD>Auckland, New Zealand</DT>
<DT>Jack Barry:&nbsp;&nbsp;<A HREF=thn_issue.h6.html#POEM1>6 #1</A><DD>Chesterfield, Massachusetts</DT>
<DT>Collin Barber:&nbsp;&nbsp;<A HREF=thn_issue.h6.html#POEM2>6 #2</A><DD>Marion, Arkansas</DT>
<DT>Sabine Miller:&nbsp;&nbsp;<A HREF=thn_issue.h6.html#POEM3>6 #3</A><DD>Lagunitas, California</DT>
<DT>Emily Romano:&nbsp;&nbsp;<A HREF=thn_issue.h6.html#POEM4>6 #4</A><DD>Boonton, New Jersey</DT>
<DT>Victor Ortiz :&nbsp;&nbsp;<A HREF=thn_issue.h6.html#POEM5>6 #5</A><DD>San Pedro, California</DT>
<DT>Quendryth Young:&nbsp;&nbsp;<A HREF=thn_issue.h6.html#POEM6>6 #6</A><DD>Alstonville, New South Wales, Australia</DT>
<DT>Barry Goodman:&nbsp;&nbsp;<A HREF=thn_issue.h6.html#POEM7>6 #7</A><DD>Hackensack, New Jersey</DT>
<DT>Brenda Gannam:&nbsp;&nbsp;<A HREF=thn_issue.h6.html#POEM8>6 #8</A><DD>New York, New York</DT>
<DT>Francis Masat:&nbsp;&nbsp;<A HREF=thn_issue.h6.html#POEM9>6 #9</A><DD>Key West, Florida</DT>
<DT>Ellen Compton:&nbsp;&nbsp;<A HREF=thn_issue.h6.html#POEM10>6 #10</A><DD>Washington, D. C.</DT>
<DT>Elizabeth Howard:&nbsp;&nbsp;<A HREF=thn_issue.h7.html#POEM1>7 #1</A><DD>Crossville, Tennessee</DT>
<DT>Angelee Deodhar:&nbsp;&nbsp;<A HREF=thn_issue.h7.html#POEM2>7 #2</A><DD>Chandigarh, India</DT>
<DT>John Barlow:&nbsp;&nbsp;<A HREF=thn_issue.h7.html#POEM3>7 #3</A><DD>Liverpool, Merseyside, England</DT>
<DT>Don Miller:&nbsp;&nbsp;<A HREF=thn_issue.h7.html#POEM4>7 #4</A><DD>Las Cruces, New Mexico</DT>
<DT>Yu Chang :&nbsp;&nbsp;<A HREF=thn_issue.h7.html#POEM5>7 #5</A><DD>Schenectady, New York</DT>
<DT>Marcus Larsson:&nbsp;&nbsp;<A HREF=thn_issue.h7.html#POEM6>7 #6</A><DD>Vaxjo, Sweden</DT>
<DT>Lynne Edge:&nbsp;&nbsp;<A HREF=thn_issue.h7.html#POEM7>7 #7</A><DD>Tivoli, Texas</DT>
<DT>Sandra Simpson:&nbsp;&nbsp;<A HREF=thn_issue.h7.html#POEM8>7 #8</A><DD>Tauranga, New Zealand</DT>
<DT>Ed Higgins:&nbsp;&nbsp;<A HREF=thn_issue.h7.html#POEM9>7 #9</A><DD>Yamhill, Oregon</DT>
<DT>Francine Porad:&nbsp;&nbsp;<A HREF=thn_issue.h7.html#POEM10>7 #10</A><DD>Belleview, Washington</DT>
<DT>Edward Zuk:&nbsp;&nbsp;<A HREF=thn_issue.h8.html#POEM1>8 #1</A><DD>Surrey, British Columbia, Canada</DT>
<DT>H. Gene Murtha:&nbsp;&nbsp;<A HREF=thn_issue.h8.html#POEM2>8 #2</A><DD>Buena, New Jersey</DT>
<DT>Stephen Peters:&nbsp;&nbsp;<A HREF=thn_issue.h8.html#POEM3>8 #3</A><DD>Bellingham, Washington</DT>
<DT>Lane Parker:&nbsp;&nbsp;<A HREF=thn_issue.h8.html#POEM4>8 #4</A><DD>San Francisco, California</DT>
<DT>Allan Burns:&nbsp;&nbsp;<A HREF=thn_issue.h8.html#POEM5>8 #5</A><DD>Colorado Springs, Colorado</DT>
<DT>Connie Donleycott:&nbsp;&nbsp;<A HREF=thn_issue.h8.html#POEM6>8 #6</A><DD>Bremerton, Washington</DT>
<DT>Michael McClintock:&nbsp;&nbsp;<A HREF=thn_issue.h8.html#POEM7>8 #7</A><DD>Fresno, California</DT>
<DT>Andrew Riutta:&nbsp;&nbsp;<A HREF=thn_issue.h8.html#POEM8>8 #8</A><DD>Traverse City, Michigan</DT>
<DT>Rick Tarquinio:&nbsp;&nbsp;<A HREF=thn_issue.h8.html#POEM9>8 #9</A><DD>Bridgeton, New Jersey</DT>
<DT>D. Claire Gallagher :&nbsp;&nbsp;<A HREF=thn_issue.h8.html#POEM10>8 #10</A><DD>Sunnyvale, California</DT>
<DT>israel lopez balan:&nbsp;&nbsp;<A HREF=thn_issue.h9.html#POEM1>9 #1</A><DD>Ciudad de México, México</DT>
<DT>Darrell Byrd:&nbsp;&nbsp;<A HREF=thn_issue.h9.html#POEM2>9 #2</A><DD>El Centro, California</DT>
<DT>Raffael De Gruttola:&nbsp;&nbsp;<A HREF=thn_issue.h9.html#POEM3>9 #3</A><DD>Issaquah, Washington</DT>
<DT>LeRoy Gorman:&nbsp;&nbsp;<A HREF=thn_issue.h9.html#POEM4>9 #4</A><DD>Napanee, Ontario, Canada</DT>
<DT>D. F. Tweeney:&nbsp;&nbsp;<A HREF=thn_issue.h9.html#POEM5>9 #5</A><DD>?????????????????????</DT>
<DT>Curtis Dunlap:&nbsp;&nbsp;<A HREF=thn_issue.h9.html#POEM6>9 #6</A><DD>Mayodan, North Carolina</DT>
<DT>John Kinory:&nbsp;&nbsp;<A HREF=thn_issue.h9.html#POEM7>9 #7</A><DD>Steeple Aston, Oxfordshire, England</DT>
<DT>Lorin Ford:&nbsp;&nbsp;<A HREF=thn_issue.h9.html#POEM8>9 #8</A><DD>Brunswick, Victoria, Australia</DT>
<DT>Yvonne Cabalona:&nbsp;&nbsp;<A HREF=thn_issue.h9.html#POEM9>9 #9</A><DD>Modesto, California</DT>
<DT>Deb Baker :&nbsp;&nbsp;<A HREF=thn_issue.h9.html#POEM10>9 #10</A><DD>Americus, Georgia</DT>
<DT>A. Thiagarajan:&nbsp;&nbsp;<A HREF=thn_issue.h10.html#POEM1>10 #1</A><DD>Mumbai, India</DT>
<DT>Ann K. Schwader:&nbsp;&nbsp;<A HREF=thn_issue.h10.html#POEM2>10 #2</A><DD>Westminster, Colorado</DT>
<DT>William Cullen, Jr.:&nbsp;&nbsp;<A HREF=thn_issue.h10.html#POEM3>10 #3</A><DD>Brooklyn, New York</DT>
<DT>Mary Lee McClure:&nbsp;&nbsp;<A HREF=thn_issue.h10.html#POEM4>10 #4</A><DD>Kokomo, Indiana</DT>
<DT>Penny Harter:&nbsp;&nbsp;<A HREF=thn_issue.h10.html#POEM5>10 #5</A><DD>Summit, New Jersey</DT>
<DT>Christopher Patchel:&nbsp;&nbsp;<A HREF=thn_issue.h10.html#POEM6>10 #6</A><DD>Chicago, Illinois</DT>
<DT>Mary King:&nbsp;&nbsp;<A HREF=thn_issue.h10.html#POEM7>10 #7</A><DD>Marblehead, Massachusetts</DT>
<DT>Helen Buckingham:&nbsp;&nbsp;<A HREF=thn_issue.h10.html#POEM8>10 #8</A><DD>Bristol, Avon, England</DT>
<DT>Margaret Hehman-Smith:&nbsp;&nbsp;<A HREF=thn_issue.h10.html#POEM9>10 #9</A><DD>Hollydale, California</DT>
<DT>Gary Hotham:&nbsp;&nbsp;<A HREF=thn_issue.h10.html#POEM10>10 #10</A><DD>Zwingenberg, Germany</DT>
<DT>Marian Olson:&nbsp;&nbsp;<A HREF=thn_issue.h11.html#POEM1>11 #1</A><DD>Santa Fe, New Mexico</DT>
<DT>Edith Bartholomeusz:&nbsp;&nbsp;<A HREF=thn_issue.h11.html#POEM2>11 #2</A><DD>Fairport, New York</DT>
<DT>Tony Beyer:&nbsp;&nbsp;<A HREF=thn_issue.h11.html#POEM3>11 #3</A><DD>Mt. Eden, Auckland, New Zealand</DT>
<DT>Jennie Townsend:&nbsp;&nbsp;<A HREF=thn_issue.h11.html#POEM4>11 #4</A><DD>O^ÒFallon, Missouri</DT>
<DT>Carolyn Hall:&nbsp;&nbsp;<A HREF=thn_issue.h11.html#POEM5>11 #5</A><DD>San Francisco, California</DT>
<DT>Ruth Holzer:&nbsp;&nbsp;<A HREF=thn_issue.h11.html#POEM6>11 #6</A><DD>Herndon, Virginia</DT>
<DT>Ross Vassiliev:&nbsp;&nbsp;<A HREF=thn_issue.h11.html#POEM7>11 #7</A><DD>Delaware, Ohio</DT>
<DT>Scott Metz:&nbsp;&nbsp;<A HREF=thn_issue.h11.html#POEM8>11 #8</A><DD>Tsuyama, Japan</DT>
<DT>Hilary Tann:&nbsp;&nbsp;<A HREF=thn_issue.h11.html#POEM9>11 #9</A><DD>Schuylerville, New York</DT>
<DT>og aksnes:&nbsp;&nbsp;<A HREF=thn_issue.h11.html#POEM10>11 #10</A><DD>Tonsberg, Norway</DT>
<DT>Bruce Ross:&nbsp;&nbsp;<A HREF=thn_issue.h12.html#POEM1>12 #1</A><DD>Orono, Maine</DT>
<DT>Hilary Tann:&nbsp;&nbsp;<A HREF=thn_issue.h12.html#POEM2>12 #2</A><DD>Schuylerville, New York</DT>
<DT>John Stevenson:&nbsp;&nbsp;<A HREF=thn_issue.h12.html#POEM3>12 #3</A><DD>Nassau, New York</DT>
<DT>Margaret Chula:&nbsp;&nbsp;<A HREF=thn_issue.h12.html#POEM4>12 #4</A><DD>Portland, Oregon</DT>
<DT>David Giacalone:&nbsp;&nbsp;<A HREF=thn_issue.h12.html#POEM5>12 #5</A><DD>Schenectady, New York</DT>
<DT>Janelle Barerra:&nbsp;&nbsp;<A HREF=thn_issue.h12.html#POEM6>12 #6</A><DD>Key West, Florida</DT>
<DT>Tomislav Maretic:&nbsp;&nbsp;<A HREF=thn_issue.h12.html#POEM7>12 #7</A><DD>Vrapche, Croatia</DT>
<DT>Victor Gendrano:&nbsp;&nbsp;<A HREF=thn_issue.h12.html#POEM8>12 #8</A><DD>Lakewood, California</DT>
<DT>Florence Vilén:&nbsp;&nbsp;<A HREF=thn_issue.h12.html#POEM9>12 #9</A><DD>Saltsjö-Boo, Sweden</DT>
<DT>John Stevenson:&nbsp;&nbsp;<A HREF=thn_issue.h12.html#POEM10>12 #10</A><DD>Nassau, New York</DT>
<DT>Alice Frampton:&nbsp;&nbsp;<A HREF=thn_issue.h13.html#POEM1>13 #1</A><DD>Creston, British Columbia, Canada</DT>
<DT>Lenard D. Moore:&nbsp;&nbsp;<A HREF=thn_issue.h13.html#POEM2>13 #2</A><DD>Raleigh, North Carolina</DT>
<DT>D. V. Rozic:&nbsp;&nbsp;<A HREF=thn_issue.h13.html#POEM3>13 #3</A><DD>Ivanic, Grad, Croatia</DT>
<DT>Helga Härle:&nbsp;&nbsp;<A HREF=thn_issue.h13.html#POEM4>13 #4</A><DD>Stockholm, Sweden</DT>
<DT>Jacek Margolak:&nbsp;&nbsp;<A HREF=thn_issue.h13.html#POEM5>13 #5</A><DD>Kielce, Poland</DT>
<DT>Timothy Hawkes:&nbsp;&nbsp;<A HREF=thn_issue.h13.html#POEM6>13 #6</A><DD>Centerville, Utah</DT>
<DT>Maria Steyn:&nbsp;&nbsp;<A HREF=thn_issue.h13.html#POEM7>13 #7</A><DD>Johannesburg, South Africa</DT>
<DT>Gary Steinberg:&nbsp;&nbsp;<A HREF=thn_issue.h13.html#POEM8>13 #8</A><DD>Mahwah, New Jersey</DT>
<DT>Jerry Ball:&nbsp;&nbsp;<A HREF=thn_issue.h13.html#POEM9>13 #9</A><DD>Seal Beach, California</DT>
<DT>Patrick Kelly:&nbsp;&nbsp;<A HREF=thn_issue.h13.html#POEM10>13 #10</A><DD>Mt. Tremper, New York</DT>
<DT>Robert Bauer:&nbsp;&nbsp;<A HREF=thn_issue.h14.html#POEM1>14 #1</A><DD>Big Wheeling Creek, West Virginia</DT>
<DT>Beverly Tift:&nbsp;&nbsp;<A HREF=thn_issue.h14.html#POEM2>14 #2</A><DD>Hamden, Connecticut</DT>
<DT>Ariel Lambert:&nbsp;&nbsp;<A HREF=thn_issue.h14.html#POEM3>14 #3</A><DD>Kenosha, Wisconsin</DT>
<DT>Olga Hooper:&nbsp;&nbsp;<A HREF=thn_issue.h14.html#POEM4>14 #4</A><DD>Lansing, Michigan</DT>
<DT>Carolyn Hall:&nbsp;&nbsp;<A HREF=thn_issue.h14.html#POEM5>14 #5</A><DD>San Francisco, California</DT>
<DT>Connie Donleycott:&nbsp;&nbsp;<A HREF=thn_issue.h14.html#POEM6>14 #6</A><DD>Bremerton, Washington</DT>
<DT>Lynne Steel:&nbsp;&nbsp;<A HREF=thn_issue.h14.html#POEM7>14 #7</A><DD>Hillsboro Beach, Florida</DT>
<DT>an^Òya:&nbsp;&nbsp;<A HREF=thn_issue.h14.html#POEM8>14 #8</A><DD>Crescent, Oregon</DT>
<DT>Yvonne Cabalona:&nbsp;&nbsp;<A HREF=thn_issue.h14.html#POEM9>14 #9</A><DD>Modesto, California</DT>
<DT>Carlos Colón:&nbsp;&nbsp;<A HREF=thn_issue.h14.html#POEM10>14 #10</A><DD>Shreveport, Louisiana</DT>
<DT>David Gershator:&nbsp;&nbsp;<A HREF=thn_issue.h15.html#POEM1>15 #1</A><DD>St. Thomas, U.S. Virgin Islands</DT>
<DT>Billie Wilson:&nbsp;&nbsp;<A HREF=thn_issue.h15.html#POEM2>15 #2</A><DD>Juneau, Alaska</DT>
<DT>Adelaide Shaw:&nbsp;&nbsp;<A HREF=thn_issue.h15.html#POEM3>15 #3</A><DD>Scarsdale, New York</DT>
<DT>Roberta Beary:&nbsp;&nbsp;<A HREF=thn_issue.h15.html#POEM4>15 #4</A><DD>Bethesda, Maryland</DT>
<DT>Kala Ramesh:&nbsp;&nbsp;<A HREF=thn_issue.e1.html#POEM1>EC #1</a>Pune, Maharashtra, India</dt>
<DT>Harriot West:&nbsp;&nbsp;<A HREF=thn_issue.e1.html#POEM2>EC #2</a>Eugene, Oregon</dt>
<DT>Chad Lee Robinson:&nbsp;&nbsp;<A HREF=thn_issue.e1.html#POEM3>EC #3</a>Pierre, South Dakota</dt>
