<TR ALIGN=LEFT VALIGN=TOP><TD><P><FONT SIZE=+1>my key<br> turns in the lock<br> lilac scent</FONT></TD></TR> <TR ALIGN=RIGHT VALIGN=TOP><TD>Dietmar Tauchner<P>&nbsp;</TD></TR>
<TR ALIGN=LEFT VALIGN=TOP><TD><P><FONT SIZE=+1>lace curtains<br> the spin of sunlight<br> from a bicycle</FONT></TD></TR> <TR ALIGN=RIGHT VALIGN=TOP><TD>Laryalee Fraser<P>&nbsp;</TD></TR>
<TR ALIGN=LEFT VALIGN=TOP><TD><P><FONT SIZE=+1>spring morning^×<br> the cable car bellringer^Òs<br> rhythmic burst</FONT></TD></TR> <TR ALIGN=RIGHT VALIGN=TOP><TD>Tom Tico<P>&nbsp;</TD></TR>
<TR ALIGN=LEFT VALIGN=TOP><TD><P><FONT SIZE=+1>magnolia buds^×<br> my one-armed neighbor<br> plants a tree</FONT></TD></TR> <TR ALIGN=RIGHT VALIGN=TOP><TD>George Dorsty<P>&nbsp;</TD></TR>
<TR ALIGN=LEFT VALIGN=TOP><TD><P><FONT SIZE=+1>blue violets<br> the girl with Down^Òs syndrome<br> makes up a poem</FONT></TD></TR> <TR ALIGN=RIGHT VALIGN=TOP><TD>Michele Root-Bernstein<P>&nbsp;</TD></TR>
<TR ALIGN=LEFT VALIGN=TOP><TD><P><FONT SIZE=+1>first date<br> dogwood petals<br> before the leaves</FONT></TD></TR> <TR ALIGN=RIGHT VALIGN=TOP><TD>Kay Grimnes<P>&nbsp;</TD></TR>
<TR ALIGN=LEFT VALIGN=TOP><TD><P><FONT SIZE=+1>new litter of kittens^×<br> the missing rung<br> on the hayloft ladder</FONT></TD></TR> <TR ALIGN=RIGHT VALIGN=TOP><TD>Cherie Hunter Day<P>&nbsp;</TD></TR>
<TR ALIGN=LEFT VALIGN=TOP><TD><P><FONT SIZE=+1>Amish country^×<br> their black and white clotheslines<br> in spring</FONT></TD></TR> <TR ALIGN=RIGHT VALIGN=TOP><TD>Barry George<P>&nbsp;</TD></TR>
<TR ALIGN=LEFT VALIGN=TOP><TD><P><FONT SIZE=+1>April drizzle^×<br> an ump checks the lineups<br> the sky</FONT></TD></TR> <TR ALIGN=RIGHT VALIGN=TOP><TD>Paul Watsky<P>&nbsp;</TD></TR>
<TR ALIGN=LEFT VALIGN=TOP><TD><P><FONT SIZE=+1>cherry blossoms<br>      the rookie pitcher puts on<br>           his game face</FONT></TD></TR> <TR ALIGN=RIGHT VALIGN=TOP><TD>Ed Markowski<P>&nbsp;</TD></TR>
 
<TR ALIGN=LEFT VALIGN=TOP><TD><P><FONT SIZE=+1>spring break^×<br> the migrant child chases<br> willow fluff</FONT></TD></TR> <TR ALIGN=RIGHT VALIGN=TOP><TD>Nara Bauer<P>&nbsp;</TD></TR>
<TR ALIGN=LEFT VALIGN=TOP><TD><P><FONT SIZE=+1>Pale green waves<br> jostle ashore in twilight . . .<br> the throb of bullfrogs</FONT></TD></TR> <TR ALIGN=RIGHT VALIGN=TOP><TD>Joan Zimmerman<P>&nbsp;</TD></TR>
<TR ALIGN=LEFT VALIGN=TOP><TD><P><FONT SIZE=+1>mud wasp and I<br> alive together^×<br> outdoor bath</FONT></TD></TR> <TR ALIGN=RIGHT VALIGN=TOP><TD>C. Avery<P>&nbsp;</TD></TR>
<TR ALIGN=LEFT VALIGN=TOP><TD><P><FONT SIZE=+1>fern<br> uncurling<br> the faintest breeze</FONT></TD></TR> <TR ALIGN=RIGHT VALIGN=TOP><TD>Robbie Gamble<P>&nbsp;</TD></TR>
<TR ALIGN=LEFT VALIGN=TOP><TD><P><FONT SIZE=+1>swallow bellies<br> grazing the water<br> we drink</FONT></TD></TR> <TR ALIGN=RIGHT VALIGN=TOP><TD>Paul Pfleuger, Jr.<P>&nbsp;</TD></TR>
<TR ALIGN=LEFT VALIGN=TOP><TD><P><FONT SIZE=+1>dogwoods near the stream<br>               a blossom<br>            in our jelly jar</FONT></TD></TR> <TR ALIGN=RIGHT VALIGN=TOP><TD>Kay F. Anderson<P>&nbsp;</TD></TR>
<TR ALIGN=LEFT VALIGN=TOP><TD><P><FONT SIZE=+1>North Carolina^×<br> the lush local dialect<br> of mockingbird song</FONT></TD></TR> <TR ALIGN=RIGHT VALIGN=TOP><TD>Marianna Monaco<P>&nbsp;</TD></TR>
<TR ALIGN=LEFT VALIGN=TOP><TD><P><FONT SIZE=+1>the dark folds<br> of a greening mountain^×<br> my sister^Òs locked diary</FONT></TD></TR> <TR ALIGN=RIGHT VALIGN=TOP><TD>D. Claire Gallagher<P>&nbsp;</TD></TR>
<TR ALIGN=LEFT VALIGN=TOP><TD><P><FONT SIZE=+1>waterfall<br> a sad man^Òs face<br> in the bark of a laurel</FONT></TD></TR> <TR ALIGN=RIGHT VALIGN=TOP><TD>Brent Partridge<P>&nbsp;</TD></TR>
<TR ALIGN=LEFT VALIGN=TOP><TD><P><FONT SIZE=+1>mountain pass^×<br> each valley a different shade<br> of spring</FONT></TD></TR> <TR ALIGN=RIGHT VALIGN=TOP><TD>Nara Bauer<P>&nbsp;</TD></TR>
 
<TR ALIGN=LEFT VALIGN=TOP><TD><P><FONT SIZE=+1>sunlit ravine<br> a rope bridge<br> over butterflies</FONT></TD></TR> <TR ALIGN=RIGHT VALIGN=TOP><TD>Ernest Berry<P>&nbsp;</TD></TR>
<TR ALIGN=LEFT VALIGN=TOP><TD><P><FONT SIZE=+1>spring mountain wind<br> a traveller rests<br> on his hat</FONT></TD></TR> <TR ALIGN=RIGHT VALIGN=TOP><TD>Darrell Lindsey<P>&nbsp;</TD></TR>
<TR ALIGN=LEFT VALIGN=TOP><TD><P><FONT SIZE=+1>mile-long jetty<br> tourists toss starfish<br> into the sky</FONT></TD></TR> <TR ALIGN=RIGHT VALIGN=TOP><TD>Cathy Drinkwater Better<P>&nbsp;</TD></TR>
<TR ALIGN=LEFT VALIGN=TOP><TD><P><FONT SIZE=+1>parents^Ò quarrel . . .<br> through the glass-bottomed boat<br> another world</FONT></TD></TR> <TR ALIGN=RIGHT VALIGN=TOP><TD>Nancy Stewart Smith<P>&nbsp;</TD></TR>
<TR ALIGN=LEFT VALIGN=TOP><TD><P><FONT SIZE=+1>whale watching^×<br> a distant cloud rains<br> into the sea</FONT></TD></TR> <TR ALIGN=RIGHT VALIGN=TOP><TD>Cindy Zackowitz<P>&nbsp;</TD></TR>
<TR ALIGN=LEFT VALIGN=TOP><TD><P><FONT SIZE=+1>poppy garden . . .<br> in and out of the flowers<br> the child^Òs red cap</FONT></TD></TR> <TR ALIGN=RIGHT VALIGN=TOP><TD>Keiko Izawa<P>&nbsp;</TD></TR>
<TR ALIGN=LEFT VALIGN=TOP><TD><P><FONT SIZE=+1>sent outside<br> while the old women talk:<br> scent of sweetpeas</FONT></TD></TR> <TR ALIGN=RIGHT VALIGN=TOP><TD>Sandra Simpson<P>&nbsp;</TD></TR>
<TR ALIGN=LEFT VALIGN=TOP><TD><P><FONT SIZE=+1>storm brewing<br> our cat sphinxed out<br> on the porch rail</FONT></TD></TR> <TR ALIGN=RIGHT VALIGN=TOP><TD>Joshua Gage<P>&nbsp;</TD></TR>
<TR ALIGN=LEFT VALIGN=TOP><TD><P><FONT SIZE=+1>thunderclouds^×<br> an aproned butcher<br> takes his lunchtime stroll</FONT></TD></TR> <TR ALIGN=RIGHT VALIGN=TOP><TD>Matthew Paul<P>&nbsp;</TD></TR>
<TR ALIGN=LEFT VALIGN=TOP><TD><P><FONT SIZE=+1>first summer rain^×<br> the flower vendor<br> lingers on the porch</FONT></TD></TR> <TR ALIGN=RIGHT VALIGN=TOP><TD>K. Ramesh<P>&nbsp;</TD></TR>
 
<TR ALIGN=LEFT VALIGN=TOP><TD><P><FONT SIZE=+1>yellow lilies<br> lighten the day^×the last walk<br> for my dog and me</FONT></TD></TR> <TR ALIGN=RIGHT VALIGN=TOP><TD>Andrea Grillo<P>&nbsp;</TD></TR>
<TR ALIGN=LEFT VALIGN=TOP><TD><P><FONT SIZE=+1>afternoon heat<br> a passionflower falls<br> into the pool</FONT></TD></TR> <TR ALIGN=RIGHT VALIGN=TOP><TD>Lorin Ford<P>&nbsp;</TD></TR>
<TR ALIGN=LEFT VALIGN=TOP><TD><P><FONT SIZE=+1>in the backyard shade<br> a small gust brings coolness<br> and a white petal</FONT></TD></TR> <TR ALIGN=RIGHT VALIGN=TOP><TD>George Swede<P>&nbsp;</TD></TR>
<TR ALIGN=LEFT VALIGN=TOP><TD><P><FONT SIZE=+1>summer afternoon<br> baby and I discover<br> the beauty of leaves</FONT></TD></TR> <TR ALIGN=RIGHT VALIGN=TOP><TD>Vanessa Proctor<P>&nbsp;</TD></TR>
<TR ALIGN=LEFT VALIGN=TOP><TD><P><FONT SIZE=+1>harsh sun<br> the complicated eyes<br> of a grasshopper</FONT></TD></TR> <TR ALIGN=RIGHT VALIGN=TOP><TD>Marilyn Appl Walker<P>&nbsp;</TD></TR>
<TR ALIGN=LEFT VALIGN=TOP><TD><P><FONT SIZE=+1>afternoon breeze^×<br> sound of the loom<br> from the weaver^Òs house</FONT></TD></TR> <TR ALIGN=RIGHT VALIGN=TOP><TD>K. Ramesh<P>&nbsp;</TD></TR>
<TR ALIGN=LEFT VALIGN=TOP><TD><P><FONT SIZE=+1>a mosquito<br> caught in my  hair^×<br> scent of pine</FONT></TD></TR> <TR ALIGN=RIGHT VALIGN=TOP><TD>Cindy Zackowitz<P>&nbsp;</TD></TR>
<TR ALIGN=LEFT VALIGN=TOP><TD><P><FONT SIZE=+1>flash of lightning<br> he dry creek<br> choked with rubbish</FONT></TD></TR> <TR ALIGN=RIGHT VALIGN=TOP><TD>Graham Nunn<P>&nbsp;</TD></TR>
<TR ALIGN=LEFT VALIGN=TOP><TD><P><FONT SIZE=+1>distant thunder^×<br> a load of swamp drops<br> from the backhoe</FONT></TD></TR> <TR ALIGN=RIGHT VALIGN=TOP><TD>Linda Jeannette Ward<P>&nbsp;</TD></TR>
<TR ALIGN=LEFT VALIGN=TOP><TD><P><FONT SIZE=+1>gnats in a tizzy . . .<br> older brother<br> takes the mound</FONT></TD></TR> <TR ALIGN=RIGHT VALIGN=TOP><TD>Patrick Sweeney<P>&nbsp;</TD></TR>
 
<TR ALIGN=LEFT VALIGN=TOP><TD><P><FONT SIZE=+1>summer afternoon:<br> a raven and its shadow<br> weaving through the treetops</FONT></TD></TR> <TR ALIGN=RIGHT VALIGN=TOP><TD>Chitra Rajappa<P>&nbsp;</TD></TR>
<TR ALIGN=LEFT VALIGN=TOP><TD><P><FONT SIZE=+1>sculpture garden<br> roots of the strangler fig<br> create their own forms</FONT></TD></TR> <TR ALIGN=RIGHT VALIGN=TOP><TD>Margarita Engle<P>&nbsp;</TD></TR>
<TR ALIGN=LEFT VALIGN=TOP><TD><P><FONT SIZE=+1>garden trail<br> my comings and goings<br> have worn a groove</FONT></TD></TR> <TR ALIGN=RIGHT VALIGN=TOP><TD>Giselle Maya<P>&nbsp;</TD></TR>
<TR ALIGN=LEFT VALIGN=TOP><TD><P><FONT SIZE=+1>the lake^Òs reflection<br> goes all the way out the limb<br> summer solitude</FONT></TD></TR> <TR ALIGN=RIGHT VALIGN=TOP><TD>Burnell Lippy<P>&nbsp;</TD></TR>
<TR ALIGN=LEFT VALIGN=TOP><TD><P><FONT SIZE=+1>first cicada<br> I fold away<br> the blankets</FONT></TD></TR> <TR ALIGN=RIGHT VALIGN=TOP><TD>Dawn Bruce<P>&nbsp;</TD></TR>
<TR ALIGN=LEFT VALIGN=TOP><TD><P><FONT SIZE=+1>stirring wheat . . .<br> the faint sound<br> of an ancient sea</FONT></TD></TR> <TR ALIGN=RIGHT VALIGN=TOP><TD>Chad Lee Robinson<P>&nbsp;</TD></TR>
<TR ALIGN=LEFT VALIGN=TOP><TD><P><FONT SIZE=+1>cherry tomatoes<br> cradled in my hands<br> August heat</FONT></TD></TR> <TR ALIGN=RIGHT VALIGN=TOP><TD>Irene Golas<P>&nbsp;</TD></TR>
<TR ALIGN=LEFT VALIGN=TOP><TD><P><FONT SIZE=+1>placid lake^×<br> the sound of bike wheels<br> on the gravel path</FONT></TD></TR> <TR ALIGN=RIGHT VALIGN=TOP><TD>Nathalie Buckland<P>&nbsp;</TD></TR>
<TR ALIGN=LEFT VALIGN=TOP><TD><P><FONT SIZE=+1>sunlight<br> grazes my fingers^×<br> the first ripe peach</FONT></TD></TR> <TR ALIGN=RIGHT VALIGN=TOP><TD>Laryalee Fraser<P>&nbsp;</TD></TR>
<TR ALIGN=LEFT VALIGN=TOP><TD><P><FONT SIZE=+1>roadside stall^×<br> in a tomato box<br> the ^Ótrust^Ô coins</FONT></TD></TR> <TR ALIGN=RIGHT VALIGN=TOP><TD>Patricia Prime<P>&nbsp;</TD></TR>
 
<TR ALIGN=LEFT VALIGN=TOP><TD><P><FONT SIZE=+1>baled hay<br> left in the field<br> a cricket^Òs ragged chirp</FONT></TD></TR> <TR ALIGN=RIGHT VALIGN=TOP><TD>Jack Barry<P>&nbsp;</TD></TR>
<TR ALIGN=LEFT VALIGN=TOP><TD><P><FONT SIZE=+1>one more game<br> of shirts vs. skins<br> summer dusk</FONT></TD></TR> <TR ALIGN=RIGHT VALIGN=TOP><TD>Collin Barber<P>&nbsp;</TD></TR>
<TR ALIGN=LEFT VALIGN=TOP><TD><P><FONT SIZE=+1>last light<br> an ant swims<br> in the hummingbird feeder</FONT></TD></TR> <TR ALIGN=RIGHT VALIGN=TOP><TD>Sabine Miller<P>&nbsp;</TD></TR>
<TR ALIGN=LEFT VALIGN=TOP><TD><P><FONT SIZE=+1>in the pleat<br> of a morning glory<br> a firefly^Òs light</FONT></TD></TR> <TR ALIGN=RIGHT VALIGN=TOP><TD>Emily Romano<P>&nbsp;</TD></TR>
<TR ALIGN=LEFT VALIGN=TOP><TD><P><FONT SIZE=+1>summer stars<br> we pick out<br> our house</FONT></TD></TR> <TR ALIGN=RIGHT VALIGN=TOP><TD>Victor Ortiz                                       <P>&nbsp;</TD></TR>
<TR ALIGN=LEFT VALIGN=TOP><TD><P><FONT SIZE=+1>midnight<br> some of the sounds<br> are insects</FONT></TD></TR> <TR ALIGN=RIGHT VALIGN=TOP><TD>Quendryth Young<P>&nbsp;</TD></TR>
<TR ALIGN=LEFT VALIGN=TOP><TD><P><FONT SIZE=+1>a moonless night<br> the old car^Òs muffler<br> leaves sparks in its wake</FONT></TD></TR> <TR ALIGN=RIGHT VALIGN=TOP><TD>Barry Goodman<P>&nbsp;</TD></TR>
<TR ALIGN=LEFT VALIGN=TOP><TD><P><FONT SIZE=+1>rising sun<br> the shadow three times bigger<br> than the bird</FONT></TD></TR> <TR ALIGN=RIGHT VALIGN=TOP><TD>Brenda Gannam<P>&nbsp;</TD></TR>
<TR ALIGN=LEFT VALIGN=TOP><TD><P><FONT SIZE=+1>kite shop^×<br> a red dragonfly<br> flits in and out</FONT></TD></TR> <TR ALIGN=RIGHT VALIGN=TOP><TD>Francis Masat<P>&nbsp;</TD></TR>
<TR ALIGN=LEFT VALIGN=TOP><TD><P><FONT SIZE=+1>red leaf<br>          I return it<br> to the shore wind</FONT></TD></TR> <TR ALIGN=RIGHT VALIGN=TOP><TD>Ellen Compton<P>&nbsp;</TD></TR>
 
<TR ALIGN=LEFT VALIGN=TOP><TD><P><FONT SIZE=+1>autumn broomsage<br> a golden eagle<br> curves across the sun</FONT></TD></TR> <TR ALIGN=RIGHT VALIGN=TOP><TD>Elizabeth Howard<P>&nbsp;</TD></TR>
<TR ALIGN=LEFT VALIGN=TOP><TD><P><FONT SIZE=+1>kindergarten^×<br> the squeak of new shoes<br> in the school yard</FONT></TD></TR> <TR ALIGN=RIGHT VALIGN=TOP><TD>Angelee Deodhar<P>&nbsp;</TD></TR>
<TR ALIGN=LEFT VALIGN=TOP><TD><P><FONT SIZE=+1>something startles<br> the rabbit field . . .<br> mackerel sky</FONT></TD></TR> <TR ALIGN=RIGHT VALIGN=TOP><TD>John Barlow<P>&nbsp;</TD></TR>
<TR ALIGN=LEFT VALIGN=TOP><TD><P><FONT SIZE=+1>new moon<br> it^Òs only withered zinnias<br> rustling in a breeze</FONT></TD></TR> <TR ALIGN=RIGHT VALIGN=TOP><TD>Don Miller<P>&nbsp;</TD></TR>
<TR ALIGN=LEFT VALIGN=TOP><TD><P><FONT SIZE=+1>starlit sky<br> are you sure<br> we are alone</FONT></TD></TR> <TR ALIGN=RIGHT VALIGN=TOP><TD>Yu Chang                                       <P>&nbsp;</TD></TR>
<TR ALIGN=LEFT VALIGN=TOP><TD><P><FONT SIZE=+1>sounds of trucks<br> from where the road runs now<br> autumnn night</FONT></TD></TR> <TR ALIGN=RIGHT VALIGN=TOP><TD>Marcus Larsson<P>&nbsp;</TD></TR>
<TR ALIGN=LEFT VALIGN=TOP><TD><P><FONT SIZE=+1>courthouse square<br> a clock ticks<br> above the hanging tree</FONT></TD></TR> <TR ALIGN=RIGHT VALIGN=TOP><TD>Lynne Edge<P>&nbsp;</TD></TR>
<TR ALIGN=LEFT VALIGN=TOP><TD><P><FONT SIZE=+1>full moon<br> on the sandbar<br> cormorants hide their eyes</FONT></TD></TR> <TR ALIGN=RIGHT VALIGN=TOP><TD>Sandra Simpson<P>&nbsp;</TD></TR>
<TR ALIGN=LEFT VALIGN=TOP><TD><P><FONT SIZE=+1>divorce final<br> the double twist<br> of a möbius strip</FONT></TD></TR> <TR ALIGN=RIGHT VALIGN=TOP><TD>Ed Higgins<P>&nbsp;</TD></TR>
<TR ALIGN=LEFT VALIGN=TOP><TD><P><FONT SIZE=+1>view of the hill<br> behind tract houses<br> thinning pines</FONT></TD></TR> <TR ALIGN=RIGHT VALIGN=TOP><TD>Francine Porad<P>&nbsp;</TD></TR>
 
<TR ALIGN=LEFT VALIGN=TOP><TD><P><FONT SIZE=+1>     Homeless shelter^×<br> the glimmer of sunlight<br>       on broken glass</FONT></TD></TR> <TR ALIGN=RIGHT VALIGN=TOP><TD>Edward Zuk<P>&nbsp;</TD></TR>
<TR ALIGN=LEFT VALIGN=TOP><TD><P><FONT SIZE=+1>dreary day<br> a black walnut<br> gnawed white</FONT></TD></TR> <TR ALIGN=RIGHT VALIGN=TOP><TD>H. Gene Murtha<P>&nbsp;</TD></TR>
<TR ALIGN=LEFT VALIGN=TOP><TD><P><FONT SIZE=+1>autumn leaves<br> the creak<br> in my left knee</FONT></TD></TR> <TR ALIGN=RIGHT VALIGN=TOP><TD>Stephen Peters<P>&nbsp;</TD></TR>
<TR ALIGN=LEFT VALIGN=TOP><TD><P><FONT SIZE=+1>storm front^×<br> the wind gauge pointing<br> directly at me</FONT></TD></TR> <TR ALIGN=RIGHT VALIGN=TOP><TD>Lane Parker<P>&nbsp;</TD></TR>
<TR ALIGN=LEFT VALIGN=TOP><TD><P><FONT SIZE=+1>bitter wind^×<br> a crane lands among<br> thronging cranes</FONT></TD></TR> <TR ALIGN=RIGHT VALIGN=TOP><TD>Allan Burns<P>&nbsp;</TD></TR>
<TR ALIGN=LEFT VALIGN=TOP><TD><P><FONT SIZE=+1>November rain . . .<br> embracing the weight<br> of my sister^Òs urn</FONT></TD></TR> <TR ALIGN=RIGHT VALIGN=TOP><TD>Connie Donleycott<P>&nbsp;</TD></TR>
<TR ALIGN=LEFT VALIGN=TOP><TD><P><FONT SIZE=+1>he house-fronts<br> changing color<br> in the rain</FONT></TD></TR> <TR ALIGN=RIGHT VALIGN=TOP><TD>Michael McClintock<P>&nbsp;</TD></TR>
<TR ALIGN=LEFT VALIGN=TOP><TD><P><FONT SIZE=+1>sweet-grass braids<br> we bury Grandmother<br> without her wig</FONT></TD></TR> <TR ALIGN=RIGHT VALIGN=TOP><TD>Andrew Riutta<P>&nbsp;</TD></TR>
<TR ALIGN=LEFT VALIGN=TOP><TD><P><FONT SIZE=+1>autumn leaves<br> a religious pamphlet<br> left on the bridge</FONT></TD></TR> <TR ALIGN=RIGHT VALIGN=TOP><TD>Rick Tarquinio<P>&nbsp;</TD></TR>
<TR ALIGN=LEFT VALIGN=TOP><TD><P><FONT SIZE=+1>fish ladder^×<br> patches of moss<br> on graffiti</FONT></TD></TR> <TR ALIGN=RIGHT VALIGN=TOP><TD>D. Claire Gallagher                                       <P>&nbsp;</TD></TR>
 
<TR ALIGN=LEFT VALIGN=TOP><TD><P><FONT SIZE=+1>this evening<br> with no dog barking . . .<br> autumn wind</FONT></TD></TR> <TR ALIGN=RIGHT VALIGN=TOP><TD>israel lopez balan<P>&nbsp;</TD></TR>
<TR ALIGN=LEFT VALIGN=TOP><TD><P><FONT SIZE=+1>morning fog^×<br> the dog keeps some slack<br> in his leash</FONT></TD></TR> <TR ALIGN=RIGHT VALIGN=TOP><TD>Darrell Byrd<P>&nbsp;</TD></TR>
<TR ALIGN=LEFT VALIGN=TOP><TD><P><FONT SIZE=+1>decayed wet leaves^×<br> on the storm drain<br> a blanched worm</FONT></TD></TR> <TR ALIGN=RIGHT VALIGN=TOP><TD>Raffael De Gruttola<P>&nbsp;</TD></TR>
<TR ALIGN=LEFT VALIGN=TOP><TD><P><FONT SIZE=+1>late fall<br> one by one parachutists<br> return to earth</FONT></TD></TR> <TR ALIGN=RIGHT VALIGN=TOP><TD>LeRoy Gorman<P>&nbsp;</TD></TR>
<TR ALIGN=LEFT VALIGN=TOP><TD><P><FONT SIZE=+1>Calder sculpture;<br> a single brown leaf tumbling<br> from the sky</FONT></TD></TR> <TR ALIGN=RIGHT VALIGN=TOP><TD>D. F. Tweeney<P>&nbsp;</TD></TR>
<TR ALIGN=LEFT VALIGN=TOP><TD><P><FONT SIZE=+1>Christmas shopping^×<br> my daughter^Òs lip rolls<br> into her mother^Òs pout</FONT></TD></TR> <TR ALIGN=RIGHT VALIGN=TOP><TD>Curtis Dunlap<P>&nbsp;</TD></TR>
<TR ALIGN=LEFT VALIGN=TOP><TD><P><FONT SIZE=+1>autumn wind^×<br> from next door^Òs garden<br> the sound of hide-and-seek</FONT></TD></TR> <TR ALIGN=RIGHT VALIGN=TOP><TD>John Kinory<P>&nbsp;</TD></TR>
<TR ALIGN=LEFT VALIGN=TOP><TD><P><FONT SIZE=+1>fading light^×<br> his voice in the crowd<br> of shadows</FONT></TD></TR> <TR ALIGN=RIGHT VALIGN=TOP><TD>Lorin Ford<P>&nbsp;</TD></TR>
<TR ALIGN=LEFT VALIGN=TOP><TD><P><FONT SIZE=+1>full moon<br> my monthly loss<br> for words</FONT></TD></TR> <TR ALIGN=RIGHT VALIGN=TOP><TD>Yvonne Cabalona<P>&nbsp;</TD></TR>
<TR ALIGN=LEFT VALIGN=TOP><TD><P><FONT SIZE=+1>empty page<br> the dog^Òs muzzle<br> on my knee</FONT></TD></TR> <TR ALIGN=RIGHT VALIGN=TOP><TD>Deb Baker                                       <P>&nbsp;</TD></TR>
 
<TR ALIGN=LEFT VALIGN=TOP><TD><P><FONT SIZE=+1>autumn evening<br> I lightly touch<br> my son^Òs first scribbles</FONT></TD></TR> <TR ALIGN=RIGHT VALIGN=TOP><TD>A. Thiagarajan<P>&nbsp;</TD></TR>
<TR ALIGN=LEFT VALIGN=TOP><TD><P><FONT SIZE=+1>long night moon<br> one more load of wood<br> before dark</FONT></TD></TR> <TR ALIGN=RIGHT VALIGN=TOP><TD>Ann K. Schwader<P>&nbsp;</TD></TR>
<TR ALIGN=LEFT VALIGN=TOP><TD><P><FONT SIZE=+1>solstice<br> a crow settles<br> on the snowman</FONT></TD></TR> <TR ALIGN=RIGHT VALIGN=TOP><TD>William Cullen, Jr.<P>&nbsp;</TD></TR>
<TR ALIGN=LEFT VALIGN=TOP><TD><P><FONT SIZE=+1>cold soup^×<br> the winter moon<br> on snow</FONT></TD></TR> <TR ALIGN=RIGHT VALIGN=TOP><TD>Mary Lee McClure<P>&nbsp;</TD></TR>
<TR ALIGN=LEFT VALIGN=TOP><TD><P><FONT SIZE=+1>dust on the antlers<br> over the mantel^×<br> the logs shift</FONT></TD></TR> <TR ALIGN=RIGHT VALIGN=TOP><TD>Penny Harter<P>&nbsp;</TD></TR>
<TR ALIGN=LEFT VALIGN=TOP><TD><P><FONT SIZE=+1>longest night<br> the strains of carolers<br> come and gone</FONT></TD></TR> <TR ALIGN=RIGHT VALIGN=TOP><TD>Christopher Patchel<P>&nbsp;</TD></TR>
<TR ALIGN=LEFT VALIGN=TOP><TD><P><FONT SIZE=+1>just one more page<br> before I sleep . . .<br> endless rain</FONT></TD></TR> <TR ALIGN=RIGHT VALIGN=TOP><TD>Mary King<P>&nbsp;</TD></TR>
<TR ALIGN=LEFT VALIGN=TOP><TD><P><FONT SIZE=+1>New Year^Òs fireworks^×<br> waking again<br> with the dog</FONT></TD></TR> <TR ALIGN=RIGHT VALIGN=TOP><TD>Helen Buckingham<P>&nbsp;</TD></TR>
<TR ALIGN=LEFT VALIGN=TOP><TD><P><FONT SIZE=+1>early winter moon<br> the sound of a newspaper<br> as it h its the ground</FONT></TD></TR> <TR ALIGN=RIGHT VALIGN=TOP><TD>Margaret Hehman-Smith<P>&nbsp;</TD></TR>
<TR ALIGN=LEFT VALIGN=TOP><TD><P><FONT SIZE=+1>night fading away^×<br> new snow in the playground<br> seats</FONT></TD></TR> <TR ALIGN=RIGHT VALIGN=TOP><TD>Gary Hotham<P>&nbsp;</TD></TR>
 
<TR ALIGN=LEFT VALIGN=TOP><TD><P><FONT SIZE=+1>this morning too<br> the light of the moon<br> mother love</FONT></TD></TR> <TR ALIGN=RIGHT VALIGN=TOP><TD>Marian Olson<P>&nbsp;</TD></TR>
<TR ALIGN=LEFT VALIGN=TOP><TD><P><FONT SIZE=+1>new year^Òs day^×<br> deer tracks on both sides<br> of the fence</FONT></TD></TR> <TR ALIGN=RIGHT VALIGN=TOP><TD>Edith Bartholomeusz<P>&nbsp;</TD></TR>
<TR ALIGN=LEFT VALIGN=TOP><TD><P><FONT SIZE=+1>cloud stain<br> on the mountain<br> last year^Òs snow</FONT></TD></TR> <TR ALIGN=RIGHT VALIGN=TOP><TD>Tony Beyer<P>&nbsp;</TD></TR>
<TR ALIGN=LEFT VALIGN=TOP><TD><P><FONT SIZE=+1>early winter^×<br> a growing desire<br> to paint the ceiling</FONT></TD></TR> <TR ALIGN=RIGHT VALIGN=TOP><TD>Jennie Townsend<P>&nbsp;</TD></TR>
<TR ALIGN=LEFT VALIGN=TOP><TD><P><FONT SIZE=+1>New Year^Òs Day<br> the center of the chocolate<br> not what I expected</FONT></TD></TR> <TR ALIGN=RIGHT VALIGN=TOP><TD>Carolyn Hall<P>&nbsp;</TD></TR>
<TR ALIGN=LEFT VALIGN=TOP><TD><P><FONT SIZE=+1>winter isolation^×<br> tossing one pair of socks<br> into the hamper</FONT></TD></TR> <TR ALIGN=RIGHT VALIGN=TOP><TD>Ruth Holzer<P>&nbsp;</TD></TR>
<TR ALIGN=LEFT VALIGN=TOP><TD><P><FONT SIZE=+1>blackout<br>     the sound<br>          of candles</FONT></TD></TR> <TR ALIGN=RIGHT VALIGN=TOP><TD>Ross Vassiliev<P>&nbsp;</TD></TR>
<TR ALIGN=LEFT VALIGN=TOP><TD><P><FONT SIZE=+1>snow moon^×<br> our angels<br> somewhere underneath</FONT></TD></TR> <TR ALIGN=RIGHT VALIGN=TOP><TD>Scott Metz<P>&nbsp;</TD></TR>
<TR ALIGN=LEFT VALIGN=TOP><TD><P><FONT SIZE=+1>clear night^×<br> snow shifts<br> on the windowpane</FONT></TD></TR> <TR ALIGN=RIGHT VALIGN=TOP><TD>Hilary Tann<P>&nbsp;</TD></TR>
<TR ALIGN=LEFT VALIGN=TOP><TD><P><FONT SIZE=+1>bitter wind<br> a man hunched over<br> a hole in the ice</FONT></TD></TR> <TR ALIGN=RIGHT VALIGN=TOP><TD>og aksnes<P>&nbsp;</TD></TR>
 
<TR ALIGN=LEFT VALIGN=TOP><TD><P><FONT SIZE=+1>a gull or a pelican<br> on each old pylon<br> winter sunrise</FONT></TD></TR> <TR ALIGN=RIGHT VALIGN=TOP><TD>Bruce Ross<P>&nbsp;</TD></TR>
<TR ALIGN=LEFT VALIGN=TOP><TD><P><FONT SIZE=+1>mid-February<br> choosing the sunniest spot<br> to fill my tank</FONT></TD></TR> <TR ALIGN=RIGHT VALIGN=TOP><TD>Hilary Tann<P>&nbsp;</TD></TR>
<TR ALIGN=LEFT VALIGN=TOP><TD><P><FONT SIZE=+1>midwinter thaw<br> last night I dreamed<br> my dad was alive</FONT></TD></TR> <TR ALIGN=RIGHT VALIGN=TOP><TD>John Stevenson<P>&nbsp;</TD></TR>
<TR ALIGN=LEFT VALIGN=TOP><TD><P><FONT SIZE=+1>senior center<br> dust collects on<br> origami cranes</FONT></TD></TR> <TR ALIGN=RIGHT VALIGN=TOP><TD>Margaret Chula<P>&nbsp;</TD></TR>
<TR ALIGN=LEFT VALIGN=TOP><TD><P><FONT SIZE=+1>low gray sky^×<br> an afghan warming<br> on the radiator</FONT></TD></TR> <TR ALIGN=RIGHT VALIGN=TOP><TD>David Giacalone<P>&nbsp;</TD></TR>
<TR ALIGN=LEFT VALIGN=TOP><TD><P><FONT SIZE=+1>evening rain . . .<br> the new phone book<br> without his name</FONT></TD></TR> <TR ALIGN=RIGHT VALIGN=TOP><TD>Janelle Barerra<P>&nbsp;</TD></TR>
<TR ALIGN=LEFT VALIGN=TOP><TD><P><FONT SIZE=+1>february dusk^×<br> a mouse is eating<br> from the cat^Òs saucer</FONT></TD></TR> <TR ALIGN=RIGHT VALIGN=TOP><TD>Tomislav Maretic<P>&nbsp;</TD></TR>
<TR ALIGN=LEFT VALIGN=TOP><TD><P><FONT SIZE=+1>winer rain<br> the warmth of her touch<br> in my dream</FONT></TD></TR> <TR ALIGN=RIGHT VALIGN=TOP><TD>Victor Gendrano<P>&nbsp;</TD></TR>
<TR ALIGN=LEFT VALIGN=TOP><TD><P><FONT SIZE=+1>her old voice<br> young with love speaking<br> to her old cat</FONT></TD></TR> <TR ALIGN=RIGHT VALIGN=TOP><TD>Florence Vilén<P>&nbsp;</TD></TR>
<TR ALIGN=LEFT VALIGN=TOP><TD><P><FONT SIZE=+1>a penny for my thoughts?<br> the fireflies<br> of last summer</FONT></TD></TR> <TR ALIGN=RIGHT VALIGN=TOP><TD>John Stevenson<P>&nbsp;</TD></TR>
 
<TR ALIGN=LEFT VALIGN=TOP><TD><P><FONT SIZE=+1>more snow . . .<br> the brittleness<br> of the wishbone</FONT></TD></TR> <TR ALIGN=RIGHT VALIGN=TOP><TD>Alice Frampton<P>&nbsp;</TD></TR>
<TR ALIGN=LEFT VALIGN=TOP><TD><P><FONT SIZE=+1>the grinding gears<br> of a flatbed truck<br> snowflakes</FONT></TD></TR> <TR ALIGN=RIGHT VALIGN=TOP><TD>Lenard D. Moore<P>&nbsp;</TD></TR>
<TR ALIGN=LEFT VALIGN=TOP><TD><P><FONT SIZE=+1>country evening^×<br> smoke crosses the river<br> far from the bridge</FONT></TD></TR> <TR ALIGN=RIGHT VALIGN=TOP><TD>D. V. Rozic<P>&nbsp;</TD></TR>
<TR ALIGN=LEFT VALIGN=TOP><TD><P><FONT SIZE=+1>train coming^×<br> all the snowmen<br> begin to move</FONT></TD></TR> <TR ALIGN=RIGHT VALIGN=TOP><TD>Helga Härle<P>&nbsp;</TD></TR>
<TR ALIGN=LEFT VALIGN=TOP><TD><P><FONT SIZE=+1>empty platform^×<br> my shadow grows longer<br> waiting for you</FONT></TD></TR> <TR ALIGN=RIGHT VALIGN=TOP><TD>Jacek Margolak<P>&nbsp;</TD></TR>
<TR ALIGN=LEFT VALIGN=TOP><TD><P><FONT SIZE=+1>winter rain . . .<br> the light<br> from the flower shop</FONT></TD></TR> <TR ALIGN=RIGHT VALIGN=TOP><TD>Timothy Hawkes<P>&nbsp;</TD></TR>
<TR ALIGN=LEFT VALIGN=TOP><TD><P><FONT SIZE=+1>deserted stadium<br>       the caretaker kicks<br> a goal</FONT></TD></TR> <TR ALIGN=RIGHT VALIGN=TOP><TD>Maria Steyn<P>&nbsp;</TD></TR>
<TR ALIGN=LEFT VALIGN=TOP><TD><P><FONT SIZE=+1>vernal equinox^×<br> winter overflows<br> the closet</FONT></TD></TR> <TR ALIGN=RIGHT VALIGN=TOP><TD>Gary Steinberg<P>&nbsp;</TD></TR>
<TR ALIGN=LEFT VALIGN=TOP><TD><P><FONT SIZE=+1>first day of spring<br> a new bottle of ink<br> for an old fountain pen</FONT></TD></TR> <TR ALIGN=RIGHT VALIGN=TOP><TD>Jerry Ball<P>&nbsp;</TD></TR>
<TR ALIGN=LEFT VALIGN=TOP><TD><P><FONT SIZE=+1>spring breeze<br> patches of old snow<br> in the junkyard</FONT></TD></TR> <TR ALIGN=RIGHT VALIGN=TOP><TD>Patrick Kelly<P>&nbsp;</TD></TR>
 
<TR ALIGN=LEFT VALIGN=TOP><TD><P><FONT SIZE=+1>talk of peace<br> an ovenbird nests<br> on a rusted trap</FONT></TD></TR> <TR ALIGN=RIGHT VALIGN=TOP><TD>Robert Bauer<P>&nbsp;</TD></TR>
<TR ALIGN=LEFT VALIGN=TOP><TD><P><FONT SIZE=+1>late snow^×<br> in the wire basket<br> onion sprouts</FONT></TD></TR> <TR ALIGN=RIGHT VALIGN=TOP><TD>Beverly Tift<P>&nbsp;</TD></TR>
<TR ALIGN=LEFT VALIGN=TOP><TD><P><FONT SIZE=+1>cabin fever<br> a wandering mastiff<br> smells each tulip</FONT></TD></TR> <TR ALIGN=RIGHT VALIGN=TOP><TD>Ariel Lambert<P>&nbsp;</TD></TR>
<TR ALIGN=LEFT VALIGN=TOP><TD><P><FONT SIZE=+1>early thaw^×<br> a kitten puts his front paws<br> on the windowsill</FONT></TD></TR> <TR ALIGN=RIGHT VALIGN=TOP><TD>Olga Hooper<P>&nbsp;</TD></TR>
<TR ALIGN=LEFT VALIGN=TOP><TD><P><FONT SIZE=+1>vast blue sky<br>       we empty<br>       her closets</FONT></TD></TR> <TR ALIGN=RIGHT VALIGN=TOP><TD>Carolyn Hall<P>&nbsp;</TD></TR>
<TR ALIGN=LEFT VALIGN=TOP><TD><P><FONT SIZE=+1>once again<br> just the two of us . . .<br> snowdrops in bloom</FONT></TD></TR> <TR ALIGN=RIGHT VALIGN=TOP><TD>Connie Donleycott<P>&nbsp;</TD></TR>
<TR ALIGN=LEFT VALIGN=TOP><TD><P><FONT SIZE=+1>the greening pastures<br> one hawk^Òs circles<br> answered by another</FONT></TD></TR> <TR ALIGN=RIGHT VALIGN=TOP><TD>Lynne Steel<P>&nbsp;</TD></TR>
<TR ALIGN=LEFT VALIGN=TOP><TD><P><FONT SIZE=+1>bull^Òs nose^×<br> a swarm of bees<br> follow the pollen</FONT></TD></TR> <TR ALIGN=RIGHT VALIGN=TOP><TD>an^Òya<P>&nbsp;</TD></TR>
<TR ALIGN=LEFT VALIGN=TOP><TD><P><FONT SIZE=+1>almond blossoms<br> the weight<br> of raindrops</FONT></TD></TR> <TR ALIGN=RIGHT VALIGN=TOP><TD>Yvonne Cabalona<P>&nbsp;</TD></TR>
<TR ALIGN=LEFT VALIGN=TOP><TD><P><FONT SIZE=+1>sixth day sick<br> dandelion seed<br> in a spider web</FONT></TD></TR> <TR ALIGN=RIGHT VALIGN=TOP><TD>Carlos Colón<P>&nbsp;</TD></TR>
 
<TR ALIGN=LEFT VALIGN=TOP><TD><P><FONT SIZE=+1>tree frogs<br> giving voice<br> to the rains</FONT></TD></TR> <TR ALIGN=RIGHT VALIGN=TOP><TD>David Gershator<P>&nbsp;</TD></TR>
<TR ALIGN=LEFT VALIGN=TOP><TD><P><FONT SIZE=+1>unanswered mail^×<br> a pelting rain<br> flattens the pansies</FONT></TD></TR> <TR ALIGN=RIGHT VALIGN=TOP><TD>Billie Wilson<P>&nbsp;</TD></TR>
<TR ALIGN=LEFT VALIGN=TOP><TD><P><FONT SIZE=+1>open windows^×<br> the scent of lilacs moves<br> from room to room</FONT></TD></TR> <TR ALIGN=RIGHT VALIGN=TOP><TD>Adelaide Shaw<P>&nbsp;</TD></TR>
<TR ALIGN=LEFT VALIGN=TOP><TD><P><FONT SIZE=+1>mother^Òs day<br> a nurse unties<br> the restraints</FONT></TD></TR> <TR ALIGN=RIGHT VALIGN=TOP><TD>Roberta Beary<P>&nbsp;</TD></TR>
