thn_issue.t1.html:      <P><A HREF=#POEM1>Connie Hutchison</A>
thn_issue.t1.html:      <P><A HREF=#POEM2>Kay Anderson</A>
thn_issue.t1.html:      <P><A HREF=#POEM3>Connie Donleycott</A>
thn_issue.t1.html:      <P><A HREF=#POEM4>John Stevenson</A>
thn_issue.t2.html:      <P><A HREF=#POEM1>Kristen Deming</A>
thn_issue.t2.html:      <P><A HREF=#POEM2>Johnny Baranski</A> 
thn_issue.t2.html:      <P><A HREF=#POEM3>Carmen Sterba</A> 
thn_issue.t2.html:      <P><A HREF=#POEM4>Winifred Jaeger</A> 
thn_issue.t2.html:      <P><A HREF=#POEM5>Michael Dylan Welch</A> 
thn_issue.t2.html:      <P><A HREF=#POEM6>Sangeet Bhullar</A> 
thn_issue.t2.html:      <P><A HREF=#POEM7>Kathleen Decker</A> 
thn_issue.t2.html:      <P><A HREF=#POEM8>William Scott Galasso</A> 
thn_issue.t2.html:      <P><A HREF=#POEM9>Ruth Yarrow</A> 
thn_issue.t2.html:      <P><A HREF=#POEM10>Lenard D. Moore</A> 
thn_issue.t2.html:      <P><A HREF=#POEM11>Mary Fran Meer</A> 
thn_issue.t2.html:      <P><A HREF=#POEM12>Marilyn Sandall</A> 
thn_issue.t2.html:      <P><A HREF=#POEM13>Robert Major</A> 
thn_issue.t2.html:      <P><A HREF=#POEM14>Doris Thurston</A> 
thn_issue.t2.html:      <P><A HREF=#POEM15>Michael Evans</A> 
thn_issue.t3.html:      <P><A HREF=#POEM1>Robert Gilliland</A>
thn_issue.t3.html:      <P><A HREF=#POEM2>Ferris Gilli</A>
thn_issue.t3.html:      <P><A HREF=#POEM3>Paul MacNeil</A>
thn_issue.t3.html:      <P><A HREF=#POEM4>Paul David Mena</A>
thn_issue.t3.html:      <P><A HREF=#POEM5>Christopher Herold</A>
thn_issue.t3.html:      <P><A HREF=#POEM6>Peggy Willis Lyles</A>
