<p><a href=#POEM1>Jerry Ball</a>
<p><a href=#POEM2>Margaret Chula</a>
<p><a href=#POEM3>Christopher Patchel</a>
<p><a href=#POEM4>John Barlow</a>
<p><a href=#POEM5>Ed Markowski</a>
<p><a href=#POEM6>Gary Steinberg</a>
<p><a href=#POEM7>Aurora Antonovic</a>
<p><a href=#POEM8>George Swede</a>
<p><a href=#POEM9>Yu Chang</a>
<p><a href=#POEM10>Lane Parker</a>
 
<p><a href=#POEM1>Myron Lysenko</a>
<p><a href=#POEM2>Kathrine B. Steimann</a>
<p><a href=#POEM3>Brent Partridge</a>
<p><a href=#POEM4>Marcus Larsson</a>
<p><a href=#POEM5>Gary Hotham</a>
<p><a href=#POEM6>George Dorsty</a>
<p><a href=#POEM7>Collin Barber</a>
<p><a href=#POEM8>Dietmar Tauchner</a>
<p><a href=#POEM9>Lorin Ford</a>
<p><a href=#POEM10>Michael Dylan Welch</a>
 
<p><a href=#POEM1>Grant D. Savage</a>
<p><a href=#POEM2>Tony Beyer</a>
<p><a href=#POEM3>paul m.</a>
<p><a href=#POEM4>Sabine Miller</a>
<p><a href=#POEM5>Quendryth Young</a>
<p><a href=#POEM6>Graham Nunn</a>
<p><a href=#POEM7>Joann Klontz</a>
<p><a href=#POEM8>Dave Bacharach</a>
<p><a href=#POEM9>richard krawiec</a>
<p><a href=#POEM10>Nathalie Buckland</a>
 
<p><a href=#POEM1>K. Ramesh</a>
<p><a href=#POEM2>Melchor Chicon</a>
<p><a href=#POEM3>Quendryth Young</a>
<p><a href=#POEM4>Randy Brooks</a>
<p><a href=#POEM5>Harriot West</a>
<p><a href=#POEM6>Allen McGill</a>
<p><a href=#POEM7>Adelaide Shaw</a>
<p><a href=#POEM8>Cherie Hunter Day</a>
<p><a href=#POEM9>Darrell Byrd</a>
<p><a href=#POEM10>D. Claire Gallagher</a>
 
<p><a href=#POEM1>Gary Hotham</a>
<p><a href=#POEM2>Frank Critelli</a>
<p><a href=#POEM3>Sabine Miller</a>
<p><a href=#POEM4>LeRoy Gorman</a>
<p><a href=#POEM5>Tim Edwards</a>
<p><a href=#POEM6>Sandra Simpson</a>
<p><a href=#POEM7>Carolyn Hall</a>
<p><a href=#POEM8>Paul Pfleuger, Jr.</a>
<p><a href=#POEM9>Greg Piko</a>
<p><a href=#POEM10>Graham Nunn</a>
 
<p><a href=#POEM1>Cindy Zackowitz</a>
<p><a href=#POEM2>Mark M. Bastian</a>
<p><a href=#POEM3>Sandra Simpson</a>
<p><a href=#POEM4>Marilyn Appl Walker</a>
<p><a href=#POEM5>Dustin Neal </a>
<p><a href=#POEM6>Carolyn Hall</a>
<p><a href=#POEM7>Curtis Dunlap</a>
<p><a href=#POEM8>Rodney Stevens</a>
<p><a href=#POEM9>Victor Ortiz</a>
<p><a href=#POEM10>Chad Lee Robinson</a>
 
<p><a href=#POEM1>Sari Grandstaff</a>
<p><a href=#POEM2>Bruce Ross</a>
<p><a href=#POEM3>Elizabeth Kusuda</a>
<p><a href=#POEM4>Odd G. Aksnes</a>
<p><a href=#POEM5>Cindy Zackowitz</a>
<p><a href=#POEM6>Allan Burns</a>
<p><a href=#POEM7>Katherine Cudney</a>
<p><a href=#POEM8>John Barlow</a>
<p><a href=#POEM9>Robert Bauer</a>
<p><a href=#POEM10>David Giacalone</a>
 
<p><a href=#POEM1>William Cullen, Jr.</a>
<p><a href=#POEM2>Helen Buckingham</a>
<p><a href=#POEM3>Kay F. Anderson</a>
<p><a href=#POEM4>Kala Ramesh</a>
<p><a href=#POEM5>Lynne Steel</a>
<p><a href=#POEM6>D. Claire Gallagher</a>
<p><a href=#POEM7>Edith Bartholomeusz</a>
<p><a href=#POEM8>George Dorsty</a>
<p><a href=#POEM9>Elizabeth Howard</a>
<p><a href=#POEM10>Scott Metz</a>
 
<p><a href=#POEM1>Yu Chang</a>
<p><a href=#POEM2>Hilary Tann</a>
<p><a href=#POEM3>Katherine Cudney</a>
<p><a href=#POEM4>Lenard D. Moore</a>
<p><a href=#POEM5>Jerry Ball</a>
<p><a href=#POEM6>Connie Donleycott</a>
<p><a href=#POEM7>Hilary Tann</a>
<p><a href=#POEM8>Nancy Stewart Smith</a>
<p><a href=#POEM9>Ann K. Schwader</a>
<p><a href=#POEM10>John Stevenson</a>
 
<p><a href=#POEM1>Anne Homan</a>
<p><a href=#POEM2>Marie Summers</a>
<p><a href=#POEM3>Kay Grimnes</a>
<p><a href=#POEM4>George Swede</a>
<p><a href=#POEM5>Alice Frampton</a>
<p><a href=#POEM6>Alexis K. Rotella</a>
<p><a href=#POEM7>Jörgen Johansson</a>
<p><a href=#POEM8>John Stevenson</a>
<p><a href=#POEM9>Colo Buchanan</a>
<p><a href=#POEM10>Kirsty Karkow</a>
 
<p><a href=#POEM1>Tom Tico</a>
<p><a href=#POEM2>Nara Bauer</a>
<p><a href=#POEM3>K. Ramesh</a>
<p><a href=#POEM4>Laryalee Fraser</a>
<p><a href=#POEM5>Andrea Grillo</a>
<p><a href=#POEM6>Tomislav Maretic</a>
<p><a href=#POEM7>Scott Mason</a>
<p><a href=#POEM8>Mary Lee McClure</a>
<p><a href=#POEM9>Scott Mason</a>
<p><a href=#POEM10>Yvonne Cabalona</a>
 
<p><a href=#POEM1>David Boyer</a>
<p><a href=#POEM2>paul m.</a>
<p><a href=#POEM3>Marili Deandrea</a>
<p><a href=#POEM4>Burnell Lippy</a>
<p><a href=#POEM5>Beverly Tift</a>
<p><a href=#POEM6>Linda Jeannette Ward</a>
<p><a href=#POEM7>Ruth Holzer</a>
