<P><A HREF=thn_issue.h2.html#POEM00>
Paul Wigelius
</A>
<P><A HREF=thn_issue.h2.html#POEM01>
Sonia Cristina Coman
</A>
<P><A HREF=thn_issue.h2.html#POEM02>
Mark Brooks
</A>
<P><A HREF=thn_issue.h2.html#POEM03>
Emily Romano
</A>
<P><A HREF=thn_issue.h2.html#POEM04>
Philomene Kocher
</A>
<P><A HREF=thn_issue.h2.html#POEM05>
Jim Kacian
</A>
<P><A HREF=thn_issue.h2.html#POEM06>
Hilary Tann
</A>
<P><A HREF=thn_issue.h2.html#POEM07>
J. B. Leong
</A>
<P><A HREF=thn_issue.h2.html#POEM08>
Pamela Miller Ness
</A>
<P><A HREF=thn_issue.h2.html#POEM09>
Burnell Lippy
</A>
</TD>
 
<TD ALIGN=LEFT VALIGN=TOP WIDTH=380>
<TABLE>
 
<TR ALIGN=LEFT VALIGN=TOP>
<TD><A NAME=POEM00></A>
<P><FONT SIZE=+1>
 
low sun
<BR>
behind the churchyard
<BR>
piles of earth
</FONT></TD></TR>
<TR ALIGN=RIGHT VALIGN=TOP><TD>
Paul Wigelius
<P>&nbsp;</TD></TR>
<TR ALIGN=LEFT VALIGN=TOP>
<TD><A NAME=POEM02></A>
<P><FONT SIZE=+1>
 
early dusk&#150;
<BR>
an obituary taped
<BR>
in a used book
</FONT></TD></TR>
<TR ALIGN=RIGHT VALIGN=TOP><TD>
Mark Brooks
<P>&nbsp;</TD></TR>
<TR ALIGN=LEFT VALIGN=TOP>
<TD><A NAME=POEM04></A>
<P><FONT SIZE=+1>
 
full moon
<BR>
the sidewalk curves
<BR>
around tree roots
</FONT></TD></TR>
<TR ALIGN=RIGHT VALIGN=TOP><TD>
Philomene Kocher
<P>&nbsp;</TD></TR>
<TR ALIGN=LEFT VALIGN=TOP>
<TD><A NAME=POEM06></A>
<P><FONT SIZE=+1>
 
its whole body
<BR>
cawing&#150;
<BR>
the crow
</FONT></TD></TR>
<TR ALIGN=RIGHT VALIGN=TOP><TD>
Hilary Tann
<P>&nbsp;</TD></TR>
<TR ALIGN=LEFT VALIGN=TOP>
<TD><A NAME=POEM08></A>
<P><FONT SIZE=+1>
 
a dried leaf
<BR>
slips from her journal
<BR>
new year's eve
</FONT></TD></TR>
<TR ALIGN=RIGHT VALIGN=TOP><TD>
Pamela Miller Ness
<P>&nbsp;</TD></TR>
 
</TABLE></TD>
 
<TD ALIGN=LEFT VALIGN=TOP WIDTH=380>
<TABLE><TR ALIGN=LEFT VALIGN=TOP>
<TD><FONT SIZE=-2>&nbsp;</FONT></TD>
</TR>
 
<TR ALIGN=RIGHT VALIGN=TOP>
<TD>&nbsp;</TD>
</TR>
<TR ALIGN=LEFT VALIGN=TOP>
<TD><A NAME=POEM01></A>
<P><FONT SIZE=+1>
 
borrowed novel&#150;
<BR>
a bookmark left
<BR>
near the end
</FONT></TD></TR>
<TR ALIGN=RIGHT VALIGN=TOP><TD>
Sonia Cristina Coman
<P>&nbsp;</TD></TR>
<TR ALIGN=LEFT VALIGN=TOP>
<TD><A NAME=POEM03></A>
<P><FONT SIZE=+1>
 
séance&#150;
<BR>
a white moth flutters
<BR>
above our clasped hands
</FONT></TD></TR>
<TR ALIGN=RIGHT VALIGN=TOP><TD>
Emily Romano
<P>&nbsp;</TD></TR>
<TR ALIGN=LEFT VALIGN=TOP>
<TD><A NAME=POEM05></A>
<P><FONT SIZE=+1>
 
All Soul's Eve
<BR>
limbs of the sycamore
<BR>
through the fog
</FONT></TD></TR>
<TR ALIGN=RIGHT VALIGN=TOP><TD>
Jim Kacian
<P>&nbsp;</TD></TR>
<TR ALIGN=LEFT VALIGN=TOP>
<TD><A NAME=POEM07></A>
<P><FONT SIZE=+1>
 
fading light . . .
<BR>
the faint smell of camphor
<BR>
on old love letters
</FONT></TD></TR>
<TR ALIGN=RIGHT VALIGN=TOP><TD>
J. B. Leong
<P>&nbsp;</TD></TR>
<TR ALIGN=LEFT VALIGN=TOP>
<TD><A NAME=POEM09></A>
<P><FONT SIZE=+1>
 
twenty below
<BR>
the Milky Way
<BR>
lined up with the river
</FONT></TD></TR>
<TR ALIGN=RIGHT VALIGN=TOP><TD>
Burnell Lippy
<P>&nbsp;</TD></TR>
