<p><a href=#POEM1>Ruth Yarrow</a>
<p><a href=#POEM2>Chad Lee Robinson</a>
<p><a href=#POEM3>Maria Steyn</a>
<p><a href=#POEM4>Gary Hotham</a>
<p><a href=#POEM5>Billie Wilson</a>
<p><a href=#POEM6>Agnes Eva Savich</a>
<p><a href=#POEM7>Linda Jeannette Ward</a>
<p><a href=#POEM8>John Stevenson</a>
<p><a href=#POEM9>Andrew Riutta</a>
<p><a href=#POEM10>D. Claire Gallagher</a>
 
<p><a href=#POEM1>Jason Sanford Brown</a>
<p><a href=#POEM2>Gary Hotham</a>
<p><a href=#POEM3>Ed Markowski</a>
<p><a href=#POEM4>Michelle Root-Bernstein</a>
<p><a href=#POEM5>Tony Beyer</a>
<p><a href=#POEM6>Roberta Beary</a>
<p><a href=#POEM7>Irene Golas</a>
<p><a href=#POEM8>K. Ramesh</a>
<p><a href=#POEM9>Peter Yovu</a>
<p><a href=#POEM10>William Cullen, Jr.</a>
 
<p><a href=#POEM1>Paul Pfleuger, Jr.</a>
<p><a href=#POEM2>Angelee Deodhar</a>
<p><a href=#POEM3>Mitzi Trout</a>
<p><a href=#POEM4>John Kinory</a>
<p><a href=#POEM5>Helen Russell</a>
<p><a href=#POEM6>Marilyn Appl Walker</a>
<p><a href=#POEM7>Helen Buckingham</a>
<p><a href=#POEM8>Maria Steyn</a>
<p><a href=#POEM9>Marili Deandrea</a>
<p><a href=#POEM10>Hortensia Anderson</a>
 
<p><a href=#POEM1>Emily Romano</a>
<p><a href=#POEM2>Sue Stanford</a>
<p><a href=#POEM3>Tony A. Thompson</a>
<p><a href=#POEM4>Marian Olson</a>
<p><a href=#POEM5>Grant D. Savage</a>
<p><a href=#POEM6>Carol Purington</a>
<p><a href=#POEM7>israel lopez balan</a>
<p><a href=#POEM8>H. F. Noyes</a>
<p><a href=#POEM9>Colo Buchanan</a>
<p><a href=#POEM10>Ruth Yarrow</a>
 
<p><a href=#POEM1>Cherie Hunter Day</a>
<p><a href=#POEM2>Dave Russo</a>
<p><a href=#POEM3>Michael Dylan Welch</a>
<p><a href=#POEM4>Hiroshi Tokui</a>
<p><a href=#POEM5>Carolyne Rohrig</a>
<p><a href=#POEM6>Elizabeth Howard</a>
<p><a href=#POEM7>Marcus Larsson</a>
<p><a href=#POEM8>Peter Yovu</a>
<p><a href=#POEM9>Nancy Stewart Smith</a>
<p><a href=#POEM10>Joann Klontz</a>
 
<p><a href=#POEM1>Rick Tarquinio</a>
<p><a href=#POEM2>Harriot West</a>
<p><a href=#POEM3>Alice Frampton</a>
<p><a href=#POEM4>Allen McGill</a>
<p><a href=#POEM5>Sandra Simpson</a>
<p><a href=#POEM6>D. Claire Gallagher</a>
<p><a href=#POEM7>Ann K. Schwader</a>
<p><a href=#POEM8>Connie Donleycott</a>
<p><a href=#POEM9>George Swede</a>
<p><a href=#POEM10>Allen McGill</a>
 
<p><a href=#POEM1>Yu Chang</a>
<p><a href=#POEM2>Vladislav Vassiliev</a>
<p><a href=#POEM3>Edith Bartholomeusz</a>
<p><a href=#POEM4>Tom Tico</a>
<p><a href=#POEM5>Cindy Zackowitz</a>
<p><a href=#POEM6>Bruce Ross</a>
<p><a href=#POEM7>Yu Chang</a>
<p><a href=#POEM8>Carolyn Hall</a>
<p><a href=#POEM9>Chad Lee Robinson</a>
<p><a href=#POEM10>Jerry Ball</a>
 
<p><a href=#POEM1>Dietmar Tauchner</a>
<p><a href=#POEM2>Francine Porad</a>
<p><a href=#POEM3>Katherine Cudney</a>
<p><a href=#POEM4>Cindy Zackowitz</a>
<p><a href=#POEM5>paul m.</a>
<p><a href=#POEM6>Curtis Dunlap</a>
<p><a href=#POEM7>Kirsty Karkow</a>
<p><a href=#POEM8>Robert Bauer</a>
<p><a href=#POEM9>Katherine Cudney</a>
<p><a href=#POEM10>William Cullen, Jr.</a>
 
<p><a href=#POEM1>Burnell Lippy</a>
<p><a href=#POEM2>Harold Bowes</a>
<p><a href=#POEM3>Lane Parker</a>
<p><a href=#POEM4>Margarita Engle</a>
<p><a href=#POEM5>Connie Donleycott</a>
<p><a href=#POEM6>Richard R. Powell</a>
<p><a href=#POEM7>Graham Nunn</a>
<p><a href=#POEM8>Sabine Miller</a>
<p><a href=#POEM9>Carolyn Hall</a>
<p><a href=#POEM10>William Palmer</a>
 
<p><a href=#POEM1>Jerry Ball</a>
<p><a href=#POEM2>Stephen Engleman</a>
<p><a href=#POEM3>Adelaide B. Shaw</a>
<p><a href=#POEM4>Timothy Hawkes</a>
<p><a href=#POEM5>Yvonne Cabalona</a>
<p><a href=#POEM6>John Stevenson</a>
<p><a href=#POEM7>vincent tripi</a>
<p><a href=#POEM8>George Swede</a>
<p><a href=#POEM9>Lenard D. Moore</a>
<p><a href=#POEM10>Beverley George</a>
 
<p><a href=#POEM1>Bruce Roxburgh</a>
<p><a href=#POEM2>William J. Higginson</a>
<p><a href=#POEM3>Penny Harter</a>
<p><a href=#POEM4>vincent tripi</a>
<p><a href=#POEM5>Barry George</a>
<p><a href=#POEM6>Shane Robitaille</a>
<p><a href=#POEM7>David Gershator</a>
<p><a href=#POEM8>Clyde Glandon</a>
<p><a href=#POEM9>Alice Frampton</a>
<p><a href=#POEM10>George Dorsty</a>
 
<p><a href=#POEM1>Janet Brof</a>
<p><a href=#POEM2>David H. Rosen</a>
<p><a href=#POEM3>Jörgen Johansson</a>
<p><a href=#POEM4>Nara Bauer</a>
<p><a href=#POEM5>Burnell Lippy</a>
<p><a href=#POEM6>Charlie Close</a>
<p><a href=#POEM7>Charlie Close</a>
<p><a href=#POEM8>Paul Pfleuger, Jr.</a>
<p><a href=#POEM9>Marcus Larsson</a>
<p><a href=#POEM10>Lynne Steel</a>
 
<p><a href=#POEM1>Frances Angela</a>
<p><a href=#POEM2>Carol Purington</a>
<p><a href=#POEM3>Beverly Tift</a>
<p><a href=#POEM4>Christopher Patchel</a>
