<DT>Hortensia Anderson:&nbsp;&nbsp;<A HREF=thn_issue.h3.html#POEM10>3 #10</A><DD>New York, New York</DT>
<DT>Frances Angela:&nbsp;&nbsp;<A HREF=thn_issue.h13.html#POEM1>13 #1</A><DD>London, England</DT>
<DT>israel lopez balan:&nbsp;&nbsp;<A HREF=thn_issue.h4.html#POEM7>4 #7</A><DD>Ciudad de México, México</DT>
<DT>Jerry Ball:&nbsp;&nbsp;<A HREF=thn_issue.h10.html#POEM1>10 #1</A>,
&nbsp;<A HREF=thn_issue.h7.html#POEM10>7 #10</A><DD>Seal Beach, California</DT>
<DT>Edith Bartholomeusz:&nbsp;&nbsp;<A HREF=thn_issue.h7.html#POEM3>7 #3</A><DD>Fairport, New York</DT>
<DT>Nara Bauer:&nbsp;&nbsp;<A HREF=thn_issue.h12.html#POEM4>12 #4</A><DD>Big Wheeling Creek, West Virginia</DT>
<DT>Robert Bauer:&nbsp;&nbsp;<A HREF=thn_issue.h8.html#POEM8>8 #8</A><DD>Big Wheeling Creek, West Virginia</DT>
<DT>Roberta Beary:&nbsp;&nbsp;<A HREF=thn_issue.h2.html#POEM6>2 #6</A><DD>Bethesda, Maryland</DT>
<DT>Tony Beyer:&nbsp;&nbsp;<A HREF=thn_issue.h2.html#POEM5>2 #5</A><DD>Taranaki, New Zealand</DT>
<DT>Harold Bowes:&nbsp;&nbsp;<A HREF=thn_issue.h9.html#POEM2>9 #2</A><DD>Pendleton, Oregon</DT>
<DT>Janet Brof:&nbsp;&nbsp;<A HREF=thn_issue.h12.html#POEM1>12 #1</A><DD>New York, New York</DT>
<DT>Jason Sanford Brown:&nbsp;&nbsp;<A HREF=thn_issue.h2.html#POEM1>2 #1</A><DD>Tucson, Arizona</DT>
<DT>Colo Buchanan:&nbsp;&nbsp;<A HREF=thn_issue.h4.html#POEM9>4 #9</A><DD>Lisburn, Antrim, North Ireland</DT>
<DT>Helen Buckingham:&nbsp;&nbsp;<A HREF=thn_issue.h3.html#POEM7>3 #7</A><DD>Bristol, Avon, England</DT>
<DT>Yvonne Cabalona:&nbsp;&nbsp;<A HREF=thn_issue.h10.html#POEM5>10 #5</A><DD>Modesto, California</DT>
<DT>Yu Chang:&nbsp;&nbsp;<A HREF=thn_issue.h7.html#POEM1>7 #1</A>,
&nbsp;<A HREF=thn_issue.h7.html#POEM7>7 #7</A><DD>Schenectady, New York</DT>
<DT>Charlie Close:&nbsp;&nbsp;<A HREF=thn_issue.h12.html#POEM6>12 #6</A>,
&nbsp;<A HREF=thn_issue.h12.html#POEM7>12 #7</A><DD>Goodrich, Michigan</DT>
<DT>Katherine Cudney:&nbsp;&nbsp;<A HREF=thn_issue.h8.html#POEM3>8 #3</A>,
&nbsp;<A HREF=thn_issue.h8.html#POEM9>8 #9</A><DD>Liberty, Tennessee</DT>
<DT>William Cullen, Jr.:&nbsp;&nbsp;<A HREF=thn_issue.h2.html#POEM10>2 #10</A>,
&nbsp;<A HREF=thn_issue.h8.html#POEM10>8 #10</A><DD>Brooklyn, New York</DT>
<DT>Cherie Hunter Day:&nbsp;&nbsp;<A HREF=thn_issue.h5.html#POEM1>5 #1</A><DD>San Diego, California</DT>
<DT>Marili Deandrea:&nbsp;&nbsp;<A HREF=thn_issue.h3.html#POEM9>3 #9</A><DD>Torino, Italy</DT>
<DT>Angelee Deodhar:&nbsp;&nbsp;<A HREF=thn_issue.h3.html#POEM2>3 #2</A><DD>Chandigarh, India</DT>
<DT>Connie Donleycott:&nbsp;&nbsp;<A HREF=thn_issue.h6.html#POEM8>6 #8</A>,
&nbsp;<A HREF=thn_issue.h9.html#POEM5>9 #5</A><DD>Bremerton, Washington</DT>
<DT>George Dorsty:&nbsp;&nbsp;<A HREF=thn_issue.h11.html#POEM10>11 #10</A><DD>Yorktown, Virginia</DT>
<DT>Curtis Dunlap:&nbsp;&nbsp;<A HREF=thn_issue.h8.html#POEM6>8 #6</A><DD>Mayodan, North Carolina</DT>
<DT>Margarita Engle:&nbsp;&nbsp;<A HREF=thn_issue.h9.html#POEM4>9 #4</A><DD>Clovis, California</DT>
<DT>Stephen Engleman:&nbsp;&nbsp;<A HREF=thn_issue.h10.html#POEM2>10 #2</A><DD>Ithaca, New York</DT>
<DT>Alice Frampton:&nbsp;&nbsp;<A HREF=thn_issue.h11.html#POEM9>11 #9</A>,
&nbsp;<A HREF=thn_issue.h6.html#POEM3>6 #3</A><DD>Creston, British Columbia, Canada</DT>
<DT>D. Claire Gallagher:&nbsp;&nbsp;<A HREF=thn_issue.h1.html#POEM10>1 #10</A>,
&nbsp;<A HREF=thn_issue.h6.html#POEM6>6 #6</A><DD>Sunnyvale, California</DT>
<DT>Beverley George:&nbsp;&nbsp;<A HREF=thn_issue.h10.html#POEM10>10 #10</A><DD>Pearl Beach, New South Wales, Australia</DT>
<DT>Barry George:&nbsp;&nbsp;<A HREF=thn_issue.h11.html#POEM5>11 #5</A><DD>Philadelphia, Pennsylvania</DT>
<DT>David Gershator:&nbsp;&nbsp;<A HREF=thn_issue.h11.html#POEM7>11 #7</A><DD>St. Thomas, US Virgin Islands</DT>
<DT>Clyde Glandon:&nbsp;&nbsp;<A HREF=thn_issue.h11.html#POEM8>11 #8</A><DD>Tulsa, Oklahoma</DT>
<DT>Irene Golas:&nbsp;&nbsp;<A HREF=thn_issue.h2.html#POEM7>2 #7</A><DD>Sudbury, Ontario, Canada</DT>
<DT>Carolyn Hall:&nbsp;&nbsp;<A HREF=thn_issue.h7.html#POEM8>7 #8</A>,
&nbsp;<A HREF=thn_issue.h9.html#POEM9>9 #9</A><DD>San Francisco, California</DT>
<DT>Penny Harter:&nbsp;&nbsp;<A HREF=thn_issue.h11.html#POEM3>11 #3</A><DD>Summit, New Jersey</DT>
<DT>Timothy Hawkes:&nbsp;&nbsp;<A HREF=thn_issue.h10.html#POEM4>10 #4</A><DD>Silver Spring, Maryland</DT>
<DT>William J. Higginson:&nbsp;&nbsp;<A HREF=thn_issue.h11.html#POEM2>11 #2</A><DD>Summit, New Jersey</DT>
<DT>Gary Hotham:&nbsp;&nbsp;<A HREF=thn_issue.h1.html#POEM4>1 #4</A>,
&nbsp;<A HREF=thn_issue.h2.html#POEM2>2 #2</A><DD>Zwingenberg, Germany</DT>
<DT>Elizabeth Howard:&nbsp;&nbsp;<A HREF=thn_issue.h5.html#POEM6>5 #6</A><DD>Crossville, Tennessee</DT>
<DT>Jörgen Johansson:&nbsp;&nbsp;<A HREF=thn_issue.h12.html#POEM3>12 #3</A><DD>Lidkaping, Sweden</DT>
<DT>Kirsty Karkow:&nbsp;&nbsp;<A HREF=thn_issue.h8.html#POEM7>8 #7</A><DD>Waldoboro, Maine</DT>
<DT>John Kinory:&nbsp;&nbsp;<A HREF=thn_issue.h3.html#POEM4>3 #4</A><DD>Steeple Aston, Oxfordshire, England</DT>
<DT>Joann Klontz:&nbsp;&nbsp;<A HREF=thn_issue.h5.html#POEM10>5 #10</A><DD>Swedesboro, New Jersey</DT>
<DT>Marcus Larsson:&nbsp;&nbsp;<A HREF=thn_issue.h12.html#POEM9>12 #9</A>,
&nbsp;<A HREF=thn_issue.h5.html#POEM7>5 #7</A><DD>Vaxjo, Sweden</DT>
<DT>Burnell Lippy:&nbsp;&nbsp;<A HREF=thn_issue.h12.html#POEM5>12 #5</A>,
&nbsp;<A HREF=thn_issue.h9.html#POEM1>9 #1</A><DD>Mt. Tremper, New York</DT>
<DT>paul m.:&nbsp;&nbsp;<A HREF=thn_issue.e1.html#POEM1>EC #1</A>,
&nbsp;<A HREF=thn_issue.h8.html#POEM5>8 #5</A><DD>Bristol, Rhode Island</DT>
<DT>Ed Markowski:&nbsp;&nbsp;<A HREF=thn_issue.h2.html#POEM3>2 #3</A><DD>Auburn Hills, Michigan</DT>
<DT>Allen McGill:&nbsp;&nbsp;<A HREF=thn_issue.h6.html#POEM10>6 #10</A>,
&nbsp;<A HREF=thn_issue.h6.html#POEM4>6 #4</A><DD>Jocotepec, Jalisco, Mexico</DT>
<DT>Scott Metz:&nbsp;&nbsp;<A HREF=thn_issue.e1.html#POEM2>EC #2</A><DD>Tsuyama, Japan</DT>
<DT>Sabine Miller:&nbsp;&nbsp;<A HREF=thn_issue.h9.html#POEM8>9 #8</A><DD>Lagunitas, California</DT>
<DT>Lenard D. Moore:&nbsp;&nbsp;<A HREF=thn_issue.h10.html#POEM9>10 #9</A><DD>Raleigh, North Carolina</DT>
<DT>H. F. Noyes:&nbsp;&nbsp;<A HREF=thn_issue.h4.html#POEM8>4 #8</A><DD>Politia, Attikis, Greece</DT>
<DT>Graham Nunn:&nbsp;&nbsp;<A HREF=thn_issue.h9.html#POEM7>9 #7</A><DD>Brisbane, Queensland, Australia</DT>
<DT>Marian Olson:&nbsp;&nbsp;<A HREF=thn_issue.h4.html#POEM4>4 #4</A><DD>Santa Fe, New Mexico</DT>
<DT>Victor Ortiz:&nbsp;&nbsp;<A HREF=thn_issue.e1.html#POEM3>EC #3</A><DD>San Pedro, California</DT>
<DT>William Palmer:&nbsp;&nbsp;<A HREF=thn_issue.h9.html#POEM10>9 #10</A><DD>Alma, Michigan</DT>
<DT>Lane Parker:&nbsp;&nbsp;<A HREF=thn_issue.h9.html#POEM3>9 #3</A><DD>San Francisco, California</DT>
<DT>Christopher Patchel:&nbsp;&nbsp;<A HREF=thn_issue.h13.html#POEM4>13 #4</A><DD>Chicago, Illinois</DT>
<DT>Paul Pfleuger, Jr.:&nbsp;&nbsp;<A HREF=thn_issue.h12.html#POEM8>12 #8</A>,
&nbsp;<A HREF=thn_issue.h3.html#POEM1>3 #1</A><DD>Chia-yi, Taiwan</DT>
<DT>Francine Porad:&nbsp;&nbsp;<A HREF=thn_issue.h8.html#POEM2>8 #2</A><DD>Belleview, Washington</DT>
<DT>Richard R. Powell:&nbsp;&nbsp;<A HREF=thn_issue.h9.html#POEM6>9 #6</A><DD>Nanaimo, British Columbia, Canada</DT>
<DT>Carol Purington:&nbsp;&nbsp;<A HREF=thn_issue.h13.html#POEM2>13 #2</A>,
&nbsp;<A HREF=thn_issue.h4.html#POEM6>4 #6</A><DD>Colrain, Massachusetts</DT>
<DT>K. Ramesh:&nbsp;&nbsp;<A HREF=thn_issue.h2.html#POEM8>2 #8</A><DD>Adyar, Chennai, India</DT>
<DT>Andrew Riutta:&nbsp;&nbsp;<A HREF=thn_issue.h1.html#POEM9>1 #9</A><DD>Traverse City, Michigan</DT>
<DT>Chad Lee Robinson:&nbsp;&nbsp;<A HREF=thn_issue.h1.html#POEM2>1 #2</A>,
&nbsp;<A HREF=thn_issue.h7.html#POEM9>7 #9</A><DD>Pierre, South Dakota</DT>
<DT>Shane Robitaille:&nbsp;&nbsp;<A HREF=thn_issue.h11.html#POEM6>11 #6</A><DD>South Hadley, Massachusetts</DT>
<DT>Carolyne Rohrig:&nbsp;&nbsp;<A HREF=thn_issue.h5.html#POEM5>5 #5</A><DD>Fremont, California</DT>
<DT>Emily Romano:&nbsp;&nbsp;<A HREF=thn_issue.h4.html#POEM1>4 #1</A><DD>Boonton, New Jersey</DT>
<DT>Michelle Root-Bernstein:&nbsp;&nbsp;<A HREF=thn_issue.h2.html#POEM4>2 #4</A><DD>East Lansing, Michigan</DT>
<DT>David H. Rosen:&nbsp;&nbsp;<A HREF=thn_issue.h12.html#POEM2>12 #2</A><DD>College Station, Texas</DT>
<DT>Bruce Ross:&nbsp;&nbsp;<A HREF=thn_issue.h7.html#POEM6>7 #6</A><DD>Orono, Maine</DT>
<DT>Bruce Roxburgh:&nbsp;&nbsp;<A HREF=thn_issue.h11.html#POEM1>11 #1</A><DD>Tea Gardens, New South Wales, Australia</DT>
<DT>Helen Russell:&nbsp;&nbsp;<A HREF=thn_issue.h3.html#POEM5>3 #5</A><DD>Issaquah, Washington</DT>
<DT>Dave Russo:&nbsp;&nbsp;<A HREF=thn_issue.h5.html#POEM2>5 #2</A><DD>Cary, North Carolina</DT>
<DT>Grant D. Savage:&nbsp;&nbsp;<A HREF=thn_issue.h4.html#POEM5>4 #5</A><DD>Ottawa, Ontario, Canada</DT>
<DT>Agnes Eva Savich:&nbsp;&nbsp;<A HREF=thn_issue.h1.html#POEM6>1 #6</A><DD>Austin, Texas</DT>
<DT>Ann K. Schwader:&nbsp;&nbsp;<A HREF=thn_issue.h6.html#POEM7>6 #7</A><DD>Westminster, Colorado</DT>
<DT>Adelaide B. Shaw:&nbsp;&nbsp;<A HREF=thn_issue.h10.html#POEM3>10 #3</A><DD>Scarsdale, New York</DT>
<DT>Sandra Simpson:&nbsp;&nbsp;<A HREF=thn_issue.h6.html#POEM5>6 #5</A><DD>Tauranga, New Zealand</DT>
<DT>Nancy Stewart Smith:&nbsp;&nbsp;<A HREF=thn_issue.h5.html#POEM9>5 #9</A><DD>Athens, Georgia</DT>
<DT>Sue Stanford:&nbsp;&nbsp;<A HREF=thn_issue.h4.html#POEM2>4 #2</A><DD>Melbourne, Victoria, Australia</DT>
<DT>Lynne Steel:&nbsp;&nbsp;<A HREF=thn_issue.h12.html#POEM10>12 #10</A><DD>Hillsboro Beach, Florida</DT>
<DT>John Stevenson:&nbsp;&nbsp;<A HREF=thn_issue.h1.html#POEM8>1 #8</A>,
&nbsp;<A HREF=thn_issue.h10.html#POEM6>10 #6</A><DD>Nassau, New York</DT>
<DT>Maria Steyn:&nbsp;&nbsp;<A HREF=thn_issue.h1.html#POEM3>1 #3</A>,
&nbsp;<A HREF=thn_issue.h3.html#POEM8>3 #8</A><DD>Johannesburg, South Africa</DT>
<DT>George Swede:&nbsp;&nbsp;<A HREF=thn_issue.h10.html#POEM8>10 #8</A>,
&nbsp;<A HREF=thn_issue.h6.html#POEM9>6 #9</A><DD>Toronto, Ontario, Canada</DT>
<DT>Rick Tarquinio:&nbsp;&nbsp;<A HREF=thn_issue.h6.html#POEM1>6 #1</A><DD>Bridgeton, New Jersey</DT>
<DT>Dietmar Tauchner:&nbsp;&nbsp;<A HREF=thn_issue.h8.html#POEM1>8 #1</A><DD>Puchberg, Austria</DT>
<DT>Tony A. Thompson:&nbsp;&nbsp;<A HREF=thn_issue.h4.html#POEM3>4 #3</A><DD>Lufkin, Texas</DT>
<DT>Tom Tico:&nbsp;&nbsp;<A HREF=thn_issue.h7.html#POEM4>7 #4</A><DD>San Francisco, California</DT>
<DT>Beverly Tift:&nbsp;&nbsp;<A HREF=thn_issue.h13.html#POEM3>13 #3</A><DD>Hamden, Connecticut</DT>
<DT>Hiroshi Tokui:&nbsp;&nbsp;<A HREF=thn_issue.h5.html#POEM4>5 #4</A><DD>Takasaki City, Japan</DT>
<DT>vincent tripi:&nbsp;&nbsp;<A HREF=thn_issue.h10.html#POEM7>10 #7</A>,
&nbsp;<A HREF=thn_issue.h11.html#POEM4>11 #4</A><DD>Greenfield, Massachusetts</DT>
<DT>Mitzi Trout:&nbsp;&nbsp;<A HREF=thn_issue.h3.html#POEM3>3 #3</A><DD>Rosswell, Georgia</DT>
<DT>Vladislav Vassiliev:&nbsp;&nbsp;<A HREF=thn_issue.h7.html#POEM2>7 #2</A><DD>London, England</DT>
<DT>Marilyn Appl Walker:&nbsp;&nbsp;<A HREF=thn_issue.h3.html#POEM6>3 #6</A><DD>Madison, Georgia</DT>
<DT>Linda Jeannette Ward:&nbsp;&nbsp;<A HREF=thn_issue.h1.html#POEM7>1 #7</A><DD>Coinjock, North Carolina</DT>
<DT>Michael Dylan Welch:&nbsp;&nbsp;<A HREF=thn_issue.h5.html#POEM3>5 #3</A><DD>Sammamish, Washington</DT>
<DT>Harriot West:&nbsp;&nbsp;<A HREF=thn_issue.h6.html#POEM2>6 #2</A><DD>Eugene, Oregon</DT>
<DT>Billie Wilson:&nbsp;&nbsp;<A HREF=thn_issue.h1.html#POEM5>1 #5</A><DD>Juneau, Alaska</DT>
<DT>Ruth Yarrow:&nbsp;&nbsp;<A HREF=thn_issue.h1.html#POEM1>1 #1</A>,
&nbsp;<A HREF=thn_issue.h4.html#POEM10>4 #10</A><DD>Seattle, Washington</DT>
<DT>Peter Yovu:&nbsp;&nbsp;<A HREF=thn_issue.h2.html#POEM9>2 #9</A>,
&nbsp;<A HREF=thn_issue.h5.html#POEM8>5 #8</A><DD>Middlesex, Vermont</DT>
<DT>Cindy Zackowitz:&nbsp;&nbsp;<A HREF=thn_issue.h7.html#POEM5>7 #5</A>,
&nbsp;<A HREF=thn_issue.h8.html#POEM4>8 #4</A><DD>Anchorage, Alaska</DT>
