<DT>Odd G. Aksnes:&nbsp;&nbsp;<A HREF=0506i1325/thn_issue.h3.html#POEM9>0506 3 #9</A><DD>Tonsberg, Norway</DT>
<DT>Stephen Amor:&nbsp;&nbsp;<A HREF=0509z1259/thn_issue.h3.html#POEM5>0509 3 #5</A><DD>Fremont, Ohio</DT>
<DT>Stephen Amor:&nbsp;&nbsp;<A HREF=0511c2024/thn_issue.h2.html#POEM10>0511 2 #10</A><DD>Fremont, Ohio</DT>
<DT>Hortensia Anderson:&nbsp;&nbsp;<A HREF=0510r1905/thn_issue.e1.html#POEM3>0510 EC #3</A><DD>New York, New York</DT>
<DT>Kay F. Anderson:&nbsp;&nbsp;<A HREF=0501y1157/thn_issue.h2.html#POEM02>0501 2 #2</A><DD>Redwood Shores, California</DT> 
<A HREF=0502b2116/thn_issue.h1.html#POEM05>0502 1 #5</A>
<A HREF=0503l1233/thn_issue.h3.html#POEM6>0503 3 #6</A>
<A HREF=0506i1325/thn_issue.h1.html#POEM5>0506 1 #5</A>
<A HREF=0507h1436/thn_issue.h5.html#POEM1>0507 5 #1</A>
<A HREF=0509z1259/thn_issue.h3.html#POEM10>0509 3 #10</A>
<A HREF=0511c2024/thn_issue.h5.html#POEM4>0511 5 #4</A>
<A HREF=0512e0005/thn_issue.h5.html#POEM1>0512 5 #1</A>
<DT>Fay Aoyagi:&nbsp;&nbsp;<A HREF=0504k1851/thn_issue.h4.html#POEM10>0504 4 #10</A><DD>San Francisco, California</DT>
<A HREF=0505j1022/thn_issue.h5.html#POEM8>0505 5 #8</A>
<A HREF=0510r1905/thn_issue.h1.html#POEM1>0510 1 #1</A>
<A HREF=0511c2024/thn_issue.h2.html#POEM8>0511 2 #8</A>
<A HREF=0512e0005/thn_issue.h4.html#POEM8>0512 4 #8</A>
<DT>Deborah Baker:&nbsp;&nbsp;<A HREF=0508f2006/thn_issue.h5.html#POEM5>0508 5 #5</A><DD>Americus, Georgia</DT>
<DT>John Barksdale:&nbsp;&nbsp;<A HREF=0502b2116/thn_issue.h1.html#POEM09>0502 1 #9</A><DD>Hermosa Beach, California</DT> 
<DT>Jack Barry:&nbsp;&nbsp;<A HREF=0501y1157/thn_issue.h2.html#POEM05>0501 2 #5</A><DD>Chesterfield, Massachusetts</DT> 
<A HREF=0503l1233/thn_issue.h2.html#POEM8>0503 2 #8</A>
<A HREF=0505j1022/thn_issue.h3.html#POEM10>0505 3 #10</A>
<A HREF=0508f2006/thn_issue.h3.html#POEM7>0508 3 #7</A>
<DT>Ernest J. Berry:&nbsp;&nbsp;<A HREF=0506i1325/thn_issue.h2.html#POEM4>0506 2 #4</A><DD>Picton, New Zealand</DT>
<A HREF=0507h1436/thn_issue.h1.html#POEM3>0507 1 #3</A>
<DT>Tony Beyer:&nbsp;&nbsp;<A HREF=0504k1851/thn_issue.h3.html#POEM9>0504 3 #9</A><DD>Mt. Eden, Auckland, New Zealand</DT>
<A HREF=0506i1325/thn_issue.h5.html#POEM5>0506 5 #5</A>
<A HREF=0509z1259/thn_issue.h3.html#POEM6>0509 3 #6</A>
<DT>Harold Bowes:&nbsp;&nbsp;<A HREF=0503l1233/thn_issue.h4.html#POEM6>0503 4 #6</A><DD>Pendleton, Oregon</DT>
<A HREF=0509z1259/thn_issue.h2.html#POEM5>0509 2 #5</A>
<DT>S. T. Boyle:&nbsp;&nbsp;<A HREF=0509z1259/thn_issue.h1.html#POEM5>0509 1 #5</A><DD>West Kill, New York</DT>
<DT>Mark Brooks:&nbsp;&nbsp;<A HREF=0501y1157/thn_issue.h3.html#POEM03>0501 3 #3</A><DD>Austin, Texas</DT> 
<DT>Randy M. Brooks:&nbsp;&nbsp;<A HREF=0501y1157/thn_issue.h4.html#POEM06>0501 4 #6</A><DD>Decatur, Illinois</DT> 
<A HREF=0502b2116/thn_issue.h3.html#POEM06>0502 3 #6</A>
<a href=0501y1157/thn_issue.e1.html#POEM01>0501 EC #1</a>
<DT>Naomi Y. Brown:&nbsp;&nbsp;<A HREF=0502b2116/thn_issue.h3.html#POEM02>0502 3 #2</A><DD>Sun City West, Arizona</DT> 
<A HREF=0503l1233/thn_issue.h2.html#POEM5>0503 2 #5</A>
<A HREF=0504k1851/thn_issue.h1.html#POEM5>0504 1 #5</A>
<A HREF=0507h1436/thn_issue.h4.html#POEM2>0507 4 #2</A>
<A HREF=0510r1905/thn_issue.h2.html#POEM3>0510 2 #3</A>
<A HREF=0512e0005/thn_issue.h5.html#POEM5>0512 5 #5</A>
<DT>Jerry M. Bryant:&nbsp;&nbsp;<A HREF=0512e0005/thn_issue.h3.html#POEM10>0512 3 #10</A><DD>Lula, Georgia</DT>
<DT>Helen Buckingham:&nbsp;&nbsp;<A HREF=0512e0005/thn_issue.h3.html#POEM8>0512 3 #8</A><DD>Bristol, Avon, England</DT>
<DT>Catherine Bullock:&nbsp;&nbsp;<A HREF=0502b2116/thn_issue.h1.html#POEM07>0502 1 #7</A><DD>Wahili, New Zealand</DT> 
<DT>Darrell Byrd:&nbsp;&nbsp;<A HREF=0509z1259/thn_issue.h1.html#POEM8>0509 1 #8</A><DD>El Centro, California</DT>
<DT>Yvonne Cabalona:&nbsp;&nbsp;<A HREF=0504k1851/thn_issue.h2.html#POEM4>0504 2 #4</A><DD>Modesto, California</DT>
<A HREF=0505j1022/thn_issue.e1.html#POEM3>0505 EC #3</A>,
<A HREF=0506i1325/thn_issue.h5.html#POEM4>0506 5 #4</A>,
<A HREF=0507h1436/thn_issue.h2.html#POEM6>0507 2 #6</A>,
<A HREF=0508f2006/thn_issue.h1.html#POEM1>0508 1 #1</A>,
<A HREF=0508f2006/thn_issue.h2.html#POEM8>0508 2 #8</A>,
<A HREF=0509z1259/thn_issue.h2.html#POEM4>0509 2 #4</A>,
<A HREF=0510r1905/thn_issue.h5.html#POEM8>0510 5 #8</A>
<DT>Barbara Campitelli:&nbsp;&nbsp;<A HREF=0505j1022/thn_issue.h5.html#POEM4>0505 5 #4</A><DD>Foster City, California</DT>
<DT>Moushumi Chakrabarty:&nbsp;&nbsp;<A HREF=0501y1157/thn_issue.h4.html#POEM03>0501 4 #3</A><DD>Mississauga, Ontario, Canada</DT> 
<DT>Yu Chang:&nbsp;&nbsp;<A HREF=0502b2116/thn_issue.h2.html#POEM02>0502 2 #2</A><DD>Schenectady, New York</DT> 
<A HREF=0504k1851/thn_issue.h5.html#POEM7>0504 5 #7</A>,
<A HREF=0512e0005/thn_issue.h1.html#POEM8>0512 1 #8</A>
<DT>Margaret Chula:&nbsp;&nbsp;<A HREF=0503l1233/thn_issue.h5.html#POEM1>0503 5 #1</A><DD>Portland, Oregon</DT>
<A HREF=0509z1259/thn_issue.h1.html#POEM2>0509 1 #2</A>
<DT>John Tiong Chunghoo:&nbsp;&nbsp;<A HREF=0509z1259/thn_issue.h3.html#POEM4>0509 3 #4</A><DD>Sarawak, Maylaysia</DT>
<A HREF=0510r1905/thn_issue.h2.html#POEM7>0510 2 #7</A>
<A HREF=0512e0005/thn_issue.h5.html#POEM10>0512 5 #10</A>
<DT>Glenn G. Coats:&nbsp;&nbsp;<A HREF=0511c2024/thn_issue.h1.html#POEM2>0511 1 #2</A><DD>Hellertown, Pennsylvania</DT>
<DT>Ion Codrescu:&nbsp;&nbsp;<A HREF=0506i1325/thn_issue.h3.html#POEM2>0506 3 #2</A><DD>Constanta, Romania</DT>
<DT>Sonia Cristina Coman:&nbsp;&nbsp;<A HREF=0506i1325/thn_issue.h4.html#POEM7>0506 4 #7</A><DD>Constanta, Romania</DT>
<A HREF=0512e0005/thn_issue.h3.html#POEM6>0512 3 #6</A>
<DT>Gillena Cox:&nbsp;&nbsp;<A HREF=0508f2006/thn_issue.h5.html#POEM2>0508 5 #2</A><DD>Port of Spain, Trinidad</DT>
<DT>Celia Crook:&nbsp;&nbsp;<A HREF=0504k1851/thn_issue.h5.html#POEM1>0504 5 #1</A><DD>Bloxham, Oxfordshire, England</DT>
<DT>Celia Crook:&nbsp;&nbsp;<A HREF=0505j1022/thn_issue.h1.html#POEM10>0505 1 #10</A><DD>Bloxham, Oxfordshire, England</DT>
<A HREF=0506i1325/thn_issue.h4.html#POEM6>0506 4 #6</A>
<A HREF=0508f2006/thn_issue.h3.html#POEM5>0508 3 #5</A>
<DT>Katherine Cudney:&nbsp;&nbsp;<A HREF=0507h1436/thn_issue.h5.html#POEM5>0507 5 #5</A><DD>Liberty, Tennessee</DT>
<A HREF=0508f2006/thn_issue.h5.html#POEM3>0508 5 #3</A>
<A HREF=0509z1259/thn_issue.h5.html#POEM8>0509 5 #8</A>
<A HREF=0510r1905/thn_issue.h1.html#POEM9>0510 1 #9</A>
<A HREF=0511c2024/thn_issue.h5.html#POEM5>0511 5 #5</A>
<A HREF=0512e0005/thn_issue.h3.html#POEM7>0512 3 #7</A>
<DT>William Cullen, Jr.:&nbsp;&nbsp;<A HREF=0503l1233/thn_issue.h1.html#POEM3>0503 1 #3</A><DD>Brooklyn, New York</DT>
<A HREF=0504k1851/thn_issue.h3.html#POEM4>0504 3 #4</A>
<A HREF=0505j1022/thn_issue.h5.html#POEM9>0505 5 #9</A>
<A HREF=0508f2006/thn_issue.h2.html#POEM10>0508 2 #10</A>
<A HREF=0509z1259/thn_issue.h2.html#POEM3>0509 2 #3</A>
<A HREF=0510r1905/thn_issue.h2.html#POEM2>0510 2 #2</A>
<A HREF=0512e0005/thn_issue.h1.html#POEM6>0512 1 #6</A>
<DT>Cherie Hunter Day:&nbsp;&nbsp;<A HREF=0501y1157/thn_issue.h1.html#POEM06>0501 1 #6</A><DD>San Diego, California</DT> 
<A HREF=0501y1157/thn_issue.h5.html#POEM00>0501 5 #0</A>
<A HREF=0502b2116/thn_issue.h3.html#POEM08>0502 3 #8</A>
<A HREF=0502b2116/thn_issue.h5.html#POEM06>0502 5 #6</A>
<A HREF=0503l1233/thn_issue.h4.html#POEM9>0503 4 #9</A>
<A HREF=0505j1022/thn_issue.h1.html#POEM4>0505 1 #4</A>
<A HREF=0507h1436/thn_issue.h2.html#POEM5>0507 2 #5</A>
<A HREF=0508f2006/thn_issue.h2.html#POEM4>0508 2 #4</A>
<A HREF=0509z1259/thn_issue.e1.html#POEM3>0509 EC #3</A>
<A HREF=0512e0005/thn_issue.h3.html#POEM5>0512 3 #5</A>
<DT>Marili Deandrea:&nbsp;&nbsp;<A HREF=0510r1905/thn_issue.h4.html#POEM8>0510 4 #8</A><DD>Torino, Italy</DT>
<DT>Angelee Deodhar:&nbsp;&nbsp;<A HREF=0501y1157/thn_issue.h4.html#POEM00>0501 4 #0</A><DD>Chandigarh, India</DT> 
<A HREF=0503l1233/thn_issue.h4.html#POEM4>0503 4 #4</A>
<A HREF=0505j1022/thn_issue.h2.html#POEM7>0505 2 #7</A>
<A HREF=0507h1436/thn_issue.h4.html#POEM4>0507 4 #4</A>
<A HREF=0508f2006/thn_issue.h5.html#POEM4>0508 5 #4</A>
<A HREF=0509z1259/thn_issue.h1.html#POEM3>0509 1 #3</A>
<A HREF=0512e0005/thn_issue.h5.html#POEM9>0512 5 #9</A>
<DT>Jasminka Nadaskic Diordievic:&nbsp;&nbsp;<A HREF=0502b2116/thn_issue.h2.html#POEM06>0502 2 #6</A><DD>Smederevo, Yugoslavia</DT> 
<A HREF=0504k1851/thn_issue.h3.html#POEM2>0504 3 #2</A>
<A HREF=0505j1022/thn_issue.h4.html#POEM9>0505 4 #9</A>
<A HREF=0512e0005/thn_issue.h2.html#POEM4>0512 2 #4</A>
<DT>Melissa Dixon:&nbsp;&nbsp;<A HREF=0503l1233/thn_issue.h3.html#POEM2>0503 3 #2</A><DD>Victoria, British Columbia, Canada</DT>
<DT>Connie Donleycott:&nbsp;&nbsp;<A HREF=0501y1157/thn_issue.h1.html#POEM00>0501 1 #0</A><DD>Bremerton, Washington</DT> 
<A HREF=0502b2116/thn_issue.h4.html#POEM04>0502 4 #4</A>
<A HREF=0503l1233/thn_issue.h4.html#POEM10>0503 4 #10</A>
<A HREF=0504k1851/thn_issue.h2.html#POEM8>0504 2 #8</A>
<A HREF=0505j1022/thn_issue.h4.html#POEM7>0505 4 #7</A>
<A HREF=0506i1325/thn_issue.h2.html#POEM3>0506 2 #3</A>
<A HREF=0507h1436/thn_issue.h4.html#POEM7>0507 4 #7</A>
<A HREF=0508f2006/thn_issue.h1.html#POEM8>0508 1 #8</A>
<A HREF=0508f2006/thn_issue.h5.html#POEM6>0508 5 #6</A>
<A HREF=0509z1259/thn_issue.e1.html#POEM1>0509 EC #1</A>
<A HREF=0509z1259/thn_issue.h4.html#POEM4>0509 4 #4</A>
<A HREF=0510r1905/thn_issue.e1.html#POEM1>0510 EC #1</A>
<A HREF=0511c2024/thn_issue.h1.html#POEM5>0511 1 #5</A>
<A HREF=0512e0005/thn_issue.h4.html#POEM4>0512 4 #4</A>
<DT>George Dorsty:&nbsp;&nbsp;<A HREF=0503l1233/thn_issue.h5.html#POEM9>0503 5 #9</A><DD>Jamesport, New York</DT>
<A HREF=0505j1022/thn_issue.h4.html#POEM10>0505 4 #10</A>
<A HREF=0506i1325/thn_issue.h3.html#POEM7>0506 3 #7</A>
<A HREF=0508f2006/thn_issue.h5.html#POEM7>0508 5 #7</A>
<A HREF=0509z1259/thn_issue.h2.html#POEM1>0509 2 #1</A>
<A HREF=0510r1905/thn_issue.h2.html#POEM5>0510 2 #5</A>
<A HREF=0511c2024/thn_issue.h2.html#POEM5>0511 2 #5</A>
<A HREF=0512e0005/thn_issue.h2.html#POEM3>0512 2 #3</A>
<DT>Ljubomir Dragovic:&nbsp;&nbsp;<A HREF=0505j1022/thn_issue.h1.html#POEM9>0505 1 #9</A><DD>Banja Luka, Bosnia & Hertzegovina</DT>
<DT>Michael Dudley:&nbsp;&nbsp;<A HREF=0512e0005/thn_issue.h4.html#POEM3>0512 4 #3</A><DD>Richmond, Ontario, Canada</DT>
<DT>Curtis Dunlap:&nbsp;&nbsp;<A HREF=0502b2116/thn_issue.h4.html#POEM06>0502 4 #6</A><DD>Mayodan, North Carolina</DT> 
<A HREF=0503l1233/thn_issue.h4.html#POEM5>0503 4 #5</A>
<A HREF=0504k1851/thn_issue.h4.html#POEM1>0504 4 #1</A>
<A HREF=0507h1436/thn_issue.h2.html#POEM7>0507 2 #7</A>
<A HREF=0508f2006/thn_issue.h2.html#POEM3>0508 2 #3</A>
<A HREF=0509z1259/thn_issue.h2.html#POEM9>0509 2 #9</A>
<A HREF=0510r1905/thn_issue.h1.html#POEM3>0510 1 #3</A>
<A HREF=0511c2024/thn_issue.h1.html#POEM4>0511 1 #4</A>
<DT>Marje A. Dyck:&nbsp;&nbsp;<A HREF=0507h1436/thn_issue.h2.html#POEM4>0507 2 #4</A><DD>Saskatoon, Saskatchewan, Canada</DT>
<A HREF=0507h1436/thn_issue.h2.html#POEM8>0507 2 #8</A>
<DT>Margarita Engle:&nbsp;&nbsp;<A HREF=0508f2006/thn_issue.h3.html#POEM3>0508 3 #3</A><DD>Clovis, California</DT>
<DT>Stephen Engleman:&nbsp;&nbsp;<A HREF=0501y1157/thn_issue.h3.html#POEM00>0501 3 #0</A><DD>Ithaca, New York</DT> 
<A HREF=0501y1157/thn_issue.h4.html#POEM05>0501 4 #5</A>
<A HREF=0502b2116/thn_issue.h2.html#POEM09>0502 2 #9</A>
<A HREF=0503l1233/thn_issue.h4.html#POEM7>0503 4 #7</A>
<A HREF=0511c2024/thn_issue.h1.html#POEM3>0511 1 #3</A>
<DT>Michael L. Evans:&nbsp;&nbsp;<A HREF=0501y1157/thn_issue.h4.html#POEM02>0501 4 #2</A><DD>Olalla, Washington</DT> 
<A HREF=0507h1436/thn_issue.h4.html#POEM5>0507 4 #5</A>
<DT>Michael L. Evans:&nbsp;&nbsp;<A HREF=0509z1259/thn_issue.h2.html#POEM10>0509 2 #10</A><DD>Ollala, Washington</DT>
<DT>Alice Frampton (Piper):&nbsp;&nbsp;<A HREF=0507h1436/thn_issue.h4.html#POEM9>0507 4 #9</A><DD>Delta, British Columbia, Canada</DT>
<A HREF=0509z1259/thn_issue.h1.html#POEM10>0509 1 #10</A>
<A HREF=0509z1259/thn_issue.h4.html#POEM5>0509 4 #5</A>
<A HREF=0511c2024/thn_issue.h2.html#POEM1>0511 2 #1</A>
<A HREF=0512e0005/thn_issue.h2.html#POEM7>0512 2 #7</A>
<DT>D. Claire Gallagher:&nbsp;&nbsp;<A HREF=0502b2116/thn_issue.h5.html#POEM04>0502 5 #4</A><DD>Sunnyvale, California</DT> 
<A HREF=0506i1325/thn_issue.h3.html#POEM5>0506 3 #5</A>
<A HREF=0508f2006/thn_issue.h2.html#POEM7>0508 2 #7</A>
<A HREF=0508f2006/thn_issue.h4.html#POEM3>0508 4 #3</A>
<A HREF=0509z1259/thn_issue.h1.html#POEM6>0509 1 #6</A>
<A HREF=0511c2024/thn_issue.h3.html#POEM5>0511 3 #5</A>
<A HREF=0512e0005/thn_issue.h2.html#POEM10>0512 2 #10</A>
<DT>Barry George:&nbsp;&nbsp;<A HREF=0501y1157/thn_issue.h1.html#POEM03>0501 1 #3</A><DD>Philadelphia, Pennsylvania</DT> 
<A HREF=0506i1325/thn_issue.h3.html#POEM1>0506 3 #1</A>
<A HREF=0511c2024/thn_issue.h1.html#POEM8>0511 1 #8</A>
<A HREF=0512e0005/thn_issue.h5.html#POEM4>0512 5 #4</A>
<DT>David Gershator:&nbsp;&nbsp;<A HREF=0505j1022/thn_issue.h2.html#POEM3>0505 2 #3</A><DD>St. Thomas, Virgin Islands</DT>
<DT>Brian Gierat:&nbsp;&nbsp;<A HREF=0504k1851/thn_issue.h4.html#POEM7>0504 4 #7</A><DD>Chicago, Illinois</DT>
<A HREF=0504k1851/thn_issue.h5.html#POEM9>0504 5 #9</A>
<A HREF=0506i1325/thn_issue.h1.html#POEM1>0506 1 #1</A>
<A HREF=0507h1436/thn_issue.h5.html#POEM8>0507 5 #8</A>
<A HREF=0508f2006/thn_issue.h4.html#POEM7>0508 4 #7</A>
<A HREF=0510r1905/thn_issue.h5.html#POEM10>0510 5 #10</A>
<DT>Robert Gilliland:&nbsp;&nbsp;<A HREF=0503l1233/thn_issue.h2.html#POEM10>0503 2 #10</A><DD>Austin, Texas</DT>
<A HREF=0503l1233/thn_issue.h3.html#POEM7>0503 3 #7</A>
<A HREF=0504k1851/thn_issue.h5.html#POEM10>0504 5 #10</A>
<A HREF=0504k1851/thn_issue.h5.html#POEM3>0504 5 #3</A>
<A HREF=0506i1325/thn_issue.e1.html#POEM3>0506 EC #3</A>
<A HREF=0506i1325/thn_issue.h2.html#POEM2>0506 2 #2</A>
<A HREF=0507h1436/thn_issue.e1.html#POEM3>0507 EC #3</A>
<A HREF=0507h1436/thn_issue.h3.html#POEM8>0507 3 #8</A>
<A HREF=0508f2006/thn_issue.e1.html#POEM1>0508 EC #1</A>
<A HREF=0509z1259/thn_issue.h4.html#POEM8>0509 4 #8</A>
<A HREF=0510r1905/thn_issue.h3.html#POEM10>0510 3 #10</A>
<A HREF=0510r1905/thn_issue.h3.html#POEM4>0510 3 #4</A>
<A HREF=0511c2024/thn_issue.h3.html#POEM9>0511 3 #9</A>
<A HREF=0512e0005/thn_issue.h3.html#POEM2>0512 3 #2</A>
<DT>Merrill Ann Gonzales:&nbsp;&nbsp;<A HREF=0502b2116/thn_issue.h4.html#POEM08>0502 4 #8</A><DD>Dayville, Connecticut</DT> 
<DT>LeRoy Gorman:&nbsp;&nbsp;<A HREF=0502b2116/thn_issue.h5.html#POEM09>0502 5 #9</A><DD>Napanee, Ontario, Canada</DT> 
<DT>Kay Grimnes:&nbsp;&nbsp;<A HREF=0503l1233/thn_issue.h3.html#POEM4>0503 3 #4</A><DD>Alma, Michigan</DT>
<A HREF=0504k1851/thn_issue.e1.html#POEM3>0504 EC #3</A>
<A HREF=0506i1325/thn_issue.h4.html#POEM4>0506 4 #4</A>
<A HREF=0507h1436/thn_issue.h2.html#POEM9>0507 2 #9</A>
<A HREF=0508f2006/thn_issue.h1.html#POEM9>0508 1 #9</A>
<A HREF=0509z1259/thn_issue.h1.html#POEM9>0509 1 #9</A>
<A HREF=0510r1905/thn_issue.h3.html#POEM2>0510 3 #2</A>
<A HREF=0512e0005/thn_issue.h4.html#POEM5>0512 4 #5</A>
<DT>Helga Härle:&nbsp;&nbsp;<a href="./0502b2116/thn_issue.e1.html#POEM03">0502 EC #3</a><DD>Stockholm, Sweden</DT>
<A HREF=0503l1233/thn_issue.h3.html#POEM8>0503 3 #8</A>
<A HREF=0505j1022/thn_issue.h2.html#POEM4>0505 2 #4</A>
<A HREF=0507h1436/thn_issue.h3.html#POEM6>0507 3 #6</A>
<A HREF=0509z1259/thn_issue.h5.html#POEM3>0509 5 #3</A>
<A HREF=0512e0005/thn_issue.h3.html#POEM4>0512 3 #4</A>
<DT>Nate Haken:&nbsp;&nbsp;<A HREF=0510r1905/thn_issue.h4.html#POEM4>0510 4 #4</A><DD>Wheaton, Illinois</DT>
<DT>Carolyn Hall:&nbsp;&nbsp;<A HREF=0501y1157/thn_issue.h3.html#POEM05>0501 3 #5</A><DD>San Francisco, California</DT> 
<A HREF=0501y1157/thn_issue.h5.html#POEM05>0501 5 #5</A>
<A HREF=0503l1233/thn_issue.h1.html#POEM2>0503 1 #2</A>
<A HREF=0504k1851/thn_issue.h2.html#POEM9>0504 2 #9</A>
<A HREF=0505j1022/thn_issue.h3.html#POEM3>0505 3 #3</A>
<A HREF=0506i1325/thn_issue.e1.html#POEM1>0506 EC #1</A>
<A HREF=0508f2006/thn_issue.e1.html#POEM2>0508 EC #2</A>
<A HREF=0510r1905/thn_issue.h2.html#POEM4>0510 2 #4</A>
<A HREF=0511c2024/thn_issue.h1.html#POEM10>0511 1 #10</A>
<A HREF=0512e0005/thn_issue.h4.html#POEM1>0512 4 #1</A>
<DT>Timothy Hawkes:&nbsp;&nbsp;<A HREF=0501y1157/thn_issue.h1.html#POEM08>0501 1 #8</A><DD>Silver Spring, Maryland</DT> 
<A HREF=0502b2116/thn_issue.h1.html#POEM06>0502 1 #6</A>
<A HREF=0503l1233/thn_issue.h5.html#POEM7>0503 5 #7</A>
<A HREF=0504k1851/thn_issue.h5.html#POEM4>0504 5 #4</A>
<A HREF=0505j1022/thn_issue.h3.html#POEM6>0505 3 #6</A>
<A HREF=0508f2006/thn_issue.h1.html#POEM4>0508 1 #4</A>
<A HREF=0508f2006/thn_issue.h3.html#POEM4>0508 3 #4</A>
<A HREF=0509z1259/thn_issue.h4.html#POEM9>0509 4 #9</A>
<A HREF=0510r1905/thn_issue.h3.html#POEM1>0510 3 #1</A>
<A HREF=0510r1905/thn_issue.h4.html#POEM2>0510 4 #2</A>
<A HREF=0511c2024/thn_issue.h5.html#POEM3>0511 5 #3</A>
<A HREF=0512e0005/thn_issue.e1.html#POEM1>0512 EC #1</A>
<DT>J. C. Herring:&nbsp;&nbsp;<A HREF=0501y1157/thn_issue.h5.html#POEM07>0501 5 #7</A><DD>Birmingham, Alabama</DT> 
<A HREF=0507h1436/thn_issue.h2.html#POEM3>0507 2 #3</A>
<A HREF=0508f2006/thn_issue.h4.html#POEM8>0508 4 #8</A>
<DT>Merle D. Hinchee:&nbsp;&nbsp;<A HREF=0507h1436/thn_issue.h3.html#POEM10>0507 3 #10</A><DD>Houma, Louisiana</DT>
<DT>Gary Hotham:&nbsp;&nbsp;<A HREF=0501y1157/thn_issue.h2.html#POEM04>0501 2 #4</A><DD>Laurel, Maryland</DT> 
<A HREF=0502b2116/thn_issue.h3.html#POEM09>0502 3 #9</A>
<A HREF=0503l1233/thn_issue.h2.html#POEM7>0503 2 #7</A>
<A HREF=0504k1851/thn_issue.h2.html#POEM2>0504 2 #2</A>
<A HREF=0505j1022/thn_issue.h4.html#POEM6>0505 4 #6</A>
<A HREF=0507h1436/thn_issue.h3.html#POEM5>0507 3 #5</A>
<A HREF=0509z1259/thn_issue.h4.html#POEM1>0509 4 #1</A>
<A HREF=0510r1905/thn_issue.h3.html#POEM6>0510 3 #6</A>
<A HREF=0511c2024/thn_issue.h1.html#POEM9>0511 1 #9</A>
<A HREF=0512e0005/thn_issue.h3.html#POEM3>0512 3 #3</A>
<DT>Elizabeth Howard:&nbsp;&nbsp;<A HREF=0501y1157/thn_issue.h1.html#POEM02>0501 1 #2</A><DD>Crossville, Tennessee</DT> 
<A HREF=0502b2116/thn_issue.h1.html#POEM08>0502 1 #8</A>
<A HREF=0504k1851/thn_issue.h4.html#POEM2>0504 4 #2</A>
<A HREF=0507h1436/thn_issue.h2.html#POEM1>0507 2 #1</A>
<A HREF=0509z1259/thn_issue.h4.html#POEM3>0509 4 #3</A>
<A HREF=0510r1905/thn_issue.h2.html#POEM8>0510 2 #8</A>
<A HREF=0510r1905/thn_issue.h5.html#POEM3>0510 5 #3</A>
<A HREF=0511c2024/thn_issue.h2.html#POEM6>0511 2 #6</A>
<A HREF=0512e0005/thn_issue.h2.html#POEM9>0512 2 #9</A>
<DT>jörgen johansson:&nbsp;&nbsp;<A HREF=0511c2024/thn_issue.h4.html#POEM8>0511 4 #8</A><DD>Lidköping, Sweden</DT>
<DT>Ryan Michael Jones:&nbsp;&nbsp;<A HREF=0506i1325/thn_issue.h1.html#POEM4>0506 1 #4</A><DD>Ramsey, Illinois</DT>
<A HREF=0507h1436/thn_issue.h5.html#POEM9>0507 5 #9</A>
<A HREF=0511c2024/thn_issue.h3.html#POEM1>0511 3 #1</A>
<DT>Kylan Jones-Huffman:&nbsp;&nbsp;<A HREF=0507h1436/thn_issue.h1.html#POEM2>0507 1 #2</A><DD>Juffair, Kingdom of Bahrain</DT>
<DT>Jean Jorgensen:&nbsp;&nbsp;<A HREF=0502b2116/thn_issue.h1.html#POEM01>0502 1 #1</A><DD>Edmonton, Alberta, Canada</DT> 
<DT>Jim Kacian:&nbsp;&nbsp;<A HREF=0510r1905/thn_issue.h2.html#POEM6>0510 2 #6</A><DD>Winchester, Virginia</DT>
<DT>Kirsty Karkow:&nbsp;&nbsp;<A HREF=0501y1157/thn_issue.h4.html#POEM09>0501 4 #9</A><DD>Waldoboro, Maine</DT> 
<A HREF=0502b2116/thn_issue.h2.html#POEM07>0502 2 #7</A>
<A HREF=0505j1022/thn_issue.h5.html#POEM10>0505 5 #10</A>
<A HREF=0506i1325/thn_issue.h1.html#POEM2>0506 1 #2</A>
<A HREF=0508f2006/thn_issue.h4.html#POEM9>0508 4 #9</A>
<A HREF=0510r1905/thn_issue.h1.html#POEM7>0510 1 #7</A>
<A HREF=0511c2024/thn_issue.h3.html#POEM2>0511 3 #2</A>
<DT>Bruce Kennedy:&nbsp;&nbsp;<A HREF=0503l1233/thn_issue.h3.html#POEM1>0503 3 #1</A><DD>Brooklyn, New York</DT>
<DT>Michael Ketchek:&nbsp;&nbsp;<A HREF=0502b2116/thn_issue.h4.html#POEM00>0502 4 #0</A><DD>Rochester, New York</DT> 
<A HREF=0503l1233/thn_issue.h2.html#POEM1>0503 2 #1</A>
<DT>Jerry Kilbride:&nbsp;&nbsp;<A HREF=0510r1905/thn_issue.h4.html#POEM6>0510 4 #6</A><DD>Sacramento, California</DT>
<A HREF=0512e0005/thn_issue.h2.html#POEM5>0512 2 #5</A>
<DT>Mary King:&nbsp;&nbsp;<A HREF=0511c2024/thn_issue.h4.html#POEM3>0511 4 #3</A><DD>Marblehead, Massachusetts</DT>
<DT>Joann Klontz:&nbsp;&nbsp;<A HREF=0501y1157/thn_issue.h1.html#POEM09>0501 1 #9</A><DD>Swedesboro, New Jersey</DT> 
<A HREF=0503l1233/thn_issue.h1.html#POEM8>0503 1 #8</A>
<A HREF=0509z1259/thn_issue.h2.html#POEM7>0509 2 #7</A>
<A HREF=0509z1259/thn_issue.h5.html#POEM4>0509 5 #4</A>
<DT>Rob Knell:&nbsp;&nbsp;<A HREF=0502b2116/thn_issue.h2.html#POEM05>0502 2 #5</A><DD>Nowra, New South Wales, Australia</DT> 
<A HREF=0503l1233/thn_issue.h3.html#POEM3>0503 3 #3</A>
<DT>Deborah P. Kolodji:&nbsp;&nbsp;<A HREF=0506i1325/thn_issue.h1.html#POEM7>0506 1 #7</A><DD>Temple City, California</DT>
<DT>Elizabeth Searle Lamb:&nbsp;&nbsp;<A HREF=0505j1022/thn_issue.e1.html#POEM1>0505 EC #1</A><DD>Santa Fe, New Mexico</DT>
<A HREF=0506i1325/thn_issue.h3.html#POEM4>0506 3 #4</A>
<A HREF=0511c2024/thn_issue.h3.html#POEM8>0511 3 #8</A>
<DT>Aruna Lakshmanan:&nbsp;&nbsp;<A HREF=0502b2116/thn_issue.h4.html#POEM09>0502 4 #9</A><DD>Omaha, Nebraska</DT> 
<A HREF=0502b2116/thn_issue.h5.html#POEM00>0502 5 #0</A>
<A HREF=0503l1233/thn_issue.h5.html#POEM4>0503 5 #4</A>
<DT>Andrew Lansdown:&nbsp;&nbsp;<A HREF=0508f2006/thn_issue.h4.html#POEM4>0508 4 #4</A><DD>Dianella, Australia</DT>
<DT>Rajiv Lather:&nbsp;&nbsp;<A HREF=0502b2116/thn_issue.h4.html#POEM02>0502 4 #2</A><DD>Haryana, India</DT> 
<DT>Rajiv Lather:&nbsp;&nbsp;<A HREF=0504k1851/thn_issue.h1.html#POEM10>0504 1 #10</A><DD>Haryana, India</DT>
<A HREF=0506i1325/thn_issue.h1.html#POEM8>0506 1 #8</A>
<A HREF=0508f2006/thn_issue.h2.html#POEM1>0508 2 #1</A>
<DT>J. B. Leong:&nbsp;&nbsp;<A HREF=0503l1233/thn_issue.h3.html#POEM10>0503 3 #10</A><DD>Singapore</DT>
<A HREF=0506i1325/thn_issue.h1.html#POEM9>0506 1 #9</A>
<A HREF=0508f2006/thn_issue.h3.html#POEM2>0508 3 #2</A>
<DT>Rebecca Lilly:&nbsp;&nbsp;<A HREF=0502b2116/thn_issue.h3.html#POEM07>0502 3 #7</A><DD>Port Republic, Virginia</DT> 
<A HREF=0504k1851/thn_issue.h4.html#POEM3>0504 4 #3</A>
<A HREF=0505j1022/thn_issue.h3.html#POEM1>0505 3 #1</A>
<A HREF=0506i1325/thn_issue.h4.html#POEM8>0506 4 #8</A>
<A HREF=0507h1436/thn_issue.h2.html#POEM2>0507 2 #2</A>
<A HREF=0510r1905/thn_issue.h5.html#POEM2>0510 5 #2</A>
<DT>Burnell Lippy:&nbsp;&nbsp;<A HREF=0501y1157/thn_issue.h3.html#POEM02>0501 3 #2</A><DD>Mt. Tremper, New York</DT> 
<A HREF=0502b2116/thn_issue.h3.html#POEM04>0502 3 #4</A>
<A HREF=0509z1259/thn_issue.h5.html#POEM7>0509 5 #7</A>
<A HREF=0511c2024/thn_issue.e1.html#POEM3>0511 EC #3</A>
<DT>paul m.:&nbsp;&nbsp;<A HREF=0501y1157/thn_issue.h2.html#POEM06>0501 2 #6</A><DD>San Francisco, California</DT> 
<A HREF=0502b2116/thn_issue.h1.html#POEM04>0502 1 #4</A>,
<A HREF=0504k1851/thn_issue.h1.html#POEM7>0504 1 #7</A>,
<A HREF=0505j1022/thn_issue.h4.html#POEM1>0505 4 #1</A>,
<A HREF=0506i1325/thn_issue.h3.html#POEM10>0506 3 #10</A>,
<A HREF=0507h1436/thn_issue.h2.html#POEM10>0507 2 #10</A,>
<A HREF=0508f2006/thn_issue.h1.html#POEM7>0508 1 #7</A>,
<A HREF=0509z1259/thn_issue.h2.html#POEM2>0509 2 #2</A>,
<A HREF=0510r1905/thn_issue.h5.html#POEM7>0510 5 #7</A>,
<A HREF=0512e0005/thn_issue.h1.html#POEM9>0512 1 #9</A>,
<A HREF=0512e0005/thn_issue.h4.html#POEM7>0512 4 #7</A>,
<a href=0502b2116/thn_issue.e1.html#POEM02">0502 EC #2</a>
<DT>Ray MacKenzie:&nbsp;&nbsp;<A HREF=0505j1022/thn_issue.h3.html#POEM9>0505 3 #9</A><DD>Torrin, Island of Skye, Scotland</DT>
<A HREF=0506i1325/thn_issue.h1.html#POEM10>0506 1 #10</A>
<A HREF=0506i1325/thn_issue.h5.html#POEM7>0506 5 #7</A>
<A HREF=0507h1436/thn_issue.h1.html#POEM7>0507 1 #7</A>
<DT>Robert Major:&nbsp;&nbsp;<A HREF=0507h1436/thn_issue.h4.html#POEM8>0507 4 #8</A><DD>Poulsbo, Washington</DT>
<DT>Tomislav Maretic:&nbsp;&nbsp;<A HREF=0509z1259/thn_issue.h4.html#POEM6>0509 4 #6</A><DD>Vrapche, Croatia</DT>
<A HREF=0511c2024/thn_issue.h2.html#POEM2>0511 2 #2</A>
<A HREF=0512e0005/thn_issue.h5.html#POEM7>0512 5 #7</A><DD>Vrapce, Croatia</DT>
<DT>Francis Masat:&nbsp;&nbsp;<A HREF=0505j1022/thn_issue.h1.html#POEM3>0505 1 #3</A><DD>Key West, Florida</DT>
<DT>Scott Mason:&nbsp;&nbsp;<A HREF=0503l1233/thn_issue.h3.html#POEM5>0503 3 #5</A><DD>Chappaqua, New York</DT>
<DT>Giselle Maya:&nbsp;&nbsp;<A HREF=0505j1022/thn_issue.h2.html#POEM1>0505 2 #1</A><DD>St-Martin de Castillon, France</DT>
<DT>Michael McClintock:&nbsp;&nbsp;<A HREF=0501y1157/thn_issue.h4.html#POEM01>0501 4 #1</A><DD>South Pasadena, California</DT> 
<A HREF=0503l1233/thn_issue.h1.html#POEM10>0503 1 #10</A>
<A HREF=0512e0005/thn_issue.h2.html#POEM2>0512 2 #2</A>
<DT>Mary Lee McClure:&nbsp;&nbsp;<A HREF=0508f2006/thn_issue.h3.html#POEM8>0508 3 #8</A><DD>Kokomo, Indiana</DT>
<DT>Allen McGill:&nbsp;&nbsp;<A HREF=0501y1157/thn_issue.h2.html#POEM01>0501 2 #1</A><DD>San Miguel de Allende, Mexico</DT> 
<A HREF=0502b2116/thn_issue.h2.html#POEM03>0502 2 #3</A>
<A HREF=0503l1233/thn_issue.h2.html#POEM4>0503 2 #4</A>
<A HREF=0504k1851/thn_issue.h4.html#POEM4>0504 4 #4</A>
<A HREF=0506i1325/thn_issue.h5.html#POEM9>0506 5 #9</A>
<A HREF=0507h1436/thn_issue.e1.html#POEM1>0507 EC #1</A>
<A HREF=0508f2006/thn_issue.h1.html#POEM6>0508 1 #6</A>
<A HREF=0510r1905/thn_issue.h3.html#POEM7>0510 3 #7</A>
<A HREF=0511c2024/thn_issue.h2.html#POEM9>0511 2 #9</A>
<A HREF=0512e0005/thn_issue.h1.html#POEM1>0512 1 #1</A>
<DT>R. D. McManes:&nbsp;&nbsp;<A HREF=0509z1259/thn_issue.h1.html#POEM4>0509 1 #4</A><DD>Scranton, Kansas</DT>
<DT>Mary Fran Meer:&nbsp;&nbsp;<A HREF=0501y1157/thn_issue.h4.html#POEM08>0501 4 #8</A><DD>Bellevue, Washington</DT> 
<DT>Michael Meyerhofer:&nbsp;&nbsp;<A HREF=0501y1157/thn_issue.h2.html#POEM07>0501 2 #7</A><DD>Coralville, Iowa</DT> 
<DT>Sue Mill:&nbsp;&nbsp;<A HREF=0504k1851/thn_issue.h3.html#POEM6>0504 3 #6</A><DD>Mansfield, Queensland, Australia</DT>
<A HREF=0510r1905/thn_issue.h5.html#POEM1>0510 5 #1</A>
<DT>Sabine Miller:&nbsp;&nbsp;<A HREF=0501y1157/thn_issue.h5.html#POEM01>0501 5 #1</A><DD>Lagunitas, California</DT> 
<A HREF=0502b2116/thn_issue.h3.html#POEM05>0502 3 #5</A>
<A HREF=0503l1233/thn_issue.h4.html#POEM2>0503 4 #2</A>
<A HREF=0504k1851/thn_issue.h3.html#POEM1>0504 3 #1</A>
<A HREF=0505j1022/thn_issue.h1.html#POEM8>0505 1 #8</A>
<A HREF=0505j1022/thn_issue.h5.html#POEM5>0505 5 #5</A>
<A HREF=0506i1325/thn_issue.h5.html#POEM10>0506 5 #10</A>
<A HREF=0508f2006/thn_issue.h3.html#POEM6>0508 3 #6</A>
<A HREF=0508f2006/thn_issue.h5.html#POEM8>0508 5 #8</A>
<A HREF=0509z1259/thn_issue.h5.html#POEM9>0509 5 #9</A>
<A HREF=0512e0005/thn_issue.h3.html#POEM9>0512 3 #9</A>
<DT>Emiko Miyashita:&nbsp;&nbsp;<A HREF=0502b2116/thn_issue.h1.html#POEM02>0502 1 #2</A><DD>Kawasaki, Japan</DT> 
<DT>Lenard D. Moore:&nbsp;&nbsp;<A HREF=0501y1157/thn_issue.h3.html#POEM06>0501 3 #6</A><DD>Raleigh, North Carolina</DT> 
<A HREF=0502b2116/thn_issue.h3.html#POEM03>0502 3 #3</A>
<A HREF=0503l1233/thn_issue.h3.html#POEM9>0503 3 #9</A>
<A HREF=0504k1851/thn_issue.h1.html#POEM1>0504 1 #1</A>
<A HREF=0508f2006/thn_issue.h2.html#POEM2>0508 2 #2</A>
<A HREF=0509z1259/thn_issue.h4.html#POEM7>0509 4 #7</A>
<A HREF=0510r1905/thn_issue.h4.html#POEM3>0510 4 #3</A>
<A HREF=0511c2024/thn_issue.h4.html#POEM5>0511 4 #5</A>
<A HREF=0512e0005/thn_issue.h1.html#POEM10>0512 1 #10</A>
<DT>Matt Morden:&nbsp;&nbsp;<A HREF=0501y1157/thn_issue.h4.html#POEM04>0501 4 #4</A><DD>Carregwen, Carmarthen, Wales</DT> 
<A HREF=0503l1233/thn_issue.h4.html#POEM3>0503 4 #3</A>
<A HREF=0503l1233/thn_issue.h5.html#POEM5>0503 5 #5</A>
<A HREF=0507h1436/thn_issue.h3.html#POEM4>0507 3 #4</A>
<A HREF=0510r1905/thn_issue.h3.html#POEM5>0510 3 #5</A>
<DT>June Moreau:&nbsp;&nbsp;<a href=0501y1157/thn_issue.e1.html#POEM02>0501 EC #2</a><DD>Lexington, Massachusetts</DT> 
<DT>H. Gene Murtha:&nbsp;&nbsp;<A HREF=0502b2116/thn_issue.h2.html#POEM00>0502 2 #0</A><DD>Buena, New Jersey</DT> 
<A HREF=0504k1851/thn_issue.h2.html#POEM7>0504 2 #7</A>
<A HREF=0505j1022/thn_issue.h2.html#POEM8>0505 2 #8</A>
<A HREF=0506i1325/thn_issue.h4.html#POEM2>0506 4 #2</A>
<A HREF=0511c2024/thn_issue.h5.html#POEM8>0511 5 #8</A>
<A HREF=0512e0005/thn_issue.h5.html#POEM3>0512 5 #3</A>
<DT>naia:&nbsp;&nbsp;<A HREF=0501y1157/thn_issue.h4.html#POEM07>0501 4 #7</A><DD>Oceanside, California</DT> 
<A HREF=0501y1157/thn_issue.h5.html#POEM03>0501 5 #3</A>
<A HREF=0502b2116/thn_issue.h4.html#POEM01>0502 4 #1</A>
<A HREF=0505j1022/thn_issue.h1.html#POEM6>0505 1 #6</A>
<A HREF=0506i1325/thn_issue.h2.html#POEM5>0506 2 #5</A>
<A HREF=0510r1905/thn_issue.h5.html#POEM4>0510 5 #4</A>
<DT>Pamela Miller Ness:&nbsp;&nbsp;<A HREF=0503l1233/thn_issue.h4.html#POEM1>0503 4 #1</A><DD>New York, New York</DT>
<A HREF=0507h1436/thn_issue.e1.html#POEM2>0507 EC #2</A>
<A HREF=0508f2006/thn_issue.h1.html#POEM2>0508 1 #2</A>
<A HREF=0509z1259/thn_issue.h1.html#POEM1>0509 1 #1</A>
<A HREF=0509z1259/thn_issue.h4.html#POEM2>0509 4 #2</A>
<A HREF=0510r1905/thn_issue.h4.html#POEM5>0510 4 #5</A>
<A HREF=0512e0005/thn_issue.h5.html#POEM2>0512 5 #2</A>
<DT>H. F. Noyes:&nbsp;&nbsp;<A HREF=0504k1851/thn_issue.h1.html#POEM6>0504 1 #6</A><DD>Politia, Attikis, Greece</DT>
<A HREF=0505j1022/thn_issue.h2.html#POEM10>0505 2 #10</A>
<A HREF=0506i1325/thn_issue.h1.html#POEM3>0506 1 #3</A>
<A HREF=0507h1436/thn_issue.h3.html#POEM1>0507 3 #1</A>
<A HREF=0510r1905/thn_issue.h3.html#POEM8>0510 3 #8</A>
<A HREF=0510r1905/thn_issue.h5.html#POEM5>0510 5 #5</A>
<A HREF=0511c2024/thn_issue.h1.html#POEM7>0511 1 #7</A>
<A HREF=0512e0005/thn_issue.h1.html#POEM5>0512 1 #5</A>
<A HREF=0503l1233/thn_issue.e1.html#POEM1>0503 EC #1</A>
<DT>John S. O&#146;Connor:&nbsp;&nbsp;<A HREF=0505j1022/thn_issue.h4.html#POEM8>0505 4 #8</A><DD>Chicago, Illinois</DT>
<A HREF=0506i1325/thn_issue.h3.html#POEM3>0506 3 #3</A>
<A HREF=0507h1436/thn_issue.h5.html#POEM7>0507 5 #7</A>
<DT>Marian Olson:&nbsp;&nbsp;<A HREF=0501y1157/thn_issue.h1.html#POEM01>0501 1 #1</A><DD>Santa Fe, New Mexico</DT> 
<A HREF=0502b2116/thn_issue.h5.html#POEM08>0502 5 #8</A>
<DT>Victor Ortiz:&nbsp;&nbsp;<A HREF=0502b2116/thn_issue.h4.html#POEM07>0502 4 #7</A><DD>San Pedro, California</DT> 
<A HREF=0503l1233/thn_issue.h1.html#POEM1>0503 1 #1</A>
<A HREF=0504k1851/thn_issue.h3.html#POEM8>0504 3 #8</A>
<A HREF=0507h1436/thn_issue.h3.html#POEM2>0507 3 #2</A>
<A HREF=0510r1905/thn_issue.h1.html#POEM6>0510 1 #6</A>
<A HREF=0511c2024/thn_issue.h5.html#POEM7>0511 5 #7</A>
<DT>John Ower:&nbsp;&nbsp;<A HREF=0505j1022/thn_issue.h3.html#POEM5>0505 3 #5</A><DD>Athens, Georgia</DT>
<DT>Tom Painting:&nbsp;&nbsp;<A HREF=0502b2116/thn_issue.h1.html#POEM03>0502 1 #3</A><DD>Rochester, New York</DT> 
<A HREF=0503l1233/thn_issue.h1.html#POEM4>0503 1 #4</A>
<A HREF=0504k1851/thn_issue.h1.html#POEM2>0504 1 #2</A>
<A HREF=0505j1022/thn_issue.h3.html#POEM8>0505 3 #8</A>
<A HREF=0506i1325/thn_issue.h2.html#POEM10>0506 2 #10</A>
<A HREF=0507h1436/thn_issue.h4.html#POEM10>0507 4 #10</A>
<A HREF=0508f2006/thn_issue.h3.html#POEM10>0508 3 #10</A>
<A HREF=0509z1259/thn_issue.h3.html#POEM1>0509 3 #1</A>
<A HREF=0510r1905/thn_issue.h5.html#POEM6>0510 5 #6</A>
<A HREF=0511c2024/thn_issue.h1.html#POEM1>0511 1 #1</A>
<A HREF=0512e0005/thn_issue.h2.html#POEM6>0512 2 #6</A>
<DT>Christopher Patchel:&nbsp;&nbsp;<A HREF=0506i1325/thn_issue.h1.html#POEM6>0506 1 #6</A><DD>Chicago, Illinois</DT>
<A HREF=0507h1436/thn_issue.h1.html#POEM1>0507 1 #1</A>
<A HREF=0508f2006/thn_issue.h5.html#POEM9>0508 5 #9</A>
<A HREF=0510r1905/thn_issue.h4.html#POEM1>0510 4 #1</A>
<DT>Matthew Paul:&nbsp;&nbsp;<A HREF=0504k1851/thn_issue.h5.html#POEM5>0504 5 #5</A><DD>Kingston upon Thames, Surrey, England</DT>
<A HREF=0509z1259/thn_issue.h4.html#POEM10>0509 4 #10</A>
<DT>Paul Pfleuger, Jr.:&nbsp;&nbsp;<A HREF=0511c2024/thn_issue.h4.html#POEM6>0511 4 #6</A><DD>Chia-yi, Taiwan</DT>
<A HREF=0512e0005/thn_issue.h5.html#POEM8>0512 5 #8</A>
<A HREF=0510r1905/thn_issue.h2.html#POEM10>0510 2 #10</A>
<DT>Greg Piko:&nbsp;&nbsp;<A HREF=0504k1851/thn_issue.h2.html#POEM10>0504 2 #10</A><DD>Canberra, Australia</DT>
<A HREF=0506i1325/thn_issue.h4.html#POEM3>0506 4 #3</A>
<A HREF=0508f2006/thn_issue.h2.html#POEM9>0508 2 #9</A>
<A HREF=0509z1259/thn_issue.h2.html#POEM6>0509 2 #6</A>
<DT>Piper (Alice Frampton):&nbsp;&nbsp;<A HREF=0507h1436/thn_issue.h4.html#POEM9>0507 4 #9</A><DD>Delta, British Columbia, Canada</DT>
<A HREF=0509z1259/thn_issue.h1.html#POEM10>0509 1 #10</A>
<A HREF=0509z1259/thn_issue.h4.html#POEM5>0509 4 #5</A>
<A HREF=0511c2024/thn_issue.h2.html#POEM1>0511 2 #1</A>
<A HREF=0512e0005/thn_issue.h2.html#POEM7>0512 2 #7</A>
<DT>Louis Pirro:&nbsp;&nbsp;<A HREF=0508f2006/thn_issue.h1.html#POEM3>0508 1 #3</A><DD>Pocatello, Idaho</DT>
<DT>Francine Porad:&nbsp;&nbsp;<A HREF=0501y1157/thn_issue.h3.html#POEM08>0501 3 #8</A><DD>Mercer Island, Washington</DT> 
<A HREF=0501y1157/thn_issue.h5.html#POEM09>0501 5 #9</A>
<A HREF=0504k1851/thn_issue.e1.html#POEM1>0504 EC #1</A>
<A HREF=0505j1022/thn_issue.h2.html#POEM5>0505 2 #5</A>
<A HREF=0512e0005/thn_issue.h1.html#POEM3>0512 1 #3</A>
<DT>Vanessa Proctor:&nbsp;&nbsp;<A HREF=0504k1851/thn_issue.h5.html#POEM2>0504 5 #2</A><DD>Sydney, New South Wales, Australia</DT>
<A HREF=0512e0005/thn_issue.h1.html#POEM2>0512 1 #2</A>
<DT>Elbert Pruitt:&nbsp;&nbsp;<A HREF=0504k1851/thn_issue.h3.html#POEM5>0504 3 #5</A><DD>Sarasota, Florida</DT>
<DT>Carol Purington:&nbsp;&nbsp;<A HREF=0507h1436/thn_issue.h5.html#POEM10>0507 5 #10</A><DD>Colrain, Massachusetts</DT>
<A HREF=0507h1436/thn_issue.h5.html#POEM2>0507 5 #2</A>
<DT>K. Ramesh:&nbsp;&nbsp;<A HREF=0501y1157/thn_issue.h3.html#POEM07>0501 3 #7</A><DD>Adyar, Chennai, India</DT> 
<A HREF=0502b2116/thn_issue.h4.html#POEM03>0502 4 #3</A>
<A HREF=0503l1233/thn_issue.h4.html#POEM8>0503 4 #8</A>
<A HREF=0505j1022/thn_issue.h2.html#POEM9>0505 2 #9</A>
<A HREF=0507h1436/thn_issue.h4.html#POEM3>0507 4 #3</A>
<A HREF=0509z1259/thn_issue.h5.html#POEM6>0509 5 #6</A>
<A HREF=0510r1905/thn_issue.h2.html#POEM9>0510 2 #9</A>
<A HREF=0511c2024/thn_issue.h3.html#POEM10>0511 3 #10</A>
<A HREF=0512e0005/thn_issue.h4.html#POEM10>0512 4 #10</A>
<DT>Bobby Richardson:&nbsp;&nbsp;<A HREF=0510r1905/thn_issue.h3.html#POEM3>0510 3 #3</A><DD>Miami, Florida</DT>
<DT>Carolyn Rohrig:&nbsp;&nbsp;<A HREF=0511c2024/thn_issue.h3.html#POEM4>0511 3 #4</A><DD>Fremont, California</DT>
<DT>Emily Romano:&nbsp;&nbsp;<A HREF=0501y1157/thn_issue.h1.html#POEM04>0501 1 #4</A><DD>Boonton, New Jersey</DT> 
<A HREF=0502b2116/thn_issue.h3.html#POEM01>0502 3 #1</A>
<A HREF=0505j1022/thn_issue.h2.html#POEM6>0505 2 #6</A>
<A HREF=0506i1325/thn_issue.h2.html#POEM1>0506 2 #1</A>
<A HREF=0507h1436/thn_issue.h3.html#POEM7>0507 3 #7</A>
<A HREF=0508f2006/thn_issue.h5.html#POEM1>0508 5 #1</A>
<A HREF=0511c2024/thn_issue.h4.html#POEM4>0511 4 #4</A>
<DT>Gabriel Rosenstock:&nbsp;&nbsp;<A HREF=0501y1157/thn_issue.h2.html#POEM08>0501 2 #8</A><DD>Gleann na gCaorach, Co Atha Cliath, Ireland</DT> 
<A HREF=0512e0005/thn_issue.e1.html#POEM3>0512 EC #3</A>
<DT>Bruce Ross:&nbsp;&nbsp;<A HREF=0502b2116/thn_issue.h3.html#POEM00>0502 3 #0</A><DD>Orono, Maine</DT> 
<A HREF=0506i1325/thn_issue.h4.html#POEM10>0506 4 #10</A>
<DT>Helen Russell:&nbsp;&nbsp;<A HREF=0510r1905/thn_issue.h1.html#POEM8>0510 1 #8</A><DD>Issaquah, Washington</DT>
<DT>Ann K. Schwader:&nbsp;&nbsp;<A HREF=0509z1259/thn_issue.h3.html#POEM7>0509 3 #7</A><DD>Westminster, Colorado</DT>
<DT>Adelaide Shaw:&nbsp;&nbsp;<A HREF=0503l1233/thn_issue.h2.html#POEM6>0503 2 #6</A><DD>Scarsdale, New York</DT>
<A HREF=0504k1851/thn_issue.h2.html#POEM5>0504 2 #5</A>
<A HREF=0506i1325/thn_issue.h3.html#POEM6>0506 3 #6</A>
<A HREF=0507h1436/thn_issue.h1.html#POEM8>0507 1 #8</A>
<A HREF=0508f2006/thn_issue.h5.html#POEM10>0508 5 #10</A>
<A HREF=0509z1259/thn_issue.h5.html#POEM2>0509 5 #2</A>
<A HREF=0510r1905/thn_issue.h4.html#POEM7>0510 4 #7</A>
<A HREF=0511c2024/thn_issue.h5.html#POEM6>0511 5 #6</A>
<DT>Kuniharu Shimizu:&nbsp;&nbsp;<A HREF=0506i1325/thn_issue.e1.html#POEM2>0506 EC #2</A><DD>Tenri, Japan</DT>
<A HREF=0509z1259/thn_issue.e1.html#POEM2>0509 EC #2</A>
<DT>Sandra Simpson:&nbsp;&nbsp;<A HREF=0503l1233/thn_issue.h1.html#POEM9>0503 1 #9</A><DD>Tauranga, New Zealand</DT>
<A HREF=0507h1436/thn_issue.h5.html#POEM4>0507 5 #4</A>
<A HREF=0511c2024/thn_issue.h3.html#POEM6>0511 3 #6</A>
<A HREF=0512e0005/thn_issue.h2.html#POEM8>0512 2 #8</A>
<DT>Mark Smith:&nbsp;&nbsp;<A HREF=0504k1851/thn_issue.h4.html#POEM5>0504 4 #5</A><DD>Keyser, West Virginia</DT>
<DT>Nancy Stewart Smith:&nbsp;&nbsp;<A HREF=0508f2006/thn_issue.h3.html#POEM9>0508 3 #9</A><DD>Athens, Georgia</DT>
<DT>Stacy Smith:&nbsp;&nbsp;<A HREF=0505j1022/thn_issue.h2.html#POEM2>0505 2 #2</A><DD>Anderson, Indiana</DT>
<DT>Sue Stanford:&nbsp;&nbsp;<A HREF=0511c2024/thn_issue.h4.html#POEM2>0511 4 #2</A><DD>Melbourne, Victoria, Australia</DT>
<A HREF=0512e0005/thn_issue.h3.html#POEM1>0512 3 #1</A>
<DT>Lynne Steel:&nbsp;&nbsp;<A HREF=0501y1157/thn_issue.h1.html#POEM05>0501 1 #5</A><DD>Hillsboro Beach, Florida</DT> 
<A HREF=0502b2116/thn_issue.h2.html#POEM04>0502 2 #4</A>
<A HREF=0503l1233/thn_issue.h2.html#POEM2>0503 2 #2</A>
<A HREF=0505j1022/thn_issue.h1.html#POEM5>0505 1 #5</A>
<A HREF=0505j1022/thn_issue.h3.html#POEM2>0505 3 #2</A>
<A HREF=0506i1325/thn_issue.h2.html#POEM9>0506 2 #9</A>
<A HREF=0508f2006/thn_issue.h4.html#POEM10>0508 4 #10</A>
<A HREF=0509z1259/thn_issue.h3.html#POEM3>0509 3 #3</A>
<A HREF=0510r1905/thn_issue.h1.html#POEM10>0510 1 #10</A>
<A HREF=0511c2024/thn_issue.h5.html#POEM2>0511 5 #2</A>
<A HREF=0512e0005/thn_issue.h4.html#POEM6>0512 4 #6</A>
<DT>Gary Steinberg:&nbsp;&nbsp;<A HREF=0503l1233/thn_issue.h5.html#POEM2>0503 5 #2</A><DD>Mahwah, New Jersey</DT>
<A HREF=0504k1851/thn_issue.h3.html#POEM7>0504 3 #7</A>
<A HREF=0505j1022/thn_issue.h5.html#POEM6>0505 5 #6</A>
<A HREF=0507h1436/thn_issue.h3.html#POEM3>0507 3 #3</A>
<A HREF=0512e0005/thn_issue.h1.html#POEM7>0512 1 #7</A>
<DT>Carmen Sterba:&nbsp;&nbsp;<A HREF=0503l1233/thn_issue.h5.html#POEM10>0503 5 #10</A><DD>Kamakura, Japan</DT>
<A HREF=0504k1851/thn_issue.h1.html#POEM4>0504 1 #4</A>
<A HREF=0505j1022/thn_issue.h5.html#POEM3>0505 5 #3</A>
<A HREF=0508f2006/thn_issue.h1.html#POEM10>0508 1 #10</A>
<A HREF=0509z1259/thn_issue.h3.html#POEM2>0509 3 #2</A>
<A HREF=0511c2024/thn_issue.h5.html#POEM1>0511 5 #1</A>
<DT>John Stevenson:&nbsp;&nbsp;<A HREF=0501y1157/thn_issue.h3.html#POEM04>0501 3 #4</A><DD>Nassau, New York</DT> 
<a href=0501y1157/thn_issue.e1.html#POEM03>0501 EC #3</a>
<A HREF=0502b2116/thn_issue.h5.html#POEM03>0502 5 #3</A>
<a href=0502b2116/thn_issue.e1.html#POEM01>0502 EC #1</A>
<A HREF=0503l1233/thn_issue.h5.html#POEM6>0503 5 #6</A>
<A HREF=0504k1851/thn_issue.h2.html#POEM6>0504 2 #6</A>
<A HREF=0504k1851/thn_issue.h3.html#POEM3>0504 3 #3</A>
<A HREF=0505j1022/thn_issue.h4.html#POEM4>0505 4 #4</A>
<A HREF=0505j1022/thn_issue.h5.html#POEM2>0505 5 #2</A>
<A HREF=0506i1325/thn_issue.h5.html#POEM2>0506 5 #2</A>
<A HREF=0507h1436/thn_issue.h4.html#POEM6>0507 4 #6</A>
<A HREF=0507h1436/thn_issue.h5.html#POEM3>0507 5 #3</A>
<A HREF=0508f2006/thn_issue.h4.html#POEM5>0508 4 #5</A>
<A HREF=0509z1259/thn_issue.h2.html#POEM8>0509 2 #8</A>
<A HREF=0510r1905/thn_issue.h1.html#POEM5>0510 1 #5</A>
<A HREF=0511c2024/thn_issue.h5.html#POEM10>0511 5 #10</A>
<A HREF=0512e0005/thn_issue.h4.html#POEM9>0512 4 #9</A>
<DT>Maria Steyn:&nbsp;&nbsp;<A HREF=0501y1157/thn_issue.h2.html#POEM00>0501 2 #0</A><DD>Johannesburg, South Africa</DT> 
<A HREF=0503l1233/thn_issue.h1.html#POEM6>0503 1 #6</A>
<A HREF=0504k1851/thn_issue.h4.html#POEM6>0504 4 #6</A>
<A HREF=0508f2006/thn_issue.h3.html#POEM1>0508 3 #1</A>
<A HREF=0509z1259/thn_issue.h3.html#POEM9>0509 3 #9</A>
<DT>George Swede:&nbsp;&nbsp;<A HREF=0504k1851/thn_issue.e1.html#POEM2>0504 EC #2</A><DD>Toronto, Ontario, Canada</DT>
<A HREF=0505j1022/thn_issue.h4.html#POEM3>0505 4 #3</A>
<A HREF=0506i1325/thn_issue.h2.html#POEM7>0506 2 #7</A>
<A HREF=0506i1325/thn_issue.h4.html#POEM1>0506 4 #1</A>
<DT>Patrick Sweeney:&nbsp;&nbsp;<A HREF=0504k1851/thn_issue.h4.html#POEM9>0504 4 #9</A><DD>Misawashi, Japan</DT>
<A HREF=0507h1436/thn_issue.h1.html#POEM5>0507 1 #5</A>
<DT>Anna Tambour:&nbsp;&nbsp;<A HREF=0501y1157/thn_issue.h3.html#POEM09>0501 3 #9</A><DD>Nowra, New South Wales, Australia</DT> 
<A HREF=0502b2116/thn_issue.h4.html#POEM05>0502 4 #5</A>
<A HREF=0502b2116/thn_issue.h5.html#POEM02>0502 5 #2</A>
<A HREF=0504k1851/thn_issue.h1.html#POEM9>0504 1 #9</A>
<A HREF=0505j1022/thn_issue.h3.html#POEM4>0505 3 #4</A>
<A HREF=0506i1325/thn_issue.h4.html#POEM5>0506 4 #5</A>
<A HREF=0507h1436/thn_issue.h1.html#POEM10>0507 1 #10</A>
<A HREF=0508f2006/thn_issue.h2.html#POEM6>0508 2 #6</A>
<A HREF=0511c2024/thn_issue.h4.html#POEM10>0511 4 #10</A>
<DT>Hilary Tann:&nbsp;&nbsp;<A HREF=0501y1157/thn_issue.h3.html#POEM01>0501 3 #1</A><DD>Schuylerville, New York</DT> 
<A HREF=0503l1233/thn_issue.h5.html#POEM8>0503 5 #8</A>
<A HREF=0504k1851/thn_issue.h1.html#POEM8>0504 1 #8</A>
<A HREF=0505j1022/thn_issue.h3.html#POEM7>0505 3 #7</A>
<A HREF=0506i1325/thn_issue.h5.html#POEM1>0506 5 #1</A>
<A HREF=0507h1436/thn_issue.h3.html#POEM9>0507 3 #9</A>
<A HREF=0508f2006/thn_issue.h1.html#POEM5>0508 1 #5</A>
<A HREF=0508f2006/thn_issue.h4.html#POEM2>0508 4 #2</A>
<A HREF=0510r1905/thn_issue.h2.html#POEM1>0510 2 #1</A>
<A HREF=0511c2024/thn_issue.h3.html#POEM7>0511 3 #7</A>
<DT>Dietmar Tauchner:&nbsp;&nbsp;<A HREF=0501y1157/thn_issue.h5.html#POEM04>0501 5 #4</A><DD>Puchberg, Austria</DT> 
<A HREF=0504k1851/thn_issue.h5.html#POEM6>0504 5 #6</A>
<A HREF=0507h1436/thn_issue.h5.html#POEM6>0507 5 #6</A>
<A HREF=0508f2006/thn_issue.h4.html#POEM1>0508 4 #1</A>
<A HREF=0509z1259/thn_issue.h1.html#POEM7>0509 1 #7</A>
<A HREF=0510r1905/thn_issue.h1.html#POEM2>0510 1 #2</A>
<A HREF=0511c2024/thn_issue.h4.html#POEM7>0511 4 #7</A>
<A HREF=0512e0005/thn_issue.h2.html#POEM1>0512 2 #1</A>
<DT>Carolyn Thomas:&nbsp;&nbsp;<A HREF=0507h1436/thn_issue.h1.html#POEM4>0507 1 #4</A><DD>Cathedral City, California</DT>
<DT>Doris Thurston:&nbsp;&nbsp;<A HREF=0503l1233/thn_issue.h2.html#POEM9>0503 2 #9</A><DD>Port Townsend, Washington</DT>
<DT>Stephen Toft:&nbsp;&nbsp;<A HREF=0510r1905/thn_issue.e1.html#POEM2>0510 EC #2</A><DD>Swansee, Wales</DT>
<A HREF=0511c2024/thn_issue.h2.html#POEM4>0511 2 #4</A>
<DT>Jennie Townsend:&nbsp;&nbsp;<A HREF=0501y1157/thn_issue.h1.html#POEM07>0501 1 #7</A><DD>O&#146;Fallon, Missouri</DT> 
<A HREF=0504k1851/thn_issue.h5.html#POEM8>0504 5 #8</A>
<A HREF=0506i1325/thn_issue.h5.html#POEM3>0506 5 #3</A>
<A HREF=0510r1905/thn_issue.h4.html#POEM9>0510 4 #9</A>
<A HREF=0511c2024/thn_issue.h3.html#POEM3>0511 3 #3</A>
<DT>vincent tripi:&nbsp;&nbsp;<A HREF=0503l1233/thn_issue.e1.html#POEM2>0503 EC #2</A><DD>Greenfield, Massachusetts</DT>
<A HREF=0503l1233/thn_issue.h1.html#POEM7>0503 1 #7</A>
<A HREF=0504k1851/thn_issue.h3.html#POEM10>0504 3 #10</A>
<A HREF=0504k1851/thn_issue.h4.html#POEM8>0504 4 #8</A>
<A HREF=0505j1022/thn_issue.e1.html#POEM2>0505 EC #2</A>
<A HREF=0506i1325/thn_issue.h2.html#POEM8>0506 2 #8</A>
<A HREF=0508f2006/thn_issue.e1.html#POEM3>0508 EC #3</A>
<A HREF=0509z1259/thn_issue.h5.html#POEM10>0509 5 #10</A>
<A HREF=0510r1905/thn_issue.h1.html#POEM4>0510 1 #4</A>
<A HREF=0511c2024/thn_issue.e1.html#POEM1>0511 EC #1</A>
<DT>Charles Trumbull:&nbsp;&nbsp;<A HREF=0505j1022/thn_issue.h1.html#POEM7>0505 1 #7</A><DD>Evanston, Illinois</DT>
<DT>Zinovy Vayman:&nbsp;&nbsp;<A HREF=0505j1022/thn_issue.h1.html#POEM2>0505 1 #2</A><DD>Moscow, Russia</DT>
<A HREF=0510r1905/thn_issue.h4.html#POEM10>0510 4 #10</A><DD>Moscow, Russia</DT>
<DT>Florence Vil\xe9n:&nbsp;&nbsp;<A HREF=0503l1233/thn_issue.e1.html#POEM3>0503 EC #3</A>Saltsj\366-Boo, Sweden</DT>
<A HREF=0509z1259/thn_issue.h5.html#POEM5>0509 5 #5</A>
<DT>Linda Jeannette Ward:&nbsp;&nbsp;<A HREF=0507h1436/thn_issue.h1.html#POEM6>0507 1 #6</A><DD>Coinjock, North Carolina</DT>
<A HREF=0509z1259/thn_issue.h3.html#POEM8>0509 3 #8</A>
<A HREF=0511c2024/thn_issue.e1.html#POEM2>0511 EC #2</A>
<A HREF=0511c2024/thn_issue.h5.html#POEM9>0511 5 #9</A>
<A HREF=0512e0005/thn_issue.e1.html#POEM2>0512 EC #2</A>
<DT>Gary Warner:&nbsp;&nbsp;<A HREF=0504k1851/thn_issue.h2.html#POEM1>0504 2 #1</A><DD>Birmingham, Alabama</DT>
<A HREF=0505j1022/thn_issue.h4.html#POEM2>0505 4 #2</A>
<DT>Michael Dylan Welch:&nbsp;&nbsp;<A HREF=0510r1905/thn_issue.h5.html#POEM9>0510 5 #9</A><DD>Sammamish, Washington</DT>
<A HREF=0511c2024/thn_issue.h2.html#POEM3>0511 2 #3</A>
<A HREF=0512e0005/thn_issue.h4.html#POEM2>0512 4 #2</A>
<DT>Nina Wicker:&nbsp;&nbsp;<A HREF=0501y1157/thn_issue.h5.html#POEM02>0501 5 #2</A><DD>Sanford, North Carolina</DT> 
<A HREF=0507h1436/thn_issue.h4.html#POEM1>0507 4 #1</A>
<A HREF=0511c2024/thn_issue.h4.html#POEM9>0511 4 #9</A>
<DT>Paul Wigelius:&nbsp;&nbsp;<A HREF=0502b2116/thn_issue.h5.html#POEM01>0502 5 #1</A><DD>Stockholm, Sweden</DT> 
<A HREF=0505j1022/thn_issue.h4.html#POEM5>0505 4 #5</A>
<A HREF=0505j1022/thn_issue.h5.html#POEM1>0505 5 #1</A>
<A HREF=0506i1325/thn_issue.h5.html#POEM6>0506 5 #6</A>
<A HREF=0511c2024/thn_issue.h2.html#POEM7>0511 2 #7</A>
<DT>Peter Williams:&nbsp;&nbsp;<A HREF=0502b2116/thn_issue.h5.html#POEM07>0502 5 #7</A><DD>Watford, Hertfordshire, England</DT> 
<DT>Billie Wilson:&nbsp;&nbsp;<A HREF=0503l1233/thn_issue.h1.html#POEM5>0503 1 #5</A><DD>Juneau, Alaska</DT>
<A HREF=0504k1851/thn_issue.h1.html#POEM3>0504 1 #3</A>
<A HREF=0505j1022/thn_issue.h1.html#POEM1>0505 1 #1</A>
<A HREF=0506i1325/thn_issue.h2.html#POEM6>0506 2 #6</A>
<A HREF=0507h1436/thn_issue.h1.html#POEM9>0507 1 #9</A>
<A HREF=0508f2006/thn_issue.h2.html#POEM5>0508 2 #5</A>
<DT>Jeffrey Winke:&nbsp;&nbsp;<A HREF=0511c2024/thn_issue.h4.html#POEM1>0511 4 #1</A><DD>Milwaukee, Wisconsin</DT>
<DT>Anita Wintz:&nbsp;&nbsp;<A HREF=0504k1851/thn_issue.h2.html#POEM3>0504 2 #3</A><DD>Idyllwild, California</DT>
<A HREF=0506i1325/thn_issue.h3.html#POEM8>0506 3 #8</A>
<DT>John W. Wisdom:&nbsp;&nbsp;<A HREF=0501y1157/thn_issue.h2.html#POEM09>0501 2 #9</A><DD>Sarasota, Florida</DT> 
<A HREF=0501y1157/thn_issue.h5.html#POEM06>0501 5 #6</A>
<A HREF=0502b2116/thn_issue.h2.html#POEM08>0502 2 #8</A>
<A HREF=0503l1233/thn_issue.h2.html#POEM3>0503 2 #3</A>
<A HREF=0506i1325/thn_issue.h4.html#POEM9>0506 4 #9</A>
<DT>Karina Young:&nbsp;&nbsp;<A HREF=0502b2116/thn_issue.h2.html#POEM01>0502 2 #1</A><DD>Salinas, California</DT> 
<DT>Cindy Zackowitz:&nbsp;&nbsp;<A HREF=0501y1157/thn_issue.h2.html#POEM03>0501 2 #3</A><DD>Anchorage, Alaska</DT> 
<A HREF=0501y1157/thn_issue.h5.html#POEM08>0501 5 #8</A>
<A HREF=0502b2116/thn_issue.h1.html#POEM00>0502 1 #0</A>
<A HREF=0502b2116/thn_issue.h5.html#POEM05>0502 5 #5</A>
<A HREF=0503l1233/thn_issue.h5.html#POEM3>0503 5 #3</A>
<A HREF=0505j1022/thn_issue.h5.html#POEM7>0505 5 #7</A>
<A HREF=0506i1325/thn_issue.h5.html#POEM8>0506 5 #8</A>
<A HREF=0508f2006/thn_issue.h4.html#POEM6>0508 4 #6</A>
<A HREF=0509z1259/thn_issue.h5.html#POEM1>0509 5 #1</A>
<A HREF=0510r1905/thn_issue.h3.html#POEM9>0510 3 #9</A>
<A HREF=0511c2024/thn_issue.h1.html#POEM6>0511 1 #6</A>
<A HREF=0512e0005/thn_issue.h1.html#POEM4>0512 1 #4</A>
<A HREF=0512e0005/thn_issue.h5.html#POEM6>0512 5 #6</A>
