<DT>Cherie Hunter Day:&nbsp;&nbsp;<A HREF=thn_issue.h1.html#POEM1>1 #1</A><DD>San Diego, California</DT>
<DT>Helen Ruggieri:&nbsp;&nbsp;<A HREF=thn_issue.h1.html#POEM2>1 #2</A><DD>Olean, New York</DT>
<DT>K. Ramesh:&nbsp;&nbsp;<A HREF=thn_issue.h1.html#POEM3>1 #3</A><DD>Adyar, Chennai, India</DT>
<DT>Marcus Larsson:&nbsp;&nbsp;<A HREF=thn_issue.h1.html#POEM4>1 #4</A><DD>Vaxjo, Sweden</DT>
<DT>Sabine Miller:&nbsp;&nbsp;<A HREF=thn_issue.h1.html#POEM5>1 #5</A><DD>Lagunitas, California</DT>
<DT>Yvonne Cabalona:&nbsp;&nbsp;<A HREF=thn_issue.h1.html#POEM6>1 #6</A><DD>Modesto, California</DT>
<DT>Kay Grimnes:&nbsp;&nbsp;<A HREF=thn_issue.h1.html#POEM7>1 #7</A><DD>Alma, Michigan</DT>
<DT>Dee Wood:&nbsp;&nbsp;<A HREF=thn_issue.h1.html#POEM8>1 #8</A><DD>Mattoon, Illinois</DT>
<DT>Tom Tico:&nbsp;&nbsp;<A HREF=thn_issue.h1.html#POEM9>1 #9</A><DD>San Francisco, California</DT>
<DT>Billie Wilson:&nbsp;&nbsp;<A HREF=thn_issue.h1.html#POEM10>1 #10</A><DD>Juneau, Alaska</DT>
<DT>Ruth Holzer:&nbsp;&nbsp;<A HREF=thn_issue.h2.html#POEM1>2 #1</A><DD>Herndon, Virginia</DT>
<DT>Agnes Eva Savich:&nbsp;&nbsp;<A HREF=thn_issue.h2.html#POEM2>2 #2</A><DD>Austin, Texas</DT>
<DT>Peter Yovu:&nbsp;&nbsp;<A HREF=thn_issue.h2.html#POEM3>2 #3</A><DD>Middlesex, Vermont</DT>
<DT>Paul Pfleuger, Jr.:&nbsp;&nbsp;<A HREF=thn_issue.h2.html#POEM4>2 #4</A><DD>Taiwan</DT>
<DT>Carolyn Hall:&nbsp;&nbsp;<A HREF=thn_issue.h2.html#POEM5>2 #5</A><DD>San Francisco, California</DT>
<DT>D. Claire Gallagher:&nbsp;&nbsp;<A HREF=thn_issue.h2.html#POEM6>2 #6</A><DD>Sunnyvale, California</DT>
<DT>Sue Mill:&nbsp;&nbsp;<A HREF=thn_issue.h2.html#POEM7>2 #7</A><DD>Mansfield, Queensland, Australia</DT>
<DT>Tony Beyer:&nbsp;&nbsp;<A HREF=thn_issue.h2.html#POEM8>2 #8</A><DD>Mt. Eden, Auckland, New Zealand</DT>
<DT>George Swede:&nbsp;&nbsp;<A HREF=thn_issue.h2.html#POEM9>2 #9</A><DD>Toronto, Ontario, Canada</DT>
<DT>Ruth Yarrow:&nbsp;&nbsp;<A HREF=thn_issue.h2.html#POEM10>2 #10</A><DD>Seattle, Washington</DT>
<DT>Ian Daw:&nbsp;&nbsp;<A HREF=thn_issue.h3.html#POEM1>3 #1</A><DD>Lancaster, Lancashire, England</DT>
<DT>Sue Stanford:&nbsp;&nbsp;<A HREF=thn_issue.h3.html#POEM2>3 #2</A><DD>Melbourne, Victoria, Australia</DT>
<DT>Michael McClintock:&nbsp;&nbsp;<A HREF=thn_issue.h3.html#POEM3>3 #3</A><DD>South Pasadena, California</DT>
<DT>paul m.:&nbsp;&nbsp;<A HREF=thn_issue.h3.html#POEM4>3 #4</A><DD>Bristol, Rhode Island</DT>
<DT>Emily Romano:&nbsp;&nbsp;<A HREF=thn_issue.h3.html#POEM5>3 #5</A><DD>Boonton, New Jersey</DT>
<DT>William Cullen, Jr.:&nbsp;&nbsp;<A HREF=thn_issue.h3.html#POEM6>3 #6</A><DD>Brooklyn, New York</DT>
<DT>Andrea Cecon:&nbsp;&nbsp;<A HREF=thn_issue.h3.html#POEM7>3 #7</A><DD>Udine, Italy</DT>
<DT>Dejah Leger:&nbsp;&nbsp;<A HREF=thn_issue.h3.html#POEM8>3 #8</A><DD>Seattle, Washington</DT>
<DT>Rick Tarquinio:&nbsp;&nbsp;<A HREF=thn_issue.h3.html#POEM9>3 #9</A><DD>Bridgeton, New Jersey</DT>
<DT>Curtis Dunlap:&nbsp;&nbsp;<A HREF=thn_issue.h3.html#POEM10>3 #10</A><DD>Mayodan, North Carolina</DT>
<DT>Linda Jeannette Ward:&nbsp;&nbsp;<A HREF=thn_issue.h4.html#POEM1>4 #1</A><DD>Coinjock, North Carolina</DT>
<DT>Vasile Moldovan:&nbsp;&nbsp;<A HREF=thn_issue.h4.html#POEM2>4 #2</A><DD>Bucharest, Romania</DT>
<DT>Deborah Kolodji:&nbsp;&nbsp;<A HREF=thn_issue.h4.html#POEM3>4 #3</A><DD>Temple City, California</DT>
<DT>Vanessa Proctor:&nbsp;&nbsp;<A HREF=thn_issue.h4.html#POEM4>4 #4</A><DD>Sydney, New South Wales, Australia</DT>
<DT>Emily Romano:&nbsp;&nbsp;<A HREF=thn_issue.h4.html#POEM5>4 #5</A><DD>Boonton, New Jersey</DT>
<DT>John Kinory:&nbsp;&nbsp;<A HREF=thn_issue.h4.html#POEM6>4 #6</A><DD>Steeple Aston, Oxfordshire, England</DT>
<DT>Janelle Barrera:&nbsp;&nbsp;<A HREF=thn_issue.h4.html#POEM7>4 #7</A><DD>Key West, Florida</DT>
<DT>Carmen Sterba:&nbsp;&nbsp;<A HREF=thn_issue.h4.html#POEM8>4 #8</A><DD>Meadeville, Pennsylvania</DT>
<DT>Jasminka Nadaskic Diordievic:&nbsp;&nbsp;<A HREF=thn_issue.h4.html#POEM9>4 #9</A><DD>Smederevo, Yugoslavia</DT>
<DT>Tom Tico:&nbsp;&nbsp;<A HREF=thn_issue.h4.html#POEM10>4 #10</A><DD>San Francisco, California</DT>
<DT>Paul Watsky:&nbsp;&nbsp;<A HREF=thn_issue.h5.html#POEM1>5 #1</A><DD>San Francisco, California</DT>
<DT>Jörgen Johansson:&nbsp;&nbsp;<A HREF=thn_issue.h5.html#POEM2>5 #2</A><DD>Lidkaping, Sweden</DT>
<DT>Margaret Chula:&nbsp;&nbsp;<A HREF=thn_issue.h5.html#POEM3>5 #3</A><DD>Portland, Oregon</DT>
<DT>Joshua Gage:&nbsp;&nbsp;<A HREF=thn_issue.h5.html#POEM4>5 #4</A><DD>Cleveland, Ohio</DT>
<DT>Charlie Close:&nbsp;&nbsp;<A HREF=thn_issue.h5.html#POEM5>5 #5</A><DD>Goodrich, Michigan</DT>
<DT>Gary Hotham:&nbsp;&nbsp;<A HREF=thn_issue.h5.html#POEM6>5 #6</A><DD>Laurel, Maryland</DT>
<DT>Mike Dillon:&nbsp;&nbsp;<A HREF=thn_issue.h5.html#POEM7>5 #7</A><DD>Indianola, Washington</DT>
<DT>Nancy Stewart Smith:&nbsp;&nbsp;<A HREF=thn_issue.h5.html#POEM8>5 #8</A><DD>Athens, Georgia</DT>
<DT>John W. Sexton:&nbsp;&nbsp;<A HREF=thn_issue.h5.html#POEM9>5 #9</A><DD>County Kerry, Republic of Ireland</DT>
<DT>Andrew Riutta:&nbsp;&nbsp;<A HREF=thn_issue.h5.html#POEM10>5 #10</A><DD>Traverse City, MI</DT>
<DT>Adelaide B. Shaw:&nbsp;&nbsp;<A HREF=thn_issue.h6.html#POEM1>6 #1</A><DD>Scarsdale, New York</DT>
<DT>Francine Porad:&nbsp;&nbsp;<A HREF=thn_issue.h6.html#POEM2>6 #2</A><DD>Belleview, Washington</DT>
<DT>Bruce Ross:&nbsp;&nbsp;<A HREF=thn_issue.h6.html#POEM3>6 #3</A><DD>Orono, Maine</DT>
<DT>Betty Kaplan:&nbsp;&nbsp;<A HREF=thn_issue.h6.html#POEM4>6 #4</A><DD>Aventura, Florida</DT>
<DT>Mike W. Blottenberger:&nbsp;&nbsp;<A HREF=thn_issue.h6.html#POEM5>6 #5</A><DD>Hanover, Pennsylvania</DT>
<DT>David H. Rosen:&nbsp;&nbsp;<A HREF=thn_issue.h6.html#POEM6>6 #6</A><DD>College Station, Texas</DT>
<DT>Chad Lee Robinson:&nbsp;&nbsp;<A HREF=thn_issue.h6.html#POEM7>6 #7</A><DD>Pierre, South Dakota</DT>
<DT>Maria Tadd:&nbsp;&nbsp;<A HREF=thn_issue.h6.html#POEM8>6 #8</A><DD>Chapel Hill, North Carolina</DT>
<DT>Patricia Prime:&nbsp;&nbsp;<A HREF=thn_issue.h6.html#POEM9>6 #9</A><DD>Auckland, New Zealand</DT>
<DT>D. Claire Gallagher:&nbsp;&nbsp;<A HREF=thn_issue.h6.html#POEM10>6 #10</A><DD>Sunnyvale, California</DT>
<DT>Ellen Compton:&nbsp;&nbsp;<A HREF=thn_issue.h7.html#POEM1>7 #1</A><DD>Washington, D.C.</DT>
<DT>Carlos Colon:&nbsp;&nbsp;<A HREF=thn_issue.h7.html#POEM2>7 #2</A><DD>Shreveport, Louisiana</DT>
<DT>Helen Russell:&nbsp;&nbsp;<A HREF=thn_issue.h7.html#POEM3>7 #3</A><DD>Issaquah, Washington</DT>
<DT>Timothy Hawkes:&nbsp;&nbsp;<A HREF=thn_issue.h7.html#POEM4>7 #4</A><DD>Silver Spring, Maryland</DT>
<DT>Michael McClintock:&nbsp;&nbsp;<A HREF=thn_issue.h7.html#POEM5>7 #5</A><DD>South Pasadena, California</DT>
<DT>paul m.:&nbsp;&nbsp;<A HREF=thn_issue.h7.html#POEM6>7 #6</A><DD>Bristol, Rhode Island</DT>
<DT>Lane Parker:&nbsp;&nbsp;<A HREF=thn_issue.h7.html#POEM7>7 #7</A><DD>San Francisco, California</DT>
<DT>Dietmar Tauchner:&nbsp;&nbsp;<A HREF=thn_issue.h7.html#POEM8>7 #8</A><DD>Puchberg, Austria</DT>
<DT>David Andrews:&nbsp;&nbsp;<A HREF=thn_issue.h7.html#POEM9>7 #9</A><DD>????????????????????</DT>
<DT>Barry George:&nbsp;&nbsp;<A HREF=thn_issue.h7.html#POEM10>7 #10</A><DD>Philadelphia, Pennsylvania</DT>
<DT>Karen Klein:&nbsp;&nbsp;<A HREF=thn_issue.h8.html#POEM1>8 #1</A><DD>Cambridge, Massachusetts</DT>
<DT>John Stevenson:&nbsp;&nbsp;<A HREF=thn_issue.h8.html#POEM2>8 #2</A><DD>Nassau, New York</DT>
<DT>Frances Angela:&nbsp;&nbsp;<A HREF=thn_issue.h8.html#POEM3>8 #3</A><DD>London, England</DT>
<DT>Timothy Hawkes:&nbsp;&nbsp;<A HREF=thn_issue.h8.html#POEM4>8 #4</A><DD>Silver Spring, Maryland</DT>
<DT>DeVar Dahl:&nbsp;&nbsp;<A HREF=thn_issue.h8.html#POEM5>8 #5</A><DD>Magrath, Alberta, Canada</DT>
<DT>Burnell Lippy:&nbsp;&nbsp;<A HREF=thn_issue.h8.html#POEM6>8 #6</A><DD>Mt. Tremper, New York</DT>
<DT>Dave Russo:&nbsp;&nbsp;<A HREF=thn_issue.h8.html#POEM7>8 #7</A><DD>Cary, North Carolina</DT>
<DT>George Swede:&nbsp;&nbsp;<A HREF=thn_issue.h8.html#POEM8>8 #8</A><DD>Toronto, Ontario, Canada</DT>
<DT>Marilyn Appl Walker:&nbsp;&nbsp;<A HREF=thn_issue.h8.html#POEM9>8 #9</A><DD>Madison, Georgia</DT>
<DT>Stephen Engleman:&nbsp;&nbsp;<A HREF=thn_issue.h8.html#POEM10>8 #10</A><DD>Ithaca, New York</DT>
<DT>Merrill Ann Gonzales:&nbsp;&nbsp;<A HREF=thn_issue.h9.html#POEM1>9 #1</A><DD>Dayville, Connecticut</DT>
<DT>Matt Morden:&nbsp;&nbsp;<A HREF=thn_issue.h9.html#POEM2>9 #2</A><DD>Hermon, Wales</DT>
<DT>Linda Jeannette Ward:&nbsp;&nbsp;<A HREF=thn_issue.h9.html#POEM3>9 #3</A><DD>Coinjock, North Carolina</DT>
<DT>Kay F. Anderson:&nbsp;&nbsp;<A HREF=thn_issue.h9.html#POEM4>9 #4</A><DD>Redwood Shores, California</DT>
<DT>Jack Barry:&nbsp;&nbsp;<A HREF=thn_issue.h9.html#POEM5>9 #5</A><DD>Chesterfield, Massachusetts</DT>
<DT>Lenard D. Moore:&nbsp;&nbsp;<A HREF=thn_issue.h9.html#POEM6>9 #6</A><DD>Raleigh, North Carolina</DT>
<DT>Elizabeth Howard:&nbsp;&nbsp;<A HREF=thn_issue.h9.html#POEM7>9 #7</A><DD>Crossville, Tennessee</DT>
<DT>Gary Hotham:&nbsp;&nbsp;<A HREF=thn_issue.h9.html#POEM8>9 #8</A><DD>Laurel, Maryland</DT>
<DT>Grant D. Savage:&nbsp;&nbsp;<A HREF=thn_issue.h9.html#POEM9>9 #9</A><DD>Ottawa, Ontario, Canada</DT>
<DT>Laryalee Fraser:&nbsp;&nbsp;<A HREF=thn_issue.h9.html#POEM10>9 #10</A><DD>Salmon Arm, British Columbia, Canada</DT>
<DT>Connie Donleycott:&nbsp;&nbsp;<A HREF=thn_issue.h10.html#POEM1>10 #1</A><DD>Bremerton, Washington</DT>
<DT>Robert D. Wilson:&nbsp;&nbsp;<A HREF=thn_issue.h10.html#POEM2>10 #2</A><DD>Los Banos, Laguna, Philippines</DT>
<DT>Paula Fisher:&nbsp;&nbsp;<A HREF=thn_issue.h10.html#POEM3>10 #3</A><DD>Key Largo, Florida</DT>
<DT>John Stevenson:&nbsp;&nbsp;<A HREF=thn_issue.h10.html#POEM4>10 #4</A><DD>Nassau, New York</DT>
<DT>Paul Wigelius:&nbsp;&nbsp;<A HREF=thn_issue.h10.html#POEM5>10 #5</A><DD>Stockholm, Sweden</DT>
<DT>Dietmar Tauchner:&nbsp;&nbsp;<A HREF=thn_issue.h10.html#POEM6>10 #6</A><DD>Puchberg, Austria</DT>
<DT>Elaine King:&nbsp;&nbsp;<A HREF=thn_issue.h10.html#POEM7>10 #7</A><DD>Auckland, New Zealand</DT>
<DT>Carole MacRury:&nbsp;&nbsp;<A HREF=thn_issue.h10.html#POEM8>10 #8</A><DD>Port Roberts, Washington</DT>
<DT>Cindy Zackowitz:&nbsp;&nbsp;<A HREF=thn_issue.h10.html#POEM9>10 #9</A><DD>Anchorage, Alaska</DT>
<DT>Scott Mason:&nbsp;&nbsp;<A HREF=thn_issue.h10.html#POEM10>10 #10</A><DD>Chappaqua, New York</DT>
<DT>Ray Rasmussen:&nbsp;&nbsp;<A HREF=thn_issue.h11.html#POEM1>11 #1</A><DD>Edmonton, Alberta, Canada</DT>
<DT>H. Gene Murtha:&nbsp;&nbsp;<A HREF=thn_issue.h11.html#POEM2>11 #2</A><DD>Buena, New Jersey</DT>
<DT>Fay Aoyagi:&nbsp;&nbsp;<A HREF=thn_issue.h11.html#POEM3>11 #3</A><DD>San Francisco, California</DT>
<DT>Brent Partridge:&nbsp;&nbsp;<A HREF=thn_issue.h11.html#POEM4>11 #4</A><DD>Orinda, California</DT>
<DT>Lynne Steel:&nbsp;&nbsp;<A HREF=thn_issue.h11.html#POEM5>11 #5</A><DD>Hillsboro Beach, Florida</DT>
<DT>Nara Bauer:&nbsp;&nbsp;<A HREF=thn_issue.h11.html#POEM6>11 #6</A><DD>Big Wheeling Creek, West Virginia</DT>
<DT>Scott Metz:&nbsp;&nbsp;<A HREF=thn_issue.h11.html#POEM7>11 #7</A><DD>Tsuyama, Japan</DT>
<DT>Victor Ortiz:&nbsp;&nbsp;<A HREF=thn_issue.h11.html#POEM8>11 #8</A><DD>San Pedro, California</DT>
<DT>Audrey Downey:&nbsp;&nbsp;<A HREF=thn_issue.h11.html#POEM9>11 #9</A><DD>New Haven, Connecticut</DT>
<DT>Victor Gendrano:&nbsp;&nbsp;<A HREF=thn_issue.h11.html#POEM10>11 #10</A><DD>Lakewood, California</DT>
<DT>Angelee Deodhar:&nbsp;&nbsp;<A HREF=thn_issue.h12.html#POEM1>12 #1</A><DD>Chandigarh, India</DT>
<DT>Roberta Beary:&nbsp;&nbsp;<A HREF=thn_issue.h12.html#POEM2>12 #2</A><DD>Bethesda, Maryland</DT>
<DT>Kirsty Karkow:&nbsp;&nbsp;<A HREF=thn_issue.h12.html#POEM3>12 #3</A><DD>Waldoboro, Maine</DT>
<DT>LeRoy Gorman:&nbsp;&nbsp;<A HREF=thn_issue.h12.html#POEM4>12 #4</A><DD>Napanee, Ontario, Canada</DT>
<DT>Marian Olson:&nbsp;&nbsp;<A HREF=thn_issue.h12.html#POEM5>12 #5</A><DD>Santa Fe, New Mexico</DT>
<DT>Rick Tarquinio:&nbsp;&nbsp;<A HREF=thn_issue.e1.html#POEM1>EC #1</A><DD>Bridgeton, New Jersey</DT>
<DT>Connie Donleycott:&nbsp;&nbsp;<A HREF=thn_issue.e1.html#POEM2>EC #2</A><DD>Bremerton, Washington</DT>
<DT>Robert Bauer:&nbsp;&nbsp;<A HREF=thn_issue.e1.html#POEM3>EC #3</A><DD>Big Wheeling Creek, West Virginia</DT>
