Hortensia Anderson
Kay F. Anderson
Kay F. Anderson
Kay F. Anderson
David Andrews
Frances Angela
Frances Angela
Frances Angela
Frances Angela
Fay Aoyagi
Deborah Baker
israel lopez balan
Jerry Ball
Jerry Ball
Johnny Baranski
Collin Barber
John Barlow
John Barlow
Janelle Barrera
Janelle Barrera
Jack Barry
Jack Barry
Jack Barry
Edith Bartholomeusz
Edith Bartholomeusz
Nara Bauer
Nara Bauer
Nara Bauer
Nara Bauer
Robert Bauer
Robert Bauer
Robert Bauer
Robert Bauer
Roberta Beary
Roberta Beary
Roberta Beary
Roberta Beary
Tony Beyer
Tony Beyer
Tony Beyer
Tony Beyer
Mike W. Blottenberger
Harold Bowes
David Boyer
Janet Brof
Jason Sanford Brown
Colo Buchanan
Colo Buchanan
Colo Buchanan
Helen Buckingham
Helen Buckingham
Helen Buckingham
Allan Burns
Allan Burns
Yvonne Cabalona
Yvonne Cabalona
Yvonne Cabalona
Andrea Cecon
Andrea Cecon
Yu Chang
Yu Chang
Yu Chang
Yu Chang
James Chessing
James Chessing
Margaret Chula
Tom Clausen
Charlie Close
Charlie Close
Charlie Close
Charlie Close
Carlos Colon
Carlos Colon
Carlos Colon
Ellen Compton
Katherine Cudney
Katherine Cudney
William Cullen, Jr.
William Cullen, Jr.
William Cullen, Jr.
William Cullen, Jr.
William Cullen, Jr.
DeVar Dahl
Ian Daw
Ian Daw
Cherie Hunter Day
Cherie Hunter Day
Cherie Hunter Day
Cherie Hunter Day
Marili Deandrea
Marili Deandrea
Marili Deandrea
Angelee Deodhar
Angelee Deodhar
Angelee Deodhar
Angelee Deodhar
Mike Dillon
Jasminka Nadaskic Diordievic
Connie Donleycott
Connie Donleycott
Connie Donleycott
Connie Donleycott
Connie Donleycott
Connie Donleycott
Connie Donleycott
Connie Donleycott
George Dorsty
Audrey Downey
Curtis Dunlap
Curtis Dunlap
Curtis Dunlap
Curtis Dunlap
Tim Edwards
Margarita Engle
Margarita Engle
Margarita Engle
Margarita Engle
Stephen Engleman
Stephen Engleman
Stephen Engleman
Stephen Engleman
Robert Epstein
Eileen Evans
Paula Fisher
Alice Frampton
Alice Frampton
Alice Frampton
Laryalee Fraser
Joshua Gage
Joshua Gage
D. Claire Gallagher
D. Claire Gallagher
D. Claire Gallagher
D. Claire Gallagher
D. Claire Gallagher
D. Claire Gallagher
Victor Gendrano
Barry George
Barry George
Barry George
Barry George
Beverley George
Beverley George
Beverley George
David Gershator
David Gershator
David Gershator
David Giacalone
David Giacalone
David Giacalone
Clyde Glandon
Irene Golas
Irene Golas
Merrill Ann Gonzales
LeRoy Gorman
Andrea Grillo
Kay Grimnes
Kay Grimnes
Kay Grimnes
Carolyn Hall
Carolyn Hall
Carolyn Hall
Carolyn Hall
Carolyn Hall
Carolyn Hall
Carolyn Hall
Helga Härle
Helga Härle
Penny Harter
Timothy Hawkes
Timothy Hawkes
Timothy Hawkes
Timothy Hawkes
Timothy Hawkes
Timothy Hawkes
Timothy Hawkes
Margaret Hehman-Smith
Peggy Heinrich
William J. Higginson
Ruth Holzer
Ruth Holzer
Ruth Holzer
Gary Hotham
Gary Hotham
Gary Hotham
Gary Hotham
Gary Hotham
Gary Hotham
Elizabeth Howard
Elizabeth Howard
Elizabeth Howard
Elizabeth Howard
Kevin James
Jörgen Johansson
Jörgen Johansson
Jörgen Johansson
Maury Joseph
Betty Kaplan
Kirsty Karkow
Kirsty Karkow
Kirsty Karkow
Kirsty Karkow
Kirsty Karkow
Elaine King
John Kinory
John Kinory
John Kinory
Karen Klein
Joann Klontz
Deborah Kolodji
Elizabeth F. Kusuda
Ariel Lambert
Marcus Larrson
Marcus Larsson
Marcus Larsson
Marcus Larsson
Marcus Larsson
Marcus Larsson
Dejah Leger
Natasha Levi
Natasha Levi
Darrell Lindsey
Burnell Lippy
Burnell Lippy
Burnell Lippy
Burnell Lippy
paul m.
paul m.
paul m.
paul m.
paul m.
paul m.
paul m.
Sean MacMathuna
Carole MacRury
Ed Markowski
Ed Markowski
Scott Mason
Scott Mason
Scott Mason
Michael McClintock
Michael McClintock
Mary Lee McClure
Allen McGill
Allen McGill
Allen McGill
Kay McLain
Scott Metz
Scott Metz
Scott Metz
Scott Metz
Sue Mill
Kevin Paul Miller
Sabine Miller
Sabine Miller
Sabine Miller
Sabine Miller
Vasile Moldovan
Lenard D. Moore
Lenard D. Moore
Lenard D. Moore
Lenard D. Moore
Matt Morden
Matt Morden
June Moreau
ron moss
Elizabeth Moura
Jack Murray
H. Gene Murtha
H. Gene Murtha
H. Gene Murtha
David Noble
H. F. Noyes
H. F. Noyes
Graham Nunn
Graham Nunn
Graham Nunn
Marian Olson
Marian Olson
Marian Olson
Marian Olson
Laura Orabone
Victor Ortiz
Victor Ortiz
Victor Ortiz
Victor Ortiz
Victor Ortiz
Clive Oseman
Clive Oseman
Tom Painting
William Palmer
Lane Parker
Lane Parker
Lane Parker
Lane Parker
Brent Partridge
Brent Partridge
Christopher Patchel
Christopher Patchel
Christopher Patchel
Christopher Patchel
Paul Pfleuger, Jr.
Paul Pfleuger, Jr.
Paul Pfleuger, Jr.
Paul Pfleuger, Jr.
Paul Pfleuger, Jr.
Greg Piko
Francine Porad
Francine Porad
Francine Porad
Richard R. Powell
Patricia Prime
Patricia Prime
Vanessa Proctor
Vanessa Proctor
Vanessa Proctor
Carol Purington
Carol Purington
K. Ramesh
K. Ramesh
K. Ramesh
K. Ramesh
Ray Rasmussen
Andrew Riutta
Andrew Riutta
Chad Lee Robinson
Chad Lee Robinson
Chad Lee Robinson
Chad Lee Robinson
Shane Robitaille
Carolyne Rohrig
Emily Romano
Emily Romano
Emily Romano
Michelle Root-Bernstein
Michelle Root-Bernstein
David H. Rosen
David H. Rosen
David Rosen
Bruce Ross
Bruce Ross
Bruce Ross
Bruce Ross
Bruce Roxburgh
Helen Ruggieri
Helen Russell
Helen Russell
Helen Russell
Dave Russo
Dave Russo
Dave Russo
Jay Santini
Grant D. Savage
Grant D. Savage
Grant D. Savage
Grant Savage
Agnes Eva Savich
Agnes Eva Savich
Ann K. Schwader
Ann K. Schwader
Ann K. Schwader
John W. Sexton
Adelaide Shaw
Adelaide Shaw
Adelaide B. Shaw
Adelaide B. Shaw
Adelaide B. Shaw
Bronislawa Sibiga
Valeria Simonova
Sandra Simpson
Sandra Simpson
Sandra Simpson
Nancy Stewart Smith
Nancy Stewart Smith
S. R. Spanyer
Sue Stanford
Sue Stanford
Sue Stanford
Sue Stanford
Lynne Steel
Lynne Steel
Lynne Steel
Carmen Sterba
Carmen Sterba
John Stevenson
John Stevenson
John Stevenson
John Stevenson
John Stevenson
John Stevenson
John Stevenson
John Stevenson
Maria Steyn
Maria Steyn
George Swede
George Swede
George Swede
George Swede
George Swede
George Swede
George Swede
Maria Tadd
Anna Tambour
Hilary Tann
Hilary Tann
Rick Tarquinio
Rick Tarquinio
Rick Tarquinio
Rick Tarquinio
Rick Tarquinio
Rick Tarquinio
Dietmar Tauchner
Dietmar Tauchner
Dietmar Tauchner
Dietmar Tauchner
Dietmar Tauchner
Tony A. Thompson
Tom Tico
Tom Tico
Tom Tico
Tom Tico
Tom Tico
Beverly Tift
Beverly Tift
Beverly Tift
Stephen Toft
Stephen Toft
Hiroshi Tokui
vincent tripi 
vincent tripi
vincent tripi
vincent tripi
Mitzi Trout
Mitzi Trout
Mitzi Trout
Charles Trumbull
Charles Trumbull
Vladislav Vassiliev
Marilyn Appl Walker
Marilyn Appl Walker
Marilyn Appl Walker
Linda Jeannette Ward
Linda Jeannette Ward
Linda Jeannette Ward
Linda Jeannette Ward
Bill Waters
Paul Watsky
Paul Watsky
Michael Dylan Welch
Michael Dylan Welch
Harriot West
Paul Wigelius
Paul Wigelius
Billie Wilson
Billie Wilson
Billie Wilson
Billie Wilson
Billie Wilson
Robert D. Wilson
Robert D. Wilson
Dee Wood
Ruth Yarrow
Ruth Yarrow
Ruth Yarrow
Quendryth Young
Peter Yovu
Peter Yovu
Peter Yovu
Peter Yovu
Peter Yovu
Peter Yovu
Cindy Zackowitz
Cindy Zackowitz
Cindy Zackowitz
Cindy Zackowitz
Cindy Zackowitz
