<DT>Kay F. Anderson:&nbsp;&nbsp;<A HREF=thn_issue.h5.html#POEM1>5 #1</A><DD>Redwood Shores, California</DT>
<DT>Ernest J. Berry:&nbsp;&nbsp;<A HREF=thn_issue.h1.html#POEM3>1 #3</A><DD>Picton, New Zealand</DT>
<DT>Naomi Y. Brown:&nbsp;&nbsp;<A HREF=thn_issue.h4.html#POEM2>4 #2</A><DD>Sun City West, Arizona</DT>
<DT>Yvonne Cabalona:&nbsp;&nbsp;<A HREF=thn_issue.h2.html#POEM6>2 #6</A><DD>Modesto, California</DT>
<DT>Katherine Cudney:&nbsp;&nbsp;<A HREF=thn_issue.h5.html#POEM5>5 #5</A><DD>Liberty, Tennessee</DT>
<DT>Cherie Hunter Day:&nbsp;&nbsp;<A HREF=thn_issue.h2.html#POEM5>2 #5</A><DD>San Diego, California</DT>
<DT>Angelee Deodhar:&nbsp;&nbsp;<A HREF=thn_issue.h4.html#POEM4>4 #4</A><DD>Chandigarh, India</DT>
<DT>Connie Donleycott:&nbsp;&nbsp;<A HREF=thn_issue.h4.html#POEM7>4 #7</A><DD>Bremerton, Washington</DT>
<DT>Curtis Dunlap:&nbsp;&nbsp;<A HREF=thn_issue.h2.html#POEM7>2 #7</A><DD>Mayodan, North Carolina</DT>
<DT>Marje A. Dyck:&nbsp;&nbsp;<A HREF=thn_issue.h2.html#POEM4>2 #4</A>,&nbsp;
<A HREF=thn_issue.h2.html#POEM8>2 #8</A><DD>Saskatoon, Saskatchewan, Canada</DT>
<DT>Michael L. Evans:&nbsp;&nbsp;<A HREF=thn_issue.h4.html#POEM5>4 #5</A><DD>Ollala, Washington</DT>
<DT>Brian Gierat:&nbsp;&nbsp;<A HREF=thn_issue.h5.html#POEM8>5 #8</A><DD>Chicago, Illinois</DT>
<DT>Robert Gilliland:&nbsp;&nbsp;<A HREF=thn_issue.h3.html#POEM8>3 #8</A>,&nbsp;
<A HREF=thn_issue.e1.html#POEM3>EC #3</A><DD>Austin, Texas</DT>
<DT>Kay Grimnes:&nbsp;&nbsp;<A HREF=thn_issue.h2.html#POEM9>2 #9</A><DD>Alma, Michigan</DT>
<DT>Helga Härle:&nbsp;&nbsp;<A HREF=thn_issue.h3.html#POEM6>3 #6</A><DD>Stockholm, Sweden</DT>
<DT>J. C. Herring:&nbsp;&nbsp;<A HREF=thn_issue.h2.html#POEM3>2 #3</A><DD>Birmingham, Alabama</DT>
<DT>Merle D. Hinchee:&nbsp;&nbsp;<A HREF=thn_issue.h3.html#POEM10>3 #10</A><DD>Houma, Louisiana</DT>
<DT>Gary Hotham:&nbsp;&nbsp;<A HREF=thn_issue.h3.html#POEM5>3 #5</A><DD>Laurel, Maryland</DT>
<DT>Elizabeth Howard:&nbsp;&nbsp;<A HREF=thn_issue.h2.html#POEM1>2 #1</A><DD>Crossville, Tennessee</DT>
<DT>Ryan Michael Jones:&nbsp;&nbsp;<A HREF=thn_issue.h5.html#POEM9>5 #9</A><DD>Ramsey, Illinois</DT>
<DT>Kylan Jones-Huffman:&nbsp;&nbsp;<A HREF=thn_issue.h1.html#POEM2>1 #2</A><DD>Juffair, Kingdom of Bahrain</DT>
<DT>Rebecca Lilly:&nbsp;&nbsp;<A HREF=thn_issue.h2.html#POEM2>2 #2</A><DD>Port Republic, Virginia</DT>
<DT>paul m.:&nbsp;&nbsp;<A HREF=thn_issue.h2.html#POEM10>2 #10</A><DD>San Francisco, California</DT>
<DT>Ray MacKenzie:&nbsp;&nbsp;<A HREF=thn_issue.h1.html#POEM7>1 #7</A><DD>Torrin, Island of Skye, Scotland</DT>
<DT>Robert Major:&nbsp;&nbsp;<A HREF=thn_issue.h4.html#POEM8>4 #8</A><DD>Poulsbo, Washington</DT>
<DT>Allen McGill:&nbsp;&nbsp;<A HREF=thn_issue.e1.html#POEM1>EC #1</A><DD>San Miguel de Allende, Mexico</DT>
<DT>Matt Morden:&nbsp;&nbsp;<A HREF=thn_issue.h3.html#POEM4>3 #4</A><DD>Hermon, Wales</DT>
<DT>Pamela Miller Ness:&nbsp;&nbsp;<A HREF=thn_issue.e1.html#POEM2>EC #2</A><DD>New York, New York</DT>
<DT>H. F. Noyes:&nbsp;&nbsp;<A HREF=thn_issue.h3.html#POEM1>3 #1</A><DD>Politia, Attikis, Greece</DT>
<DT>John S. O^ÒConnor:&nbsp;&nbsp;<A HREF=thn_issue.h5.html#POEM7>5 #7</A><DD>Chicago, Illinois</DT>
<DT>Victor Ortiz:&nbsp;&nbsp;<A HREF=thn_issue.h3.html#POEM2>3 #2</A><DD>San Pedro, California</DT>
<DT>Tom Painting:&nbsp;&nbsp;<A HREF=thn_issue.h4.html#POEM10>4 #10</A><DD>Rochester, New York</DT>
<DT>Christopher Patchel:&nbsp;&nbsp;<A HREF=thn_issue.h1.html#POEM1>1 #1</A><DD>Chicago, Illinois</DT>
<DT>Piper:&nbsp;&nbsp;<A HREF=thn_issue.h4.html#POEM9>4 #9</A><DD>Delta, British Columbia, Canada</DT>
<DT>Carol Purington:&nbsp;&nbsp;<A HREF=thn_issue.h5.html#POEM10>5 #10</A>,&nbsp;
<A HREF=thn_issue.h5.html#POEM2>5 #2</A><DD>Colrain, Massachusetts</DT>
<DT>K. Ramesh:&nbsp;&nbsp;<A HREF=thn_issue.h4.html#POEM3>4 #3</A><DD>Adyar, Chennai, India</DT>
<DT>Emily Romano:&nbsp;&nbsp;<A HREF=thn_issue.h3.html#POEM7>3 #7</A><DD>Boonton, New Jersey</DT>
<DT>Adelaide Shaw:&nbsp;&nbsp;<A HREF=thn_issue.h1.html#POEM8>1 #8</A><DD>Scarsdale, New York</DT>
<DT>Sandra Simpson:&nbsp;&nbsp;<A HREF=thn_issue.h5.html#POEM4>5 #4</A><DD>Tauranga, New Zealand</DT>
<DT>Gary Steinberg:&nbsp;&nbsp;<A HREF=thn_issue.h3.html#POEM3>3 #3</A><DD>Mahwah, New Jersey</DT>
<DT>John Stevenson:&nbsp;&nbsp;<A HREF=thn_issue.h4.html#POEM6>4 #6</A>,&nbsp;
<A HREF=thn_issue.h5.html#POEM3>5 #3</A><DD>Nassau, New York</DT>
<DT>Patrick Sweeney:&nbsp;&nbsp;<A HREF=thn_issue.h1.html#POEM5>1 #5</A><DD>Misawashi, Japan</DT>
<DT>Anaa Tambour:&nbsp;&nbsp;<A HREF=thn_issue.h1.html#POEM10>1 #10</A><DD>Nowra, New South Wales, Australia</DT>
<DT>Hilary Tann:&nbsp;&nbsp;<A HREF=thn_issue.h3.html#POEM9>3 #9</A><DD>Schuylerville, New York</DT>
<DT>Dietmar Tauchner:&nbsp;&nbsp;<A HREF=thn_issue.h5.html#POEM6>5 #6</A><DD>Puchberg, Austria</DT>
<DT>Carolyn Thomas:&nbsp;&nbsp;<A HREF=thn_issue.h1.html#POEM4>1 #4</A><DD>Cathedral City, California</DT>
<DT>Linda Jeannette Ward:&nbsp;&nbsp;<A HREF=thn_issue.h1.html#POEM6>1 #6</A><DD>Coinjock, North Carolina</DT>
<DT>Nina Wicker:&nbsp;&nbsp;<A HREF=thn_issue.h4.html#POEM1>4 #1</A><DD>Sanford, North Carolina</DT>
<DT>Billie Wilson:&nbsp;&nbsp;<A HREF=thn_issue.h1.html#POEM9>1 #9</A><DD>Juneau, Alaska</DT>
