<P><A HREF=thn_issue.h4.html#POEM00>
Elizabeth Howard
</A>
<P><A HREF=thn_issue.h4.html#POEM01>
Barry George
</A>
<P><A HREF=thn_issue.h4.html#POEM02>
Rosa Clement
</A>
<P><A HREF=thn_issue.h4.html#POEM03>
John Stevenson
</A>
<P><A HREF=thn_issue.h4.html#POEM04>
Lenard D. Moore
</A>
<P><A HREF=thn_issue.h4.html#POEM05>
Odd G. Aksnes
</A>
<P><A HREF=thn_issue.h4.html#POEM06>
paul m.
</A>
<P><A HREF=thn_issue.h4.html#POEM07>
Yvonne Cabalona
</A>
<P><A HREF=thn_issue.h4.html#POEM08>
John W. Wisdom
</A>
<P><A HREF=thn_issue.h4.html#POEM09>
Patrick Kelly
</A>
</TD>
 
<TD ALIGN=LEFT VALIGN=TOP WIDTH=380>
<TABLE>
 
<TR ALIGN=LEFT VALIGN=TOP>
<TD><A NAME=POEM00></A>
<P><FONT SIZE=+1>
 
driving past wheatfields
<BR>
snippets of meadowlark song
<BR>
from the fence posts
</FONT></TD></TR>
<TR ALIGN=RIGHT VALIGN=TOP><TD>
Elizabeth Howard
<P>&nbsp;</TD></TR>
<TR ALIGN=LEFT VALIGN=TOP>
<TD><A NAME=POEM02></A>
<P><FONT SIZE=+1>
 
narrow bridge
<BR>
our shadows fall
<BR>
onto the rocks
</FONT></TD></TR>
<TR ALIGN=RIGHT VALIGN=TOP><TD>
Rosa Clement
<P>&nbsp;</TD></TR>
<TR ALIGN=LEFT VALIGN=TOP>
<TD><A NAME=POEM04></A>
<P><FONT SIZE=+1>
 
hazy sky
<BR>
the sound of the anchor
<BR>
lowering
</FONT></TD></TR>
<TR ALIGN=RIGHT VALIGN=TOP><TD>
Lenard D. Moore
<P>&nbsp;</TD></TR>
<TR ALIGN=LEFT VALIGN=TOP>
<TD><A NAME=POEM06></A>
<P><FONT SIZE=+1>
 
dusk
<BR>
pelicans and cormorants
<BR>
share the rocks
</FONT></TD></TR>
<TR ALIGN=RIGHT VALIGN=TOP><TD>
paul m.
<P>&nbsp;</TD></TR>
<TR ALIGN=LEFT VALIGN=TOP>
<TD><A NAME=POEM08></A>
<P><FONT SIZE=+1>
 
searing heat&#150;
<BR>
a passing bus stirs
<BR>
the first row of cotton
</FONT></TD></TR>
<TR ALIGN=RIGHT VALIGN=TOP><TD>
John W. Wisdom
<P>&nbsp;</TD></TR>
 
</TABLE></TD>
 
<TD ALIGN=LEFT VALIGN=TOP WIDTH=380>
<TABLE><TR ALIGN=LEFT VALIGN=TOP>
<TD><FONT SIZE=-2>&nbsp;</FONT></TD>
</TR>
 
<TR ALIGN=RIGHT VALIGN=TOP>
<TD>&nbsp;</TD>
</TR>
<TR ALIGN=LEFT VALIGN=TOP>
<TD><A NAME=POEM01></A>
<P><FONT SIZE=+1>
 
crossing the bridge&#150;
<BR>
the shadow of a gull
<BR>
I never see
</FONT></TD></TR>
<TR ALIGN=RIGHT VALIGN=TOP><TD>
Barry George
<P>&nbsp;</TD></TR>
<TR ALIGN=LEFT VALIGN=TOP>
<TD><A NAME=POEM03></A>
<P><FONT SIZE=+1>
 
right now
<BR>
while we chat
<BR>
fish in the deep ocean
</FONT></TD></TR>
<TR ALIGN=RIGHT VALIGN=TOP><TD>
John Stevenson
<P>&nbsp;</TD></TR>
<TR ALIGN=LEFT VALIGN=TOP>
<TD><A NAME=POEM05></A>
<P><FONT SIZE=+1>
 
empty deck
<BR>
the seagull adjusts
<BR>
its glide
</FONT></TD></TR>
<TR ALIGN=RIGHT VALIGN=TOP><TD>
Odd G. Aksnes
<P>&nbsp;</TD></TR>
<TR ALIGN=LEFT VALIGN=TOP>
<TD><A NAME=POEM07></A>
<P><FONT SIZE=+1>
 
tiny seashells
<BR>
under the magnifying glass
<BR>
a cut finger
</FONT></TD></TR>
<TR ALIGN=RIGHT VALIGN=TOP><TD>
Yvonne Cabalona
<P>&nbsp;</TD></TR>
<TR ALIGN=LEFT VALIGN=TOP>
<TD><A NAME=POEM09></A>
<P><FONT SIZE=+1>
 
summer twilight
<BR>
the flap of pigeons
<BR>
in a dry fountain
</FONT></TD></TR>
<TR ALIGN=RIGHT VALIGN=TOP><TD>
Patrick Kelly
<P>&nbsp;</TD></TR>
