<P><A HREF=thn_issue.h5.html#POEM00>
Kay F. Anderson
</A>
<P><A HREF=thn_issue.h5.html#POEM01>
Chaim Lazar
</A>
<P><A HREF=thn_issue.h5.html#POEM02>
John Stevenson
</A>
<P><A HREF=thn_issue.h5.html#POEM03>
Cathy Drinkwater Better
</A>
<P><A HREF=thn_issue.h5.html#POEM04>
Nina Wicker
</A>
<P><A HREF=thn_issue.h5.html#POEM05>
William Cullen, Jr.
</A>
<P><A HREF=thn_issue.h5.html#POEM06>
Michael McClintock
</A>
<P><A HREF=thn_issue.h5.html#POEM07>
Jack Murray
</A>
<P><A HREF=thn_issue.h5.html#POEM08>
Maria Steyn
</A>
<P><A HREF=thn_issue.h5.html#POEM09>
Yu Chang
</A>
</TD>
 
<TD ALIGN=LEFT VALIGN=TOP WIDTH=380>
<TABLE>
 
<TR ALIGN=LEFT VALIGN=TOP>
<TD><A NAME=POEM00></A>
<P><FONT SIZE=+1>
 
cutting
<BR>
the red bell pepper . . .
<BR>
cathedral chambers
</FONT></TD></TR>
<TR ALIGN=RIGHT VALIGN=TOP><TD>
Kay F. Anderson
<P>&nbsp;</TD></TR>
<TR ALIGN=LEFT VALIGN=TOP>
<TD><A NAME=POEM02></A>
<P><FONT SIZE=+1>
 
fireworks
<BR>
I close my eyes
<BR>
for a second look
</FONT></TD></TR>
<TR ALIGN=RIGHT VALIGN=TOP><TD>
John Stevenson
<P>&nbsp;</TD></TR>
<TR ALIGN=LEFT VALIGN=TOP>
<TD><A NAME=POEM04></A>
<P><FONT SIZE=+1>
 
porch breeze
<BR>
a fluff of puppy hair
<BR>
into the pea hulls
</FONT></TD></TR>
<TR ALIGN=RIGHT VALIGN=TOP><TD>
Nina Wicker
<P>&nbsp;</TD></TR>
<TR ALIGN=LEFT VALIGN=TOP>
<TD><A NAME=POEM06></A>
<P><FONT SIZE=+1>
 
the eyes
<BR>
of a scarecrow
<BR>
harvest lightning
</FONT></TD></TR>
<TR ALIGN=RIGHT VALIGN=TOP><TD>
Michael McClintock
<P>&nbsp;</TD></TR>
<TR ALIGN=LEFT VALIGN=TOP>
<TD><A NAME=POEM08></A>
<P><FONT SIZE=+1>
 
squatter camp
<BR>
the witchdoctor's bones rattle
<BR>
with a passing train
</FONT></TD></TR>
<TR ALIGN=RIGHT VALIGN=TOP><TD>
Maria Steyn
<P>&nbsp;</TD></TR>
 
</TABLE></TD>
 
<TD ALIGN=LEFT VALIGN=TOP WIDTH=380>
<TABLE><TR ALIGN=LEFT VALIGN=TOP>
<TD><FONT SIZE=-2>&nbsp;</FONT></TD>
</TR>
 
<TR ALIGN=RIGHT VALIGN=TOP>
<TD>&nbsp;</TD>
</TR>
<TR ALIGN=LEFT VALIGN=TOP>
<TD><A NAME=POEM01></A>
<P><FONT SIZE=+1>
 
camping out&#150;
<BR>
the flashlight beam
<BR>
lost among stars
</FONT></TD></TR>
<TR ALIGN=RIGHT VALIGN=TOP><TD>
Chaim Lazar
<P>&nbsp;</TD></TR>
<TR ALIGN=LEFT VALIGN=TOP>
<TD><A NAME=POEM03></A>
<P><FONT SIZE=+1>
 
dawn&#150;
<BR>
the first sunflower
<BR>
rises over the fence
</FONT></TD></TR>
<TR ALIGN=RIGHT VALIGN=TOP><TD>
Cathy Drinkwater Better
<P>&nbsp;</TD></TR>
<TR ALIGN=LEFT VALIGN=TOP>
<TD><A NAME=POEM05></A>
<P><FONT SIZE=+1>
 
dawn breeze
<BR>
a song of migrants
<BR>
from the potato field
</FONT></TD></TR>
<TR ALIGN=RIGHT VALIGN=TOP><TD>
William Cullen, Jr.
<P>&nbsp;</TD></TR>
<TR ALIGN=LEFT VALIGN=TOP>
<TD><A NAME=POEM07></A>
<P><FONT SIZE=+1>
 
old beehives
<BR>
in the weeds at the crossing . . .
<BR>
a rumbling freight
</FONT></TD></TR>
<TR ALIGN=RIGHT VALIGN=TOP><TD>
Jack Murray
<P>&nbsp;</TD></TR>
<TR ALIGN=LEFT VALIGN=TOP>
<TD><A NAME=POEM09></A>
<P><FONT SIZE=+1>
 
empty tracks
<BR>
a stranger and I
<BR>
looking in the same direction
</FONT></TD></TR>
<TR ALIGN=RIGHT VALIGN=TOP><TD>
Yu Chang
<P>&nbsp;</TD></TR>
